-- Install configuration: ""
-- Up-to-date: /home/kssvm/workspace/ros2/humble/kssbot/kssbot/install/kss_joystick/share/kss_joystick/config
-- Up-to-date: /home/kssvm/workspace/ros2/humble/kssbot/kssbot/install/kss_joystick/share/kss_joystick/config/joystick.yaml
-- Up-to-date: /home/kssvm/workspace/ros2/humble/kssbot/kssbot/install/kss_joystick/share/kss_joystick/launch
-- Installing: /home/kssvm/workspace/ros2/humble/kssbot/kssbot/install/kss_joystick/share/kss_joystick/launch/joystick.launch.py
-- Up-to-date: /home/kssvm/workspace/ros2/humble/kssbot/kssbot/install/kss_joystick/share/ament_index/resource_index/package_run_dependencies/kss_joystick
-- Up-to-date: /home/kssvm/workspace/ros2/humble/kssbot/kssbot/install/kss_joystick/share/ament_index/resource_index/parent_prefix_path/kss_joystick
-- Up-to-date: /home/kssvm/workspace/ros2/humble/kssbot/kssbot/install/kss_joystick/share/kss_joystick/environment/ament_prefix_path.sh
-- Up-to-date: /home/kssvm/workspace/ros2/humble/kssbot/kssbot/install/kss_joystick/share/kss_joystick/environment/ament_prefix_path.dsv
-- Up-to-date: /home/kssvm/workspace/ros2/humble/kssbot/kssbot/install/kss_joystick/share/kss_joystick/environment/path.sh
-- Up-to-date: /home/kssvm/workspace/ros2/humble/kssbot/kssbot/install/kss_joystick/share/kss_joystick/environment/path.dsv
-- Up-to-date: /home/kssvm/workspace/ros2/humble/kssbot/kssbot/install/kss_joystick/share/kss_joystick/local_setup.bash
-- Up-to-date: /home/kssvm/workspace/ros2/humble/kssbot/kssbot/install/kss_joystick/share/kss_joystick/local_setup.sh
-- Up-to-date: /home/kssvm/workspace/ros2/humble/kssbot/kssbot/install/kss_joystick/share/kss_joystick/local_setup.zsh
-- Up-to-date: /home/kssvm/workspace/ros2/humble/kssbot/kssbot/install/kss_joystick/share/kss_joystick/local_setup.dsv
-- Installing: /home/kssvm/workspace/ros2/humble/kssbot/kssbot/install/kss_joystick/share/kss_joystick/package.dsv
-- Up-to-date: /home/kssvm/workspace/ros2/humble/kssbot/kssbot/install/kss_joystick/share/ament_index/resource_index/packages/kss_joystick
-- Up-to-date: /home/kssvm/workspace/ros2/humble/kssbot/kssbot/install/kss_joystick/share/kss_joystick/cmake/kss_joystickConfig.cmake
-- Up-to-date: /home/kssvm/workspace/ros2/humble/kssbot/kssbot/install/kss_joystick/share/kss_joystick/cmake/kss_joystickConfig-version.cmake
-- Up-to-date: /home/kssvm/workspace/ros2/humble/kssbot/kssbot/install/kss_joystick/share/kss_joystick/package.xml
