[0.199s] DEBUG:colcon:Command line arguments: ['/usr/bin/colcon', 'build']
[0.200s] DEBUG:colcon:Parsed command line arguments: Namespace(log_base=None, log_level=None, verb_name='build', build_base='build', install_base='install', merge_install=False, symlink_install=False, test_result_base=None, continue_on_error=False, executor='parallel', parallel_workers=4, event_handlers=None, ignore_user_meta=False, metas=['./colcon.meta'], base_paths=['.'], packages_ignore=None, packages_ignore_regex=None, paths=None, packages_up_to=None, packages_up_to_regex=None, packages_above=None, packages_above_and_dependencies=None, packages_above_depth=None, packages_select_by_dep=None, packages_skip_by_dep=None, packages_skip_up_to=None, packages_select_build_failed=False, packages_skip_build_finished=False, packages_select_test_failures=False, packages_skip_test_passed=False, packages_select=None, packages_skip=None, packages_select_regex=None, packages_skip_regex=None, packages_start=None, packages_end=None, allow_overriding=[], cmake_args=None, cmake_target=None, cmake_target_skip_unavailable=False, cmake_clean_cache=False, cmake_clean_first=False, cmake_force_configure=False, ament_cmake_args=None, catkin_cmake_args=None, catkin_skip_building_tests=False, verb_parser=<colcon_defaults.argument_parser.defaults.DefaultArgumentsDecorator object at 0x7fafedfdd750>, verb_extension=<colcon_core.verb.build.BuildVerb object at 0x7fafee96e380>, main=<bound method BuildVerb.main of <colcon_core.verb.build.BuildVerb object at 0x7fafee96e380>>)
[0.220s] Level 1:colcon.colcon_core.package_discovery:discover_packages(colcon_meta) check parameters
[0.220s] Level 1:colcon.colcon_core.package_discovery:discover_packages(recursive) check parameters
[0.220s] Level 1:colcon.colcon_core.package_discovery:discover_packages(ignore) check parameters
[0.220s] Level 1:colcon.colcon_core.package_discovery:discover_packages(path) check parameters
[0.220s] Level 1:colcon.colcon_core.package_discovery:discover_packages(colcon_meta) discover
[0.220s] Level 1:colcon.colcon_core.package_discovery:discover_packages(recursive) discover
[0.220s] INFO:colcon.colcon_core.package_discovery:Crawling recursively for packages in '/home/kssvm/workspace/ros2/humble/kssbot/kssbot'
[0.220s] Level 1:colcon.colcon_core.package_identification:_identify(.) by extensions ['ignore', 'ignore_ament_install']
[0.220s] Level 1:colcon.colcon_core.package_identification:_identify(.) by extension 'ignore'
[0.220s] Level 1:colcon.colcon_core.package_identification:_identify(.) by extension 'ignore_ament_install'
[0.220s] Level 1:colcon.colcon_core.package_identification:_identify(.) by extensions ['colcon_pkg']
[0.220s] Level 1:colcon.colcon_core.package_identification:_identify(.) by extension 'colcon_pkg'
[0.220s] Level 1:colcon.colcon_core.package_identification:_identify(.) by extensions ['colcon_meta']
[0.220s] Level 1:colcon.colcon_core.package_identification:_identify(.) by extension 'colcon_meta'
[0.220s] Level 1:colcon.colcon_core.package_identification:_identify(.) by extensions ['ros']
[0.220s] Level 1:colcon.colcon_core.package_identification:_identify(.) by extension 'ros'
[0.228s] Level 1:colcon.colcon_core.package_identification:_identify(.) by extensions ['cmake', 'python']
[0.228s] Level 1:colcon.colcon_core.package_identification:_identify(.) by extension 'cmake'
[0.228s] Level 1:colcon.colcon_core.package_identification:_identify(.) by extension 'python'
[0.228s] Level 1:colcon.colcon_core.package_identification:_identify(.) by extensions ['python_setup_py']
[0.228s] Level 1:colcon.colcon_core.package_identification:_identify(.) by extension 'python_setup_py'
[0.228s] Level 1:colcon.colcon_core.package_identification:_identify(build) by extensions ['ignore', 'ignore_ament_install']
[0.228s] Level 1:colcon.colcon_core.package_identification:_identify(build) by extension 'ignore'
[0.228s] Level 1:colcon.colcon_core.package_identification:_identify(build) ignored
[0.228s] Level 1:colcon.colcon_core.package_identification:_identify(install) by extensions ['ignore', 'ignore_ament_install']
[0.228s] Level 1:colcon.colcon_core.package_identification:_identify(install) by extension 'ignore'
[0.228s] Level 1:colcon.colcon_core.package_identification:_identify(install) ignored
[0.228s] Level 1:colcon.colcon_core.package_identification:_identify(log) by extensions ['ignore', 'ignore_ament_install']
[0.228s] Level 1:colcon.colcon_core.package_identification:_identify(log) by extension 'ignore'
[0.228s] Level 1:colcon.colcon_core.package_identification:_identify(log) ignored
[0.228s] Level 1:colcon.colcon_core.package_identification:_identify(src) by extensions ['ignore', 'ignore_ament_install']
[0.228s] Level 1:colcon.colcon_core.package_identification:_identify(src) by extension 'ignore'
[0.229s] Level 1:colcon.colcon_core.package_identification:_identify(src) by extension 'ignore_ament_install'
[0.229s] Level 1:colcon.colcon_core.package_identification:_identify(src) by extensions ['colcon_pkg']
[0.229s] Level 1:colcon.colcon_core.package_identification:_identify(src) by extension 'colcon_pkg'
[0.229s] Level 1:colcon.colcon_core.package_identification:_identify(src) by extensions ['colcon_meta']
[0.229s] Level 1:colcon.colcon_core.package_identification:_identify(src) by extension 'colcon_meta'
[0.229s] Level 1:colcon.colcon_core.package_identification:_identify(src) by extensions ['ros']
[0.229s] Level 1:colcon.colcon_core.package_identification:_identify(src) by extension 'ros'
[0.229s] Level 1:colcon.colcon_core.package_identification:_identify(src) by extensions ['cmake', 'python']
[0.229s] Level 1:colcon.colcon_core.package_identification:_identify(src) by extension 'cmake'
[0.229s] Level 1:colcon.colcon_core.package_identification:_identify(src) by extension 'python'
[0.229s] Level 1:colcon.colcon_core.package_identification:_identify(src) by extensions ['python_setup_py']
[0.229s] Level 1:colcon.colcon_core.package_identification:_identify(src) by extension 'python_setup_py'
[0.229s] Level 1:colcon.colcon_core.package_identification:_identify(src/HW_Modules) by extensions ['ignore', 'ignore_ament_install']
[0.229s] Level 1:colcon.colcon_core.package_identification:_identify(src/HW_Modules) by extension 'ignore'
[0.229s] Level 1:colcon.colcon_core.package_identification:_identify(src/HW_Modules) by extension 'ignore_ament_install'
[0.229s] Level 1:colcon.colcon_core.package_identification:_identify(src/HW_Modules) by extensions ['colcon_pkg']
[0.229s] Level 1:colcon.colcon_core.package_identification:_identify(src/HW_Modules) by extension 'colcon_pkg'
[0.229s] Level 1:colcon.colcon_core.package_identification:_identify(src/HW_Modules) by extensions ['colcon_meta']
[0.229s] Level 1:colcon.colcon_core.package_identification:_identify(src/HW_Modules) by extension 'colcon_meta'
[0.229s] Level 1:colcon.colcon_core.package_identification:_identify(src/HW_Modules) by extensions ['ros']
[0.229s] Level 1:colcon.colcon_core.package_identification:_identify(src/HW_Modules) by extension 'ros'
[0.229s] Level 1:colcon.colcon_core.package_identification:_identify(src/HW_Modules) by extensions ['cmake', 'python']
[0.229s] Level 1:colcon.colcon_core.package_identification:_identify(src/HW_Modules) by extension 'cmake'
[0.229s] Level 1:colcon.colcon_core.package_identification:_identify(src/HW_Modules) by extension 'python'
[0.229s] Level 1:colcon.colcon_core.package_identification:_identify(src/HW_Modules) by extensions ['python_setup_py']
[0.229s] Level 1:colcon.colcon_core.package_identification:_identify(src/HW_Modules) by extension 'python_setup_py'
[0.229s] Level 1:colcon.colcon_core.package_identification:_identify(src/HW_Modules/doc) by extensions ['ignore', 'ignore_ament_install']
[0.229s] Level 1:colcon.colcon_core.package_identification:_identify(src/HW_Modules/doc) by extension 'ignore'
[0.229s] Level 1:colcon.colcon_core.package_identification:_identify(src/HW_Modules/doc) by extension 'ignore_ament_install'
[0.229s] Level 1:colcon.colcon_core.package_identification:_identify(src/HW_Modules/doc) by extensions ['colcon_pkg']
[0.229s] Level 1:colcon.colcon_core.package_identification:_identify(src/HW_Modules/doc) by extension 'colcon_pkg'
[0.229s] Level 1:colcon.colcon_core.package_identification:_identify(src/HW_Modules/doc) by extensions ['colcon_meta']
[0.229s] Level 1:colcon.colcon_core.package_identification:_identify(src/HW_Modules/doc) by extension 'colcon_meta'
[0.229s] Level 1:colcon.colcon_core.package_identification:_identify(src/HW_Modules/doc) by extensions ['ros']
[0.230s] Level 1:colcon.colcon_core.package_identification:_identify(src/HW_Modules/doc) by extension 'ros'
[0.230s] Level 1:colcon.colcon_core.package_identification:_identify(src/HW_Modules/doc) by extensions ['cmake', 'python']
[0.230s] Level 1:colcon.colcon_core.package_identification:_identify(src/HW_Modules/doc) by extension 'cmake'
[0.230s] Level 1:colcon.colcon_core.package_identification:_identify(src/HW_Modules/doc) by extension 'python'
[0.230s] Level 1:colcon.colcon_core.package_identification:_identify(src/HW_Modules/doc) by extensions ['python_setup_py']
[0.230s] Level 1:colcon.colcon_core.package_identification:_identify(src/HW_Modules/doc) by extension 'python_setup_py'
[0.230s] Level 1:colcon.colcon_core.package_identification:_identify(src/HW_Modules/kssbot_bringup) by extensions ['ignore', 'ignore_ament_install']
[0.230s] Level 1:colcon.colcon_core.package_identification:_identify(src/HW_Modules/kssbot_bringup) by extension 'ignore'
[0.230s] Level 1:colcon.colcon_core.package_identification:_identify(src/HW_Modules/kssbot_bringup) by extension 'ignore_ament_install'
[0.230s] Level 1:colcon.colcon_core.package_identification:_identify(src/HW_Modules/kssbot_bringup) by extensions ['colcon_pkg']
[0.230s] Level 1:colcon.colcon_core.package_identification:_identify(src/HW_Modules/kssbot_bringup) by extension 'colcon_pkg'
[0.230s] Level 1:colcon.colcon_core.package_identification:_identify(src/HW_Modules/kssbot_bringup) by extensions ['colcon_meta']
[0.230s] Level 1:colcon.colcon_core.package_identification:_identify(src/HW_Modules/kssbot_bringup) by extension 'colcon_meta'
[0.230s] Level 1:colcon.colcon_core.package_identification:_identify(src/HW_Modules/kssbot_bringup) by extensions ['ros']
[0.230s] Level 1:colcon.colcon_core.package_identification:_identify(src/HW_Modules/kssbot_bringup) by extension 'ros'
[0.232s] DEBUG:colcon.colcon_core.package_identification:Package 'src/HW_Modules/kssbot_bringup' with type 'ros.ament_cmake' and name 'kssbot_bringup'
[0.232s] Level 1:colcon.colcon_core.package_identification:_identify(src/HW_Modules/kssbot_description) by extensions ['ignore', 'ignore_ament_install']
[0.232s] Level 1:colcon.colcon_core.package_identification:_identify(src/HW_Modules/kssbot_description) by extension 'ignore'
[0.232s] Level 1:colcon.colcon_core.package_identification:_identify(src/HW_Modules/kssbot_description) by extension 'ignore_ament_install'
[0.232s] Level 1:colcon.colcon_core.package_identification:_identify(src/HW_Modules/kssbot_description) by extensions ['colcon_pkg']
[0.232s] Level 1:colcon.colcon_core.package_identification:_identify(src/HW_Modules/kssbot_description) by extension 'colcon_pkg'
[0.232s] Level 1:colcon.colcon_core.package_identification:_identify(src/HW_Modules/kssbot_description) by extensions ['colcon_meta']
[0.232s] Level 1:colcon.colcon_core.package_identification:_identify(src/HW_Modules/kssbot_description) by extension 'colcon_meta'
[0.232s] Level 1:colcon.colcon_core.package_identification:_identify(src/HW_Modules/kssbot_description) by extensions ['ros']
[0.232s] Level 1:colcon.colcon_core.package_identification:_identify(src/HW_Modules/kssbot_description) by extension 'ros'
[0.232s] Level 1:colcon.colcon_core.package_identification:_identify(src/HW_Modules/kssbot_description) by extensions ['cmake', 'python']
[0.232s] Level 1:colcon.colcon_core.package_identification:_identify(src/HW_Modules/kssbot_description) by extension 'cmake'
[0.232s] Level 1:colcon.colcon_core.package_identification:_identify(src/HW_Modules/kssbot_description) by extension 'python'
[0.232s] Level 1:colcon.colcon_core.package_identification:_identify(src/HW_Modules/kssbot_description) by extensions ['python_setup_py']
[0.232s] Level 1:colcon.colcon_core.package_identification:_identify(src/HW_Modules/kssbot_description) by extension 'python_setup_py'
[0.232s] Level 1:colcon.colcon_core.package_identification:_identify(src/HW_Modules/kssbot_description/diffbot_description) by extensions ['ignore', 'ignore_ament_install']
[0.232s] Level 1:colcon.colcon_core.package_identification:_identify(src/HW_Modules/kssbot_description/diffbot_description) by extension 'ignore'
[0.232s] Level 1:colcon.colcon_core.package_identification:_identify(src/HW_Modules/kssbot_description/diffbot_description) by extension 'ignore_ament_install'
[0.232s] Level 1:colcon.colcon_core.package_identification:_identify(src/HW_Modules/kssbot_description/diffbot_description) by extensions ['colcon_pkg']
[0.232s] Level 1:colcon.colcon_core.package_identification:_identify(src/HW_Modules/kssbot_description/diffbot_description) by extension 'colcon_pkg'
[0.232s] Level 1:colcon.colcon_core.package_identification:_identify(src/HW_Modules/kssbot_description/diffbot_description) by extensions ['colcon_meta']
[0.232s] Level 1:colcon.colcon_core.package_identification:_identify(src/HW_Modules/kssbot_description/diffbot_description) by extension 'colcon_meta'
[0.232s] Level 1:colcon.colcon_core.package_identification:_identify(src/HW_Modules/kssbot_description/diffbot_description) by extensions ['ros']
[0.232s] Level 1:colcon.colcon_core.package_identification:_identify(src/HW_Modules/kssbot_description/diffbot_description) by extension 'ros'
[0.233s] DEBUG:colcon.colcon_core.package_identification:Package 'src/HW_Modules/kssbot_description/diffbot_description' with type 'ros.ament_cmake' and name 'kssbot_description'
[0.233s] Level 1:colcon.colcon_core.package_identification:_identify(src/HW_Modules/kssbot_hardware) by extensions ['ignore', 'ignore_ament_install']
[0.233s] Level 1:colcon.colcon_core.package_identification:_identify(src/HW_Modules/kssbot_hardware) by extension 'ignore'
[0.233s] Level 1:colcon.colcon_core.package_identification:_identify(src/HW_Modules/kssbot_hardware) by extension 'ignore_ament_install'
[0.233s] Level 1:colcon.colcon_core.package_identification:_identify(src/HW_Modules/kssbot_hardware) by extensions ['colcon_pkg']
[0.233s] Level 1:colcon.colcon_core.package_identification:_identify(src/HW_Modules/kssbot_hardware) by extension 'colcon_pkg'
[0.233s] Level 1:colcon.colcon_core.package_identification:_identify(src/HW_Modules/kssbot_hardware) by extensions ['colcon_meta']
[0.233s] Level 1:colcon.colcon_core.package_identification:_identify(src/HW_Modules/kssbot_hardware) by extension 'colcon_meta'
[0.233s] Level 1:colcon.colcon_core.package_identification:_identify(src/HW_Modules/kssbot_hardware) by extensions ['ros']
[0.233s] Level 1:colcon.colcon_core.package_identification:_identify(src/HW_Modules/kssbot_hardware) by extension 'ros'
[0.233s] DEBUG:colcon.colcon_core.package_identification:Package 'src/HW_Modules/kssbot_hardware' with type 'ros.ament_cmake' and name 'kssbot_hardware'
[0.234s] Level 1:colcon.colcon_core.package_identification:_identify(src/kss_joystick) by extensions ['ignore', 'ignore_ament_install']
[0.234s] Level 1:colcon.colcon_core.package_identification:_identify(src/kss_joystick) by extension 'ignore'
[0.234s] Level 1:colcon.colcon_core.package_identification:_identify(src/kss_joystick) by extension 'ignore_ament_install'
[0.234s] Level 1:colcon.colcon_core.package_identification:_identify(src/kss_joystick) by extensions ['colcon_pkg']
[0.234s] Level 1:colcon.colcon_core.package_identification:_identify(src/kss_joystick) by extension 'colcon_pkg'
[0.234s] Level 1:colcon.colcon_core.package_identification:_identify(src/kss_joystick) by extensions ['colcon_meta']
[0.234s] Level 1:colcon.colcon_core.package_identification:_identify(src/kss_joystick) by extension 'colcon_meta'
[0.234s] Level 1:colcon.colcon_core.package_identification:_identify(src/kss_joystick) by extensions ['ros']
[0.234s] Level 1:colcon.colcon_core.package_identification:_identify(src/kss_joystick) by extension 'ros'
[0.234s] DEBUG:colcon.colcon_core.package_identification:Package 'src/kss_joystick' with type 'ros.ament_cmake' and name 'kss_joystick'
[0.234s] Level 1:colcon.colcon_core.package_identification:_identify(src/motorctrl) by extensions ['ignore', 'ignore_ament_install']
[0.234s] Level 1:colcon.colcon_core.package_identification:_identify(src/motorctrl) by extension 'ignore'
[0.234s] Level 1:colcon.colcon_core.package_identification:_identify(src/motorctrl) by extension 'ignore_ament_install'
[0.234s] Level 1:colcon.colcon_core.package_identification:_identify(src/motorctrl) by extensions ['colcon_pkg']
[0.234s] Level 1:colcon.colcon_core.package_identification:_identify(src/motorctrl) by extension 'colcon_pkg'
[0.234s] Level 1:colcon.colcon_core.package_identification:_identify(src/motorctrl) by extensions ['colcon_meta']
[0.234s] Level 1:colcon.colcon_core.package_identification:_identify(src/motorctrl) by extension 'colcon_meta'
[0.234s] Level 1:colcon.colcon_core.package_identification:_identify(src/motorctrl) by extensions ['ros']
[0.234s] Level 1:colcon.colcon_core.package_identification:_identify(src/motorctrl) by extension 'ros'
[0.235s] DEBUG:colcon.colcon_core.package_identification:Package 'src/motorctrl' with type 'ros.ament_cmake' and name 'motorctrl'
[0.235s] Level 1:colcon.colcon_core.package_discovery:discover_packages(recursive) using defaults
[0.235s] Level 1:colcon.colcon_core.package_discovery:discover_packages(ignore) discover
[0.235s] Level 1:colcon.colcon_core.package_discovery:discover_packages(ignore) using defaults
[0.235s] Level 1:colcon.colcon_core.package_discovery:discover_packages(path) discover
[0.235s] Level 1:colcon.colcon_core.package_discovery:discover_packages(path) using defaults
[0.250s] Level 1:colcon.colcon_core.package_discovery:discover_packages(prefix_path) check parameters
[0.250s] Level 1:colcon.colcon_core.package_discovery:discover_packages(prefix_path) discover
[0.251s] WARNING:colcon.colcon_core.prefix_path.colcon:The path '/home/kssvm/workspace/ros2/humble/kssbot/install' in the environment variable COLCON_PREFIX_PATH doesn't exist
[0.251s] WARNING:colcon.colcon_ros.prefix_path.ament:The path '/home/kssvm/workspace/ros2/humble/kssbot/kssbot/install/kss_joystick' in the environment variable AMENT_PREFIX_PATH doesn't exist
[0.251s] WARNING:colcon.colcon_ros.prefix_path.ament:The path '/home/kssvm/workspace/ros2/humble/kssbot/kssbot/install/motorctrl' in the environment variable AMENT_PREFIX_PATH doesn't exist
[0.251s] WARNING:colcon.colcon_ros.prefix_path.ament:The path '/home/kssvm/workspace/ros2/humble/kssbot/kssbot/install/kssbot_bringup' in the environment variable AMENT_PREFIX_PATH doesn't exist
[0.251s] WARNING:colcon.colcon_ros.prefix_path.ament:The path '/home/kssvm/workspace/ros2/humble/kssbot/kssbot/install/kssbot_hardware' in the environment variable AMENT_PREFIX_PATH doesn't exist
[0.251s] WARNING:colcon.colcon_ros.prefix_path.ament:The path '/home/kssvm/workspace/ros2/humble/kssbot/kssbot/install/kssbot_description' in the environment variable AMENT_PREFIX_PATH doesn't exist
[0.251s] WARNING:colcon.colcon_ros.prefix_path.ament:The path '/home/kssvm/workspace/ros2/humble/kssbot/install/motorctrl' in the environment variable AMENT_PREFIX_PATH doesn't exist
[0.251s] WARNING:colcon.colcon_ros.prefix_path.ament:The path '/home/kssvm/workspace/ros2/humble/kssbot/install/kssbot_bringup' in the environment variable AMENT_PREFIX_PATH doesn't exist
[0.251s] WARNING:colcon.colcon_ros.prefix_path.ament:The path '/home/kssvm/workspace/ros2/humble/kssbot/install/kssbot_hardware' in the environment variable AMENT_PREFIX_PATH doesn't exist
[0.251s] WARNING:colcon.colcon_ros.prefix_path.ament:The path '/home/kssvm/workspace/ros2/humble/kssbot/install/kssbot_description' in the environment variable AMENT_PREFIX_PATH doesn't exist
[0.251s] WARNING:colcon.colcon_ros.prefix_path.catkin:The path '/home/kssvm/workspace/ros2/humble/kssbot/kssbot/install/kss_joystick' in the environment variable CMAKE_PREFIX_PATH doesn't exist
[0.251s] WARNING:colcon.colcon_ros.prefix_path.catkin:The path '/home/kssvm/workspace/ros2/humble/kssbot/kssbot/install/motorctrl' in the environment variable CMAKE_PREFIX_PATH doesn't exist
[0.251s] WARNING:colcon.colcon_ros.prefix_path.catkin:The path '/home/kssvm/workspace/ros2/humble/kssbot/kssbot/install/kssbot_bringup' in the environment variable CMAKE_PREFIX_PATH doesn't exist
[0.251s] WARNING:colcon.colcon_ros.prefix_path.catkin:The path '/home/kssvm/workspace/ros2/humble/kssbot/kssbot/install/kssbot_hardware' in the environment variable CMAKE_PREFIX_PATH doesn't exist
[0.251s] WARNING:colcon.colcon_ros.prefix_path.catkin:The path '/home/kssvm/workspace/ros2/humble/kssbot/kssbot/install/kssbot_description' in the environment variable CMAKE_PREFIX_PATH doesn't exist
[0.251s] WARNING:colcon.colcon_ros.prefix_path.catkin:The path '/home/kssvm/workspace/ros2/humble/kssbot/install/motorctrl' in the environment variable CMAKE_PREFIX_PATH doesn't exist
[0.252s] WARNING:colcon.colcon_ros.prefix_path.catkin:The path '/home/kssvm/workspace/ros2/humble/kssbot/install/kssbot_bringup' in the environment variable CMAKE_PREFIX_PATH doesn't exist
[0.252s] WARNING:colcon.colcon_ros.prefix_path.catkin:The path '/home/kssvm/workspace/ros2/humble/kssbot/install/kssbot_hardware' in the environment variable CMAKE_PREFIX_PATH doesn't exist
[0.252s] WARNING:colcon.colcon_ros.prefix_path.catkin:The path '/home/kssvm/workspace/ros2/humble/kssbot/install/kssbot_description' in the environment variable CMAKE_PREFIX_PATH doesn't exist
[0.252s] DEBUG:colcon.colcon_installed_package_information.package_discovery:Found 0 installed packages in /home/kssvm/workspace/ros2/humble/kssbot/kssbot/install
[0.254s] DEBUG:colcon.colcon_installed_package_information.package_discovery:Found 316 installed packages in /opt/ros/humble
[0.255s] Level 1:colcon.colcon_core.package_discovery:discover_packages(prefix_path) using defaults
[0.303s] Level 5:colcon.colcon_core.verb:set package 'kss_joystick' build argument 'cmake_args' from command line to 'None'
[0.303s] Level 5:colcon.colcon_core.verb:set package 'kss_joystick' build argument 'cmake_target' from command line to 'None'
[0.303s] Level 5:colcon.colcon_core.verb:set package 'kss_joystick' build argument 'cmake_target_skip_unavailable' from command line to 'False'
[0.303s] Level 5:colcon.colcon_core.verb:set package 'kss_joystick' build argument 'cmake_clean_cache' from command line to 'False'
[0.303s] Level 5:colcon.colcon_core.verb:set package 'kss_joystick' build argument 'cmake_clean_first' from command line to 'False'
[0.303s] Level 5:colcon.colcon_core.verb:set package 'kss_joystick' build argument 'cmake_force_configure' from command line to 'False'
[0.303s] Level 5:colcon.colcon_core.verb:set package 'kss_joystick' build argument 'ament_cmake_args' from command line to 'None'
[0.303s] Level 5:colcon.colcon_core.verb:set package 'kss_joystick' build argument 'catkin_cmake_args' from command line to 'None'
[0.303s] Level 5:colcon.colcon_core.verb:set package 'kss_joystick' build argument 'catkin_skip_building_tests' from command line to 'False'
[0.303s] DEBUG:colcon.colcon_core.verb:Building package 'kss_joystick' with the following arguments: {'ament_cmake_args': None, 'build_base': '/home/kssvm/workspace/ros2/humble/kssbot/kssbot/build/kss_joystick', 'catkin_cmake_args': None, 'catkin_skip_building_tests': False, 'cmake_args': None, 'cmake_clean_cache': False, 'cmake_clean_first': False, 'cmake_force_configure': False, 'cmake_target': None, 'cmake_target_skip_unavailable': False, 'install_base': '/home/kssvm/workspace/ros2/humble/kssbot/kssbot/install/kss_joystick', 'merge_install': False, 'path': '/home/kssvm/workspace/ros2/humble/kssbot/kssbot/src/kss_joystick', 'symlink_install': False, 'test_result_base': None}
[0.304s] Level 5:colcon.colcon_core.verb:set package 'kssbot_description' build argument 'cmake_args' from command line to 'None'
[0.304s] Level 5:colcon.colcon_core.verb:set package 'kssbot_description' build argument 'cmake_target' from command line to 'None'
[0.305s] Level 5:colcon.colcon_core.verb:set package 'kssbot_description' build argument 'cmake_target_skip_unavailable' from command line to 'False'
[0.305s] Level 5:colcon.colcon_core.verb:set package 'kssbot_description' build argument 'cmake_clean_cache' from command line to 'False'
[0.305s] Level 5:colcon.colcon_core.verb:set package 'kssbot_description' build argument 'cmake_clean_first' from command line to 'False'
[0.305s] Level 5:colcon.colcon_core.verb:set package 'kssbot_description' build argument 'cmake_force_configure' from command line to 'False'
[0.305s] Level 5:colcon.colcon_core.verb:set package 'kssbot_description' build argument 'ament_cmake_args' from command line to 'None'
[0.305s] Level 5:colcon.colcon_core.verb:set package 'kssbot_description' build argument 'catkin_cmake_args' from command line to 'None'
[0.305s] Level 5:colcon.colcon_core.verb:set package 'kssbot_description' build argument 'catkin_skip_building_tests' from command line to 'False'
[0.305s] DEBUG:colcon.colcon_core.verb:Building package 'kssbot_description' with the following arguments: {'ament_cmake_args': None, 'build_base': '/home/kssvm/workspace/ros2/humble/kssbot/kssbot/build/kssbot_description', 'catkin_cmake_args': None, 'catkin_skip_building_tests': False, 'cmake_args': None, 'cmake_clean_cache': False, 'cmake_clean_first': False, 'cmake_force_configure': False, 'cmake_target': None, 'cmake_target_skip_unavailable': False, 'install_base': '/home/kssvm/workspace/ros2/humble/kssbot/kssbot/install/kssbot_description', 'merge_install': False, 'path': '/home/kssvm/workspace/ros2/humble/kssbot/kssbot/src/HW_Modules/kssbot_description/diffbot_description', 'symlink_install': False, 'test_result_base': None}
[0.305s] Level 5:colcon.colcon_core.verb:set package 'kssbot_hardware' build argument 'cmake_args' from command line to 'None'
[0.305s] Level 5:colcon.colcon_core.verb:set package 'kssbot_hardware' build argument 'cmake_target' from command line to 'None'
[0.305s] Level 5:colcon.colcon_core.verb:set package 'kssbot_hardware' build argument 'cmake_target_skip_unavailable' from command line to 'False'
[0.305s] Level 5:colcon.colcon_core.verb:set package 'kssbot_hardware' build argument 'cmake_clean_cache' from command line to 'False'
[0.305s] Level 5:colcon.colcon_core.verb:set package 'kssbot_hardware' build argument 'cmake_clean_first' from command line to 'False'
[0.305s] Level 5:colcon.colcon_core.verb:set package 'kssbot_hardware' build argument 'cmake_force_configure' from command line to 'False'
[0.305s] Level 5:colcon.colcon_core.verb:set package 'kssbot_hardware' build argument 'ament_cmake_args' from command line to 'None'
[0.305s] Level 5:colcon.colcon_core.verb:set package 'kssbot_hardware' build argument 'catkin_cmake_args' from command line to 'None'
[0.305s] Level 5:colcon.colcon_core.verb:set package 'kssbot_hardware' build argument 'catkin_skip_building_tests' from command line to 'False'
[0.305s] DEBUG:colcon.colcon_core.verb:Building package 'kssbot_hardware' with the following arguments: {'ament_cmake_args': None, 'build_base': '/home/kssvm/workspace/ros2/humble/kssbot/kssbot/build/kssbot_hardware', 'catkin_cmake_args': None, 'catkin_skip_building_tests': False, 'cmake_args': None, 'cmake_clean_cache': False, 'cmake_clean_first': False, 'cmake_force_configure': False, 'cmake_target': None, 'cmake_target_skip_unavailable': False, 'install_base': '/home/kssvm/workspace/ros2/humble/kssbot/kssbot/install/kssbot_hardware', 'merge_install': False, 'path': '/home/kssvm/workspace/ros2/humble/kssbot/kssbot/src/HW_Modules/kssbot_hardware', 'symlink_install': False, 'test_result_base': None}
[0.306s] Level 5:colcon.colcon_core.verb:set package 'motorctrl' build argument 'cmake_args' from command line to 'None'
[0.306s] Level 5:colcon.colcon_core.verb:set package 'motorctrl' build argument 'cmake_target' from command line to 'None'
[0.306s] Level 5:colcon.colcon_core.verb:set package 'motorctrl' build argument 'cmake_target_skip_unavailable' from command line to 'False'
[0.306s] Level 5:colcon.colcon_core.verb:set package 'motorctrl' build argument 'cmake_clean_cache' from command line to 'False'
[0.306s] Level 5:colcon.colcon_core.verb:set package 'motorctrl' build argument 'cmake_clean_first' from command line to 'False'
[0.306s] Level 5:colcon.colcon_core.verb:set package 'motorctrl' build argument 'cmake_force_configure' from command line to 'False'
[0.306s] Level 5:colcon.colcon_core.verb:set package 'motorctrl' build argument 'ament_cmake_args' from command line to 'None'
[0.306s] Level 5:colcon.colcon_core.verb:set package 'motorctrl' build argument 'catkin_cmake_args' from command line to 'None'
[0.306s] Level 5:colcon.colcon_core.verb:set package 'motorctrl' build argument 'catkin_skip_building_tests' from command line to 'False'
[0.306s] DEBUG:colcon.colcon_core.verb:Building package 'motorctrl' with the following arguments: {'ament_cmake_args': None, 'build_base': '/home/kssvm/workspace/ros2/humble/kssbot/kssbot/build/motorctrl', 'catkin_cmake_args': None, 'catkin_skip_building_tests': False, 'cmake_args': None, 'cmake_clean_cache': False, 'cmake_clean_first': False, 'cmake_force_configure': False, 'cmake_target': None, 'cmake_target_skip_unavailable': False, 'install_base': '/home/kssvm/workspace/ros2/humble/kssbot/kssbot/install/motorctrl', 'merge_install': False, 'path': '/home/kssvm/workspace/ros2/humble/kssbot/kssbot/src/motorctrl', 'symlink_install': False, 'test_result_base': None}
[0.307s] Level 5:colcon.colcon_core.verb:set package 'kssbot_bringup' build argument 'cmake_args' from command line to 'None'
[0.307s] Level 5:colcon.colcon_core.verb:set package 'kssbot_bringup' build argument 'cmake_target' from command line to 'None'
[0.307s] Level 5:colcon.colcon_core.verb:set package 'kssbot_bringup' build argument 'cmake_target_skip_unavailable' from command line to 'False'
[0.307s] Level 5:colcon.colcon_core.verb:set package 'kssbot_bringup' build argument 'cmake_clean_cache' from command line to 'False'
[0.307s] Level 5:colcon.colcon_core.verb:set package 'kssbot_bringup' build argument 'cmake_clean_first' from command line to 'False'
[0.307s] Level 5:colcon.colcon_core.verb:set package 'kssbot_bringup' build argument 'cmake_force_configure' from command line to 'False'
[0.307s] Level 5:colcon.colcon_core.verb:set package 'kssbot_bringup' build argument 'ament_cmake_args' from command line to 'None'
[0.307s] Level 5:colcon.colcon_core.verb:set package 'kssbot_bringup' build argument 'catkin_cmake_args' from command line to 'None'
[0.307s] Level 5:colcon.colcon_core.verb:set package 'kssbot_bringup' build argument 'catkin_skip_building_tests' from command line to 'False'
[0.307s] DEBUG:colcon.colcon_core.verb:Building package 'kssbot_bringup' with the following arguments: {'ament_cmake_args': None, 'build_base': '/home/kssvm/workspace/ros2/humble/kssbot/kssbot/build/kssbot_bringup', 'catkin_cmake_args': None, 'catkin_skip_building_tests': False, 'cmake_args': None, 'cmake_clean_cache': False, 'cmake_clean_first': False, 'cmake_force_configure': False, 'cmake_target': None, 'cmake_target_skip_unavailable': False, 'install_base': '/home/kssvm/workspace/ros2/humble/kssbot/kssbot/install/kssbot_bringup', 'merge_install': False, 'path': '/home/kssvm/workspace/ros2/humble/kssbot/kssbot/src/HW_Modules/kssbot_bringup', 'symlink_install': False, 'test_result_base': None}
[0.308s] INFO:colcon.colcon_core.executor:Executing jobs using 'parallel' executor
[0.310s] DEBUG:colcon.colcon_parallel_executor.executor.parallel:run_until_complete
[0.310s] INFO:colcon.colcon_ros.task.ament_cmake.build:Building ROS package in '/home/kssvm/workspace/ros2/humble/kssbot/kssbot/src/HW_Modules/kssbot_description/diffbot_description' with build type 'ament_cmake'
[0.310s] INFO:colcon.colcon_cmake.task.cmake.build:Building CMake package in '/home/kssvm/workspace/ros2/humble/kssbot/kssbot/src/HW_Modules/kssbot_description/diffbot_description'
[0.313s] INFO:colcon.colcon_core.plugin_system:Skipping extension 'colcon_core.shell.bat': Not used on non-Windows systems
[0.314s] INFO:colcon.colcon_core.shell:Skip shell extension 'powershell' for command environment: Not usable outside of PowerShell
[0.314s] DEBUG:colcon.colcon_core.shell:Skip shell extension 'dsv' for command environment
[0.317s] INFO:colcon.colcon_ros.task.ament_cmake.build:Building ROS package in '/home/kssvm/workspace/ros2/humble/kssbot/kssbot/src/HW_Modules/kssbot_hardware' with build type 'ament_cmake'
[0.317s] INFO:colcon.colcon_cmake.task.cmake.build:Building CMake package in '/home/kssvm/workspace/ros2/humble/kssbot/kssbot/src/HW_Modules/kssbot_hardware'
[0.317s] INFO:colcon.colcon_core.shell:Skip shell extension 'powershell' for command environment: Not usable outside of PowerShell
[0.317s] DEBUG:colcon.colcon_core.shell:Skip shell extension 'dsv' for command environment
[0.322s] INFO:colcon.colcon_ros.task.ament_cmake.build:Building ROS package in '/home/kssvm/workspace/ros2/humble/kssbot/kssbot/src/kss_joystick' with build type 'ament_cmake'
[0.322s] INFO:colcon.colcon_cmake.task.cmake.build:Building CMake package in '/home/kssvm/workspace/ros2/humble/kssbot/kssbot/src/kss_joystick'
[0.323s] INFO:colcon.colcon_core.shell:Skip shell extension 'powershell' for command environment: Not usable outside of PowerShell
[0.323s] DEBUG:colcon.colcon_core.shell:Skip shell extension 'dsv' for command environment
[0.326s] INFO:colcon.colcon_ros.task.ament_cmake.build:Building ROS package in '/home/kssvm/workspace/ros2/humble/kssbot/kssbot/src/motorctrl' with build type 'ament_cmake'
[0.326s] INFO:colcon.colcon_cmake.task.cmake.build:Building CMake package in '/home/kssvm/workspace/ros2/humble/kssbot/kssbot/src/motorctrl'
[0.327s] INFO:colcon.colcon_core.shell:Skip shell extension 'powershell' for command environment: Not usable outside of PowerShell
[0.327s] DEBUG:colcon.colcon_core.shell:Skip shell extension 'dsv' for command environment
[0.333s] DEBUG:colcon.colcon_core.event_handler.log_command:Invoking command in '/home/kssvm/workspace/ros2/humble/kssbot/kssbot/build/kssbot_description': CMAKE_PREFIX_PATH=${CMAKE_PREFIX_PATH}:/opt/ros/humble /usr/bin/cmake /home/kssvm/workspace/ros2/humble/kssbot/kssbot/src/HW_Modules/kssbot_description/diffbot_description -DCMAKE_INSTALL_PREFIX=/home/kssvm/workspace/ros2/humble/kssbot/kssbot/install/kssbot_description
[0.342s] DEBUG:colcon.colcon_core.event_handler.log_command:Invoking command in '/home/kssvm/workspace/ros2/humble/kssbot/kssbot/build/kssbot_hardware': CMAKE_PREFIX_PATH=${CMAKE_PREFIX_PATH}:/opt/ros/humble /usr/bin/cmake /home/kssvm/workspace/ros2/humble/kssbot/kssbot/src/HW_Modules/kssbot_hardware -DCMAKE_INSTALL_PREFIX=/home/kssvm/workspace/ros2/humble/kssbot/kssbot/install/kssbot_hardware
[0.344s] DEBUG:colcon.colcon_core.event_handler.log_command:Invoking command in '/home/kssvm/workspace/ros2/humble/kssbot/kssbot/build/motorctrl': CMAKE_PREFIX_PATH=${CMAKE_PREFIX_PATH}:/opt/ros/humble /usr/bin/cmake /home/kssvm/workspace/ros2/humble/kssbot/kssbot/src/motorctrl -DCMAKE_INSTALL_PREFIX=/home/kssvm/workspace/ros2/humble/kssbot/kssbot/install/motorctrl
[0.345s] DEBUG:colcon.colcon_core.event_handler.log_command:Invoking command in '/home/kssvm/workspace/ros2/humble/kssbot/kssbot/build/kss_joystick': CMAKE_PREFIX_PATH=${CMAKE_PREFIX_PATH}:/opt/ros/humble /usr/bin/cmake /home/kssvm/workspace/ros2/humble/kssbot/kssbot/src/kss_joystick -DCMAKE_INSTALL_PREFIX=/home/kssvm/workspace/ros2/humble/kssbot/kssbot/install/kss_joystick
[1.111s] DEBUG:colcon.colcon_core.event_handler.log_command:Invoked command in '/home/kssvm/workspace/ros2/humble/kssbot/kssbot/build/motorctrl' returned '0': CMAKE_PREFIX_PATH=${CMAKE_PREFIX_PATH}:/opt/ros/humble /usr/bin/cmake /home/kssvm/workspace/ros2/humble/kssbot/kssbot/src/motorctrl -DCMAKE_INSTALL_PREFIX=/home/kssvm/workspace/ros2/humble/kssbot/kssbot/install/motorctrl
[1.112s] DEBUG:colcon.colcon_core.event_handler.log_command:Invoking command in '/home/kssvm/workspace/ros2/humble/kssbot/kssbot/build/motorctrl': CMAKE_PREFIX_PATH=${CMAKE_PREFIX_PATH}:/opt/ros/humble /usr/bin/cmake --build /home/kssvm/workspace/ros2/humble/kssbot/kssbot/build/motorctrl -- -j4 -l4
[1.142s] DEBUG:colcon.colcon_core.event_handler.log_command:Invoked command in '/home/kssvm/workspace/ros2/humble/kssbot/kssbot/build/kssbot_description' returned '0': CMAKE_PREFIX_PATH=${CMAKE_PREFIX_PATH}:/opt/ros/humble /usr/bin/cmake /home/kssvm/workspace/ros2/humble/kssbot/kssbot/src/HW_Modules/kssbot_description/diffbot_description -DCMAKE_INSTALL_PREFIX=/home/kssvm/workspace/ros2/humble/kssbot/kssbot/install/kssbot_description
[1.142s] DEBUG:colcon.colcon_core.event_handler.log_command:Invoking command in '/home/kssvm/workspace/ros2/humble/kssbot/kssbot/build/kssbot_description': CMAKE_PREFIX_PATH=${CMAKE_PREFIX_PATH}:/opt/ros/humble /usr/bin/cmake --build /home/kssvm/workspace/ros2/humble/kssbot/kssbot/build/kssbot_description -- -j4 -l4
[1.149s] DEBUG:colcon.colcon_core.event_handler.log_command:Invoked command in '/home/kssvm/workspace/ros2/humble/kssbot/kssbot/build/kss_joystick' returned '0': CMAKE_PREFIX_PATH=${CMAKE_PREFIX_PATH}:/opt/ros/humble /usr/bin/cmake /home/kssvm/workspace/ros2/humble/kssbot/kssbot/src/kss_joystick -DCMAKE_INSTALL_PREFIX=/home/kssvm/workspace/ros2/humble/kssbot/kssbot/install/kss_joystick
[1.160s] DEBUG:colcon.colcon_core.event_handler.log_command:Invoking command in '/home/kssvm/workspace/ros2/humble/kssbot/kssbot/build/kss_joystick': CMAKE_PREFIX_PATH=${CMAKE_PREFIX_PATH}:/opt/ros/humble /usr/bin/cmake --build /home/kssvm/workspace/ros2/humble/kssbot/kssbot/build/kss_joystick -- -j4 -l4
[1.180s] DEBUG:colcon.colcon_core.event_handler.log_command:Invoked command in '/home/kssvm/workspace/ros2/humble/kssbot/kssbot/build/kssbot_description' returned '0': CMAKE_PREFIX_PATH=${CMAKE_PREFIX_PATH}:/opt/ros/humble /usr/bin/cmake --build /home/kssvm/workspace/ros2/humble/kssbot/kssbot/build/kssbot_description -- -j4 -l4
[1.239s] DEBUG:colcon.colcon_core.event_handler.log_command:Invoked command in '/home/kssvm/workspace/ros2/humble/kssbot/kssbot/build/kss_joystick' returned '0': CMAKE_PREFIX_PATH=${CMAKE_PREFIX_PATH}:/opt/ros/humble /usr/bin/cmake --build /home/kssvm/workspace/ros2/humble/kssbot/kssbot/build/kss_joystick -- -j4 -l4
[1.254s] DEBUG:colcon.colcon_core.event_handler.log_command:Invoking command in '/home/kssvm/workspace/ros2/humble/kssbot/kssbot/build/kssbot_description': CMAKE_PREFIX_PATH=${CMAKE_PREFIX_PATH}:/opt/ros/humble /usr/bin/cmake --install /home/kssvm/workspace/ros2/humble/kssbot/kssbot/build/kssbot_description
[1.285s] Level 1:colcon.colcon_core.environment:create_environment_scripts_only(kssbot_description)
[1.287s] DEBUG:colcon.colcon_core.event_handler.log_command:Invoked command in '/home/kssvm/workspace/ros2/humble/kssbot/kssbot/build/kssbot_description' returned '0': CMAKE_PREFIX_PATH=${CMAKE_PREFIX_PATH}:/opt/ros/humble /usr/bin/cmake --install /home/kssvm/workspace/ros2/humble/kssbot/kssbot/build/kssbot_description
[1.289s] Level 1:colcon.colcon_core.environment:checking '/home/kssvm/workspace/ros2/humble/kssbot/kssbot/install/kssbot_description' for CMake module files
[1.289s] Level 1:colcon.colcon_core.environment:checking '/home/kssvm/workspace/ros2/humble/kssbot/kssbot/install/kssbot_description' for CMake config files
[1.289s] Level 1:colcon.colcon_core.shell:create_environment_hook('kssbot_description', 'cmake_prefix_path')
[1.291s] INFO:colcon.colcon_core.shell:Creating environment hook '/home/kssvm/workspace/ros2/humble/kssbot/kssbot/install/kssbot_description/share/kssbot_description/hook/cmake_prefix_path.ps1'
[1.291s] INFO:colcon.colcon_core.shell:Creating environment descriptor '/home/kssvm/workspace/ros2/humble/kssbot/kssbot/install/kssbot_description/share/kssbot_description/hook/cmake_prefix_path.dsv'
[1.292s] INFO:colcon.colcon_core.shell:Creating environment hook '/home/kssvm/workspace/ros2/humble/kssbot/kssbot/install/kssbot_description/share/kssbot_description/hook/cmake_prefix_path.sh'
[1.292s] Level 1:colcon.colcon_core.environment:checking '/home/kssvm/workspace/ros2/humble/kssbot/kssbot/install/kssbot_description/bin'
[1.292s] Level 1:colcon.colcon_core.environment:checking '/home/kssvm/workspace/ros2/humble/kssbot/kssbot/install/kssbot_description/lib/pkgconfig/kssbot_description.pc'
[1.293s] Level 1:colcon.colcon_core.environment:checking '/home/kssvm/workspace/ros2/humble/kssbot/kssbot/install/kssbot_description/lib/python3.10/site-packages'
[1.293s] Level 1:colcon.colcon_core.environment:checking '/home/kssvm/workspace/ros2/humble/kssbot/kssbot/install/kssbot_description/bin'
[1.294s] INFO:colcon.colcon_core.shell:Creating package script '/home/kssvm/workspace/ros2/humble/kssbot/kssbot/install/kssbot_description/share/kssbot_description/package.ps1'
[1.294s] INFO:colcon.colcon_core.shell:Creating package descriptor '/home/kssvm/workspace/ros2/humble/kssbot/kssbot/install/kssbot_description/share/kssbot_description/package.dsv'
[1.296s] INFO:colcon.colcon_core.shell:Creating package script '/home/kssvm/workspace/ros2/humble/kssbot/kssbot/install/kssbot_description/share/kssbot_description/package.sh'
[1.297s] INFO:colcon.colcon_core.shell:Creating package script '/home/kssvm/workspace/ros2/humble/kssbot/kssbot/install/kssbot_description/share/kssbot_description/package.bash'
[1.297s] INFO:colcon.colcon_core.shell:Creating package script '/home/kssvm/workspace/ros2/humble/kssbot/kssbot/install/kssbot_description/share/kssbot_description/package.zsh'
[1.298s] Level 1:colcon.colcon_core.environment:create_file_with_runtime_dependencies(/home/kssvm/workspace/ros2/humble/kssbot/kssbot/install/kssbot_description/share/colcon-core/packages/kssbot_description)
[1.310s] DEBUG:colcon.colcon_core.event_handler.log_command:Invoking command in '/home/kssvm/workspace/ros2/humble/kssbot/kssbot/build/kss_joystick': CMAKE_PREFIX_PATH=${CMAKE_PREFIX_PATH}:/opt/ros/humble /usr/bin/cmake --install /home/kssvm/workspace/ros2/humble/kssbot/kssbot/build/kss_joystick
[1.331s] Level 1:colcon.colcon_core.environment:create_environment_scripts_only(kss_joystick)
[1.335s] Level 1:colcon.colcon_core.environment:checking '/home/kssvm/workspace/ros2/humble/kssbot/kssbot/install/kss_joystick' for CMake module files
[1.336s] Level 1:colcon.colcon_core.environment:checking '/home/kssvm/workspace/ros2/humble/kssbot/kssbot/install/kss_joystick' for CMake config files
[1.336s] Level 1:colcon.colcon_core.shell:create_environment_hook('kss_joystick', 'cmake_prefix_path')
[1.338s] INFO:colcon.colcon_core.shell:Creating environment hook '/home/kssvm/workspace/ros2/humble/kssbot/kssbot/install/kss_joystick/share/kss_joystick/hook/cmake_prefix_path.ps1'
[1.338s] DEBUG:colcon.colcon_core.event_handler.log_command:Invoked command in '/home/kssvm/workspace/ros2/humble/kssbot/kssbot/build/kss_joystick' returned '0': CMAKE_PREFIX_PATH=${CMAKE_PREFIX_PATH}:/opt/ros/humble /usr/bin/cmake --install /home/kssvm/workspace/ros2/humble/kssbot/kssbot/build/kss_joystick
[1.340s] INFO:colcon.colcon_core.shell:Creating environment descriptor '/home/kssvm/workspace/ros2/humble/kssbot/kssbot/install/kss_joystick/share/kss_joystick/hook/cmake_prefix_path.dsv'
[1.341s] INFO:colcon.colcon_core.shell:Creating environment hook '/home/kssvm/workspace/ros2/humble/kssbot/kssbot/install/kss_joystick/share/kss_joystick/hook/cmake_prefix_path.sh'
[1.341s] Level 1:colcon.colcon_core.environment:checking '/home/kssvm/workspace/ros2/humble/kssbot/kssbot/install/kss_joystick/bin'
[1.341s] Level 1:colcon.colcon_core.environment:checking '/home/kssvm/workspace/ros2/humble/kssbot/kssbot/install/kss_joystick/lib/pkgconfig/kss_joystick.pc'
[1.341s] Level 1:colcon.colcon_core.environment:checking '/home/kssvm/workspace/ros2/humble/kssbot/kssbot/install/kss_joystick/lib/python3.10/site-packages'
[1.341s] Level 1:colcon.colcon_core.environment:checking '/home/kssvm/workspace/ros2/humble/kssbot/kssbot/install/kss_joystick/bin'
[1.342s] INFO:colcon.colcon_core.shell:Creating package script '/home/kssvm/workspace/ros2/humble/kssbot/kssbot/install/kss_joystick/share/kss_joystick/package.ps1'
[1.344s] INFO:colcon.colcon_core.shell:Creating package descriptor '/home/kssvm/workspace/ros2/humble/kssbot/kssbot/install/kss_joystick/share/kss_joystick/package.dsv'
[1.344s] INFO:colcon.colcon_core.shell:Creating package script '/home/kssvm/workspace/ros2/humble/kssbot/kssbot/install/kss_joystick/share/kss_joystick/package.sh'
[1.345s] INFO:colcon.colcon_core.shell:Creating package script '/home/kssvm/workspace/ros2/humble/kssbot/kssbot/install/kss_joystick/share/kss_joystick/package.bash'
[1.345s] INFO:colcon.colcon_core.shell:Creating package script '/home/kssvm/workspace/ros2/humble/kssbot/kssbot/install/kss_joystick/share/kss_joystick/package.zsh'
[1.345s] Level 1:colcon.colcon_core.environment:create_file_with_runtime_dependencies(/home/kssvm/workspace/ros2/humble/kssbot/kssbot/install/kss_joystick/share/colcon-core/packages/kss_joystick)
[1.393s] Level 1:colcon.colcon_core.environment:create_environment_scripts_only(kssbot_description)
[1.395s] Level 1:colcon.colcon_core.environment:checking '/home/kssvm/workspace/ros2/humble/kssbot/kssbot/install/kssbot_description' for CMake module files
[1.395s] Level 1:colcon.colcon_core.environment:checking '/home/kssvm/workspace/ros2/humble/kssbot/kssbot/install/kssbot_description' for CMake config files
[1.395s] Level 1:colcon.colcon_core.shell:create_environment_hook('kssbot_description', 'cmake_prefix_path')
[1.396s] INFO:colcon.colcon_core.shell:Creating environment hook '/home/kssvm/workspace/ros2/humble/kssbot/kssbot/install/kssbot_description/share/kssbot_description/hook/cmake_prefix_path.ps1'
[1.396s] INFO:colcon.colcon_core.shell:Creating environment descriptor '/home/kssvm/workspace/ros2/humble/kssbot/kssbot/install/kssbot_description/share/kssbot_description/hook/cmake_prefix_path.dsv'
[1.397s] INFO:colcon.colcon_core.shell:Creating environment hook '/home/kssvm/workspace/ros2/humble/kssbot/kssbot/install/kssbot_description/share/kssbot_description/hook/cmake_prefix_path.sh'
[1.397s] Level 1:colcon.colcon_core.environment:checking '/home/kssvm/workspace/ros2/humble/kssbot/kssbot/install/kssbot_description/bin'
[1.397s] Level 1:colcon.colcon_core.environment:checking '/home/kssvm/workspace/ros2/humble/kssbot/kssbot/install/kssbot_description/lib/pkgconfig/kssbot_description.pc'
[1.397s] Level 1:colcon.colcon_core.environment:checking '/home/kssvm/workspace/ros2/humble/kssbot/kssbot/install/kssbot_description/lib/python3.10/site-packages'
[1.398s] Level 1:colcon.colcon_core.environment:checking '/home/kssvm/workspace/ros2/humble/kssbot/kssbot/install/kssbot_description/bin'
[1.399s] INFO:colcon.colcon_core.shell:Creating package script '/home/kssvm/workspace/ros2/humble/kssbot/kssbot/install/kssbot_description/share/kssbot_description/package.ps1'
[1.400s] INFO:colcon.colcon_core.shell:Creating package descriptor '/home/kssvm/workspace/ros2/humble/kssbot/kssbot/install/kssbot_description/share/kssbot_description/package.dsv'
[1.401s] INFO:colcon.colcon_core.shell:Creating package script '/home/kssvm/workspace/ros2/humble/kssbot/kssbot/install/kssbot_description/share/kssbot_description/package.sh'
[1.401s] INFO:colcon.colcon_core.shell:Creating package script '/home/kssvm/workspace/ros2/humble/kssbot/kssbot/install/kssbot_description/share/kssbot_description/package.bash'
[1.404s] INFO:colcon.colcon_core.shell:Creating package script '/home/kssvm/workspace/ros2/humble/kssbot/kssbot/install/kssbot_description/share/kssbot_description/package.zsh'
[1.417s] Level 1:colcon.colcon_core.environment:create_file_with_runtime_dependencies(/home/kssvm/workspace/ros2/humble/kssbot/kssbot/install/kssbot_description/share/colcon-core/packages/kssbot_description)
[1.474s] Level 1:colcon.colcon_core.environment:create_environment_scripts_only(kss_joystick)
[1.476s] Level 1:colcon.colcon_core.environment:checking '/home/kssvm/workspace/ros2/humble/kssbot/kssbot/install/kss_joystick' for CMake module files
[1.476s] Level 1:colcon.colcon_core.environment:checking '/home/kssvm/workspace/ros2/humble/kssbot/kssbot/install/kss_joystick' for CMake config files
[1.476s] Level 1:colcon.colcon_core.shell:create_environment_hook('kss_joystick', 'cmake_prefix_path')
[1.477s] INFO:colcon.colcon_core.shell:Creating environment hook '/home/kssvm/workspace/ros2/humble/kssbot/kssbot/install/kss_joystick/share/kss_joystick/hook/cmake_prefix_path.ps1'
[1.477s] INFO:colcon.colcon_core.shell:Creating environment descriptor '/home/kssvm/workspace/ros2/humble/kssbot/kssbot/install/kss_joystick/share/kss_joystick/hook/cmake_prefix_path.dsv'
[1.478s] INFO:colcon.colcon_core.shell:Creating environment hook '/home/kssvm/workspace/ros2/humble/kssbot/kssbot/install/kss_joystick/share/kss_joystick/hook/cmake_prefix_path.sh'
[1.478s] Level 1:colcon.colcon_core.environment:checking '/home/kssvm/workspace/ros2/humble/kssbot/kssbot/install/kss_joystick/bin'
[1.478s] Level 1:colcon.colcon_core.environment:checking '/home/kssvm/workspace/ros2/humble/kssbot/kssbot/install/kss_joystick/lib/pkgconfig/kss_joystick.pc'
[1.478s] Level 1:colcon.colcon_core.environment:checking '/home/kssvm/workspace/ros2/humble/kssbot/kssbot/install/kss_joystick/lib/python3.10/site-packages'
[1.478s] Level 1:colcon.colcon_core.environment:checking '/home/kssvm/workspace/ros2/humble/kssbot/kssbot/install/kss_joystick/bin'
[1.479s] INFO:colcon.colcon_core.shell:Creating package script '/home/kssvm/workspace/ros2/humble/kssbot/kssbot/install/kss_joystick/share/kss_joystick/package.ps1'
[1.480s] INFO:colcon.colcon_core.shell:Creating package descriptor '/home/kssvm/workspace/ros2/humble/kssbot/kssbot/install/kss_joystick/share/kss_joystick/package.dsv'
[1.480s] INFO:colcon.colcon_core.shell:Creating package script '/home/kssvm/workspace/ros2/humble/kssbot/kssbot/install/kss_joystick/share/kss_joystick/package.sh'
[1.480s] INFO:colcon.colcon_core.shell:Creating package script '/home/kssvm/workspace/ros2/humble/kssbot/kssbot/install/kss_joystick/share/kss_joystick/package.bash'
[1.481s] INFO:colcon.colcon_core.shell:Creating package script '/home/kssvm/workspace/ros2/humble/kssbot/kssbot/install/kss_joystick/share/kss_joystick/package.zsh'
[1.482s] Level 1:colcon.colcon_core.environment:create_file_with_runtime_dependencies(/home/kssvm/workspace/ros2/humble/kssbot/kssbot/install/kss_joystick/share/colcon-core/packages/kss_joystick)
[1.956s] DEBUG:colcon.colcon_core.event_handler.log_command:Invoked command in '/home/kssvm/workspace/ros2/humble/kssbot/kssbot/build/motorctrl' returned '0': CMAKE_PREFIX_PATH=${CMAKE_PREFIX_PATH}:/opt/ros/humble /usr/bin/cmake --build /home/kssvm/workspace/ros2/humble/kssbot/kssbot/build/motorctrl -- -j4 -l4
[2.000s] DEBUG:colcon.colcon_core.event_handler.log_command:Invoking command in '/home/kssvm/workspace/ros2/humble/kssbot/kssbot/build/motorctrl': CMAKE_PREFIX_PATH=${CMAKE_PREFIX_PATH}:/opt/ros/humble /usr/bin/cmake --install /home/kssvm/workspace/ros2/humble/kssbot/kssbot/build/motorctrl
[2.012s] Level 1:colcon.colcon_core.environment:create_environment_scripts_only(motorctrl)
[2.014s] Level 1:colcon.colcon_core.environment:checking '/home/kssvm/workspace/ros2/humble/kssbot/kssbot/install/motorctrl' for CMake module files
[2.014s] DEBUG:colcon.colcon_core.event_handler.log_command:Invoked command in '/home/kssvm/workspace/ros2/humble/kssbot/kssbot/build/motorctrl' returned '0': CMAKE_PREFIX_PATH=${CMAKE_PREFIX_PATH}:/opt/ros/humble /usr/bin/cmake --install /home/kssvm/workspace/ros2/humble/kssbot/kssbot/build/motorctrl
[2.014s] Level 1:colcon.colcon_core.environment:checking '/home/kssvm/workspace/ros2/humble/kssbot/kssbot/install/motorctrl' for CMake config files
[2.015s] Level 1:colcon.colcon_core.shell:create_environment_hook('motorctrl', 'cmake_prefix_path')
[2.016s] INFO:colcon.colcon_core.shell:Creating environment hook '/home/kssvm/workspace/ros2/humble/kssbot/kssbot/install/motorctrl/share/motorctrl/hook/cmake_prefix_path.ps1'
[2.016s] INFO:colcon.colcon_core.shell:Creating environment descriptor '/home/kssvm/workspace/ros2/humble/kssbot/kssbot/install/motorctrl/share/motorctrl/hook/cmake_prefix_path.dsv'
[2.016s] INFO:colcon.colcon_core.shell:Creating environment hook '/home/kssvm/workspace/ros2/humble/kssbot/kssbot/install/motorctrl/share/motorctrl/hook/cmake_prefix_path.sh'
[2.017s] Level 1:colcon.colcon_core.environment:checking '/home/kssvm/workspace/ros2/humble/kssbot/kssbot/install/motorctrl/lib'
[2.017s] Level 1:colcon.colcon_core.environment:checking '/home/kssvm/workspace/ros2/humble/kssbot/kssbot/install/motorctrl/bin'
[2.017s] Level 1:colcon.colcon_core.environment:checking '/home/kssvm/workspace/ros2/humble/kssbot/kssbot/install/motorctrl/lib/pkgconfig/motorctrl.pc'
[2.017s] Level 1:colcon.colcon_core.environment:checking '/home/kssvm/workspace/ros2/humble/kssbot/kssbot/install/motorctrl/lib/python3.10/site-packages'
[2.017s] Level 1:colcon.colcon_core.environment:checking '/home/kssvm/workspace/ros2/humble/kssbot/kssbot/install/motorctrl/bin'
[2.018s] INFO:colcon.colcon_core.shell:Creating package script '/home/kssvm/workspace/ros2/humble/kssbot/kssbot/install/motorctrl/share/motorctrl/package.ps1'
[2.019s] INFO:colcon.colcon_core.shell:Creating package descriptor '/home/kssvm/workspace/ros2/humble/kssbot/kssbot/install/motorctrl/share/motorctrl/package.dsv'
[2.019s] INFO:colcon.colcon_core.shell:Creating package script '/home/kssvm/workspace/ros2/humble/kssbot/kssbot/install/motorctrl/share/motorctrl/package.sh'
[2.020s] INFO:colcon.colcon_core.shell:Creating package script '/home/kssvm/workspace/ros2/humble/kssbot/kssbot/install/motorctrl/share/motorctrl/package.bash'
[2.020s] INFO:colcon.colcon_core.shell:Creating package script '/home/kssvm/workspace/ros2/humble/kssbot/kssbot/install/motorctrl/share/motorctrl/package.zsh'
[2.020s] Level 1:colcon.colcon_core.environment:create_file_with_runtime_dependencies(/home/kssvm/workspace/ros2/humble/kssbot/kssbot/install/motorctrl/share/colcon-core/packages/motorctrl)
[2.051s] Level 1:colcon.colcon_core.environment:create_environment_scripts_only(motorctrl)
[2.052s] Level 1:colcon.colcon_core.environment:checking '/home/kssvm/workspace/ros2/humble/kssbot/kssbot/install/motorctrl' for CMake module files
[2.052s] Level 1:colcon.colcon_core.environment:checking '/home/kssvm/workspace/ros2/humble/kssbot/kssbot/install/motorctrl' for CMake config files
[2.052s] Level 1:colcon.colcon_core.shell:create_environment_hook('motorctrl', 'cmake_prefix_path')
[2.053s] INFO:colcon.colcon_core.shell:Creating environment hook '/home/kssvm/workspace/ros2/humble/kssbot/kssbot/install/motorctrl/share/motorctrl/hook/cmake_prefix_path.ps1'
[2.054s] INFO:colcon.colcon_core.shell:Creating environment descriptor '/home/kssvm/workspace/ros2/humble/kssbot/kssbot/install/motorctrl/share/motorctrl/hook/cmake_prefix_path.dsv'
[2.054s] INFO:colcon.colcon_core.shell:Creating environment hook '/home/kssvm/workspace/ros2/humble/kssbot/kssbot/install/motorctrl/share/motorctrl/hook/cmake_prefix_path.sh'
[2.055s] Level 1:colcon.colcon_core.environment:checking '/home/kssvm/workspace/ros2/humble/kssbot/kssbot/install/motorctrl/lib'
[2.055s] Level 1:colcon.colcon_core.environment:checking '/home/kssvm/workspace/ros2/humble/kssbot/kssbot/install/motorctrl/bin'
[2.055s] Level 1:colcon.colcon_core.environment:checking '/home/kssvm/workspace/ros2/humble/kssbot/kssbot/install/motorctrl/lib/pkgconfig/motorctrl.pc'
[2.055s] Level 1:colcon.colcon_core.environment:checking '/home/kssvm/workspace/ros2/humble/kssbot/kssbot/install/motorctrl/lib/python3.10/site-packages'
[2.055s] Level 1:colcon.colcon_core.environment:checking '/home/kssvm/workspace/ros2/humble/kssbot/kssbot/install/motorctrl/bin'
[2.056s] INFO:colcon.colcon_core.shell:Creating package script '/home/kssvm/workspace/ros2/humble/kssbot/kssbot/install/motorctrl/share/motorctrl/package.ps1'
[2.056s] INFO:colcon.colcon_core.shell:Creating package descriptor '/home/kssvm/workspace/ros2/humble/kssbot/kssbot/install/motorctrl/share/motorctrl/package.dsv'
[2.057s] INFO:colcon.colcon_core.shell:Creating package script '/home/kssvm/workspace/ros2/humble/kssbot/kssbot/install/motorctrl/share/motorctrl/package.sh'
[2.058s] INFO:colcon.colcon_core.shell:Creating package script '/home/kssvm/workspace/ros2/humble/kssbot/kssbot/install/motorctrl/share/motorctrl/package.bash'
[2.058s] INFO:colcon.colcon_core.shell:Creating package script '/home/kssvm/workspace/ros2/humble/kssbot/kssbot/install/motorctrl/share/motorctrl/package.zsh'
[2.059s] Level 1:colcon.colcon_core.environment:create_file_with_runtime_dependencies(/home/kssvm/workspace/ros2/humble/kssbot/kssbot/install/motorctrl/share/colcon-core/packages/motorctrl)
[2.283s] DEBUG:colcon.colcon_core.event_handler.log_command:Invoked command in '/home/kssvm/workspace/ros2/humble/kssbot/kssbot/build/kssbot_hardware' returned '0': CMAKE_PREFIX_PATH=${CMAKE_PREFIX_PATH}:/opt/ros/humble /usr/bin/cmake /home/kssvm/workspace/ros2/humble/kssbot/kssbot/src/HW_Modules/kssbot_hardware -DCMAKE_INSTALL_PREFIX=/home/kssvm/workspace/ros2/humble/kssbot/kssbot/install/kssbot_hardware
[2.285s] DEBUG:colcon.colcon_core.event_handler.log_command:Invoking command in '/home/kssvm/workspace/ros2/humble/kssbot/kssbot/build/kssbot_hardware': CMAKE_PREFIX_PATH=${CMAKE_PREFIX_PATH}:/opt/ros/humble /usr/bin/cmake --build /home/kssvm/workspace/ros2/humble/kssbot/kssbot/build/kssbot_hardware -- -j4 -l4
[4.907s] DEBUG:colcon.colcon_core.event_handler.log_command:Invoked command in '/home/kssvm/workspace/ros2/humble/kssbot/kssbot/build/kssbot_hardware' returned '0': CMAKE_PREFIX_PATH=${CMAKE_PREFIX_PATH}:/opt/ros/humble /usr/bin/cmake --build /home/kssvm/workspace/ros2/humble/kssbot/kssbot/build/kssbot_hardware -- -j4 -l4
[4.931s] DEBUG:colcon.colcon_core.event_handler.log_command:Invoking command in '/home/kssvm/workspace/ros2/humble/kssbot/kssbot/build/kssbot_hardware': CMAKE_PREFIX_PATH=${CMAKE_PREFIX_PATH}:/opt/ros/humble /usr/bin/cmake --install /home/kssvm/workspace/ros2/humble/kssbot/kssbot/build/kssbot_hardware
[4.938s] Level 1:colcon.colcon_core.environment:create_environment_scripts_only(kssbot_hardware)
[4.940s] Level 1:colcon.colcon_core.environment:checking '/home/kssvm/workspace/ros2/humble/kssbot/kssbot/install/kssbot_hardware' for CMake module files
[4.941s] DEBUG:colcon.colcon_core.event_handler.log_command:Invoked command in '/home/kssvm/workspace/ros2/humble/kssbot/kssbot/build/kssbot_hardware' returned '0': CMAKE_PREFIX_PATH=${CMAKE_PREFIX_PATH}:/opt/ros/humble /usr/bin/cmake --install /home/kssvm/workspace/ros2/humble/kssbot/kssbot/build/kssbot_hardware
[4.941s] Level 1:colcon.colcon_core.environment:checking '/home/kssvm/workspace/ros2/humble/kssbot/kssbot/install/kssbot_hardware' for CMake config files
[4.941s] Level 1:colcon.colcon_core.shell:create_environment_hook('kssbot_hardware', 'cmake_prefix_path')
[4.942s] INFO:colcon.colcon_core.shell:Creating environment hook '/home/kssvm/workspace/ros2/humble/kssbot/kssbot/install/kssbot_hardware/share/kssbot_hardware/hook/cmake_prefix_path.ps1'
[4.942s] INFO:colcon.colcon_core.shell:Creating environment descriptor '/home/kssvm/workspace/ros2/humble/kssbot/kssbot/install/kssbot_hardware/share/kssbot_hardware/hook/cmake_prefix_path.dsv'
[4.942s] INFO:colcon.colcon_core.shell:Creating environment hook '/home/kssvm/workspace/ros2/humble/kssbot/kssbot/install/kssbot_hardware/share/kssbot_hardware/hook/cmake_prefix_path.sh'
[4.943s] Level 1:colcon.colcon_core.environment:checking '/home/kssvm/workspace/ros2/humble/kssbot/kssbot/install/kssbot_hardware/lib'
[4.943s] Level 1:colcon.colcon_core.shell:create_environment_hook('kssbot_hardware', 'ld_library_path_lib')
[4.944s] INFO:colcon.colcon_core.shell:Creating environment hook '/home/kssvm/workspace/ros2/humble/kssbot/kssbot/install/kssbot_hardware/share/kssbot_hardware/hook/ld_library_path_lib.ps1'
[4.944s] INFO:colcon.colcon_core.shell:Creating environment descriptor '/home/kssvm/workspace/ros2/humble/kssbot/kssbot/install/kssbot_hardware/share/kssbot_hardware/hook/ld_library_path_lib.dsv'
[4.944s] INFO:colcon.colcon_core.shell:Creating environment hook '/home/kssvm/workspace/ros2/humble/kssbot/kssbot/install/kssbot_hardware/share/kssbot_hardware/hook/ld_library_path_lib.sh'
[4.944s] Level 1:colcon.colcon_core.environment:checking '/home/kssvm/workspace/ros2/humble/kssbot/kssbot/install/kssbot_hardware/bin'
[4.944s] Level 1:colcon.colcon_core.environment:checking '/home/kssvm/workspace/ros2/humble/kssbot/kssbot/install/kssbot_hardware/lib/pkgconfig/kssbot_hardware.pc'
[4.944s] Level 1:colcon.colcon_core.environment:checking '/home/kssvm/workspace/ros2/humble/kssbot/kssbot/install/kssbot_hardware/lib/python3.10/site-packages'
[4.945s] Level 1:colcon.colcon_core.environment:checking '/home/kssvm/workspace/ros2/humble/kssbot/kssbot/install/kssbot_hardware/bin'
[4.945s] INFO:colcon.colcon_core.shell:Creating package script '/home/kssvm/workspace/ros2/humble/kssbot/kssbot/install/kssbot_hardware/share/kssbot_hardware/package.ps1'
[4.946s] INFO:colcon.colcon_core.shell:Creating package descriptor '/home/kssvm/workspace/ros2/humble/kssbot/kssbot/install/kssbot_hardware/share/kssbot_hardware/package.dsv'
[4.946s] INFO:colcon.colcon_core.shell:Creating package script '/home/kssvm/workspace/ros2/humble/kssbot/kssbot/install/kssbot_hardware/share/kssbot_hardware/package.sh'
[4.947s] INFO:colcon.colcon_core.shell:Creating package script '/home/kssvm/workspace/ros2/humble/kssbot/kssbot/install/kssbot_hardware/share/kssbot_hardware/package.bash'
[4.947s] INFO:colcon.colcon_core.shell:Creating package script '/home/kssvm/workspace/ros2/humble/kssbot/kssbot/install/kssbot_hardware/share/kssbot_hardware/package.zsh'
[4.947s] Level 1:colcon.colcon_core.environment:create_file_with_runtime_dependencies(/home/kssvm/workspace/ros2/humble/kssbot/kssbot/install/kssbot_hardware/share/colcon-core/packages/kssbot_hardware)
[4.964s] Level 1:colcon.colcon_core.environment:create_environment_scripts_only(kssbot_hardware)
[4.965s] Level 1:colcon.colcon_core.environment:checking '/home/kssvm/workspace/ros2/humble/kssbot/kssbot/install/kssbot_hardware' for CMake module files
[4.965s] Level 1:colcon.colcon_core.environment:checking '/home/kssvm/workspace/ros2/humble/kssbot/kssbot/install/kssbot_hardware' for CMake config files
[4.966s] Level 1:colcon.colcon_core.shell:create_environment_hook('kssbot_hardware', 'cmake_prefix_path')
[4.967s] INFO:colcon.colcon_core.shell:Creating environment hook '/home/kssvm/workspace/ros2/humble/kssbot/kssbot/install/kssbot_hardware/share/kssbot_hardware/hook/cmake_prefix_path.ps1'
[4.967s] INFO:colcon.colcon_core.shell:Creating environment descriptor '/home/kssvm/workspace/ros2/humble/kssbot/kssbot/install/kssbot_hardware/share/kssbot_hardware/hook/cmake_prefix_path.dsv'
[4.968s] INFO:colcon.colcon_core.shell:Creating environment hook '/home/kssvm/workspace/ros2/humble/kssbot/kssbot/install/kssbot_hardware/share/kssbot_hardware/hook/cmake_prefix_path.sh'
[4.968s] Level 1:colcon.colcon_core.environment:checking '/home/kssvm/workspace/ros2/humble/kssbot/kssbot/install/kssbot_hardware/lib'
[4.968s] Level 1:colcon.colcon_core.shell:create_environment_hook('kssbot_hardware', 'ld_library_path_lib')
[4.969s] INFO:colcon.colcon_core.shell:Creating environment hook '/home/kssvm/workspace/ros2/humble/kssbot/kssbot/install/kssbot_hardware/share/kssbot_hardware/hook/ld_library_path_lib.ps1'
[4.969s] INFO:colcon.colcon_core.shell:Creating environment descriptor '/home/kssvm/workspace/ros2/humble/kssbot/kssbot/install/kssbot_hardware/share/kssbot_hardware/hook/ld_library_path_lib.dsv'
[4.969s] INFO:colcon.colcon_core.shell:Creating environment hook '/home/kssvm/workspace/ros2/humble/kssbot/kssbot/install/kssbot_hardware/share/kssbot_hardware/hook/ld_library_path_lib.sh'
[4.970s] Level 1:colcon.colcon_core.environment:checking '/home/kssvm/workspace/ros2/humble/kssbot/kssbot/install/kssbot_hardware/bin'
[4.970s] Level 1:colcon.colcon_core.environment:checking '/home/kssvm/workspace/ros2/humble/kssbot/kssbot/install/kssbot_hardware/lib/pkgconfig/kssbot_hardware.pc'
[4.970s] Level 1:colcon.colcon_core.environment:checking '/home/kssvm/workspace/ros2/humble/kssbot/kssbot/install/kssbot_hardware/lib/python3.10/site-packages'
[4.970s] Level 1:colcon.colcon_core.environment:checking '/home/kssvm/workspace/ros2/humble/kssbot/kssbot/install/kssbot_hardware/bin'
[4.971s] INFO:colcon.colcon_core.shell:Creating package script '/home/kssvm/workspace/ros2/humble/kssbot/kssbot/install/kssbot_hardware/share/kssbot_hardware/package.ps1'
[4.971s] INFO:colcon.colcon_core.shell:Creating package descriptor '/home/kssvm/workspace/ros2/humble/kssbot/kssbot/install/kssbot_hardware/share/kssbot_hardware/package.dsv'
[4.972s] INFO:colcon.colcon_core.shell:Creating package script '/home/kssvm/workspace/ros2/humble/kssbot/kssbot/install/kssbot_hardware/share/kssbot_hardware/package.sh'
[4.972s] INFO:colcon.colcon_core.shell:Creating package script '/home/kssvm/workspace/ros2/humble/kssbot/kssbot/install/kssbot_hardware/share/kssbot_hardware/package.bash'
[4.972s] INFO:colcon.colcon_core.shell:Creating package script '/home/kssvm/workspace/ros2/humble/kssbot/kssbot/install/kssbot_hardware/share/kssbot_hardware/package.zsh'
[4.973s] Level 1:colcon.colcon_core.environment:create_file_with_runtime_dependencies(/home/kssvm/workspace/ros2/humble/kssbot/kssbot/install/kssbot_hardware/share/colcon-core/packages/kssbot_hardware)
[4.973s] INFO:colcon.colcon_ros.task.ament_cmake.build:Building ROS package in '/home/kssvm/workspace/ros2/humble/kssbot/kssbot/src/HW_Modules/kssbot_bringup' with build type 'ament_cmake'
[4.973s] INFO:colcon.colcon_cmake.task.cmake.build:Building CMake package in '/home/kssvm/workspace/ros2/humble/kssbot/kssbot/src/HW_Modules/kssbot_bringup'
[4.974s] INFO:colcon.colcon_core.shell:Skip shell extension 'powershell' for command environment: Not usable outside of PowerShell
[4.974s] DEBUG:colcon.colcon_core.shell:Skip shell extension 'dsv' for command environment
[4.986s] DEBUG:colcon.colcon_core.event_handler.log_command:Invoking command in '/home/kssvm/workspace/ros2/humble/kssbot/kssbot/build/kssbot_bringup': CMAKE_PREFIX_PATH=/home/kssvm/workspace/ros2/humble/kssbot/kssbot/install/kssbot_hardware:/home/kssvm/workspace/ros2/humble/kssbot/kssbot/install/kssbot_description:/home/kssvm/workspace/ros2/humble/kssbot/kssbot/install/kss_joystick:/home/kssvm/workspace/ros2/humble/kssbot/kssbot/install/motorctrl:/home/kssvm/workspace/ros2/humble/kssbot/kssbot/install/kssbot_bringup:/home/kssvm/workspace/ros2/humble/kssbot/install/motorctrl:/home/kssvm/workspace/ros2/humble/kssbot/install/kssbot_bringup:/home/kssvm/workspace/ros2/humble/kssbot/install/kssbot_hardware:/home/kssvm/workspace/ros2/humble/kssbot/install/kssbot_description:/opt/ros/humble /usr/bin/cmake /home/kssvm/workspace/ros2/humble/kssbot/kssbot/src/HW_Modules/kssbot_bringup -DCMAKE_INSTALL_PREFIX=/home/kssvm/workspace/ros2/humble/kssbot/kssbot/install/kssbot_bringup
[5.439s] DEBUG:colcon.colcon_core.event_handler.log_command:Invoked command in '/home/kssvm/workspace/ros2/humble/kssbot/kssbot/build/kssbot_bringup' returned '0': CMAKE_PREFIX_PATH=/home/kssvm/workspace/ros2/humble/kssbot/kssbot/install/kssbot_hardware:/home/kssvm/workspace/ros2/humble/kssbot/kssbot/install/kssbot_description:/home/kssvm/workspace/ros2/humble/kssbot/kssbot/install/kss_joystick:/home/kssvm/workspace/ros2/humble/kssbot/kssbot/install/motorctrl:/home/kssvm/workspace/ros2/humble/kssbot/kssbot/install/kssbot_bringup:/home/kssvm/workspace/ros2/humble/kssbot/install/motorctrl:/home/kssvm/workspace/ros2/humble/kssbot/install/kssbot_bringup:/home/kssvm/workspace/ros2/humble/kssbot/install/kssbot_hardware:/home/kssvm/workspace/ros2/humble/kssbot/install/kssbot_description:/opt/ros/humble /usr/bin/cmake /home/kssvm/workspace/ros2/humble/kssbot/kssbot/src/HW_Modules/kssbot_bringup -DCMAKE_INSTALL_PREFIX=/home/kssvm/workspace/ros2/humble/kssbot/kssbot/install/kssbot_bringup
[5.440s] DEBUG:colcon.colcon_core.event_handler.log_command:Invoking command in '/home/kssvm/workspace/ros2/humble/kssbot/kssbot/build/kssbot_bringup': CMAKE_PREFIX_PATH=/home/kssvm/workspace/ros2/humble/kssbot/kssbot/install/kssbot_hardware:/home/kssvm/workspace/ros2/humble/kssbot/kssbot/install/kssbot_description:/home/kssvm/workspace/ros2/humble/kssbot/kssbot/install/kss_joystick:/home/kssvm/workspace/ros2/humble/kssbot/kssbot/install/motorctrl:/home/kssvm/workspace/ros2/humble/kssbot/kssbot/install/kssbot_bringup:/home/kssvm/workspace/ros2/humble/kssbot/install/motorctrl:/home/kssvm/workspace/ros2/humble/kssbot/install/kssbot_bringup:/home/kssvm/workspace/ros2/humble/kssbot/install/kssbot_hardware:/home/kssvm/workspace/ros2/humble/kssbot/install/kssbot_description:/opt/ros/humble /usr/bin/cmake --build /home/kssvm/workspace/ros2/humble/kssbot/kssbot/build/kssbot_bringup -- -j4 -l4
[5.471s] DEBUG:colcon.colcon_core.event_handler.log_command:Invoked command in '/home/kssvm/workspace/ros2/humble/kssbot/kssbot/build/kssbot_bringup' returned '0': CMAKE_PREFIX_PATH=/home/kssvm/workspace/ros2/humble/kssbot/kssbot/install/kssbot_hardware:/home/kssvm/workspace/ros2/humble/kssbot/kssbot/install/kssbot_description:/home/kssvm/workspace/ros2/humble/kssbot/kssbot/install/kss_joystick:/home/kssvm/workspace/ros2/humble/kssbot/kssbot/install/motorctrl:/home/kssvm/workspace/ros2/humble/kssbot/kssbot/install/kssbot_bringup:/home/kssvm/workspace/ros2/humble/kssbot/install/motorctrl:/home/kssvm/workspace/ros2/humble/kssbot/install/kssbot_bringup:/home/kssvm/workspace/ros2/humble/kssbot/install/kssbot_hardware:/home/kssvm/workspace/ros2/humble/kssbot/install/kssbot_description:/opt/ros/humble /usr/bin/cmake --build /home/kssvm/workspace/ros2/humble/kssbot/kssbot/build/kssbot_bringup -- -j4 -l4
[5.508s] DEBUG:colcon.colcon_core.event_handler.log_command:Invoking command in '/home/kssvm/workspace/ros2/humble/kssbot/kssbot/build/kssbot_bringup': CMAKE_PREFIX_PATH=/home/kssvm/workspace/ros2/humble/kssbot/kssbot/install/kssbot_hardware:/home/kssvm/workspace/ros2/humble/kssbot/kssbot/install/kssbot_description:/home/kssvm/workspace/ros2/humble/kssbot/kssbot/install/kss_joystick:/home/kssvm/workspace/ros2/humble/kssbot/kssbot/install/motorctrl:/home/kssvm/workspace/ros2/humble/kssbot/kssbot/install/kssbot_bringup:/home/kssvm/workspace/ros2/humble/kssbot/install/motorctrl:/home/kssvm/workspace/ros2/humble/kssbot/install/kssbot_bringup:/home/kssvm/workspace/ros2/humble/kssbot/install/kssbot_hardware:/home/kssvm/workspace/ros2/humble/kssbot/install/kssbot_description:/opt/ros/humble /usr/bin/cmake --install /home/kssvm/workspace/ros2/humble/kssbot/kssbot/build/kssbot_bringup
[5.517s] Level 1:colcon.colcon_core.environment:create_environment_scripts_only(kssbot_bringup)
[5.518s] Level 1:colcon.colcon_core.environment:checking '/home/kssvm/workspace/ros2/humble/kssbot/kssbot/install/kssbot_bringup' for CMake module files
[5.518s] Level 1:colcon.colcon_core.environment:checking '/home/kssvm/workspace/ros2/humble/kssbot/kssbot/install/kssbot_bringup' for CMake config files
[5.518s] Level 1:colcon.colcon_core.shell:create_environment_hook('kssbot_bringup', 'cmake_prefix_path')
[5.519s] INFO:colcon.colcon_core.shell:Creating environment hook '/home/kssvm/workspace/ros2/humble/kssbot/kssbot/install/kssbot_bringup/share/kssbot_bringup/hook/cmake_prefix_path.ps1'
[5.520s] DEBUG:colcon.colcon_core.event_handler.log_command:Invoked command in '/home/kssvm/workspace/ros2/humble/kssbot/kssbot/build/kssbot_bringup' returned '0': CMAKE_PREFIX_PATH=/home/kssvm/workspace/ros2/humble/kssbot/kssbot/install/kssbot_hardware:/home/kssvm/workspace/ros2/humble/kssbot/kssbot/install/kssbot_description:/home/kssvm/workspace/ros2/humble/kssbot/kssbot/install/kss_joystick:/home/kssvm/workspace/ros2/humble/kssbot/kssbot/install/motorctrl:/home/kssvm/workspace/ros2/humble/kssbot/kssbot/install/kssbot_bringup:/home/kssvm/workspace/ros2/humble/kssbot/install/motorctrl:/home/kssvm/workspace/ros2/humble/kssbot/install/kssbot_bringup:/home/kssvm/workspace/ros2/humble/kssbot/install/kssbot_hardware:/home/kssvm/workspace/ros2/humble/kssbot/install/kssbot_description:/opt/ros/humble /usr/bin/cmake --install /home/kssvm/workspace/ros2/humble/kssbot/kssbot/build/kssbot_bringup
[5.520s] INFO:colcon.colcon_core.shell:Creating environment descriptor '/home/kssvm/workspace/ros2/humble/kssbot/kssbot/install/kssbot_bringup/share/kssbot_bringup/hook/cmake_prefix_path.dsv'
[5.520s] INFO:colcon.colcon_core.shell:Creating environment hook '/home/kssvm/workspace/ros2/humble/kssbot/kssbot/install/kssbot_bringup/share/kssbot_bringup/hook/cmake_prefix_path.sh'
[5.521s] Level 1:colcon.colcon_core.environment:checking '/home/kssvm/workspace/ros2/humble/kssbot/kssbot/install/kssbot_bringup/bin'
[5.521s] Level 1:colcon.colcon_core.environment:checking '/home/kssvm/workspace/ros2/humble/kssbot/kssbot/install/kssbot_bringup/lib/pkgconfig/kssbot_bringup.pc'
[5.521s] Level 1:colcon.colcon_core.environment:checking '/home/kssvm/workspace/ros2/humble/kssbot/kssbot/install/kssbot_bringup/lib/python3.10/site-packages'
[5.521s] Level 1:colcon.colcon_core.environment:checking '/home/kssvm/workspace/ros2/humble/kssbot/kssbot/install/kssbot_bringup/bin'
[5.522s] INFO:colcon.colcon_core.shell:Creating package script '/home/kssvm/workspace/ros2/humble/kssbot/kssbot/install/kssbot_bringup/share/kssbot_bringup/package.ps1'
[5.522s] INFO:colcon.colcon_core.shell:Creating package descriptor '/home/kssvm/workspace/ros2/humble/kssbot/kssbot/install/kssbot_bringup/share/kssbot_bringup/package.dsv'
[5.522s] INFO:colcon.colcon_core.shell:Creating package script '/home/kssvm/workspace/ros2/humble/kssbot/kssbot/install/kssbot_bringup/share/kssbot_bringup/package.sh'
[5.522s] INFO:colcon.colcon_core.shell:Creating package script '/home/kssvm/workspace/ros2/humble/kssbot/kssbot/install/kssbot_bringup/share/kssbot_bringup/package.bash'
[5.523s] INFO:colcon.colcon_core.shell:Creating package script '/home/kssvm/workspace/ros2/humble/kssbot/kssbot/install/kssbot_bringup/share/kssbot_bringup/package.zsh'
[5.523s] Level 1:colcon.colcon_core.environment:create_file_with_runtime_dependencies(/home/kssvm/workspace/ros2/humble/kssbot/kssbot/install/kssbot_bringup/share/colcon-core/packages/kssbot_bringup)
[5.555s] Level 1:colcon.colcon_core.environment:create_environment_scripts_only(kssbot_bringup)
[5.556s] Level 1:colcon.colcon_core.environment:checking '/home/kssvm/workspace/ros2/humble/kssbot/kssbot/install/kssbot_bringup' for CMake module files
[5.556s] Level 1:colcon.colcon_core.environment:checking '/home/kssvm/workspace/ros2/humble/kssbot/kssbot/install/kssbot_bringup' for CMake config files
[5.556s] Level 1:colcon.colcon_core.shell:create_environment_hook('kssbot_bringup', 'cmake_prefix_path')
[5.557s] INFO:colcon.colcon_core.shell:Creating environment hook '/home/kssvm/workspace/ros2/humble/kssbot/kssbot/install/kssbot_bringup/share/kssbot_bringup/hook/cmake_prefix_path.ps1'
[5.558s] INFO:colcon.colcon_core.shell:Creating environment descriptor '/home/kssvm/workspace/ros2/humble/kssbot/kssbot/install/kssbot_bringup/share/kssbot_bringup/hook/cmake_prefix_path.dsv'
[5.558s] INFO:colcon.colcon_core.shell:Creating environment hook '/home/kssvm/workspace/ros2/humble/kssbot/kssbot/install/kssbot_bringup/share/kssbot_bringup/hook/cmake_prefix_path.sh'
[5.559s] Level 1:colcon.colcon_core.environment:checking '/home/kssvm/workspace/ros2/humble/kssbot/kssbot/install/kssbot_bringup/bin'
[5.559s] Level 1:colcon.colcon_core.environment:checking '/home/kssvm/workspace/ros2/humble/kssbot/kssbot/install/kssbot_bringup/lib/pkgconfig/kssbot_bringup.pc'
[5.559s] Level 1:colcon.colcon_core.environment:checking '/home/kssvm/workspace/ros2/humble/kssbot/kssbot/install/kssbot_bringup/lib/python3.10/site-packages'
[5.559s] Level 1:colcon.colcon_core.environment:checking '/home/kssvm/workspace/ros2/humble/kssbot/kssbot/install/kssbot_bringup/bin'
[5.560s] INFO:colcon.colcon_core.shell:Creating package script '/home/kssvm/workspace/ros2/humble/kssbot/kssbot/install/kssbot_bringup/share/kssbot_bringup/package.ps1'
[5.560s] INFO:colcon.colcon_core.shell:Creating package descriptor '/home/kssvm/workspace/ros2/humble/kssbot/kssbot/install/kssbot_bringup/share/kssbot_bringup/package.dsv'
[5.561s] INFO:colcon.colcon_core.shell:Creating package script '/home/kssvm/workspace/ros2/humble/kssbot/kssbot/install/kssbot_bringup/share/kssbot_bringup/package.sh'
[5.561s] INFO:colcon.colcon_core.shell:Creating package script '/home/kssvm/workspace/ros2/humble/kssbot/kssbot/install/kssbot_bringup/share/kssbot_bringup/package.bash'
[5.561s] INFO:colcon.colcon_core.shell:Creating package script '/home/kssvm/workspace/ros2/humble/kssbot/kssbot/install/kssbot_bringup/share/kssbot_bringup/package.zsh'
[5.562s] Level 1:colcon.colcon_core.environment:create_file_with_runtime_dependencies(/home/kssvm/workspace/ros2/humble/kssbot/kssbot/install/kssbot_bringup/share/colcon-core/packages/kssbot_bringup)
[5.562s] DEBUG:colcon.colcon_parallel_executor.executor.parallel:closing loop
[5.562s] DEBUG:colcon.colcon_parallel_executor.executor.parallel:loop closed
[5.562s] DEBUG:colcon.colcon_parallel_executor.executor.parallel:run_until_complete finished with '0'
[5.562s] DEBUG:colcon.colcon_core.event_reactor:joining thread
[5.567s] INFO:colcon.colcon_core.plugin_system:Skipping extension 'colcon_notification.desktop_notification.terminal_notifier': Not used on non-Darwin systems
[5.567s] INFO:colcon.colcon_core.plugin_system:Skipping extension 'colcon_notification.desktop_notification.win32': Not used on non-Windows systems
[5.567s] INFO:colcon.colcon_notification.desktop_notification:Sending desktop notification using 'notify2'
[5.576s] DEBUG:colcon.colcon_core.event_reactor:joined thread
[5.577s] INFO:colcon.colcon_core.shell:Creating prefix script '/home/kssvm/workspace/ros2/humble/kssbot/kssbot/install/local_setup.ps1'
[5.578s] INFO:colcon.colcon_core.shell:Creating prefix util module '/home/kssvm/workspace/ros2/humble/kssbot/kssbot/install/_local_setup_util_ps1.py'
[5.579s] INFO:colcon.colcon_core.shell:Creating prefix chain script '/home/kssvm/workspace/ros2/humble/kssbot/kssbot/install/setup.ps1'
[5.580s] INFO:colcon.colcon_core.shell:Creating prefix script '/home/kssvm/workspace/ros2/humble/kssbot/kssbot/install/local_setup.sh'
[5.580s] INFO:colcon.colcon_core.shell:Creating prefix util module '/home/kssvm/workspace/ros2/humble/kssbot/kssbot/install/_local_setup_util_sh.py'
[5.580s] INFO:colcon.colcon_core.shell:Creating prefix chain script '/home/kssvm/workspace/ros2/humble/kssbot/kssbot/install/setup.sh'
[5.581s] INFO:colcon.colcon_core.shell:Creating prefix script '/home/kssvm/workspace/ros2/humble/kssbot/kssbot/install/local_setup.bash'
[5.581s] INFO:colcon.colcon_core.shell:Creating prefix chain script '/home/kssvm/workspace/ros2/humble/kssbot/kssbot/install/setup.bash'
[5.583s] INFO:colcon.colcon_core.shell:Creating prefix script '/home/kssvm/workspace/ros2/humble/kssbot/kssbot/install/local_setup.zsh'
[5.584s] INFO:colcon.colcon_core.shell:Creating prefix chain script '/home/kssvm/workspace/ros2/humble/kssbot/kssbot/install/setup.zsh'
