-- The C compiler identification is GNU 11.3.0
-- The CXX compiler identification is GNU 11.3.0
-- Detecting C compiler ABI info
-- Detecting C compiler ABI info - done
-- Check for working C compiler: /usr/bin/cc - skipped
-- Detecting C compile features
-- Detecting C compile features - done
-- Detecting CXX compiler ABI info
-- Detecting CXX compiler ABI info - done
-- Check for working CXX compiler: /usr/bin/c++ - skipped
-- Detecting CXX compile features
-- Detecting CXX compile features - done
-- Found ament_cmake: 1.3.3 (/opt/ros/humble/share/ament_cmake/cmake)
-- Found Python3: /usr/bin/python3.10 (found version "3.10.6") found components: Interpreter 
-- Found hardware_interface: 2.18.0 (/opt/ros/humble/share/hardware_interface/cmake)
-- Found rosidl_generator_c: 3.1.4 (/opt/ros/humble/share/rosidl_generator_c/cmake)
-- Found rosidl_adapter: 3.1.4 (/opt/ros/humble/share/rosidl_adapter/cmake)
-- Found rosidl_generator_cpp: 3.1.4 (/opt/ros/humble/share/rosidl_generator_cpp/cmake)
-- Using all available rosidl_typesupport_c: rosidl_typesupport_fastrtps_c;rosidl_typesupport_introspection_c
-- Using all available rosidl_typesupport_cpp: rosidl_typesupport_fastrtps_cpp;rosidl_typesupport_introspection_cpp
-- Found rmw_implementation_cmake: 6.1.1 (/opt/ros/humble/share/rmw_implementation_cmake/cmake)
-- Found rmw_fastrtps_cpp: 6.2.2 (/opt/ros/humble/share/rmw_fastrtps_cpp/cmake)
-- Found OpenSSL: /usr/lib/x86_64-linux-gnu/libcrypto.so (found version "3.0.2")  
-- Found FastRTPS: /opt/ros/humble/include  
-- Using RMW implementation 'rmw_fastrtps_cpp' as default
-- Looking for pthread.h
-- Looking for pthread.h - found
-- Performing Test CMAKE_HAVE_LIBC_PTHREAD
-- Performing Test CMAKE_HAVE_LIBC_PTHREAD - Success
-- Found Threads: TRUE  
-- Found ament_lint_auto: 0.12.4 (/opt/ros/humble/share/ament_lint_auto/cmake)
-- Found ament_cmake_gtest: 1.3.3 (/opt/ros/humble/share/ament_cmake_gtest/cmake)
-- Configuring done
-- Generating done
-- Build files have been written to: /home/kssvm/workspace/ros2/humble/kssbot/build/kssbot_diffdrive_rasp4
[ 25%] [32mBuilding CXX object CMakeFiles/raspmotorctrl.dir/sdk/raspmotorctrl/raspmotorctrl.cpp.o[0m
[ 50%] [32mBuilding CXX object CMakeFiles/kssbot_diffdrive_rasp4.dir/src/kssbot_diffdrive_rasp4.cpp.o[0m
[ 75%] [32m[1mLinking CXX static library libraspmotorctrl.a[0m
[ 75%] Built target raspmotorctrl
[100%] [32m[1mLinking CXX shared library libkssbot_diffdrive_rasp4.so[0m
[100%] Built target kssbot_diffdrive_rasp4
-- Install configuration: ""
-- Installing: /home/kssvm/workspace/ros2/humble/kssbot/install/kssbot_diffdrive_rasp4/share/kssbot_diffdrive_rasp4/interface/kssbot_hardware.xml
-- Installing: /home/kssvm/workspace/ros2/humble/kssbot/install/kssbot_diffdrive_rasp4/lib/libkssbot_diffdrive_rasp4.so
-- Set runtime path of "/home/kssvm/workspace/ros2/humble/kssbot/install/kssbot_diffdrive_rasp4/lib/libkssbot_diffdrive_rasp4.so" to ""
-- Installing: /home/kssvm/workspace/ros2/humble/kssbot/install/kssbot_diffdrive_rasp4/include
-- Installing: /home/kssvm/workspace/ros2/humble/kssbot/install/kssbot_diffdrive_rasp4/include/kssbot_hardware
-- Installing: /home/kssvm/workspace/ros2/humble/kssbot/install/kssbot_diffdrive_rasp4/include/kssbot_hardware/visibility_control.h
-- Installing: /home/kssvm/workspace/ros2/humble/kssbot/install/kssbot_diffdrive_rasp4/include/kssbot_hardware/kssbot_diffdrive_rasp4.hpp
-- Installing: /home/kssvm/workspace/ros2/humble/kssbot/install/kssbot_diffdrive_rasp4/share/kssbot_diffdrive_rasp4/environment/library_path.sh
-- Installing: /home/kssvm/workspace/ros2/humble/kssbot/install/kssbot_diffdrive_rasp4/share/kssbot_diffdrive_rasp4/environment/library_path.dsv
-- Installing: /home/kssvm/workspace/ros2/humble/kssbot/install/kssbot_diffdrive_rasp4/share/ament_index/resource_index/package_run_dependencies/kssbot_diffdrive_rasp4
-- Installing: /home/kssvm/workspace/ros2/humble/kssbot/install/kssbot_diffdrive_rasp4/share/ament_index/resource_index/parent_prefix_path/kssbot_diffdrive_rasp4
-- Installing: /home/kssvm/workspace/ros2/humble/kssbot/install/kssbot_diffdrive_rasp4/share/kssbot_diffdrive_rasp4/environment/ament_prefix_path.sh
-- Installing: /home/kssvm/workspace/ros2/humble/kssbot/install/kssbot_diffdrive_rasp4/share/kssbot_diffdrive_rasp4/environment/ament_prefix_path.dsv
-- Installing: /home/kssvm/workspace/ros2/humble/kssbot/install/kssbot_diffdrive_rasp4/share/kssbot_diffdrive_rasp4/environment/path.sh
-- Installing: /home/kssvm/workspace/ros2/humble/kssbot/install/kssbot_diffdrive_rasp4/share/kssbot_diffdrive_rasp4/environment/path.dsv
-- Installing: /home/kssvm/workspace/ros2/humble/kssbot/install/kssbot_diffdrive_rasp4/share/kssbot_diffdrive_rasp4/local_setup.bash
-- Installing: /home/kssvm/workspace/ros2/humble/kssbot/install/kssbot_diffdrive_rasp4/share/kssbot_diffdrive_rasp4/local_setup.sh
-- Installing: /home/kssvm/workspace/ros2/humble/kssbot/install/kssbot_diffdrive_rasp4/share/kssbot_diffdrive_rasp4/local_setup.zsh
-- Installing: /home/kssvm/workspace/ros2/humble/kssbot/install/kssbot_diffdrive_rasp4/share/kssbot_diffdrive_rasp4/local_setup.dsv
-- Installing: /home/kssvm/workspace/ros2/humble/kssbot/install/kssbot_diffdrive_rasp4/share/kssbot_diffdrive_rasp4/package.dsv
-- Installing: /home/kssvm/workspace/ros2/humble/kssbot/install/kssbot_diffdrive_rasp4/share/ament_index/resource_index/packages/kssbot_diffdrive_rasp4
-- Installing: /home/kssvm/workspace/ros2/humble/kssbot/install/kssbot_diffdrive_rasp4/share/ament_index/resource_index/hardware_interface__pluginlib__plugin/kssbot_diffdrive_rasp4
-- Installing: /home/kssvm/workspace/ros2/humble/kssbot/install/kssbot_diffdrive_rasp4/share/kssbot_diffdrive_rasp4/cmake/export_kssbot_diffdrive_rasp4Export.cmake
-- Installing: /home/kssvm/workspace/ros2/humble/kssbot/install/kssbot_diffdrive_rasp4/share/kssbot_diffdrive_rasp4/cmake/export_kssbot_diffdrive_rasp4Export-noconfig.cmake
-- Installing: /home/kssvm/workspace/ros2/humble/kssbot/install/kssbot_diffdrive_rasp4/share/kssbot_diffdrive_rasp4/cmake/ament_cmake_export_include_directories-extras.cmake
-- Installing: /home/kssvm/workspace/ros2/humble/kssbot/install/kssbot_diffdrive_rasp4/share/kssbot_diffdrive_rasp4/cmake/ament_cmake_export_libraries-extras.cmake
-- Installing: /home/kssvm/workspace/ros2/humble/kssbot/install/kssbot_diffdrive_rasp4/share/kssbot_diffdrive_rasp4/cmake/ament_cmake_export_targets-extras.cmake
-- Installing: /home/kssvm/workspace/ros2/humble/kssbot/install/kssbot_diffdrive_rasp4/share/kssbot_diffdrive_rasp4/cmake/ament_cmake_export_dependencies-extras.cmake
-- Installing: /home/kssvm/workspace/ros2/humble/kssbot/install/kssbot_diffdrive_rasp4/share/kssbot_diffdrive_rasp4/cmake/kssbot_diffdrive_rasp4Config.cmake
-- Installing: /home/kssvm/workspace/ros2/humble/kssbot/install/kssbot_diffdrive_rasp4/share/kssbot_diffdrive_rasp4/cmake/kssbot_diffdrive_rasp4Config-version.cmake
-- Installing: /home/kssvm/workspace/ros2/humble/kssbot/install/kssbot_diffdrive_rasp4/share/kssbot_diffdrive_rasp4/package.xml
