[0.016s] Invoking command in '/home/kssvm/workspace/ros2/humble/kssbot/build/kssbot_diffdrive_rasp4': CMAKE_PREFIX_PATH=/opt/ros/humble /usr/bin/cmake /home/kssvm/workspace/ros2/humble/kssbot/src/kssbot/kssbot_hardware/kssbot_diffdrive_rasp4 -DCMAKE_INSTALL_PREFIX=/home/kssvm/workspace/ros2/humble/kssbot/install/kssbot_diffdrive_rasp4
[0.081s] -- The C compiler identification is GNU 11.3.0
[0.142s] -- The CXX compiler identification is GNU 11.3.0
[0.146s] -- Detecting C compiler ABI info
[0.210s] -- Detecting C compiler ABI info - done
[0.212s] -- Check for working C compiler: /usr/bin/cc - skipped
[0.212s] -- Detecting C compile features
[0.213s] -- Detecting C compile features - done
[0.217s] -- Detecting CXX compiler ABI info
[0.285s] -- Detecting CXX compiler ABI info - done
[0.297s] -- Check for working CXX compiler: /usr/bin/c++ - skipped
[0.297s] -- Detecting CXX compile features
[0.298s] -- Detecting CXX compile features - done
[0.298s] -- Found ament_cmake: 1.3.3 (/opt/ros/humble/share/ament_cmake/cmake)
[0.429s] -- Found Python3: /usr/bin/python3.10 (found version "3.10.6") found components: Interpreter 
[0.486s] -- Found hardware_interface: 2.18.0 (/opt/ros/humble/share/hardware_interface/cmake)
[0.521s] -- Found rosidl_generator_c: 3.1.4 (/opt/ros/humble/share/rosidl_generator_c/cmake)
[0.523s] -- Found rosidl_adapter: 3.1.4 (/opt/ros/humble/share/rosidl_adapter/cmake)
[0.528s] -- Found rosidl_generator_cpp: 3.1.4 (/opt/ros/humble/share/rosidl_generator_cpp/cmake)
[0.538s] -- Using all available rosidl_typesupport_c: rosidl_typesupport_fastrtps_c;rosidl_typesupport_introspection_c
[0.551s] -- Using all available rosidl_typesupport_cpp: rosidl_typesupport_fastrtps_cpp;rosidl_typesupport_introspection_cpp
[1.037s] -- Found rmw_implementation_cmake: 6.1.1 (/opt/ros/humble/share/rmw_implementation_cmake/cmake)
[1.038s] -- Found rmw_fastrtps_cpp: 6.2.2 (/opt/ros/humble/share/rmw_fastrtps_cpp/cmake)
[1.093s] -- Found OpenSSL: /usr/lib/x86_64-linux-gnu/libcrypto.so (found version "3.0.2")  
[1.110s] -- Found FastRTPS: /opt/ros/humble/include  
[1.146s] -- Using RMW implementation 'rmw_fastrtps_cpp' as default
[1.152s] -- Looking for pthread.h
[1.201s] -- Looking for pthread.h - found
[1.201s] -- Performing Test CMAKE_HAVE_LIBC_PTHREAD
[1.254s] -- Performing Test CMAKE_HAVE_LIBC_PTHREAD - Success
[1.254s] -- Found Threads: TRUE  
[1.399s] -- Found ament_lint_auto: 0.12.4 (/opt/ros/humble/share/ament_lint_auto/cmake)
[1.400s] -- Found ament_cmake_gtest: 1.3.3 (/opt/ros/humble/share/ament_cmake_gtest/cmake)
[1.443s] -- Configuring done
[1.460s] -- Generating done
[1.462s] -- Build files have been written to: /home/kssvm/workspace/ros2/humble/kssbot/build/kssbot_diffdrive_rasp4
[1.469s] Invoked command in '/home/kssvm/workspace/ros2/humble/kssbot/build/kssbot_diffdrive_rasp4' returned '0': CMAKE_PREFIX_PATH=/opt/ros/humble /usr/bin/cmake /home/kssvm/workspace/ros2/humble/kssbot/src/kssbot/kssbot_hardware/kssbot_diffdrive_rasp4 -DCMAKE_INSTALL_PREFIX=/home/kssvm/workspace/ros2/humble/kssbot/install/kssbot_diffdrive_rasp4
[1.471s] Invoking command in '/home/kssvm/workspace/ros2/humble/kssbot/build/kssbot_diffdrive_rasp4': CMAKE_PREFIX_PATH=/opt/ros/humble /usr/bin/cmake --build /home/kssvm/workspace/ros2/humble/kssbot/build/kssbot_diffdrive_rasp4 -- -j4 -l4
[1.499s] [ 25%] [32mBuilding CXX object CMakeFiles/raspmotorctrl.dir/sdk/raspmotorctrl/raspmotorctrl.cpp.o[0m
[1.502s] [ 50%] [32mBuilding CXX object CMakeFiles/kssbot_diffdrive_rasp4.dir/src/kssbot_diffdrive_rasp4.cpp.o[0m
[1.755s] [ 75%] [32m[1mLinking CXX static library libraspmotorctrl.a[0m
[1.775s] [ 75%] Built target raspmotorctrl
[4.006s] [100%] [32m[1mLinking CXX shared library libkssbot_diffdrive_rasp4.so[0m
[4.130s] [100%] Built target kssbot_diffdrive_rasp4
[4.135s] Invoked command in '/home/kssvm/workspace/ros2/humble/kssbot/build/kssbot_diffdrive_rasp4' returned '0': CMAKE_PREFIX_PATH=/opt/ros/humble /usr/bin/cmake --build /home/kssvm/workspace/ros2/humble/kssbot/build/kssbot_diffdrive_rasp4 -- -j4 -l4
[4.154s] Invoking command in '/home/kssvm/workspace/ros2/humble/kssbot/build/kssbot_diffdrive_rasp4': CMAKE_PREFIX_PATH=/opt/ros/humble /usr/bin/cmake --install /home/kssvm/workspace/ros2/humble/kssbot/build/kssbot_diffdrive_rasp4
[4.159s] -- Install configuration: ""
[4.159s] -- Installing: /home/kssvm/workspace/ros2/humble/kssbot/install/kssbot_diffdrive_rasp4/share/kssbot_diffdrive_rasp4/interface/kssbot_hardware.xml
[4.159s] -- Installing: /home/kssvm/workspace/ros2/humble/kssbot/install/kssbot_diffdrive_rasp4/lib/libkssbot_diffdrive_rasp4.so
[4.160s] -- Set runtime path of "/home/kssvm/workspace/ros2/humble/kssbot/install/kssbot_diffdrive_rasp4/lib/libkssbot_diffdrive_rasp4.so" to ""
[4.160s] -- Installing: /home/kssvm/workspace/ros2/humble/kssbot/install/kssbot_diffdrive_rasp4/include
[4.160s] -- Installing: /home/kssvm/workspace/ros2/humble/kssbot/install/kssbot_diffdrive_rasp4/include/kssbot_hardware
[4.160s] -- Installing: /home/kssvm/workspace/ros2/humble/kssbot/install/kssbot_diffdrive_rasp4/include/kssbot_hardware/visibility_control.h
[4.161s] -- Installing: /home/kssvm/workspace/ros2/humble/kssbot/install/kssbot_diffdrive_rasp4/include/kssbot_hardware/kssbot_diffdrive_rasp4.hpp
[4.161s] -- Installing: /home/kssvm/workspace/ros2/humble/kssbot/install/kssbot_diffdrive_rasp4/share/kssbot_diffdrive_rasp4/environment/library_path.sh
[4.161s] -- Installing: /home/kssvm/workspace/ros2/humble/kssbot/install/kssbot_diffdrive_rasp4/share/kssbot_diffdrive_rasp4/environment/library_path.dsv
[4.161s] -- Installing: /home/kssvm/workspace/ros2/humble/kssbot/install/kssbot_diffdrive_rasp4/share/ament_index/resource_index/package_run_dependencies/kssbot_diffdrive_rasp4
[4.161s] -- Installing: /home/kssvm/workspace/ros2/humble/kssbot/install/kssbot_diffdrive_rasp4/share/ament_index/resource_index/parent_prefix_path/kssbot_diffdrive_rasp4
[4.161s] -- Installing: /home/kssvm/workspace/ros2/humble/kssbot/install/kssbot_diffdrive_rasp4/share/kssbot_diffdrive_rasp4/environment/ament_prefix_path.sh
[4.161s] -- Installing: /home/kssvm/workspace/ros2/humble/kssbot/install/kssbot_diffdrive_rasp4/share/kssbot_diffdrive_rasp4/environment/ament_prefix_path.dsv
[4.161s] -- Installing: /home/kssvm/workspace/ros2/humble/kssbot/install/kssbot_diffdrive_rasp4/share/kssbot_diffdrive_rasp4/environment/path.sh
[4.161s] -- Installing: /home/kssvm/workspace/ros2/humble/kssbot/install/kssbot_diffdrive_rasp4/share/kssbot_diffdrive_rasp4/environment/path.dsv
[4.161s] -- Installing: /home/kssvm/workspace/ros2/humble/kssbot/install/kssbot_diffdrive_rasp4/share/kssbot_diffdrive_rasp4/local_setup.bash
[4.161s] -- Installing: /home/kssvm/workspace/ros2/humble/kssbot/install/kssbot_diffdrive_rasp4/share/kssbot_diffdrive_rasp4/local_setup.sh
[4.162s] -- Installing: /home/kssvm/workspace/ros2/humble/kssbot/install/kssbot_diffdrive_rasp4/share/kssbot_diffdrive_rasp4/local_setup.zsh
[4.162s] -- Installing: /home/kssvm/workspace/ros2/humble/kssbot/install/kssbot_diffdrive_rasp4/share/kssbot_diffdrive_rasp4/local_setup.dsv
[4.162s] -- Installing: /home/kssvm/workspace/ros2/humble/kssbot/install/kssbot_diffdrive_rasp4/share/kssbot_diffdrive_rasp4/package.dsv
[4.162s] -- Installing: /home/kssvm/workspace/ros2/humble/kssbot/install/kssbot_diffdrive_rasp4/share/ament_index/resource_index/packages/kssbot_diffdrive_rasp4
[4.162s] -- Installing: /home/kssvm/workspace/ros2/humble/kssbot/install/kssbot_diffdrive_rasp4/share/ament_index/resource_index/hardware_interface__pluginlib__plugin/kssbot_diffdrive_rasp4
[4.162s] -- Installing: /home/kssvm/workspace/ros2/humble/kssbot/install/kssbot_diffdrive_rasp4/share/kssbot_diffdrive_rasp4/cmake/export_kssbot_diffdrive_rasp4Export.cmake
[4.162s] -- Installing: /home/kssvm/workspace/ros2/humble/kssbot/install/kssbot_diffdrive_rasp4/share/kssbot_diffdrive_rasp4/cmake/export_kssbot_diffdrive_rasp4Export-noconfig.cmake
[4.162s] -- Installing: /home/kssvm/workspace/ros2/humble/kssbot/install/kssbot_diffdrive_rasp4/share/kssbot_diffdrive_rasp4/cmake/ament_cmake_export_include_directories-extras.cmake
[4.162s] -- Installing: /home/kssvm/workspace/ros2/humble/kssbot/install/kssbot_diffdrive_rasp4/share/kssbot_diffdrive_rasp4/cmake/ament_cmake_export_libraries-extras.cmake
[4.162s] -- Installing: /home/kssvm/workspace/ros2/humble/kssbot/install/kssbot_diffdrive_rasp4/share/kssbot_diffdrive_rasp4/cmake/ament_cmake_export_targets-extras.cmake
[4.163s] -- Installing: /home/kssvm/workspace/ros2/humble/kssbot/install/kssbot_diffdrive_rasp4/share/kssbot_diffdrive_rasp4/cmake/ament_cmake_export_dependencies-extras.cmake
[4.163s] -- Installing: /home/kssvm/workspace/ros2/humble/kssbot/install/kssbot_diffdrive_rasp4/share/kssbot_diffdrive_rasp4/cmake/kssbot_diffdrive_rasp4Config.cmake
[4.163s] -- Installing: /home/kssvm/workspace/ros2/humble/kssbot/install/kssbot_diffdrive_rasp4/share/kssbot_diffdrive_rasp4/cmake/kssbot_diffdrive_rasp4Config-version.cmake
[4.163s] -- Installing: /home/kssvm/workspace/ros2/humble/kssbot/install/kssbot_diffdrive_rasp4/share/kssbot_diffdrive_rasp4/package.xml
[4.166s] Invoked command in '/home/kssvm/workspace/ros2/humble/kssbot/build/kssbot_diffdrive_rasp4' returned '0': CMAKE_PREFIX_PATH=/opt/ros/humble /usr/bin/cmake --install /home/kssvm/workspace/ros2/humble/kssbot/build/kssbot_diffdrive_rasp4
