[0.195s] DEBUG:colcon:Command line arguments: ['/usr/bin/colcon', 'build']
[0.195s] DEBUG:colcon:Parsed command line arguments: Namespace(log_base=None, log_level=None, verb_name='build', build_base='build', install_base='install', merge_install=False, symlink_install=False, test_result_base=None, continue_on_error=False, executor='parallel', parallel_workers=4, event_handlers=None, ignore_user_meta=False, metas=['./colcon.meta'], base_paths=['.'], packages_ignore=None, packages_ignore_regex=None, paths=None, packages_up_to=None, packages_up_to_regex=None, packages_above=None, packages_above_and_dependencies=None, packages_above_depth=None, packages_select_by_dep=None, packages_skip_by_dep=None, packages_skip_up_to=None, packages_select_build_failed=False, packages_skip_build_finished=False, packages_select_test_failures=False, packages_skip_test_passed=False, packages_select=None, packages_skip=None, packages_select_regex=None, packages_skip_regex=None, packages_start=None, packages_end=None, allow_overriding=[], cmake_args=None, cmake_target=None, cmake_target_skip_unavailable=False, cmake_clean_cache=False, cmake_clean_first=False, cmake_force_configure=False, ament_cmake_args=None, catkin_cmake_args=None, catkin_skip_building_tests=False, verb_parser=<colcon_defaults.argument_parser.defaults.DefaultArgumentsDecorator object at 0x7f2564d5d870>, verb_extension=<colcon_core.verb.build.BuildVerb object at 0x7f25656f1cc0>, main=<bound method BuildVerb.main of <colcon_core.verb.build.BuildVerb object at 0x7f25656f1cc0>>)
[0.214s] Level 1:colcon.colcon_core.package_discovery:discover_packages(colcon_meta) check parameters
[0.214s] Level 1:colcon.colcon_core.package_discovery:discover_packages(recursive) check parameters
[0.214s] Level 1:colcon.colcon_core.package_discovery:discover_packages(ignore) check parameters
[0.214s] Level 1:colcon.colcon_core.package_discovery:discover_packages(path) check parameters
[0.214s] Level 1:colcon.colcon_core.package_discovery:discover_packages(colcon_meta) discover
[0.214s] Level 1:colcon.colcon_core.package_discovery:discover_packages(recursive) discover
[0.214s] INFO:colcon.colcon_core.package_discovery:Crawling recursively for packages in '/home/kssvm/workspace/ros2/humble/kssbot'
[0.214s] Level 1:colcon.colcon_core.package_identification:_identify(.) by extensions ['ignore', 'ignore_ament_install']
[0.214s] Level 1:colcon.colcon_core.package_identification:_identify(.) by extension 'ignore'
[0.214s] Level 1:colcon.colcon_core.package_identification:_identify(.) by extension 'ignore_ament_install'
[0.215s] Level 1:colcon.colcon_core.package_identification:_identify(.) by extensions ['colcon_pkg']
[0.215s] Level 1:colcon.colcon_core.package_identification:_identify(.) by extension 'colcon_pkg'
[0.215s] Level 1:colcon.colcon_core.package_identification:_identify(.) by extensions ['colcon_meta']
[0.215s] Level 1:colcon.colcon_core.package_identification:_identify(.) by extension 'colcon_meta'
[0.215s] Level 1:colcon.colcon_core.package_identification:_identify(.) by extensions ['ros']
[0.215s] Level 1:colcon.colcon_core.package_identification:_identify(.) by extension 'ros'
[0.222s] Level 1:colcon.colcon_core.package_identification:_identify(.) by extensions ['cmake', 'python']
[0.222s] Level 1:colcon.colcon_core.package_identification:_identify(.) by extension 'cmake'
[0.222s] Level 1:colcon.colcon_core.package_identification:_identify(.) by extension 'python'
[0.222s] Level 1:colcon.colcon_core.package_identification:_identify(.) by extensions ['python_setup_py']
[0.222s] Level 1:colcon.colcon_core.package_identification:_identify(.) by extension 'python_setup_py'
[0.222s] Level 1:colcon.colcon_core.package_identification:_identify(build) by extensions ['ignore', 'ignore_ament_install']
[0.222s] Level 1:colcon.colcon_core.package_identification:_identify(build) by extension 'ignore'
[0.222s] Level 1:colcon.colcon_core.package_identification:_identify(build) ignored
[0.222s] Level 1:colcon.colcon_core.package_identification:_identify(install) by extensions ['ignore', 'ignore_ament_install']
[0.223s] Level 1:colcon.colcon_core.package_identification:_identify(install) by extension 'ignore'
[0.223s] Level 1:colcon.colcon_core.package_identification:_identify(install) ignored
[0.223s] Level 1:colcon.colcon_core.package_identification:_identify(log) by extensions ['ignore', 'ignore_ament_install']
[0.223s] Level 1:colcon.colcon_core.package_identification:_identify(log) by extension 'ignore'
[0.223s] Level 1:colcon.colcon_core.package_identification:_identify(log) ignored
[0.223s] Level 1:colcon.colcon_core.package_identification:_identify(src) by extensions ['ignore', 'ignore_ament_install']
[0.223s] Level 1:colcon.colcon_core.package_identification:_identify(src) by extension 'ignore'
[0.223s] Level 1:colcon.colcon_core.package_identification:_identify(src) by extension 'ignore_ament_install'
[0.223s] Level 1:colcon.colcon_core.package_identification:_identify(src) by extensions ['colcon_pkg']
[0.223s] Level 1:colcon.colcon_core.package_identification:_identify(src) by extension 'colcon_pkg'
[0.223s] Level 1:colcon.colcon_core.package_identification:_identify(src) by extensions ['colcon_meta']
[0.223s] Level 1:colcon.colcon_core.package_identification:_identify(src) by extension 'colcon_meta'
[0.223s] Level 1:colcon.colcon_core.package_identification:_identify(src) by extensions ['ros']
[0.223s] Level 1:colcon.colcon_core.package_identification:_identify(src) by extension 'ros'
[0.223s] Level 1:colcon.colcon_core.package_identification:_identify(src) by extensions ['cmake', 'python']
[0.223s] Level 1:colcon.colcon_core.package_identification:_identify(src) by extension 'cmake'
[0.223s] Level 1:colcon.colcon_core.package_identification:_identify(src) by extension 'python'
[0.224s] Level 1:colcon.colcon_core.package_identification:_identify(src) by extensions ['python_setup_py']
[0.224s] Level 1:colcon.colcon_core.package_identification:_identify(src) by extension 'python_setup_py'
[0.224s] Level 1:colcon.colcon_core.package_identification:_identify(src/kssbot) by extensions ['ignore', 'ignore_ament_install']
[0.224s] Level 1:colcon.colcon_core.package_identification:_identify(src/kssbot) by extension 'ignore'
[0.224s] Level 1:colcon.colcon_core.package_identification:_identify(src/kssbot) by extension 'ignore_ament_install'
[0.224s] Level 1:colcon.colcon_core.package_identification:_identify(src/kssbot) by extensions ['colcon_pkg']
[0.224s] Level 1:colcon.colcon_core.package_identification:_identify(src/kssbot) by extension 'colcon_pkg'
[0.224s] Level 1:colcon.colcon_core.package_identification:_identify(src/kssbot) by extensions ['colcon_meta']
[0.224s] Level 1:colcon.colcon_core.package_identification:_identify(src/kssbot) by extension 'colcon_meta'
[0.224s] Level 1:colcon.colcon_core.package_identification:_identify(src/kssbot) by extensions ['ros']
[0.224s] Level 1:colcon.colcon_core.package_identification:_identify(src/kssbot) by extension 'ros'
[0.224s] Level 1:colcon.colcon_core.package_identification:_identify(src/kssbot) by extensions ['cmake', 'python']
[0.224s] Level 1:colcon.colcon_core.package_identification:_identify(src/kssbot) by extension 'cmake'
[0.224s] Level 1:colcon.colcon_core.package_identification:_identify(src/kssbot) by extension 'python'
[0.224s] Level 1:colcon.colcon_core.package_identification:_identify(src/kssbot) by extensions ['python_setup_py']
[0.224s] Level 1:colcon.colcon_core.package_identification:_identify(src/kssbot) by extension 'python_setup_py'
[0.224s] Level 1:colcon.colcon_core.package_identification:_identify(src/kssbot/doc) by extensions ['ignore', 'ignore_ament_install']
[0.225s] Level 1:colcon.colcon_core.package_identification:_identify(src/kssbot/doc) by extension 'ignore'
[0.225s] Level 1:colcon.colcon_core.package_identification:_identify(src/kssbot/doc) by extension 'ignore_ament_install'
[0.225s] Level 1:colcon.colcon_core.package_identification:_identify(src/kssbot/doc) by extensions ['colcon_pkg']
[0.225s] Level 1:colcon.colcon_core.package_identification:_identify(src/kssbot/doc) by extension 'colcon_pkg'
[0.225s] Level 1:colcon.colcon_core.package_identification:_identify(src/kssbot/doc) by extensions ['colcon_meta']
[0.225s] Level 1:colcon.colcon_core.package_identification:_identify(src/kssbot/doc) by extension 'colcon_meta'
[0.225s] Level 1:colcon.colcon_core.package_identification:_identify(src/kssbot/doc) by extensions ['ros']
[0.225s] Level 1:colcon.colcon_core.package_identification:_identify(src/kssbot/doc) by extension 'ros'
[0.225s] Level 1:colcon.colcon_core.package_identification:_identify(src/kssbot/doc) by extensions ['cmake', 'python']
[0.225s] Level 1:colcon.colcon_core.package_identification:_identify(src/kssbot/doc) by extension 'cmake'
[0.225s] Level 1:colcon.colcon_core.package_identification:_identify(src/kssbot/doc) by extension 'python'
[0.225s] Level 1:colcon.colcon_core.package_identification:_identify(src/kssbot/doc) by extensions ['python_setup_py']
[0.225s] Level 1:colcon.colcon_core.package_identification:_identify(src/kssbot/doc) by extension 'python_setup_py'
[0.225s] Level 1:colcon.colcon_core.package_identification:_identify(src/kssbot/kss_joystick) by extensions ['ignore', 'ignore_ament_install']
[0.225s] Level 1:colcon.colcon_core.package_identification:_identify(src/kssbot/kss_joystick) by extension 'ignore'
[0.225s] Level 1:colcon.colcon_core.package_identification:_identify(src/kssbot/kss_joystick) by extension 'ignore_ament_install'
[0.225s] Level 1:colcon.colcon_core.package_identification:_identify(src/kssbot/kss_joystick) by extensions ['colcon_pkg']
[0.225s] Level 1:colcon.colcon_core.package_identification:_identify(src/kssbot/kss_joystick) by extension 'colcon_pkg'
[0.226s] Level 1:colcon.colcon_core.package_identification:_identify(src/kssbot/kss_joystick) by extensions ['colcon_meta']
[0.226s] Level 1:colcon.colcon_core.package_identification:_identify(src/kssbot/kss_joystick) by extension 'colcon_meta'
[0.226s] Level 1:colcon.colcon_core.package_identification:_identify(src/kssbot/kss_joystick) by extensions ['ros']
[0.226s] Level 1:colcon.colcon_core.package_identification:_identify(src/kssbot/kss_joystick) by extension 'ros'
[0.227s] DEBUG:colcon.colcon_core.package_identification:Package 'src/kssbot/kss_joystick' with type 'ros.ament_cmake' and name 'kss_joystick'
[0.227s] Level 1:colcon.colcon_core.package_identification:_identify(src/kssbot/kssbot_bringup) by extensions ['ignore', 'ignore_ament_install']
[0.227s] Level 1:colcon.colcon_core.package_identification:_identify(src/kssbot/kssbot_bringup) by extension 'ignore'
[0.228s] Level 1:colcon.colcon_core.package_identification:_identify(src/kssbot/kssbot_bringup) by extension 'ignore_ament_install'
[0.228s] Level 1:colcon.colcon_core.package_identification:_identify(src/kssbot/kssbot_bringup) by extensions ['colcon_pkg']
[0.228s] Level 1:colcon.colcon_core.package_identification:_identify(src/kssbot/kssbot_bringup) by extension 'colcon_pkg'
[0.228s] Level 1:colcon.colcon_core.package_identification:_identify(src/kssbot/kssbot_bringup) by extensions ['colcon_meta']
[0.228s] Level 1:colcon.colcon_core.package_identification:_identify(src/kssbot/kssbot_bringup) by extension 'colcon_meta'
[0.228s] Level 1:colcon.colcon_core.package_identification:_identify(src/kssbot/kssbot_bringup) by extensions ['ros']
[0.228s] Level 1:colcon.colcon_core.package_identification:_identify(src/kssbot/kssbot_bringup) by extension 'ros'
[0.228s] DEBUG:colcon.colcon_core.package_identification:Package 'src/kssbot/kssbot_bringup' with type 'ros.ament_cmake' and name 'kssbot_bringup'
[0.228s] Level 1:colcon.colcon_core.package_identification:_identify(src/kssbot/kssbot_description) by extensions ['ignore', 'ignore_ament_install']
[0.228s] Level 1:colcon.colcon_core.package_identification:_identify(src/kssbot/kssbot_description) by extension 'ignore'
[0.228s] Level 1:colcon.colcon_core.package_identification:_identify(src/kssbot/kssbot_description) by extension 'ignore_ament_install'
[0.228s] Level 1:colcon.colcon_core.package_identification:_identify(src/kssbot/kssbot_description) by extensions ['colcon_pkg']
[0.228s] Level 1:colcon.colcon_core.package_identification:_identify(src/kssbot/kssbot_description) by extension 'colcon_pkg'
[0.228s] Level 1:colcon.colcon_core.package_identification:_identify(src/kssbot/kssbot_description) by extensions ['colcon_meta']
[0.229s] Level 1:colcon.colcon_core.package_identification:_identify(src/kssbot/kssbot_description) by extension 'colcon_meta'
[0.229s] Level 1:colcon.colcon_core.package_identification:_identify(src/kssbot/kssbot_description) by extensions ['ros']
[0.229s] Level 1:colcon.colcon_core.package_identification:_identify(src/kssbot/kssbot_description) by extension 'ros'
[0.229s] Level 1:colcon.colcon_core.package_identification:_identify(src/kssbot/kssbot_description) by extensions ['cmake', 'python']
[0.229s] Level 1:colcon.colcon_core.package_identification:_identify(src/kssbot/kssbot_description) by extension 'cmake'
[0.229s] Level 1:colcon.colcon_core.package_identification:_identify(src/kssbot/kssbot_description) by extension 'python'
[0.229s] Level 1:colcon.colcon_core.package_identification:_identify(src/kssbot/kssbot_description) by extensions ['python_setup_py']
[0.229s] Level 1:colcon.colcon_core.package_identification:_identify(src/kssbot/kssbot_description) by extension 'python_setup_py'
[0.229s] Level 1:colcon.colcon_core.package_identification:_identify(src/kssbot/kssbot_description/diffbot_description) by extensions ['ignore', 'ignore_ament_install']
[0.229s] Level 1:colcon.colcon_core.package_identification:_identify(src/kssbot/kssbot_description/diffbot_description) by extension 'ignore'
[0.229s] Level 1:colcon.colcon_core.package_identification:_identify(src/kssbot/kssbot_description/diffbot_description) by extension 'ignore_ament_install'
[0.229s] Level 1:colcon.colcon_core.package_identification:_identify(src/kssbot/kssbot_description/diffbot_description) by extensions ['colcon_pkg']
[0.229s] Level 1:colcon.colcon_core.package_identification:_identify(src/kssbot/kssbot_description/diffbot_description) by extension 'colcon_pkg'
[0.229s] Level 1:colcon.colcon_core.package_identification:_identify(src/kssbot/kssbot_description/diffbot_description) by extensions ['colcon_meta']
[0.229s] Level 1:colcon.colcon_core.package_identification:_identify(src/kssbot/kssbot_description/diffbot_description) by extension 'colcon_meta'
[0.229s] Level 1:colcon.colcon_core.package_identification:_identify(src/kssbot/kssbot_description/diffbot_description) by extensions ['ros']
[0.229s] Level 1:colcon.colcon_core.package_identification:_identify(src/kssbot/kssbot_description/diffbot_description) by extension 'ros'
[0.230s] DEBUG:colcon.colcon_core.package_identification:Package 'src/kssbot/kssbot_description/diffbot_description' with type 'ros.ament_cmake' and name 'kssbot_description'
[0.230s] Level 1:colcon.colcon_core.package_identification:_identify(src/kssbot/kssbot_hardware) by extensions ['ignore', 'ignore_ament_install']
[0.230s] Level 1:colcon.colcon_core.package_identification:_identify(src/kssbot/kssbot_hardware) by extension 'ignore'
[0.230s] Level 1:colcon.colcon_core.package_identification:_identify(src/kssbot/kssbot_hardware) by extension 'ignore_ament_install'
[0.230s] Level 1:colcon.colcon_core.package_identification:_identify(src/kssbot/kssbot_hardware) by extensions ['colcon_pkg']
[0.230s] Level 1:colcon.colcon_core.package_identification:_identify(src/kssbot/kssbot_hardware) by extension 'colcon_pkg'
[0.230s] Level 1:colcon.colcon_core.package_identification:_identify(src/kssbot/kssbot_hardware) by extensions ['colcon_meta']
[0.230s] Level 1:colcon.colcon_core.package_identification:_identify(src/kssbot/kssbot_hardware) by extension 'colcon_meta'
[0.230s] Level 1:colcon.colcon_core.package_identification:_identify(src/kssbot/kssbot_hardware) by extensions ['ros']
[0.230s] Level 1:colcon.colcon_core.package_identification:_identify(src/kssbot/kssbot_hardware) by extension 'ros'
[0.230s] Level 1:colcon.colcon_core.package_identification:_identify(src/kssbot/kssbot_hardware) by extensions ['cmake', 'python']
[0.230s] Level 1:colcon.colcon_core.package_identification:_identify(src/kssbot/kssbot_hardware) by extension 'cmake'
[0.230s] Level 1:colcon.colcon_core.package_identification:_identify(src/kssbot/kssbot_hardware) by extension 'python'
[0.230s] Level 1:colcon.colcon_core.package_identification:_identify(src/kssbot/kssbot_hardware) by extensions ['python_setup_py']
[0.230s] Level 1:colcon.colcon_core.package_identification:_identify(src/kssbot/kssbot_hardware) by extension 'python_setup_py'
[0.230s] Level 1:colcon.colcon_core.package_identification:_identify(src/kssbot/kssbot_hardware/kssbot_diffdrive_rasp4) by extensions ['ignore', 'ignore_ament_install']
[0.231s] Level 1:colcon.colcon_core.package_identification:_identify(src/kssbot/kssbot_hardware/kssbot_diffdrive_rasp4) by extension 'ignore'
[0.231s] Level 1:colcon.colcon_core.package_identification:_identify(src/kssbot/kssbot_hardware/kssbot_diffdrive_rasp4) by extension 'ignore_ament_install'
[0.231s] Level 1:colcon.colcon_core.package_identification:_identify(src/kssbot/kssbot_hardware/kssbot_diffdrive_rasp4) by extensions ['colcon_pkg']
[0.231s] Level 1:colcon.colcon_core.package_identification:_identify(src/kssbot/kssbot_hardware/kssbot_diffdrive_rasp4) by extension 'colcon_pkg'
[0.231s] Level 1:colcon.colcon_core.package_identification:_identify(src/kssbot/kssbot_hardware/kssbot_diffdrive_rasp4) by extensions ['colcon_meta']
[0.231s] Level 1:colcon.colcon_core.package_identification:_identify(src/kssbot/kssbot_hardware/kssbot_diffdrive_rasp4) by extension 'colcon_meta'
[0.231s] Level 1:colcon.colcon_core.package_identification:_identify(src/kssbot/kssbot_hardware/kssbot_diffdrive_rasp4) by extensions ['ros']
[0.231s] Level 1:colcon.colcon_core.package_identification:_identify(src/kssbot/kssbot_hardware/kssbot_diffdrive_rasp4) by extension 'ros'
[0.232s] DEBUG:colcon.colcon_core.package_identification:Package 'src/kssbot/kssbot_hardware/kssbot_diffdrive_rasp4' with type 'ros.ament_cmake' and name 'kssbot_diffdrive_rasp4'
[0.232s] Level 1:colcon.colcon_core.package_discovery:discover_packages(recursive) using defaults
[0.232s] Level 1:colcon.colcon_core.package_discovery:discover_packages(ignore) discover
[0.232s] Level 1:colcon.colcon_core.package_discovery:discover_packages(ignore) using defaults
[0.232s] Level 1:colcon.colcon_core.package_discovery:discover_packages(path) discover
[0.232s] Level 1:colcon.colcon_core.package_discovery:discover_packages(path) using defaults
[0.248s] Level 1:colcon.colcon_core.package_discovery:discover_packages(prefix_path) check parameters
[0.248s] Level 1:colcon.colcon_core.package_discovery:discover_packages(prefix_path) discover
[0.251s] DEBUG:colcon.colcon_installed_package_information.package_discovery:Found 316 installed packages in /opt/ros/humble
[0.252s] Level 1:colcon.colcon_core.package_discovery:discover_packages(prefix_path) using defaults
[0.293s] Level 5:colcon.colcon_core.verb:set package 'kss_joystick' build argument 'cmake_args' from command line to 'None'
[0.293s] Level 5:colcon.colcon_core.verb:set package 'kss_joystick' build argument 'cmake_target' from command line to 'None'
[0.293s] Level 5:colcon.colcon_core.verb:set package 'kss_joystick' build argument 'cmake_target_skip_unavailable' from command line to 'False'
[0.293s] Level 5:colcon.colcon_core.verb:set package 'kss_joystick' build argument 'cmake_clean_cache' from command line to 'False'
[0.293s] Level 5:colcon.colcon_core.verb:set package 'kss_joystick' build argument 'cmake_clean_first' from command line to 'False'
[0.293s] Level 5:colcon.colcon_core.verb:set package 'kss_joystick' build argument 'cmake_force_configure' from command line to 'False'
[0.293s] Level 5:colcon.colcon_core.verb:set package 'kss_joystick' build argument 'ament_cmake_args' from command line to 'None'
[0.293s] Level 5:colcon.colcon_core.verb:set package 'kss_joystick' build argument 'catkin_cmake_args' from command line to 'None'
[0.293s] Level 5:colcon.colcon_core.verb:set package 'kss_joystick' build argument 'catkin_skip_building_tests' from command line to 'False'
[0.293s] DEBUG:colcon.colcon_core.verb:Building package 'kss_joystick' with the following arguments: {'ament_cmake_args': None, 'build_base': '/home/kssvm/workspace/ros2/humble/kssbot/build/kss_joystick', 'catkin_cmake_args': None, 'catkin_skip_building_tests': False, 'cmake_args': None, 'cmake_clean_cache': False, 'cmake_clean_first': False, 'cmake_force_configure': False, 'cmake_target': None, 'cmake_target_skip_unavailable': False, 'install_base': '/home/kssvm/workspace/ros2/humble/kssbot/install/kss_joystick', 'merge_install': False, 'path': '/home/kssvm/workspace/ros2/humble/kssbot/src/kssbot/kss_joystick', 'symlink_install': False, 'test_result_base': None}
[0.294s] Level 5:colcon.colcon_core.verb:set package 'kssbot_description' build argument 'cmake_args' from command line to 'None'
[0.294s] Level 5:colcon.colcon_core.verb:set package 'kssbot_description' build argument 'cmake_target' from command line to 'None'
[0.294s] Level 5:colcon.colcon_core.verb:set package 'kssbot_description' build argument 'cmake_target_skip_unavailable' from command line to 'False'
[0.294s] Level 5:colcon.colcon_core.verb:set package 'kssbot_description' build argument 'cmake_clean_cache' from command line to 'False'
[0.294s] Level 5:colcon.colcon_core.verb:set package 'kssbot_description' build argument 'cmake_clean_first' from command line to 'False'
[0.294s] Level 5:colcon.colcon_core.verb:set package 'kssbot_description' build argument 'cmake_force_configure' from command line to 'False'
[0.294s] Level 5:colcon.colcon_core.verb:set package 'kssbot_description' build argument 'ament_cmake_args' from command line to 'None'
[0.294s] Level 5:colcon.colcon_core.verb:set package 'kssbot_description' build argument 'catkin_cmake_args' from command line to 'None'
[0.294s] Level 5:colcon.colcon_core.verb:set package 'kssbot_description' build argument 'catkin_skip_building_tests' from command line to 'False'
[0.294s] DEBUG:colcon.colcon_core.verb:Building package 'kssbot_description' with the following arguments: {'ament_cmake_args': None, 'build_base': '/home/kssvm/workspace/ros2/humble/kssbot/build/kssbot_description', 'catkin_cmake_args': None, 'catkin_skip_building_tests': False, 'cmake_args': None, 'cmake_clean_cache': False, 'cmake_clean_first': False, 'cmake_force_configure': False, 'cmake_target': None, 'cmake_target_skip_unavailable': False, 'install_base': '/home/kssvm/workspace/ros2/humble/kssbot/install/kssbot_description', 'merge_install': False, 'path': '/home/kssvm/workspace/ros2/humble/kssbot/src/kssbot/kssbot_description/diffbot_description', 'symlink_install': False, 'test_result_base': None}
[0.295s] Level 5:colcon.colcon_core.verb:set package 'kssbot_diffdrive_rasp4' build argument 'cmake_args' from command line to 'None'
[0.295s] Level 5:colcon.colcon_core.verb:set package 'kssbot_diffdrive_rasp4' build argument 'cmake_target' from command line to 'None'
[0.295s] Level 5:colcon.colcon_core.verb:set package 'kssbot_diffdrive_rasp4' build argument 'cmake_target_skip_unavailable' from command line to 'False'
[0.295s] Level 5:colcon.colcon_core.verb:set package 'kssbot_diffdrive_rasp4' build argument 'cmake_clean_cache' from command line to 'False'
[0.295s] Level 5:colcon.colcon_core.verb:set package 'kssbot_diffdrive_rasp4' build argument 'cmake_clean_first' from command line to 'False'
[0.295s] Level 5:colcon.colcon_core.verb:set package 'kssbot_diffdrive_rasp4' build argument 'cmake_force_configure' from command line to 'False'
[0.295s] Level 5:colcon.colcon_core.verb:set package 'kssbot_diffdrive_rasp4' build argument 'ament_cmake_args' from command line to 'None'
[0.295s] Level 5:colcon.colcon_core.verb:set package 'kssbot_diffdrive_rasp4' build argument 'catkin_cmake_args' from command line to 'None'
[0.295s] Level 5:colcon.colcon_core.verb:set package 'kssbot_diffdrive_rasp4' build argument 'catkin_skip_building_tests' from command line to 'False'
[0.295s] DEBUG:colcon.colcon_core.verb:Building package 'kssbot_diffdrive_rasp4' with the following arguments: {'ament_cmake_args': None, 'build_base': '/home/kssvm/workspace/ros2/humble/kssbot/build/kssbot_diffdrive_rasp4', 'catkin_cmake_args': None, 'catkin_skip_building_tests': False, 'cmake_args': None, 'cmake_clean_cache': False, 'cmake_clean_first': False, 'cmake_force_configure': False, 'cmake_target': None, 'cmake_target_skip_unavailable': False, 'install_base': '/home/kssvm/workspace/ros2/humble/kssbot/install/kssbot_diffdrive_rasp4', 'merge_install': False, 'path': '/home/kssvm/workspace/ros2/humble/kssbot/src/kssbot/kssbot_hardware/kssbot_diffdrive_rasp4', 'symlink_install': False, 'test_result_base': None}
[0.296s] Level 5:colcon.colcon_core.verb:set package 'kssbot_bringup' build argument 'cmake_args' from command line to 'None'
[0.296s] Level 5:colcon.colcon_core.verb:set package 'kssbot_bringup' build argument 'cmake_target' from command line to 'None'
[0.296s] Level 5:colcon.colcon_core.verb:set package 'kssbot_bringup' build argument 'cmake_target_skip_unavailable' from command line to 'False'
[0.296s] Level 5:colcon.colcon_core.verb:set package 'kssbot_bringup' build argument 'cmake_clean_cache' from command line to 'False'
[0.296s] Level 5:colcon.colcon_core.verb:set package 'kssbot_bringup' build argument 'cmake_clean_first' from command line to 'False'
[0.296s] Level 5:colcon.colcon_core.verb:set package 'kssbot_bringup' build argument 'cmake_force_configure' from command line to 'False'
[0.296s] Level 5:colcon.colcon_core.verb:set package 'kssbot_bringup' build argument 'ament_cmake_args' from command line to 'None'
[0.296s] Level 5:colcon.colcon_core.verb:set package 'kssbot_bringup' build argument 'catkin_cmake_args' from command line to 'None'
[0.296s] Level 5:colcon.colcon_core.verb:set package 'kssbot_bringup' build argument 'catkin_skip_building_tests' from command line to 'False'
[0.296s] DEBUG:colcon.colcon_core.verb:Building package 'kssbot_bringup' with the following arguments: {'ament_cmake_args': None, 'build_base': '/home/kssvm/workspace/ros2/humble/kssbot/build/kssbot_bringup', 'catkin_cmake_args': None, 'catkin_skip_building_tests': False, 'cmake_args': None, 'cmake_clean_cache': False, 'cmake_clean_first': False, 'cmake_force_configure': False, 'cmake_target': None, 'cmake_target_skip_unavailable': False, 'install_base': '/home/kssvm/workspace/ros2/humble/kssbot/install/kssbot_bringup', 'merge_install': False, 'path': '/home/kssvm/workspace/ros2/humble/kssbot/src/kssbot/kssbot_bringup', 'symlink_install': False, 'test_result_base': None}
[0.296s] INFO:colcon.colcon_core.executor:Executing jobs using 'parallel' executor
[0.298s] DEBUG:colcon.colcon_parallel_executor.executor.parallel:run_until_complete
[0.299s] INFO:colcon.colcon_ros.task.ament_cmake.build:Building ROS package in '/home/kssvm/workspace/ros2/humble/kssbot/src/kssbot/kssbot_description/diffbot_description' with build type 'ament_cmake'
[0.299s] INFO:colcon.colcon_cmake.task.cmake.build:Building CMake package in '/home/kssvm/workspace/ros2/humble/kssbot/src/kssbot/kssbot_description/diffbot_description'
[0.302s] INFO:colcon.colcon_core.plugin_system:Skipping extension 'colcon_core.shell.bat': Not used on non-Windows systems
[0.302s] INFO:colcon.colcon_core.shell:Skip shell extension 'powershell' for command environment: Not usable outside of PowerShell
[0.302s] DEBUG:colcon.colcon_core.shell:Skip shell extension 'dsv' for command environment
[0.305s] INFO:colcon.colcon_ros.task.ament_cmake.build:Building ROS package in '/home/kssvm/workspace/ros2/humble/kssbot/src/kssbot/kss_joystick' with build type 'ament_cmake'
[0.305s] INFO:colcon.colcon_cmake.task.cmake.build:Building CMake package in '/home/kssvm/workspace/ros2/humble/kssbot/src/kssbot/kss_joystick'
[0.306s] INFO:colcon.colcon_core.shell:Skip shell extension 'powershell' for command environment: Not usable outside of PowerShell
[0.306s] DEBUG:colcon.colcon_core.shell:Skip shell extension 'dsv' for command environment
[0.309s] INFO:colcon.colcon_ros.task.ament_cmake.build:Building ROS package in '/home/kssvm/workspace/ros2/humble/kssbot/src/kssbot/kssbot_hardware/kssbot_diffdrive_rasp4' with build type 'ament_cmake'
[0.309s] INFO:colcon.colcon_cmake.task.cmake.build:Building CMake package in '/home/kssvm/workspace/ros2/humble/kssbot/src/kssbot/kssbot_hardware/kssbot_diffdrive_rasp4'
[0.310s] INFO:colcon.colcon_core.shell:Skip shell extension 'powershell' for command environment: Not usable outside of PowerShell
[0.310s] DEBUG:colcon.colcon_core.shell:Skip shell extension 'dsv' for command environment
[0.318s] DEBUG:colcon.colcon_core.event_handler.log_command:Invoking command in '/home/kssvm/workspace/ros2/humble/kssbot/build/kssbot_description': CMAKE_PREFIX_PATH=/opt/ros/humble /usr/bin/cmake --build /home/kssvm/workspace/ros2/humble/kssbot/build/kssbot_description -- -j4 -l4
[0.321s] DEBUG:colcon.colcon_core.event_handler.log_command:Invoking command in '/home/kssvm/workspace/ros2/humble/kssbot/build/kss_joystick': CMAKE_PREFIX_PATH=/opt/ros/humble /usr/bin/cmake --build /home/kssvm/workspace/ros2/humble/kssbot/build/kss_joystick -- -j4 -l4
[0.330s] DEBUG:colcon.colcon_core.event_handler.log_command:Invoking command in '/home/kssvm/workspace/ros2/humble/kssbot/build/kssbot_diffdrive_rasp4': CMAKE_PREFIX_PATH=/opt/ros/humble /usr/bin/cmake --build /home/kssvm/workspace/ros2/humble/kssbot/build/kssbot_diffdrive_rasp4 -- -j4 -l4
[0.357s] DEBUG:colcon.colcon_core.event_handler.log_command:Invoked command in '/home/kssvm/workspace/ros2/humble/kssbot/build/kss_joystick' returned '0': CMAKE_PREFIX_PATH=/opt/ros/humble /usr/bin/cmake --build /home/kssvm/workspace/ros2/humble/kssbot/build/kss_joystick -- -j4 -l4
[0.364s] DEBUG:colcon.colcon_core.event_handler.log_command:Invoked command in '/home/kssvm/workspace/ros2/humble/kssbot/build/kssbot_description' returned '0': CMAKE_PREFIX_PATH=/opt/ros/humble /usr/bin/cmake --build /home/kssvm/workspace/ros2/humble/kssbot/build/kssbot_description -- -j4 -l4
[0.388s] DEBUG:colcon.colcon_core.event_handler.log_command:Invoking command in '/home/kssvm/workspace/ros2/humble/kssbot/build/kss_joystick': CMAKE_PREFIX_PATH=/opt/ros/humble /usr/bin/cmake --install /home/kssvm/workspace/ros2/humble/kssbot/build/kss_joystick
[0.390s] DEBUG:colcon.colcon_core.event_handler.log_command:Invoking command in '/home/kssvm/workspace/ros2/humble/kssbot/build/kssbot_description': CMAKE_PREFIX_PATH=/opt/ros/humble /usr/bin/cmake --install /home/kssvm/workspace/ros2/humble/kssbot/build/kssbot_description
[0.397s] Level 1:colcon.colcon_core.environment:create_environment_scripts_only(kssbot_description)
[0.401s] DEBUG:colcon.colcon_core.event_handler.log_command:Invoked command in '/home/kssvm/workspace/ros2/humble/kssbot/build/kssbot_description' returned '0': CMAKE_PREFIX_PATH=/opt/ros/humble /usr/bin/cmake --install /home/kssvm/workspace/ros2/humble/kssbot/build/kssbot_description
[0.404s] Level 1:colcon.colcon_core.environment:checking '/home/kssvm/workspace/ros2/humble/kssbot/install/kssbot_description' for CMake module files
[0.405s] Level 1:colcon.colcon_core.environment:checking '/home/kssvm/workspace/ros2/humble/kssbot/install/kssbot_description' for CMake config files
[0.405s] Level 1:colcon.colcon_core.shell:create_environment_hook('kssbot_description', 'cmake_prefix_path')
[0.406s] INFO:colcon.colcon_core.shell:Creating environment hook '/home/kssvm/workspace/ros2/humble/kssbot/install/kssbot_description/share/kssbot_description/hook/cmake_prefix_path.ps1'
[0.407s] INFO:colcon.colcon_core.shell:Creating environment descriptor '/home/kssvm/workspace/ros2/humble/kssbot/install/kssbot_description/share/kssbot_description/hook/cmake_prefix_path.dsv'
[0.408s] INFO:colcon.colcon_core.shell:Creating environment hook '/home/kssvm/workspace/ros2/humble/kssbot/install/kssbot_description/share/kssbot_description/hook/cmake_prefix_path.sh'
[0.409s] Level 1:colcon.colcon_core.environment:checking '/home/kssvm/workspace/ros2/humble/kssbot/install/kssbot_description/bin'
[0.409s] Level 1:colcon.colcon_core.environment:checking '/home/kssvm/workspace/ros2/humble/kssbot/install/kssbot_description/lib/pkgconfig/kssbot_description.pc'
[0.409s] Level 1:colcon.colcon_core.environment:checking '/home/kssvm/workspace/ros2/humble/kssbot/install/kssbot_description/lib/python3.10/site-packages'
[0.409s] Level 1:colcon.colcon_core.environment:checking '/home/kssvm/workspace/ros2/humble/kssbot/install/kssbot_description/bin'
[0.410s] INFO:colcon.colcon_core.shell:Creating package script '/home/kssvm/workspace/ros2/humble/kssbot/install/kssbot_description/share/kssbot_description/package.ps1'
[0.411s] INFO:colcon.colcon_core.shell:Creating package descriptor '/home/kssvm/workspace/ros2/humble/kssbot/install/kssbot_description/share/kssbot_description/package.dsv'
[0.412s] INFO:colcon.colcon_core.shell:Creating package script '/home/kssvm/workspace/ros2/humble/kssbot/install/kssbot_description/share/kssbot_description/package.sh'
[0.412s] INFO:colcon.colcon_core.shell:Creating package script '/home/kssvm/workspace/ros2/humble/kssbot/install/kssbot_description/share/kssbot_description/package.bash'
[0.413s] INFO:colcon.colcon_core.shell:Creating package script '/home/kssvm/workspace/ros2/humble/kssbot/install/kssbot_description/share/kssbot_description/package.zsh'
[0.413s] Level 1:colcon.colcon_core.environment:create_file_with_runtime_dependencies(/home/kssvm/workspace/ros2/humble/kssbot/install/kssbot_description/share/colcon-core/packages/kssbot_description)
[0.420s] Level 1:colcon.colcon_core.environment:create_environment_scripts_only(kss_joystick)
[0.421s] DEBUG:colcon.colcon_core.event_handler.log_command:Invoked command in '/home/kssvm/workspace/ros2/humble/kssbot/build/kss_joystick' returned '0': CMAKE_PREFIX_PATH=/opt/ros/humble /usr/bin/cmake --install /home/kssvm/workspace/ros2/humble/kssbot/build/kss_joystick
[0.422s] Level 1:colcon.colcon_core.environment:checking '/home/kssvm/workspace/ros2/humble/kssbot/install/kss_joystick' for CMake module files
[0.423s] Level 1:colcon.colcon_core.environment:checking '/home/kssvm/workspace/ros2/humble/kssbot/install/kss_joystick' for CMake config files
[0.423s] Level 1:colcon.colcon_core.shell:create_environment_hook('kss_joystick', 'cmake_prefix_path')
[0.423s] INFO:colcon.colcon_core.shell:Creating environment hook '/home/kssvm/workspace/ros2/humble/kssbot/install/kss_joystick/share/kss_joystick/hook/cmake_prefix_path.ps1'
[0.424s] INFO:colcon.colcon_core.shell:Creating environment descriptor '/home/kssvm/workspace/ros2/humble/kssbot/install/kss_joystick/share/kss_joystick/hook/cmake_prefix_path.dsv'
[0.425s] INFO:colcon.colcon_core.shell:Creating environment hook '/home/kssvm/workspace/ros2/humble/kssbot/install/kss_joystick/share/kss_joystick/hook/cmake_prefix_path.sh'
[0.425s] Level 1:colcon.colcon_core.environment:checking '/home/kssvm/workspace/ros2/humble/kssbot/install/kss_joystick/bin'
[0.425s] Level 1:colcon.colcon_core.environment:checking '/home/kssvm/workspace/ros2/humble/kssbot/install/kss_joystick/lib/pkgconfig/kss_joystick.pc'
[0.425s] Level 1:colcon.colcon_core.environment:checking '/home/kssvm/workspace/ros2/humble/kssbot/install/kss_joystick/lib/python3.10/site-packages'
[0.426s] Level 1:colcon.colcon_core.environment:checking '/home/kssvm/workspace/ros2/humble/kssbot/install/kss_joystick/bin'
[0.427s] INFO:colcon.colcon_core.shell:Creating package script '/home/kssvm/workspace/ros2/humble/kssbot/install/kss_joystick/share/kss_joystick/package.ps1'
[0.427s] INFO:colcon.colcon_core.shell:Creating package descriptor '/home/kssvm/workspace/ros2/humble/kssbot/install/kss_joystick/share/kss_joystick/package.dsv'
[0.428s] INFO:colcon.colcon_core.shell:Creating package script '/home/kssvm/workspace/ros2/humble/kssbot/install/kss_joystick/share/kss_joystick/package.sh'
[0.428s] INFO:colcon.colcon_core.shell:Creating package script '/home/kssvm/workspace/ros2/humble/kssbot/install/kss_joystick/share/kss_joystick/package.bash'
[0.428s] INFO:colcon.colcon_core.shell:Creating package script '/home/kssvm/workspace/ros2/humble/kssbot/install/kss_joystick/share/kss_joystick/package.zsh'
[0.428s] Level 1:colcon.colcon_core.environment:create_file_with_runtime_dependencies(/home/kssvm/workspace/ros2/humble/kssbot/install/kss_joystick/share/colcon-core/packages/kss_joystick)
[0.442s] Level 1:colcon.colcon_core.environment:create_environment_scripts_only(kss_joystick)
[0.444s] Level 1:colcon.colcon_core.environment:checking '/home/kssvm/workspace/ros2/humble/kssbot/install/kss_joystick' for CMake module files
[0.445s] Level 1:colcon.colcon_core.environment:checking '/home/kssvm/workspace/ros2/humble/kssbot/install/kss_joystick' for CMake config files
[0.445s] Level 1:colcon.colcon_core.shell:create_environment_hook('kss_joystick', 'cmake_prefix_path')
[0.446s] INFO:colcon.colcon_core.shell:Creating environment hook '/home/kssvm/workspace/ros2/humble/kssbot/install/kss_joystick/share/kss_joystick/hook/cmake_prefix_path.ps1'
[0.447s] INFO:colcon.colcon_core.shell:Creating environment descriptor '/home/kssvm/workspace/ros2/humble/kssbot/install/kss_joystick/share/kss_joystick/hook/cmake_prefix_path.dsv'
[0.447s] INFO:colcon.colcon_core.shell:Creating environment hook '/home/kssvm/workspace/ros2/humble/kssbot/install/kss_joystick/share/kss_joystick/hook/cmake_prefix_path.sh'
[0.448s] Level 1:colcon.colcon_core.environment:checking '/home/kssvm/workspace/ros2/humble/kssbot/install/kss_joystick/bin'
[0.448s] Level 1:colcon.colcon_core.environment:checking '/home/kssvm/workspace/ros2/humble/kssbot/install/kss_joystick/lib/pkgconfig/kss_joystick.pc'
[0.448s] Level 1:colcon.colcon_core.environment:checking '/home/kssvm/workspace/ros2/humble/kssbot/install/kss_joystick/lib/python3.10/site-packages'
[0.448s] Level 1:colcon.colcon_core.environment:checking '/home/kssvm/workspace/ros2/humble/kssbot/install/kss_joystick/bin'
[0.449s] INFO:colcon.colcon_core.shell:Creating package script '/home/kssvm/workspace/ros2/humble/kssbot/install/kss_joystick/share/kss_joystick/package.ps1'
[0.450s] INFO:colcon.colcon_core.shell:Creating package descriptor '/home/kssvm/workspace/ros2/humble/kssbot/install/kss_joystick/share/kss_joystick/package.dsv'
[0.450s] INFO:colcon.colcon_core.shell:Creating package script '/home/kssvm/workspace/ros2/humble/kssbot/install/kss_joystick/share/kss_joystick/package.sh'
[0.451s] INFO:colcon.colcon_core.shell:Creating package script '/home/kssvm/workspace/ros2/humble/kssbot/install/kss_joystick/share/kss_joystick/package.bash'
[0.451s] INFO:colcon.colcon_core.shell:Creating package script '/home/kssvm/workspace/ros2/humble/kssbot/install/kss_joystick/share/kss_joystick/package.zsh'
[0.452s] Level 1:colcon.colcon_core.environment:create_file_with_runtime_dependencies(/home/kssvm/workspace/ros2/humble/kssbot/install/kss_joystick/share/colcon-core/packages/kss_joystick)
[0.453s] Level 1:colcon.colcon_core.environment:create_environment_scripts_only(kssbot_description)
[0.454s] Level 1:colcon.colcon_core.environment:checking '/home/kssvm/workspace/ros2/humble/kssbot/install/kssbot_description' for CMake module files
[0.456s] Level 1:colcon.colcon_core.environment:checking '/home/kssvm/workspace/ros2/humble/kssbot/install/kssbot_description' for CMake config files
[0.456s] Level 1:colcon.colcon_core.shell:create_environment_hook('kssbot_description', 'cmake_prefix_path')
[0.456s] INFO:colcon.colcon_core.shell:Creating environment hook '/home/kssvm/workspace/ros2/humble/kssbot/install/kssbot_description/share/kssbot_description/hook/cmake_prefix_path.ps1'
[0.457s] INFO:colcon.colcon_core.shell:Creating environment descriptor '/home/kssvm/workspace/ros2/humble/kssbot/install/kssbot_description/share/kssbot_description/hook/cmake_prefix_path.dsv'
[0.458s] INFO:colcon.colcon_core.shell:Creating environment hook '/home/kssvm/workspace/ros2/humble/kssbot/install/kssbot_description/share/kssbot_description/hook/cmake_prefix_path.sh'
[0.458s] Level 1:colcon.colcon_core.environment:checking '/home/kssvm/workspace/ros2/humble/kssbot/install/kssbot_description/bin'
[0.458s] Level 1:colcon.colcon_core.environment:checking '/home/kssvm/workspace/ros2/humble/kssbot/install/kssbot_description/lib/pkgconfig/kssbot_description.pc'
[0.458s] Level 1:colcon.colcon_core.environment:checking '/home/kssvm/workspace/ros2/humble/kssbot/install/kssbot_description/lib/python3.10/site-packages'
[0.459s] Level 1:colcon.colcon_core.environment:checking '/home/kssvm/workspace/ros2/humble/kssbot/install/kssbot_description/bin'
[0.459s] INFO:colcon.colcon_core.shell:Creating package script '/home/kssvm/workspace/ros2/humble/kssbot/install/kssbot_description/share/kssbot_description/package.ps1'
[0.460s] INFO:colcon.colcon_core.shell:Creating package descriptor '/home/kssvm/workspace/ros2/humble/kssbot/install/kssbot_description/share/kssbot_description/package.dsv'
[0.460s] INFO:colcon.colcon_core.shell:Creating package script '/home/kssvm/workspace/ros2/humble/kssbot/install/kssbot_description/share/kssbot_description/package.sh'
[0.460s] INFO:colcon.colcon_core.shell:Creating package script '/home/kssvm/workspace/ros2/humble/kssbot/install/kssbot_description/share/kssbot_description/package.bash'
[0.461s] INFO:colcon.colcon_core.shell:Creating package script '/home/kssvm/workspace/ros2/humble/kssbot/install/kssbot_description/share/kssbot_description/package.zsh'
[0.461s] Level 1:colcon.colcon_core.environment:create_file_with_runtime_dependencies(/home/kssvm/workspace/ros2/humble/kssbot/install/kssbot_description/share/colcon-core/packages/kssbot_description)
[0.461s] INFO:colcon.colcon_ros.task.ament_cmake.build:Building ROS package in '/home/kssvm/workspace/ros2/humble/kssbot/src/kssbot/kssbot_bringup' with build type 'ament_cmake'
[0.462s] INFO:colcon.colcon_cmake.task.cmake.build:Building CMake package in '/home/kssvm/workspace/ros2/humble/kssbot/src/kssbot/kssbot_bringup'
[0.462s] INFO:colcon.colcon_core.shell:Skip shell extension 'powershell' for command environment: Not usable outside of PowerShell
[0.463s] DEBUG:colcon.colcon_core.shell:Skip shell extension 'dsv' for command environment
[0.469s] DEBUG:colcon.colcon_core.event_handler.log_command:Invoking command in '/home/kssvm/workspace/ros2/humble/kssbot/build/kssbot_bringup': AMENT_PREFIX_PATH=/home/kssvm/workspace/ros2/humble/kssbot/install/kssbot_description:${AMENT_PREFIX_PATH} CMAKE_PREFIX_PATH=/home/kssvm/workspace/ros2/humble/kssbot/install/kssbot_description:/opt/ros/humble /usr/bin/cmake --build /home/kssvm/workspace/ros2/humble/kssbot/build/kssbot_bringup -- -j4 -l4
[0.495s] DEBUG:colcon.colcon_core.event_handler.log_command:Invoked command in '/home/kssvm/workspace/ros2/humble/kssbot/build/kssbot_bringup' returned '0': AMENT_PREFIX_PATH=/home/kssvm/workspace/ros2/humble/kssbot/install/kssbot_description:${AMENT_PREFIX_PATH} CMAKE_PREFIX_PATH=/home/kssvm/workspace/ros2/humble/kssbot/install/kssbot_description:/opt/ros/humble /usr/bin/cmake --build /home/kssvm/workspace/ros2/humble/kssbot/build/kssbot_bringup -- -j4 -l4
[0.514s] DEBUG:colcon.colcon_core.event_handler.log_command:Invoking command in '/home/kssvm/workspace/ros2/humble/kssbot/build/kssbot_bringup': AMENT_PREFIX_PATH=/home/kssvm/workspace/ros2/humble/kssbot/install/kssbot_description:${AMENT_PREFIX_PATH} CMAKE_PREFIX_PATH=/home/kssvm/workspace/ros2/humble/kssbot/install/kssbot_description:/opt/ros/humble /usr/bin/cmake --install /home/kssvm/workspace/ros2/humble/kssbot/build/kssbot_bringup
[0.523s] Level 1:colcon.colcon_core.environment:create_environment_scripts_only(kssbot_bringup)
[0.525s] Level 1:colcon.colcon_core.environment:checking '/home/kssvm/workspace/ros2/humble/kssbot/install/kssbot_bringup' for CMake module files
[0.526s] DEBUG:colcon.colcon_core.event_handler.log_command:Invoked command in '/home/kssvm/workspace/ros2/humble/kssbot/build/kssbot_bringup' returned '0': AMENT_PREFIX_PATH=/home/kssvm/workspace/ros2/humble/kssbot/install/kssbot_description:${AMENT_PREFIX_PATH} CMAKE_PREFIX_PATH=/home/kssvm/workspace/ros2/humble/kssbot/install/kssbot_description:/opt/ros/humble /usr/bin/cmake --install /home/kssvm/workspace/ros2/humble/kssbot/build/kssbot_bringup
[0.526s] Level 1:colcon.colcon_core.environment:checking '/home/kssvm/workspace/ros2/humble/kssbot/install/kssbot_bringup' for CMake config files
[0.526s] Level 1:colcon.colcon_core.shell:create_environment_hook('kssbot_bringup', 'cmake_prefix_path')
[0.527s] INFO:colcon.colcon_core.shell:Creating environment hook '/home/kssvm/workspace/ros2/humble/kssbot/install/kssbot_bringup/share/kssbot_bringup/hook/cmake_prefix_path.ps1'
[0.528s] INFO:colcon.colcon_core.shell:Creating environment descriptor '/home/kssvm/workspace/ros2/humble/kssbot/install/kssbot_bringup/share/kssbot_bringup/hook/cmake_prefix_path.dsv'
[0.528s] INFO:colcon.colcon_core.shell:Creating environment hook '/home/kssvm/workspace/ros2/humble/kssbot/install/kssbot_bringup/share/kssbot_bringup/hook/cmake_prefix_path.sh'
[0.528s] Level 1:colcon.colcon_core.environment:checking '/home/kssvm/workspace/ros2/humble/kssbot/install/kssbot_bringup/bin'
[0.528s] Level 1:colcon.colcon_core.environment:checking '/home/kssvm/workspace/ros2/humble/kssbot/install/kssbot_bringup/lib/pkgconfig/kssbot_bringup.pc'
[0.529s] Level 1:colcon.colcon_core.environment:checking '/home/kssvm/workspace/ros2/humble/kssbot/install/kssbot_bringup/lib/python3.10/site-packages'
[0.529s] Level 1:colcon.colcon_core.environment:checking '/home/kssvm/workspace/ros2/humble/kssbot/install/kssbot_bringup/bin'
[0.530s] INFO:colcon.colcon_core.shell:Creating package script '/home/kssvm/workspace/ros2/humble/kssbot/install/kssbot_bringup/share/kssbot_bringup/package.ps1'
[0.530s] INFO:colcon.colcon_core.shell:Creating package descriptor '/home/kssvm/workspace/ros2/humble/kssbot/install/kssbot_bringup/share/kssbot_bringup/package.dsv'
[0.530s] INFO:colcon.colcon_core.shell:Creating package script '/home/kssvm/workspace/ros2/humble/kssbot/install/kssbot_bringup/share/kssbot_bringup/package.sh'
[0.531s] INFO:colcon.colcon_core.shell:Creating package script '/home/kssvm/workspace/ros2/humble/kssbot/install/kssbot_bringup/share/kssbot_bringup/package.bash'
[0.533s] INFO:colcon.colcon_core.shell:Creating package script '/home/kssvm/workspace/ros2/humble/kssbot/install/kssbot_bringup/share/kssbot_bringup/package.zsh'
[0.533s] Level 1:colcon.colcon_core.environment:create_file_with_runtime_dependencies(/home/kssvm/workspace/ros2/humble/kssbot/install/kssbot_bringup/share/colcon-core/packages/kssbot_bringup)
[0.559s] Level 1:colcon.colcon_core.environment:create_environment_scripts_only(kssbot_bringup)
[0.560s] Level 1:colcon.colcon_core.environment:checking '/home/kssvm/workspace/ros2/humble/kssbot/install/kssbot_bringup' for CMake module files
[0.561s] Level 1:colcon.colcon_core.environment:checking '/home/kssvm/workspace/ros2/humble/kssbot/install/kssbot_bringup' for CMake config files
[0.561s] Level 1:colcon.colcon_core.shell:create_environment_hook('kssbot_bringup', 'cmake_prefix_path')
[0.561s] INFO:colcon.colcon_core.shell:Creating environment hook '/home/kssvm/workspace/ros2/humble/kssbot/install/kssbot_bringup/share/kssbot_bringup/hook/cmake_prefix_path.ps1'
[0.562s] INFO:colcon.colcon_core.shell:Creating environment descriptor '/home/kssvm/workspace/ros2/humble/kssbot/install/kssbot_bringup/share/kssbot_bringup/hook/cmake_prefix_path.dsv'
[0.562s] INFO:colcon.colcon_core.shell:Creating environment hook '/home/kssvm/workspace/ros2/humble/kssbot/install/kssbot_bringup/share/kssbot_bringup/hook/cmake_prefix_path.sh'
[0.564s] Level 1:colcon.colcon_core.environment:checking '/home/kssvm/workspace/ros2/humble/kssbot/install/kssbot_bringup/bin'
[0.564s] Level 1:colcon.colcon_core.environment:checking '/home/kssvm/workspace/ros2/humble/kssbot/install/kssbot_bringup/lib/pkgconfig/kssbot_bringup.pc'
[0.564s] Level 1:colcon.colcon_core.environment:checking '/home/kssvm/workspace/ros2/humble/kssbot/install/kssbot_bringup/lib/python3.10/site-packages'
[0.564s] Level 1:colcon.colcon_core.environment:checking '/home/kssvm/workspace/ros2/humble/kssbot/install/kssbot_bringup/bin'
[0.565s] INFO:colcon.colcon_core.shell:Creating package script '/home/kssvm/workspace/ros2/humble/kssbot/install/kssbot_bringup/share/kssbot_bringup/package.ps1'
[0.565s] INFO:colcon.colcon_core.shell:Creating package descriptor '/home/kssvm/workspace/ros2/humble/kssbot/install/kssbot_bringup/share/kssbot_bringup/package.dsv'
[0.566s] INFO:colcon.colcon_core.shell:Creating package script '/home/kssvm/workspace/ros2/humble/kssbot/install/kssbot_bringup/share/kssbot_bringup/package.sh'
[0.566s] INFO:colcon.colcon_core.shell:Creating package script '/home/kssvm/workspace/ros2/humble/kssbot/install/kssbot_bringup/share/kssbot_bringup/package.bash'
[0.567s] INFO:colcon.colcon_core.shell:Creating package script '/home/kssvm/workspace/ros2/humble/kssbot/install/kssbot_bringup/share/kssbot_bringup/package.zsh'
[0.567s] Level 1:colcon.colcon_core.environment:create_file_with_runtime_dependencies(/home/kssvm/workspace/ros2/humble/kssbot/install/kssbot_bringup/share/colcon-core/packages/kssbot_bringup)
[3.038s] DEBUG:colcon.colcon_core.event_handler.log_command:Invoked command in '/home/kssvm/workspace/ros2/humble/kssbot/build/kssbot_diffdrive_rasp4' returned '0': CMAKE_PREFIX_PATH=/opt/ros/humble /usr/bin/cmake --build /home/kssvm/workspace/ros2/humble/kssbot/build/kssbot_diffdrive_rasp4 -- -j4 -l4
[3.051s] DEBUG:colcon.colcon_core.event_handler.log_command:Invoking command in '/home/kssvm/workspace/ros2/humble/kssbot/build/kssbot_diffdrive_rasp4': CMAKE_PREFIX_PATH=/opt/ros/humble /usr/bin/cmake --install /home/kssvm/workspace/ros2/humble/kssbot/build/kssbot_diffdrive_rasp4
[3.062s] Level 1:colcon.colcon_core.environment:create_environment_scripts_only(kssbot_diffdrive_rasp4)
[3.063s] DEBUG:colcon.colcon_core.event_handler.log_command:Invoked command in '/home/kssvm/workspace/ros2/humble/kssbot/build/kssbot_diffdrive_rasp4' returned '0': CMAKE_PREFIX_PATH=/opt/ros/humble /usr/bin/cmake --install /home/kssvm/workspace/ros2/humble/kssbot/build/kssbot_diffdrive_rasp4
[3.064s] Level 1:colcon.colcon_core.environment:checking '/home/kssvm/workspace/ros2/humble/kssbot/install/kssbot_diffdrive_rasp4' for CMake module files
[3.064s] Level 1:colcon.colcon_core.environment:checking '/home/kssvm/workspace/ros2/humble/kssbot/install/kssbot_diffdrive_rasp4' for CMake config files
[3.065s] Level 1:colcon.colcon_core.shell:create_environment_hook('kssbot_diffdrive_rasp4', 'cmake_prefix_path')
[3.065s] INFO:colcon.colcon_core.shell:Creating environment hook '/home/kssvm/workspace/ros2/humble/kssbot/install/kssbot_diffdrive_rasp4/share/kssbot_diffdrive_rasp4/hook/cmake_prefix_path.ps1'
[3.066s] INFO:colcon.colcon_core.shell:Creating environment descriptor '/home/kssvm/workspace/ros2/humble/kssbot/install/kssbot_diffdrive_rasp4/share/kssbot_diffdrive_rasp4/hook/cmake_prefix_path.dsv'
[3.066s] INFO:colcon.colcon_core.shell:Creating environment hook '/home/kssvm/workspace/ros2/humble/kssbot/install/kssbot_diffdrive_rasp4/share/kssbot_diffdrive_rasp4/hook/cmake_prefix_path.sh'
[3.066s] Level 1:colcon.colcon_core.environment:checking '/home/kssvm/workspace/ros2/humble/kssbot/install/kssbot_diffdrive_rasp4/lib'
[3.067s] Level 1:colcon.colcon_core.shell:create_environment_hook('kssbot_diffdrive_rasp4', 'ld_library_path_lib')
[3.067s] INFO:colcon.colcon_core.shell:Creating environment hook '/home/kssvm/workspace/ros2/humble/kssbot/install/kssbot_diffdrive_rasp4/share/kssbot_diffdrive_rasp4/hook/ld_library_path_lib.ps1'
[3.067s] INFO:colcon.colcon_core.shell:Creating environment descriptor '/home/kssvm/workspace/ros2/humble/kssbot/install/kssbot_diffdrive_rasp4/share/kssbot_diffdrive_rasp4/hook/ld_library_path_lib.dsv'
[3.068s] INFO:colcon.colcon_core.shell:Creating environment hook '/home/kssvm/workspace/ros2/humble/kssbot/install/kssbot_diffdrive_rasp4/share/kssbot_diffdrive_rasp4/hook/ld_library_path_lib.sh'
[3.068s] Level 1:colcon.colcon_core.environment:checking '/home/kssvm/workspace/ros2/humble/kssbot/install/kssbot_diffdrive_rasp4/bin'
[3.068s] Level 1:colcon.colcon_core.environment:checking '/home/kssvm/workspace/ros2/humble/kssbot/install/kssbot_diffdrive_rasp4/lib/pkgconfig/kssbot_diffdrive_rasp4.pc'
[3.068s] Level 1:colcon.colcon_core.environment:checking '/home/kssvm/workspace/ros2/humble/kssbot/install/kssbot_diffdrive_rasp4/lib/python3.10/site-packages'
[3.068s] Level 1:colcon.colcon_core.environment:checking '/home/kssvm/workspace/ros2/humble/kssbot/install/kssbot_diffdrive_rasp4/bin'
[3.069s] INFO:colcon.colcon_core.shell:Creating package script '/home/kssvm/workspace/ros2/humble/kssbot/install/kssbot_diffdrive_rasp4/share/kssbot_diffdrive_rasp4/package.ps1'
[3.069s] INFO:colcon.colcon_core.shell:Creating package descriptor '/home/kssvm/workspace/ros2/humble/kssbot/install/kssbot_diffdrive_rasp4/share/kssbot_diffdrive_rasp4/package.dsv'
[3.070s] INFO:colcon.colcon_core.shell:Creating package script '/home/kssvm/workspace/ros2/humble/kssbot/install/kssbot_diffdrive_rasp4/share/kssbot_diffdrive_rasp4/package.sh'
[3.070s] INFO:colcon.colcon_core.shell:Creating package script '/home/kssvm/workspace/ros2/humble/kssbot/install/kssbot_diffdrive_rasp4/share/kssbot_diffdrive_rasp4/package.bash'
[3.070s] INFO:colcon.colcon_core.shell:Creating package script '/home/kssvm/workspace/ros2/humble/kssbot/install/kssbot_diffdrive_rasp4/share/kssbot_diffdrive_rasp4/package.zsh'
[3.071s] Level 1:colcon.colcon_core.environment:create_file_with_runtime_dependencies(/home/kssvm/workspace/ros2/humble/kssbot/install/kssbot_diffdrive_rasp4/share/colcon-core/packages/kssbot_diffdrive_rasp4)
[3.087s] Level 1:colcon.colcon_core.environment:create_environment_scripts_only(kssbot_diffdrive_rasp4)
[3.088s] Level 1:colcon.colcon_core.environment:checking '/home/kssvm/workspace/ros2/humble/kssbot/install/kssbot_diffdrive_rasp4' for CMake module files
[3.088s] Level 1:colcon.colcon_core.environment:checking '/home/kssvm/workspace/ros2/humble/kssbot/install/kssbot_diffdrive_rasp4' for CMake config files
[3.088s] Level 1:colcon.colcon_core.shell:create_environment_hook('kssbot_diffdrive_rasp4', 'cmake_prefix_path')
[3.089s] INFO:colcon.colcon_core.shell:Creating environment hook '/home/kssvm/workspace/ros2/humble/kssbot/install/kssbot_diffdrive_rasp4/share/kssbot_diffdrive_rasp4/hook/cmake_prefix_path.ps1'
[3.090s] INFO:colcon.colcon_core.shell:Creating environment descriptor '/home/kssvm/workspace/ros2/humble/kssbot/install/kssbot_diffdrive_rasp4/share/kssbot_diffdrive_rasp4/hook/cmake_prefix_path.dsv'
[3.090s] INFO:colcon.colcon_core.shell:Creating environment hook '/home/kssvm/workspace/ros2/humble/kssbot/install/kssbot_diffdrive_rasp4/share/kssbot_diffdrive_rasp4/hook/cmake_prefix_path.sh'
[3.090s] Level 1:colcon.colcon_core.environment:checking '/home/kssvm/workspace/ros2/humble/kssbot/install/kssbot_diffdrive_rasp4/lib'
[3.090s] Level 1:colcon.colcon_core.shell:create_environment_hook('kssbot_diffdrive_rasp4', 'ld_library_path_lib')
[3.091s] INFO:colcon.colcon_core.shell:Creating environment hook '/home/kssvm/workspace/ros2/humble/kssbot/install/kssbot_diffdrive_rasp4/share/kssbot_diffdrive_rasp4/hook/ld_library_path_lib.ps1'
[3.091s] INFO:colcon.colcon_core.shell:Creating environment descriptor '/home/kssvm/workspace/ros2/humble/kssbot/install/kssbot_diffdrive_rasp4/share/kssbot_diffdrive_rasp4/hook/ld_library_path_lib.dsv'
[3.092s] INFO:colcon.colcon_core.shell:Creating environment hook '/home/kssvm/workspace/ros2/humble/kssbot/install/kssbot_diffdrive_rasp4/share/kssbot_diffdrive_rasp4/hook/ld_library_path_lib.sh'
[3.092s] Level 1:colcon.colcon_core.environment:checking '/home/kssvm/workspace/ros2/humble/kssbot/install/kssbot_diffdrive_rasp4/bin'
[3.092s] Level 1:colcon.colcon_core.environment:checking '/home/kssvm/workspace/ros2/humble/kssbot/install/kssbot_diffdrive_rasp4/lib/pkgconfig/kssbot_diffdrive_rasp4.pc'
[3.092s] Level 1:colcon.colcon_core.environment:checking '/home/kssvm/workspace/ros2/humble/kssbot/install/kssbot_diffdrive_rasp4/lib/python3.10/site-packages'
[3.092s] Level 1:colcon.colcon_core.environment:checking '/home/kssvm/workspace/ros2/humble/kssbot/install/kssbot_diffdrive_rasp4/bin'
[3.093s] INFO:colcon.colcon_core.shell:Creating package script '/home/kssvm/workspace/ros2/humble/kssbot/install/kssbot_diffdrive_rasp4/share/kssbot_diffdrive_rasp4/package.ps1'
[3.093s] INFO:colcon.colcon_core.shell:Creating package descriptor '/home/kssvm/workspace/ros2/humble/kssbot/install/kssbot_diffdrive_rasp4/share/kssbot_diffdrive_rasp4/package.dsv'
[3.094s] INFO:colcon.colcon_core.shell:Creating package script '/home/kssvm/workspace/ros2/humble/kssbot/install/kssbot_diffdrive_rasp4/share/kssbot_diffdrive_rasp4/package.sh'
[3.094s] INFO:colcon.colcon_core.shell:Creating package script '/home/kssvm/workspace/ros2/humble/kssbot/install/kssbot_diffdrive_rasp4/share/kssbot_diffdrive_rasp4/package.bash'
[3.094s] INFO:colcon.colcon_core.shell:Creating package script '/home/kssvm/workspace/ros2/humble/kssbot/install/kssbot_diffdrive_rasp4/share/kssbot_diffdrive_rasp4/package.zsh'
[3.095s] Level 1:colcon.colcon_core.environment:create_file_with_runtime_dependencies(/home/kssvm/workspace/ros2/humble/kssbot/install/kssbot_diffdrive_rasp4/share/colcon-core/packages/kssbot_diffdrive_rasp4)
[3.095s] DEBUG:colcon.colcon_parallel_executor.executor.parallel:closing loop
[3.095s] DEBUG:colcon.colcon_parallel_executor.executor.parallel:loop closed
[3.095s] DEBUG:colcon.colcon_parallel_executor.executor.parallel:run_until_complete finished with '0'
[3.095s] DEBUG:colcon.colcon_core.event_reactor:joining thread
[3.099s] INFO:colcon.colcon_core.plugin_system:Skipping extension 'colcon_notification.desktop_notification.terminal_notifier': Not used on non-Darwin systems
[3.099s] INFO:colcon.colcon_core.plugin_system:Skipping extension 'colcon_notification.desktop_notification.win32': Not used on non-Windows systems
[3.099s] INFO:colcon.colcon_notification.desktop_notification:Sending desktop notification using 'notify2'
[3.109s] DEBUG:colcon.colcon_core.event_reactor:joined thread
[3.110s] INFO:colcon.colcon_core.shell:Creating prefix script '/home/kssvm/workspace/ros2/humble/kssbot/install/local_setup.ps1'
[3.111s] INFO:colcon.colcon_core.shell:Creating prefix util module '/home/kssvm/workspace/ros2/humble/kssbot/install/_local_setup_util_ps1.py'
[3.112s] INFO:colcon.colcon_core.shell:Creating prefix chain script '/home/kssvm/workspace/ros2/humble/kssbot/install/setup.ps1'
[3.113s] INFO:colcon.colcon_core.shell:Creating prefix script '/home/kssvm/workspace/ros2/humble/kssbot/install/local_setup.sh'
[3.113s] INFO:colcon.colcon_core.shell:Creating prefix util module '/home/kssvm/workspace/ros2/humble/kssbot/install/_local_setup_util_sh.py'
[3.113s] INFO:colcon.colcon_core.shell:Creating prefix chain script '/home/kssvm/workspace/ros2/humble/kssbot/install/setup.sh'
[3.114s] INFO:colcon.colcon_core.shell:Creating prefix script '/home/kssvm/workspace/ros2/humble/kssbot/install/local_setup.bash'
[3.115s] INFO:colcon.colcon_core.shell:Creating prefix chain script '/home/kssvm/workspace/ros2/humble/kssbot/install/setup.bash'
[3.115s] INFO:colcon.colcon_core.shell:Creating prefix script '/home/kssvm/workspace/ros2/humble/kssbot/install/local_setup.zsh'
[3.116s] INFO:colcon.colcon_core.shell:Creating prefix chain script '/home/kssvm/workspace/ros2/humble/kssbot/install/setup.zsh'
