-- Install configuration: ""
-- Up-to-date: /home/kssvm/workspace/ros2/humble/kssbot/install/kssbot_description/share/kssbot_description/config
-- Up-to-date: /home/kssvm/workspace/ros2/humble/kssbot/install/kssbot_description/share/kssbot_description/config/kssbot.rviz
-- Up-to-date: /home/kssvm/workspace/ros2/humble/kssbot/install/kssbot_description/share/kssbot_description/config/kssbot_view.rviz
-- Up-to-date: /home/kssvm/workspace/ros2/humble/kssbot/install/kssbot_description/share/kssbot_description/gazebo
-- Up-to-date: /home/kssvm/workspace/ros2/humble/kssbot/install/kssbot_description/share/kssbot_description/gazebo/kssbot.materials.xacro
-- Up-to-date: /home/kssvm/workspace/ros2/humble/kssbot/install/kssbot_description/share/kssbot_description/gazebo/diffbot.gazebo.xacro
-- Up-to-date: /home/kssvm/workspace/ros2/humble/kssbot/install/kssbot_description/share/kssbot_description/launch
-- Up-to-date: /home/kssvm/workspace/ros2/humble/kssbot/install/kssbot_description/share/kssbot_description/launch/view_robot.launch.py
-- Up-to-date: /home/kssvm/workspace/ros2/humble/kssbot/install/kssbot_description/share/kssbot_description/ros2_control
-- Up-to-date: /home/kssvm/workspace/ros2/humble/kssbot/install/kssbot_description/share/kssbot_description/ros2_control/kssbot.ros2_control.xacro
-- Up-to-date: /home/kssvm/workspace/ros2/humble/kssbot/install/kssbot_description/share/kssbot_description/ros2_control/diffbot_system.ros2_control.xacro
-- Up-to-date: /home/kssvm/workspace/ros2/humble/kssbot/install/kssbot_description/share/kssbot_description/urdf
-- Up-to-date: /home/kssvm/workspace/ros2/humble/kssbot/install/kssbot_description/share/kssbot_description/urdf/kssbot_description.urdf.xacro
-- Up-to-date: /home/kssvm/workspace/ros2/humble/kssbot/install/kssbot_description/share/kssbot_description/urdf/kssbot.urdf.xacro
-- Up-to-date: /home/kssvm/workspace/ros2/humble/kssbot/install/kssbot_description/share/ament_index/resource_index/package_run_dependencies/kssbot_description
-- Up-to-date: /home/kssvm/workspace/ros2/humble/kssbot/install/kssbot_description/share/ament_index/resource_index/parent_prefix_path/kssbot_description
-- Up-to-date: /home/kssvm/workspace/ros2/humble/kssbot/install/kssbot_description/share/kssbot_description/environment/ament_prefix_path.sh
-- Up-to-date: /home/kssvm/workspace/ros2/humble/kssbot/install/kssbot_description/share/kssbot_description/environment/ament_prefix_path.dsv
-- Up-to-date: /home/kssvm/workspace/ros2/humble/kssbot/install/kssbot_description/share/kssbot_description/environment/path.sh
-- Up-to-date: /home/kssvm/workspace/ros2/humble/kssbot/install/kssbot_description/share/kssbot_description/environment/path.dsv
-- Up-to-date: /home/kssvm/workspace/ros2/humble/kssbot/install/kssbot_description/share/kssbot_description/local_setup.bash
-- Up-to-date: /home/kssvm/workspace/ros2/humble/kssbot/install/kssbot_description/share/kssbot_description/local_setup.sh
-- Up-to-date: /home/kssvm/workspace/ros2/humble/kssbot/install/kssbot_description/share/kssbot_description/local_setup.zsh
-- Up-to-date: /home/kssvm/workspace/ros2/humble/kssbot/install/kssbot_description/share/kssbot_description/local_setup.dsv
-- Installing: /home/kssvm/workspace/ros2/humble/kssbot/install/kssbot_description/share/kssbot_description/package.dsv
-- Up-to-date: /home/kssvm/workspace/ros2/humble/kssbot/install/kssbot_description/share/ament_index/resource_index/packages/kssbot_description
-- Up-to-date: /home/kssvm/workspace/ros2/humble/kssbot/install/kssbot_description/share/kssbot_description/cmake/kssbot_descriptionConfig.cmake
-- Up-to-date: /home/kssvm/workspace/ros2/humble/kssbot/install/kssbot_description/share/kssbot_description/cmake/kssbot_descriptionConfig-version.cmake
-- Up-to-date: /home/kssvm/workspace/ros2/humble/kssbot/install/kssbot_description/share/kssbot_description/package.xml
