[0.016s] Invoking command in '/home/kssvm/workspace/ros2/humble/kssbot/build/kss_joystick': CMAKE_PREFIX_PATH=/opt/ros/humble /usr/bin/cmake --build /home/kssvm/workspace/ros2/humble/kssbot/build/kss_joystick -- -j4 -l4
[0.052s] Invoked command in '/home/kssvm/workspace/ros2/humble/kssbot/build/kss_joystick' returned '0': CMAKE_PREFIX_PATH=/opt/ros/humble /usr/bin/cmake --build /home/kssvm/workspace/ros2/humble/kssbot/build/kss_joystick -- -j4 -l4
[0.083s] Invoking command in '/home/kssvm/workspace/ros2/humble/kssbot/build/kss_joystick': CMAKE_PREFIX_PATH=/opt/ros/humble /usr/bin/cmake --install /home/kssvm/workspace/ros2/humble/kssbot/build/kss_joystick
[0.090s] -- Install configuration: ""
[0.090s] -- Up-to-date: /home/kssvm/workspace/ros2/humble/kssbot/install/kss_joystick/share/kss_joystick/config
[0.090s] -- Up-to-date: /home/kssvm/workspace/ros2/humble/kssbot/install/kss_joystick/share/kss_joystick/config/joystick.yaml
[0.090s] -- Up-to-date: /home/kssvm/workspace/ros2/humble/kssbot/install/kss_joystick/share/kss_joystick/launch
[0.090s] -- Up-to-date: /home/kssvm/workspace/ros2/humble/kssbot/install/kss_joystick/share/kss_joystick/launch/joystick.launch.py
[0.096s] -- Up-to-date: /home/kssvm/workspace/ros2/humble/kssbot/install/kss_joystick/share/ament_index/resource_index/package_run_dependencies/kss_joystick
[0.096s] -- Up-to-date: /home/kssvm/workspace/ros2/humble/kssbot/install/kss_joystick/share/ament_index/resource_index/parent_prefix_path/kss_joystick
[0.096s] -- Up-to-date: /home/kssvm/workspace/ros2/humble/kssbot/install/kss_joystick/share/kss_joystick/environment/ament_prefix_path.sh
[0.096s] -- Up-to-date: /home/kssvm/workspace/ros2/humble/kssbot/install/kss_joystick/share/kss_joystick/environment/ament_prefix_path.dsv
[0.097s] -- Up-to-date: /home/kssvm/workspace/ros2/humble/kssbot/install/kss_joystick/share/kss_joystick/environment/path.sh
[0.097s] -- Up-to-date: /home/kssvm/workspace/ros2/humble/kssbot/install/kss_joystick/share/kss_joystick/environment/path.dsv
[0.097s] -- Up-to-date: /home/kssvm/workspace/ros2/humble/kssbot/install/kss_joystick/share/kss_joystick/local_setup.bash
[0.097s] -- Up-to-date: /home/kssvm/workspace/ros2/humble/kssbot/install/kss_joystick/share/kss_joystick/local_setup.sh
[0.097s] -- Up-to-date: /home/kssvm/workspace/ros2/humble/kssbot/install/kss_joystick/share/kss_joystick/local_setup.zsh
[0.097s] -- Up-to-date: /home/kssvm/workspace/ros2/humble/kssbot/install/kss_joystick/share/kss_joystick/local_setup.dsv
[0.099s] -- Up-to-date: /home/kssvm/workspace/ros2/humble/kssbot/install/kss_joystick/share/kss_joystick/package.dsv
[0.099s] -- Up-to-date: /home/kssvm/workspace/ros2/humble/kssbot/install/kss_joystick/share/ament_index/resource_index/packages/kss_joystick
[0.099s] -- Up-to-date: /home/kssvm/workspace/ros2/humble/kssbot/install/kss_joystick/share/kss_joystick/cmake/kss_joystickConfig.cmake
[0.099s] -- Up-to-date: /home/kssvm/workspace/ros2/humble/kssbot/install/kss_joystick/share/kss_joystick/cmake/kss_joystickConfig-version.cmake
[0.099s] -- Up-to-date: /home/kssvm/workspace/ros2/humble/kssbot/install/kss_joystick/share/kss_joystick/package.xml
[0.116s] Invoked command in '/home/kssvm/workspace/ros2/humble/kssbot/build/kss_joystick' returned '0': CMAKE_PREFIX_PATH=/opt/ros/humble /usr/bin/cmake --install /home/kssvm/workspace/ros2/humble/kssbot/build/kss_joystick
