[0.028s] Invoking command in '/home/kssvm/workspace/ros2/humble/kssbot/build/kssbot_diffdrive_rasp4': CMAKE_PREFIX_PATH=/opt/ros/humble /usr/bin/cmake --build /home/kssvm/workspace/ros2/humble/kssbot/build/kssbot_diffdrive_rasp4 -- -j4 -l4
[0.067s] [35m[1mConsolidate compiler generated dependencies of target kssbot_diffdrive_rasp4[0m
[0.077s] [ 50%] Built target raspmotorctrl
[0.094s] [ 75%] [32mBuilding CXX object CMakeFiles/kssbot_diffdrive_rasp4.dir/src/kssbot_diffdrive_rasp4.cpp.o[0m
[3.212s] [100%] [32m[1mLinking CXX shared library libkssbot_diffdrive_rasp4.so[0m
[3.327s] [100%] Built target kssbot_diffdrive_rasp4
[3.335s] Invoked command in '/home/kssvm/workspace/ros2/humble/kssbot/build/kssbot_diffdrive_rasp4' returned '0': CMAKE_PREFIX_PATH=/opt/ros/humble /usr/bin/cmake --build /home/kssvm/workspace/ros2/humble/kssbot/build/kssbot_diffdrive_rasp4 -- -j4 -l4
[3.370s] Invoking command in '/home/kssvm/workspace/ros2/humble/kssbot/build/kssbot_diffdrive_rasp4': CMAKE_PREFIX_PATH=/opt/ros/humble /usr/bin/cmake --install /home/kssvm/workspace/ros2/humble/kssbot/build/kssbot_diffdrive_rasp4
[3.370s] -- Install configuration: ""
[3.370s] -- Up-to-date: /home/kssvm/workspace/ros2/humble/kssbot/install/kssbot_diffdrive_rasp4/share/kssbot_diffdrive_rasp4/interface/kssbot_hardware.xml
[3.371s] -- Installing: /home/kssvm/workspace/ros2/humble/kssbot/install/kssbot_diffdrive_rasp4/lib/libkssbot_diffdrive_rasp4.so
[3.375s] -- Set runtime path of "/home/kssvm/workspace/ros2/humble/kssbot/install/kssbot_diffdrive_rasp4/lib/libkssbot_diffdrive_rasp4.so" to ""
[3.378s] -- Up-to-date: /home/kssvm/workspace/ros2/humble/kssbot/install/kssbot_diffdrive_rasp4/include
[3.385s] -- Up-to-date: /home/kssvm/workspace/ros2/humble/kssbot/install/kssbot_diffdrive_rasp4/include/kssbot_hardware
[3.387s] -- Up-to-date: /home/kssvm/workspace/ros2/humble/kssbot/install/kssbot_diffdrive_rasp4/include/kssbot_hardware/visibility_control.h
[3.387s] -- Up-to-date: /home/kssvm/workspace/ros2/humble/kssbot/install/kssbot_diffdrive_rasp4/include/kssbot_hardware/kssbot_diffdrive_rasp4.hpp
[3.387s] -- Up-to-date: /home/kssvm/workspace/ros2/humble/kssbot/install/kssbot_diffdrive_rasp4/share/kssbot_diffdrive_rasp4/environment/library_path.sh
[3.387s] -- Up-to-date: /home/kssvm/workspace/ros2/humble/kssbot/install/kssbot_diffdrive_rasp4/share/kssbot_diffdrive_rasp4/environment/library_path.dsv
[3.387s] -- Up-to-date: /home/kssvm/workspace/ros2/humble/kssbot/install/kssbot_diffdrive_rasp4/share/ament_index/resource_index/package_run_dependencies/kssbot_diffdrive_rasp4
[3.387s] -- Up-to-date: /home/kssvm/workspace/ros2/humble/kssbot/install/kssbot_diffdrive_rasp4/share/ament_index/resource_index/parent_prefix_path/kssbot_diffdrive_rasp4
[3.387s] -- Up-to-date: /home/kssvm/workspace/ros2/humble/kssbot/install/kssbot_diffdrive_rasp4/share/kssbot_diffdrive_rasp4/environment/ament_prefix_path.sh
[3.387s] -- Up-to-date: /home/kssvm/workspace/ros2/humble/kssbot/install/kssbot_diffdrive_rasp4/share/kssbot_diffdrive_rasp4/environment/ament_prefix_path.dsv
[3.387s] -- Up-to-date: /home/kssvm/workspace/ros2/humble/kssbot/install/kssbot_diffdrive_rasp4/share/kssbot_diffdrive_rasp4/environment/path.sh
[3.387s] -- Up-to-date: /home/kssvm/workspace/ros2/humble/kssbot/install/kssbot_diffdrive_rasp4/share/kssbot_diffdrive_rasp4/environment/path.dsv
[3.387s] -- Up-to-date: /home/kssvm/workspace/ros2/humble/kssbot/install/kssbot_diffdrive_rasp4/share/kssbot_diffdrive_rasp4/local_setup.bash
[3.387s] -- Up-to-date: /home/kssvm/workspace/ros2/humble/kssbot/install/kssbot_diffdrive_rasp4/share/kssbot_diffdrive_rasp4/local_setup.sh
[3.387s] -- Up-to-date: /home/kssvm/workspace/ros2/humble/kssbot/install/kssbot_diffdrive_rasp4/share/kssbot_diffdrive_rasp4/local_setup.zsh
[3.387s] -- Up-to-date: /home/kssvm/workspace/ros2/humble/kssbot/install/kssbot_diffdrive_rasp4/share/kssbot_diffdrive_rasp4/local_setup.dsv
[3.387s] -- Installing: /home/kssvm/workspace/ros2/humble/kssbot/install/kssbot_diffdrive_rasp4/share/kssbot_diffdrive_rasp4/package.dsv
[3.387s] -- Up-to-date: /home/kssvm/workspace/ros2/humble/kssbot/install/kssbot_diffdrive_rasp4/share/ament_index/resource_index/packages/kssbot_diffdrive_rasp4
[3.387s] -- Up-to-date: /home/kssvm/workspace/ros2/humble/kssbot/install/kssbot_diffdrive_rasp4/share/ament_index/resource_index/hardware_interface__pluginlib__plugin/kssbot_diffdrive_rasp4
[3.387s] -- Up-to-date: /home/kssvm/workspace/ros2/humble/kssbot/install/kssbot_diffdrive_rasp4/share/kssbot_diffdrive_rasp4/cmake/export_kssbot_diffdrive_rasp4Export.cmake
[3.387s] -- Up-to-date: /home/kssvm/workspace/ros2/humble/kssbot/install/kssbot_diffdrive_rasp4/share/kssbot_diffdrive_rasp4/cmake/export_kssbot_diffdrive_rasp4Export-noconfig.cmake
[3.387s] -- Up-to-date: /home/kssvm/workspace/ros2/humble/kssbot/install/kssbot_diffdrive_rasp4/share/kssbot_diffdrive_rasp4/cmake/ament_cmake_export_include_directories-extras.cmake
[3.387s] -- Up-to-date: /home/kssvm/workspace/ros2/humble/kssbot/install/kssbot_diffdrive_rasp4/share/kssbot_diffdrive_rasp4/cmake/ament_cmake_export_libraries-extras.cmake
[3.387s] -- Up-to-date: /home/kssvm/workspace/ros2/humble/kssbot/install/kssbot_diffdrive_rasp4/share/kssbot_diffdrive_rasp4/cmake/ament_cmake_export_targets-extras.cmake
[3.387s] -- Up-to-date: /home/kssvm/workspace/ros2/humble/kssbot/install/kssbot_diffdrive_rasp4/share/kssbot_diffdrive_rasp4/cmake/ament_cmake_export_dependencies-extras.cmake
[3.387s] -- Up-to-date: /home/kssvm/workspace/ros2/humble/kssbot/install/kssbot_diffdrive_rasp4/share/kssbot_diffdrive_rasp4/cmake/kssbot_diffdrive_rasp4Config.cmake
[3.387s] -- Up-to-date: /home/kssvm/workspace/ros2/humble/kssbot/install/kssbot_diffdrive_rasp4/share/kssbot_diffdrive_rasp4/cmake/kssbot_diffdrive_rasp4Config-version.cmake
[3.388s] -- Up-to-date: /home/kssvm/workspace/ros2/humble/kssbot/install/kssbot_diffdrive_rasp4/share/kssbot_diffdrive_rasp4/package.xml
[3.388s] Invoked command in '/home/kssvm/workspace/ros2/humble/kssbot/build/kssbot_diffdrive_rasp4' returned '0': CMAKE_PREFIX_PATH=/opt/ros/humble /usr/bin/cmake --install /home/kssvm/workspace/ros2/humble/kssbot/build/kssbot_diffdrive_rasp4
