-- Install configuration: ""
-- Up-to-date: /home/kssvm/workspace/ros2/humble/kssbot/install/kssbot_bringup/share/kssbot_bringup/config
-- Up-to-date: /home/kssvm/workspace/ros2/humble/kssbot/install/kssbot_bringup/share/kssbot_bringup/config/kssbot_controllers.yaml
-- Up-to-date: /home/kssvm/workspace/ros2/humble/kssbot/install/kssbot_bringup/share/kssbot_bringup/launch
-- Up-to-date: /home/kssvm/workspace/ros2/humble/kssbot/install/kssbot_bringup/share/kssbot_bringup/launch/kssbot.launch.py
-- Up-to-date: /home/kssvm/workspace/ros2/humble/kssbot/install/kssbot_bringup/share/ament_index/resource_index/package_run_dependencies/kssbot_bringup
-- Up-to-date: /home/kssvm/workspace/ros2/humble/kssbot/install/kssbot_bringup/share/ament_index/resource_index/parent_prefix_path/kssbot_bringup
-- Up-to-date: /home/kssvm/workspace/ros2/humble/kssbot/install/kssbot_bringup/share/kssbot_bringup/environment/ament_prefix_path.sh
-- Up-to-date: /home/kssvm/workspace/ros2/humble/kssbot/install/kssbot_bringup/share/kssbot_bringup/environment/ament_prefix_path.dsv
-- Up-to-date: /home/kssvm/workspace/ros2/humble/kssbot/install/kssbot_bringup/share/kssbot_bringup/environment/path.sh
-- Up-to-date: /home/kssvm/workspace/ros2/humble/kssbot/install/kssbot_bringup/share/kssbot_bringup/environment/path.dsv
-- Up-to-date: /home/kssvm/workspace/ros2/humble/kssbot/install/kssbot_bringup/share/kssbot_bringup/local_setup.bash
-- Up-to-date: /home/kssvm/workspace/ros2/humble/kssbot/install/kssbot_bringup/share/kssbot_bringup/local_setup.sh
-- Up-to-date: /home/kssvm/workspace/ros2/humble/kssbot/install/kssbot_bringup/share/kssbot_bringup/local_setup.zsh
-- Up-to-date: /home/kssvm/workspace/ros2/humble/kssbot/install/kssbot_bringup/share/kssbot_bringup/local_setup.dsv
-- Up-to-date: /home/kssvm/workspace/ros2/humble/kssbot/install/kssbot_bringup/share/kssbot_bringup/package.dsv
-- Up-to-date: /home/kssvm/workspace/ros2/humble/kssbot/install/kssbot_bringup/share/ament_index/resource_index/packages/kssbot_bringup
-- Up-to-date: /home/kssvm/workspace/ros2/humble/kssbot/install/kssbot_bringup/share/kssbot_bringup/cmake/kssbot_bringupConfig.cmake
-- Up-to-date: /home/kssvm/workspace/ros2/humble/kssbot/install/kssbot_bringup/share/kssbot_bringup/cmake/kssbot_bringupConfig-version.cmake
-- Up-to-date: /home/kssvm/workspace/ros2/humble/kssbot/install/kssbot_bringup/share/kssbot_bringup/package.xml
