[0.006s] Invoking command in '/home/kssvm/workspace/ros2/humble/kssbot/build/kssbot_bringup': AMENT_PREFIX_PATH=/home/kssvm/workspace/ros2/humble/kssbot/install/kssbot_description:${AMENT_PREFIX_PATH} CMAKE_PREFIX_PATH=/home/kssvm/workspace/ros2/humble/kssbot/install/kssbot_description:/opt/ros/humble /usr/bin/cmake --build /home/kssvm/workspace/ros2/humble/kssbot/build/kssbot_bringup -- -j4 -l4
[0.032s] Invoked command in '/home/kssvm/workspace/ros2/humble/kssbot/build/kssbot_bringup' returned '0': AMENT_PREFIX_PATH=/home/kssvm/workspace/ros2/humble/kssbot/install/kssbot_description:${AMENT_PREFIX_PATH} CMAKE_PREFIX_PATH=/home/kssvm/workspace/ros2/humble/kssbot/install/kssbot_description:/opt/ros/humble /usr/bin/cmake --build /home/kssvm/workspace/ros2/humble/kssbot/build/kssbot_bringup -- -j4 -l4
[0.051s] Invoking command in '/home/kssvm/workspace/ros2/humble/kssbot/build/kssbot_bringup': AMENT_PREFIX_PATH=/home/kssvm/workspace/ros2/humble/kssbot/install/kssbot_description:${AMENT_PREFIX_PATH} CMAKE_PREFIX_PATH=/home/kssvm/workspace/ros2/humble/kssbot/install/kssbot_description:/opt/ros/humble /usr/bin/cmake --install /home/kssvm/workspace/ros2/humble/kssbot/build/kssbot_bringup
[0.056s] -- Install configuration: ""
[0.056s] -- Up-to-date: /home/kssvm/workspace/ros2/humble/kssbot/install/kssbot_bringup/share/kssbot_bringup/config
[0.056s] -- Up-to-date: /home/kssvm/workspace/ros2/humble/kssbot/install/kssbot_bringup/share/kssbot_bringup/config/kssbot_controllers.yaml
[0.057s] -- Up-to-date: /home/kssvm/workspace/ros2/humble/kssbot/install/kssbot_bringup/share/kssbot_bringup/launch
[0.057s] -- Up-to-date: /home/kssvm/workspace/ros2/humble/kssbot/install/kssbot_bringup/share/kssbot_bringup/launch/kssbot.launch.py
[0.058s] -- Up-to-date: /home/kssvm/workspace/ros2/humble/kssbot/install/kssbot_bringup/share/ament_index/resource_index/package_run_dependencies/kssbot_bringup
[0.058s] -- Up-to-date: /home/kssvm/workspace/ros2/humble/kssbot/install/kssbot_bringup/share/ament_index/resource_index/parent_prefix_path/kssbot_bringup
[0.058s] -- Up-to-date: /home/kssvm/workspace/ros2/humble/kssbot/install/kssbot_bringup/share/kssbot_bringup/environment/ament_prefix_path.sh
[0.058s] -- Up-to-date: /home/kssvm/workspace/ros2/humble/kssbot/install/kssbot_bringup/share/kssbot_bringup/environment/ament_prefix_path.dsv
[0.058s] -- Up-to-date: /home/kssvm/workspace/ros2/humble/kssbot/install/kssbot_bringup/share/kssbot_bringup/environment/path.sh
[0.058s] -- Up-to-date: /home/kssvm/workspace/ros2/humble/kssbot/install/kssbot_bringup/share/kssbot_bringup/environment/path.dsv
[0.058s] -- Up-to-date: /home/kssvm/workspace/ros2/humble/kssbot/install/kssbot_bringup/share/kssbot_bringup/local_setup.bash
[0.058s] -- Up-to-date: /home/kssvm/workspace/ros2/humble/kssbot/install/kssbot_bringup/share/kssbot_bringup/local_setup.sh
[0.058s] -- Up-to-date: /home/kssvm/workspace/ros2/humble/kssbot/install/kssbot_bringup/share/kssbot_bringup/local_setup.zsh
[0.059s] -- Up-to-date: /home/kssvm/workspace/ros2/humble/kssbot/install/kssbot_bringup/share/kssbot_bringup/local_setup.dsv
[0.059s] -- Up-to-date: /home/kssvm/workspace/ros2/humble/kssbot/install/kssbot_bringup/share/kssbot_bringup/package.dsv
[0.059s] -- Up-to-date: /home/kssvm/workspace/ros2/humble/kssbot/install/kssbot_bringup/share/ament_index/resource_index/packages/kssbot_bringup
[0.059s] -- Up-to-date: /home/kssvm/workspace/ros2/humble/kssbot/install/kssbot_bringup/share/kssbot_bringup/cmake/kssbot_bringupConfig.cmake
[0.059s] -- Up-to-date: /home/kssvm/workspace/ros2/humble/kssbot/install/kssbot_bringup/share/kssbot_bringup/cmake/kssbot_bringupConfig-version.cmake
[0.059s] -- Up-to-date: /home/kssvm/workspace/ros2/humble/kssbot/install/kssbot_bringup/share/kssbot_bringup/package.xml
[0.061s] Invoked command in '/home/kssvm/workspace/ros2/humble/kssbot/build/kssbot_bringup' returned '0': AMENT_PREFIX_PATH=/home/kssvm/workspace/ros2/humble/kssbot/install/kssbot_description:${AMENT_PREFIX_PATH} CMAKE_PREFIX_PATH=/home/kssvm/workspace/ros2/humble/kssbot/install/kssbot_description:/opt/ros/humble /usr/bin/cmake --install /home/kssvm/workspace/ros2/humble/kssbot/build/kssbot_bringup
