[0.010s] Invoking command in '/home/kssvm/workspace/ros2/humble/kssbot/build/kssbot_bringup': AMENT_PREFIX_PATH=/home/kssvm/workspace/ros2/humble/kssbot/install/kssbot_description:${AMENT_PREFIX_PATH} CMAKE_PREFIX_PATH=/home/kssvm/workspace/ros2/humble/kssbot/install/kssbot_description:/opt/ros/humble /usr/bin/cmake /home/kssvm/workspace/ros2/humble/kssbot/src/kssbot/kssbot_bringup -DCMAKE_INSTALL_PREFIX=/home/kssvm/workspace/ros2/humble/kssbot/install/kssbot_bringup
[0.053s] -- The C compiler identification is GNU 11.3.0
[0.110s] -- The CXX compiler identification is GNU 11.3.0
[0.114s] -- Detecting C compiler ABI info
[0.173s] -- Detecting C compiler ABI info - done
[0.182s] -- Check for working C compiler: /usr/bin/cc - skipped
[0.182s] -- Detecting C compile features
[0.183s] -- Detecting C compile features - done
[0.184s] -- Detecting CXX compiler ABI info
[0.240s] -- Detecting CXX compiler ABI info - done
[0.248s] -- Check for working CXX compiler: /usr/bin/c++ - skipped
[0.248s] -- Detecting CXX compile features
[0.249s] -- Detecting CXX compile features - done
[0.250s] -- Found ament_cmake: 1.3.3 (/opt/ros/humble/share/ament_cmake/cmake)
[0.380s] -- Found Python3: /usr/bin/python3.10 (found version "3.10.6") found components: Interpreter 
[0.491s] -- Configuring done
[0.491s] -- Generating done
[0.491s] -- Build files have been written to: /home/kssvm/workspace/ros2/humble/kssbot/build/kssbot_bringup
[0.491s] Invoked command in '/home/kssvm/workspace/ros2/humble/kssbot/build/kssbot_bringup' returned '0': AMENT_PREFIX_PATH=/home/kssvm/workspace/ros2/humble/kssbot/install/kssbot_description:${AMENT_PREFIX_PATH} CMAKE_PREFIX_PATH=/home/kssvm/workspace/ros2/humble/kssbot/install/kssbot_description:/opt/ros/humble /usr/bin/cmake /home/kssvm/workspace/ros2/humble/kssbot/src/kssbot/kssbot_bringup -DCMAKE_INSTALL_PREFIX=/home/kssvm/workspace/ros2/humble/kssbot/install/kssbot_bringup
[0.493s] Invoking command in '/home/kssvm/workspace/ros2/humble/kssbot/build/kssbot_bringup': AMENT_PREFIX_PATH=/home/kssvm/workspace/ros2/humble/kssbot/install/kssbot_description:${AMENT_PREFIX_PATH} CMAKE_PREFIX_PATH=/home/kssvm/workspace/ros2/humble/kssbot/install/kssbot_description:/opt/ros/humble /usr/bin/cmake --build /home/kssvm/workspace/ros2/humble/kssbot/build/kssbot_bringup -- -j4 -l4
[0.512s] Invoked command in '/home/kssvm/workspace/ros2/humble/kssbot/build/kssbot_bringup' returned '0': AMENT_PREFIX_PATH=/home/kssvm/workspace/ros2/humble/kssbot/install/kssbot_description:${AMENT_PREFIX_PATH} CMAKE_PREFIX_PATH=/home/kssvm/workspace/ros2/humble/kssbot/install/kssbot_description:/opt/ros/humble /usr/bin/cmake --build /home/kssvm/workspace/ros2/humble/kssbot/build/kssbot_bringup -- -j4 -l4
[0.524s] Invoking command in '/home/kssvm/workspace/ros2/humble/kssbot/build/kssbot_bringup': AMENT_PREFIX_PATH=/home/kssvm/workspace/ros2/humble/kssbot/install/kssbot_description:${AMENT_PREFIX_PATH} CMAKE_PREFIX_PATH=/home/kssvm/workspace/ros2/humble/kssbot/install/kssbot_description:/opt/ros/humble /usr/bin/cmake --install /home/kssvm/workspace/ros2/humble/kssbot/build/kssbot_bringup
[0.528s] -- Install configuration: ""
[0.528s] -- Installing: /home/kssvm/workspace/ros2/humble/kssbot/install/kssbot_bringup/share/kssbot_bringup/config
[0.528s] -- Installing: /home/kssvm/workspace/ros2/humble/kssbot/install/kssbot_bringup/share/kssbot_bringup/config/kssbot_controllers.yaml
[0.528s] -- Installing: /home/kssvm/workspace/ros2/humble/kssbot/install/kssbot_bringup/share/kssbot_bringup/launch
[0.529s] -- Installing: /home/kssvm/workspace/ros2/humble/kssbot/install/kssbot_bringup/share/kssbot_bringup/launch/kssbot.launch.py
[0.529s] -- Installing: /home/kssvm/workspace/ros2/humble/kssbot/install/kssbot_bringup/share/ament_index/resource_index/package_run_dependencies/kssbot_bringup
[0.529s] -- Installing: /home/kssvm/workspace/ros2/humble/kssbot/install/kssbot_bringup/share/ament_index/resource_index/parent_prefix_path/kssbot_bringup
[0.529s] -- Installing: /home/kssvm/workspace/ros2/humble/kssbot/install/kssbot_bringup/share/kssbot_bringup/environment/ament_prefix_path.sh
[0.529s] -- Installing: /home/kssvm/workspace/ros2/humble/kssbot/install/kssbot_bringup/share/kssbot_bringup/environment/ament_prefix_path.dsv
[0.530s] -- Installing: /home/kssvm/workspace/ros2/humble/kssbot/install/kssbot_bringup/share/kssbot_bringup/environment/path.sh
[0.530s] -- Installing: /home/kssvm/workspace/ros2/humble/kssbot/install/kssbot_bringup/share/kssbot_bringup/environment/path.dsv
[0.530s] -- Installing: /home/kssvm/workspace/ros2/humble/kssbot/install/kssbot_bringup/share/kssbot_bringup/local_setup.bash
[0.530s] -- Installing: /home/kssvm/workspace/ros2/humble/kssbot/install/kssbot_bringup/share/kssbot_bringup/local_setup.sh
[0.530s] -- Installing: /home/kssvm/workspace/ros2/humble/kssbot/install/kssbot_bringup/share/kssbot_bringup/local_setup.zsh
[0.530s] -- Installing: /home/kssvm/workspace/ros2/humble/kssbot/install/kssbot_bringup/share/kssbot_bringup/local_setup.dsv
[0.530s] -- Installing: /home/kssvm/workspace/ros2/humble/kssbot/install/kssbot_bringup/share/kssbot_bringup/package.dsv
[0.531s] -- Installing: /home/kssvm/workspace/ros2/humble/kssbot/install/kssbot_bringup/share/ament_index/resource_index/packages/kssbot_bringup
[0.531s] -- Installing: /home/kssvm/workspace/ros2/humble/kssbot/install/kssbot_bringup/share/kssbot_bringup/cmake/kssbot_bringupConfig.cmake
[0.531s] -- Installing: /home/kssvm/workspace/ros2/humble/kssbot/install/kssbot_bringup/share/kssbot_bringup/cmake/kssbot_bringupConfig-version.cmake
[0.531s] -- Installing: /home/kssvm/workspace/ros2/humble/kssbot/install/kssbot_bringup/share/kssbot_bringup/package.xml
[0.534s] Invoked command in '/home/kssvm/workspace/ros2/humble/kssbot/build/kssbot_bringup' returned '0': AMENT_PREFIX_PATH=/home/kssvm/workspace/ros2/humble/kssbot/install/kssbot_description:${AMENT_PREFIX_PATH} CMAKE_PREFIX_PATH=/home/kssvm/workspace/ros2/humble/kssbot/install/kssbot_description:/opt/ros/humble /usr/bin/cmake --install /home/kssvm/workspace/ros2/humble/kssbot/build/kssbot_bringup
