[0.214s] DEBUG:colcon:Command line arguments: ['/usr/bin/colcon', 'build', '--packages-select', 'kss_joystick']
[0.214s] DEBUG:colcon:Parsed command line arguments: Namespace(log_base=None, log_level=None, verb_name='build', build_base='build', install_base='install', merge_install=False, symlink_install=False, test_result_base=None, continue_on_error=False, executor='parallel', parallel_workers=4, event_handlers=None, ignore_user_meta=False, metas=['./colcon.meta'], base_paths=['.'], packages_ignore=None, packages_ignore_regex=None, paths=None, packages_up_to=None, packages_up_to_regex=None, packages_above=None, packages_above_and_dependencies=None, packages_above_depth=None, packages_select_by_dep=None, packages_skip_by_dep=None, packages_skip_up_to=None, packages_select_build_failed=False, packages_skip_build_finished=False, packages_select_test_failures=False, packages_skip_test_passed=False, packages_select=['kss_joystick'], packages_skip=None, packages_select_regex=None, packages_skip_regex=None, packages_start=None, packages_end=None, allow_overriding=[], cmake_args=None, cmake_target=None, cmake_target_skip_unavailable=False, cmake_clean_cache=False, cmake_clean_first=False, cmake_force_configure=False, ament_cmake_args=None, catkin_cmake_args=None, catkin_skip_building_tests=False, verb_parser=<colcon_defaults.argument_parser.defaults.DefaultArgumentsDecorator object at 0x7eff291619c0>, verb_extension=<colcon_core.verb.build.BuildVerb object at 0x7eff2933f910>, main=<bound method BuildVerb.main of <colcon_core.verb.build.BuildVerb object at 0x7eff2933f910>>)
[0.233s] Level 1:colcon.colcon_core.package_discovery:discover_packages(colcon_meta) check parameters
[0.233s] Level 1:colcon.colcon_core.package_discovery:discover_packages(recursive) check parameters
[0.234s] Level 1:colcon.colcon_core.package_discovery:discover_packages(ignore) check parameters
[0.234s] Level 1:colcon.colcon_core.package_discovery:discover_packages(path) check parameters
[0.234s] Level 1:colcon.colcon_core.package_discovery:discover_packages(colcon_meta) discover
[0.234s] Level 1:colcon.colcon_core.package_discovery:discover_packages(recursive) discover
[0.234s] INFO:colcon.colcon_core.package_discovery:Crawling recursively for packages in '/home/kssvm/workspace/ros2/humble/kssbot/kssbot'
[0.234s] Level 1:colcon.colcon_core.package_identification:_identify(.) by extensions ['ignore', 'ignore_ament_install']
[0.234s] Level 1:colcon.colcon_core.package_identification:_identify(.) by extension 'ignore'
[0.234s] Level 1:colcon.colcon_core.package_identification:_identify(.) by extension 'ignore_ament_install'
[0.234s] Level 1:colcon.colcon_core.package_identification:_identify(.) by extensions ['colcon_pkg']
[0.234s] Level 1:colcon.colcon_core.package_identification:_identify(.) by extension 'colcon_pkg'
[0.234s] Level 1:colcon.colcon_core.package_identification:_identify(.) by extensions ['colcon_meta']
[0.234s] Level 1:colcon.colcon_core.package_identification:_identify(.) by extension 'colcon_meta'
[0.234s] Level 1:colcon.colcon_core.package_identification:_identify(.) by extensions ['ros']
[0.234s] Level 1:colcon.colcon_core.package_identification:_identify(.) by extension 'ros'
[0.242s] Level 1:colcon.colcon_core.package_identification:_identify(.) by extensions ['cmake', 'python']
[0.242s] Level 1:colcon.colcon_core.package_identification:_identify(.) by extension 'cmake'
[0.242s] Level 1:colcon.colcon_core.package_identification:_identify(.) by extension 'python'
[0.242s] Level 1:colcon.colcon_core.package_identification:_identify(.) by extensions ['python_setup_py']
[0.242s] Level 1:colcon.colcon_core.package_identification:_identify(.) by extension 'python_setup_py'
[0.242s] Level 1:colcon.colcon_core.package_identification:_identify(build) by extensions ['ignore', 'ignore_ament_install']
[0.242s] Level 1:colcon.colcon_core.package_identification:_identify(build) by extension 'ignore'
[0.242s] Level 1:colcon.colcon_core.package_identification:_identify(build) ignored
[0.242s] Level 1:colcon.colcon_core.package_identification:_identify(install) by extensions ['ignore', 'ignore_ament_install']
[0.242s] Level 1:colcon.colcon_core.package_identification:_identify(install) by extension 'ignore'
[0.242s] Level 1:colcon.colcon_core.package_identification:_identify(install) ignored
[0.243s] Level 1:colcon.colcon_core.package_identification:_identify(log) by extensions ['ignore', 'ignore_ament_install']
[0.243s] Level 1:colcon.colcon_core.package_identification:_identify(log) by extension 'ignore'
[0.243s] Level 1:colcon.colcon_core.package_identification:_identify(log) ignored
[0.243s] Level 1:colcon.colcon_core.package_identification:_identify(src) by extensions ['ignore', 'ignore_ament_install']
[0.243s] Level 1:colcon.colcon_core.package_identification:_identify(src) by extension 'ignore'
[0.243s] Level 1:colcon.colcon_core.package_identification:_identify(src) by extension 'ignore_ament_install'
[0.243s] Level 1:colcon.colcon_core.package_identification:_identify(src) by extensions ['colcon_pkg']
[0.243s] Level 1:colcon.colcon_core.package_identification:_identify(src) by extension 'colcon_pkg'
[0.243s] Level 1:colcon.colcon_core.package_identification:_identify(src) by extensions ['colcon_meta']
[0.243s] Level 1:colcon.colcon_core.package_identification:_identify(src) by extension 'colcon_meta'
[0.243s] Level 1:colcon.colcon_core.package_identification:_identify(src) by extensions ['ros']
[0.243s] Level 1:colcon.colcon_core.package_identification:_identify(src) by extension 'ros'
[0.243s] Level 1:colcon.colcon_core.package_identification:_identify(src) by extensions ['cmake', 'python']
[0.243s] Level 1:colcon.colcon_core.package_identification:_identify(src) by extension 'cmake'
[0.243s] Level 1:colcon.colcon_core.package_identification:_identify(src) by extension 'python'
[0.243s] Level 1:colcon.colcon_core.package_identification:_identify(src) by extensions ['python_setup_py']
[0.243s] Level 1:colcon.colcon_core.package_identification:_identify(src) by extension 'python_setup_py'
[0.244s] Level 1:colcon.colcon_core.package_identification:_identify(src/HW_Modules) by extensions ['ignore', 'ignore_ament_install']
[0.244s] Level 1:colcon.colcon_core.package_identification:_identify(src/HW_Modules) by extension 'ignore'
[0.244s] Level 1:colcon.colcon_core.package_identification:_identify(src/HW_Modules) by extension 'ignore_ament_install'
[0.244s] Level 1:colcon.colcon_core.package_identification:_identify(src/HW_Modules) by extensions ['colcon_pkg']
[0.244s] Level 1:colcon.colcon_core.package_identification:_identify(src/HW_Modules) by extension 'colcon_pkg'
[0.244s] Level 1:colcon.colcon_core.package_identification:_identify(src/HW_Modules) by extensions ['colcon_meta']
[0.244s] Level 1:colcon.colcon_core.package_identification:_identify(src/HW_Modules) by extension 'colcon_meta'
[0.244s] Level 1:colcon.colcon_core.package_identification:_identify(src/HW_Modules) by extensions ['ros']
[0.244s] Level 1:colcon.colcon_core.package_identification:_identify(src/HW_Modules) by extension 'ros'
[0.244s] Level 1:colcon.colcon_core.package_identification:_identify(src/HW_Modules) by extensions ['cmake', 'python']
[0.244s] Level 1:colcon.colcon_core.package_identification:_identify(src/HW_Modules) by extension 'cmake'
[0.244s] Level 1:colcon.colcon_core.package_identification:_identify(src/HW_Modules) by extension 'python'
[0.244s] Level 1:colcon.colcon_core.package_identification:_identify(src/HW_Modules) by extensions ['python_setup_py']
[0.244s] Level 1:colcon.colcon_core.package_identification:_identify(src/HW_Modules) by extension 'python_setup_py'
[0.244s] Level 1:colcon.colcon_core.package_identification:_identify(src/HW_Modules/doc) by extensions ['ignore', 'ignore_ament_install']
[0.244s] Level 1:colcon.colcon_core.package_identification:_identify(src/HW_Modules/doc) by extension 'ignore'
[0.244s] Level 1:colcon.colcon_core.package_identification:_identify(src/HW_Modules/doc) by extension 'ignore_ament_install'
[0.244s] Level 1:colcon.colcon_core.package_identification:_identify(src/HW_Modules/doc) by extensions ['colcon_pkg']
[0.244s] Level 1:colcon.colcon_core.package_identification:_identify(src/HW_Modules/doc) by extension 'colcon_pkg'
[0.245s] Level 1:colcon.colcon_core.package_identification:_identify(src/HW_Modules/doc) by extensions ['colcon_meta']
[0.245s] Level 1:colcon.colcon_core.package_identification:_identify(src/HW_Modules/doc) by extension 'colcon_meta'
[0.245s] Level 1:colcon.colcon_core.package_identification:_identify(src/HW_Modules/doc) by extensions ['ros']
[0.245s] Level 1:colcon.colcon_core.package_identification:_identify(src/HW_Modules/doc) by extension 'ros'
[0.245s] Level 1:colcon.colcon_core.package_identification:_identify(src/HW_Modules/doc) by extensions ['cmake', 'python']
[0.245s] Level 1:colcon.colcon_core.package_identification:_identify(src/HW_Modules/doc) by extension 'cmake'
[0.245s] Level 1:colcon.colcon_core.package_identification:_identify(src/HW_Modules/doc) by extension 'python'
[0.245s] Level 1:colcon.colcon_core.package_identification:_identify(src/HW_Modules/doc) by extensions ['python_setup_py']
[0.245s] Level 1:colcon.colcon_core.package_identification:_identify(src/HW_Modules/doc) by extension 'python_setup_py'
[0.245s] Level 1:colcon.colcon_core.package_identification:_identify(src/HW_Modules/kssbot_bringup) by extensions ['ignore', 'ignore_ament_install']
[0.245s] Level 1:colcon.colcon_core.package_identification:_identify(src/HW_Modules/kssbot_bringup) by extension 'ignore'
[0.245s] Level 1:colcon.colcon_core.package_identification:_identify(src/HW_Modules/kssbot_bringup) by extension 'ignore_ament_install'
[0.245s] Level 1:colcon.colcon_core.package_identification:_identify(src/HW_Modules/kssbot_bringup) by extensions ['colcon_pkg']
[0.245s] Level 1:colcon.colcon_core.package_identification:_identify(src/HW_Modules/kssbot_bringup) by extension 'colcon_pkg'
[0.245s] Level 1:colcon.colcon_core.package_identification:_identify(src/HW_Modules/kssbot_bringup) by extensions ['colcon_meta']
[0.245s] Level 1:colcon.colcon_core.package_identification:_identify(src/HW_Modules/kssbot_bringup) by extension 'colcon_meta'
[0.245s] Level 1:colcon.colcon_core.package_identification:_identify(src/HW_Modules/kssbot_bringup) by extensions ['ros']
[0.245s] Level 1:colcon.colcon_core.package_identification:_identify(src/HW_Modules/kssbot_bringup) by extension 'ros'
[0.247s] DEBUG:colcon.colcon_core.package_identification:Package 'src/HW_Modules/kssbot_bringup' with type 'ros.ament_cmake' and name 'kssbot_bringup'
[0.247s] Level 1:colcon.colcon_core.package_identification:_identify(src/HW_Modules/kssbot_description) by extensions ['ignore', 'ignore_ament_install']
[0.247s] Level 1:colcon.colcon_core.package_identification:_identify(src/HW_Modules/kssbot_description) by extension 'ignore'
[0.247s] Level 1:colcon.colcon_core.package_identification:_identify(src/HW_Modules/kssbot_description) by extension 'ignore_ament_install'
[0.247s] Level 1:colcon.colcon_core.package_identification:_identify(src/HW_Modules/kssbot_description) by extensions ['colcon_pkg']
[0.247s] Level 1:colcon.colcon_core.package_identification:_identify(src/HW_Modules/kssbot_description) by extension 'colcon_pkg'
[0.247s] Level 1:colcon.colcon_core.package_identification:_identify(src/HW_Modules/kssbot_description) by extensions ['colcon_meta']
[0.247s] Level 1:colcon.colcon_core.package_identification:_identify(src/HW_Modules/kssbot_description) by extension 'colcon_meta'
[0.247s] Level 1:colcon.colcon_core.package_identification:_identify(src/HW_Modules/kssbot_description) by extensions ['ros']
[0.248s] Level 1:colcon.colcon_core.package_identification:_identify(src/HW_Modules/kssbot_description) by extension 'ros'
[0.248s] Level 1:colcon.colcon_core.package_identification:_identify(src/HW_Modules/kssbot_description) by extensions ['cmake', 'python']
[0.248s] Level 1:colcon.colcon_core.package_identification:_identify(src/HW_Modules/kssbot_description) by extension 'cmake'
[0.248s] Level 1:colcon.colcon_core.package_identification:_identify(src/HW_Modules/kssbot_description) by extension 'python'
[0.248s] Level 1:colcon.colcon_core.package_identification:_identify(src/HW_Modules/kssbot_description) by extensions ['python_setup_py']
[0.248s] Level 1:colcon.colcon_core.package_identification:_identify(src/HW_Modules/kssbot_description) by extension 'python_setup_py'
[0.248s] Level 1:colcon.colcon_core.package_identification:_identify(src/HW_Modules/kssbot_description/diffbot_description) by extensions ['ignore', 'ignore_ament_install']
[0.248s] Level 1:colcon.colcon_core.package_identification:_identify(src/HW_Modules/kssbot_description/diffbot_description) by extension 'ignore'
[0.248s] Level 1:colcon.colcon_core.package_identification:_identify(src/HW_Modules/kssbot_description/diffbot_description) by extension 'ignore_ament_install'
[0.248s] Level 1:colcon.colcon_core.package_identification:_identify(src/HW_Modules/kssbot_description/diffbot_description) by extensions ['colcon_pkg']
[0.248s] Level 1:colcon.colcon_core.package_identification:_identify(src/HW_Modules/kssbot_description/diffbot_description) by extension 'colcon_pkg'
[0.248s] Level 1:colcon.colcon_core.package_identification:_identify(src/HW_Modules/kssbot_description/diffbot_description) by extensions ['colcon_meta']
[0.248s] Level 1:colcon.colcon_core.package_identification:_identify(src/HW_Modules/kssbot_description/diffbot_description) by extension 'colcon_meta'
[0.248s] Level 1:colcon.colcon_core.package_identification:_identify(src/HW_Modules/kssbot_description/diffbot_description) by extensions ['ros']
[0.248s] Level 1:colcon.colcon_core.package_identification:_identify(src/HW_Modules/kssbot_description/diffbot_description) by extension 'ros'
[0.249s] DEBUG:colcon.colcon_core.package_identification:Package 'src/HW_Modules/kssbot_description/diffbot_description' with type 'ros.ament_cmake' and name 'kssbot_description'
[0.249s] Level 1:colcon.colcon_core.package_identification:_identify(src/HW_Modules/kssbot_hardware) by extensions ['ignore', 'ignore_ament_install']
[0.249s] Level 1:colcon.colcon_core.package_identification:_identify(src/HW_Modules/kssbot_hardware) by extension 'ignore'
[0.249s] Level 1:colcon.colcon_core.package_identification:_identify(src/HW_Modules/kssbot_hardware) by extension 'ignore_ament_install'
[0.249s] Level 1:colcon.colcon_core.package_identification:_identify(src/HW_Modules/kssbot_hardware) by extensions ['colcon_pkg']
[0.249s] Level 1:colcon.colcon_core.package_identification:_identify(src/HW_Modules/kssbot_hardware) by extension 'colcon_pkg'
[0.249s] Level 1:colcon.colcon_core.package_identification:_identify(src/HW_Modules/kssbot_hardware) by extensions ['colcon_meta']
[0.249s] Level 1:colcon.colcon_core.package_identification:_identify(src/HW_Modules/kssbot_hardware) by extension 'colcon_meta'
[0.249s] Level 1:colcon.colcon_core.package_identification:_identify(src/HW_Modules/kssbot_hardware) by extensions ['ros']
[0.249s] Level 1:colcon.colcon_core.package_identification:_identify(src/HW_Modules/kssbot_hardware) by extension 'ros'
[0.250s] DEBUG:colcon.colcon_core.package_identification:Package 'src/HW_Modules/kssbot_hardware' with type 'ros.ament_cmake' and name 'kssbot_hardware'
[0.250s] Level 1:colcon.colcon_core.package_identification:_identify(src/kss_joystick) by extensions ['ignore', 'ignore_ament_install']
[0.250s] Level 1:colcon.colcon_core.package_identification:_identify(src/kss_joystick) by extension 'ignore'
[0.250s] Level 1:colcon.colcon_core.package_identification:_identify(src/kss_joystick) by extension 'ignore_ament_install'
[0.250s] Level 1:colcon.colcon_core.package_identification:_identify(src/kss_joystick) by extensions ['colcon_pkg']
[0.250s] Level 1:colcon.colcon_core.package_identification:_identify(src/kss_joystick) by extension 'colcon_pkg'
[0.250s] Level 1:colcon.colcon_core.package_identification:_identify(src/kss_joystick) by extensions ['colcon_meta']
[0.250s] Level 1:colcon.colcon_core.package_identification:_identify(src/kss_joystick) by extension 'colcon_meta'
[0.250s] Level 1:colcon.colcon_core.package_identification:_identify(src/kss_joystick) by extensions ['ros']
[0.250s] Level 1:colcon.colcon_core.package_identification:_identify(src/kss_joystick) by extension 'ros'
[0.250s] DEBUG:colcon.colcon_core.package_identification:Package 'src/kss_joystick' with type 'ros.ament_cmake' and name 'kss_joystick'
[0.250s] Level 1:colcon.colcon_core.package_identification:_identify(src/motorctrl) by extensions ['ignore', 'ignore_ament_install']
[0.251s] Level 1:colcon.colcon_core.package_identification:_identify(src/motorctrl) by extension 'ignore'
[0.251s] Level 1:colcon.colcon_core.package_identification:_identify(src/motorctrl) by extension 'ignore_ament_install'
[0.251s] Level 1:colcon.colcon_core.package_identification:_identify(src/motorctrl) by extensions ['colcon_pkg']
[0.251s] Level 1:colcon.colcon_core.package_identification:_identify(src/motorctrl) by extension 'colcon_pkg'
[0.251s] Level 1:colcon.colcon_core.package_identification:_identify(src/motorctrl) by extensions ['colcon_meta']
[0.251s] Level 1:colcon.colcon_core.package_identification:_identify(src/motorctrl) by extension 'colcon_meta'
[0.251s] Level 1:colcon.colcon_core.package_identification:_identify(src/motorctrl) by extensions ['ros']
[0.251s] Level 1:colcon.colcon_core.package_identification:_identify(src/motorctrl) by extension 'ros'
[0.251s] DEBUG:colcon.colcon_core.package_identification:Package 'src/motorctrl' with type 'ros.ament_cmake' and name 'motorctrl'
[0.251s] Level 1:colcon.colcon_core.package_discovery:discover_packages(recursive) using defaults
[0.251s] Level 1:colcon.colcon_core.package_discovery:discover_packages(ignore) discover
[0.251s] Level 1:colcon.colcon_core.package_discovery:discover_packages(ignore) using defaults
[0.251s] Level 1:colcon.colcon_core.package_discovery:discover_packages(path) discover
[0.251s] Level 1:colcon.colcon_core.package_discovery:discover_packages(path) using defaults
[0.267s] INFO:colcon.colcon_core.package_selection:Skipping not selected package 'kssbot_description' in 'src/HW_Modules/kssbot_description/diffbot_description'
[0.267s] INFO:colcon.colcon_core.package_selection:Skipping not selected package 'kssbot_hardware' in 'src/HW_Modules/kssbot_hardware'
[0.267s] INFO:colcon.colcon_core.package_selection:Skipping not selected package 'motorctrl' in 'src/motorctrl'
[0.267s] INFO:colcon.colcon_core.package_selection:Skipping not selected package 'kssbot_bringup' in 'src/HW_Modules/kssbot_bringup'
[0.267s] Level 1:colcon.colcon_core.package_discovery:discover_packages(prefix_path) check parameters
[0.267s] Level 1:colcon.colcon_core.package_discovery:discover_packages(prefix_path) discover
[0.268s] WARNING:colcon.colcon_core.prefix_path.colcon:The path '/home/kssvm/workspace/ros2/humble/kssbot/install' in the environment variable COLCON_PREFIX_PATH doesn't exist
[0.268s] WARNING:colcon.colcon_ros.prefix_path.ament:The path '/home/kssvm/workspace/ros2/humble/kssbot/kssbot/install/motorctrl' in the environment variable AMENT_PREFIX_PATH doesn't exist
[0.268s] WARNING:colcon.colcon_ros.prefix_path.ament:The path '/home/kssvm/workspace/ros2/humble/kssbot/kssbot/install/kssbot_bringup' in the environment variable AMENT_PREFIX_PATH doesn't exist
[0.268s] WARNING:colcon.colcon_ros.prefix_path.ament:The path '/home/kssvm/workspace/ros2/humble/kssbot/kssbot/install/kssbot_hardware' in the environment variable AMENT_PREFIX_PATH doesn't exist
[0.268s] WARNING:colcon.colcon_ros.prefix_path.ament:The path '/home/kssvm/workspace/ros2/humble/kssbot/kssbot/install/kssbot_description' in the environment variable AMENT_PREFIX_PATH doesn't exist
[0.268s] WARNING:colcon.colcon_ros.prefix_path.ament:The path '/home/kssvm/workspace/ros2/humble/kssbot/install/motorctrl' in the environment variable AMENT_PREFIX_PATH doesn't exist
[0.268s] WARNING:colcon.colcon_ros.prefix_path.ament:The path '/home/kssvm/workspace/ros2/humble/kssbot/install/kssbot_bringup' in the environment variable AMENT_PREFIX_PATH doesn't exist
[0.268s] WARNING:colcon.colcon_ros.prefix_path.ament:The path '/home/kssvm/workspace/ros2/humble/kssbot/install/kssbot_hardware' in the environment variable AMENT_PREFIX_PATH doesn't exist
[0.269s] WARNING:colcon.colcon_ros.prefix_path.ament:The path '/home/kssvm/workspace/ros2/humble/kssbot/install/kssbot_description' in the environment variable AMENT_PREFIX_PATH doesn't exist
[0.269s] WARNING:colcon.colcon_ros.prefix_path.catkin:The path '/home/kssvm/workspace/ros2/humble/kssbot/kssbot/install/motorctrl' in the environment variable CMAKE_PREFIX_PATH doesn't exist
[0.269s] WARNING:colcon.colcon_ros.prefix_path.catkin:The path '/home/kssvm/workspace/ros2/humble/kssbot/kssbot/install/kssbot_bringup' in the environment variable CMAKE_PREFIX_PATH doesn't exist
[0.269s] WARNING:colcon.colcon_ros.prefix_path.catkin:The path '/home/kssvm/workspace/ros2/humble/kssbot/kssbot/install/kssbot_hardware' in the environment variable CMAKE_PREFIX_PATH doesn't exist
[0.269s] WARNING:colcon.colcon_ros.prefix_path.catkin:The path '/home/kssvm/workspace/ros2/humble/kssbot/kssbot/install/kssbot_description' in the environment variable CMAKE_PREFIX_PATH doesn't exist
[0.269s] WARNING:colcon.colcon_ros.prefix_path.catkin:The path '/home/kssvm/workspace/ros2/humble/kssbot/install/motorctrl' in the environment variable CMAKE_PREFIX_PATH doesn't exist
[0.269s] WARNING:colcon.colcon_ros.prefix_path.catkin:The path '/home/kssvm/workspace/ros2/humble/kssbot/install/kssbot_bringup' in the environment variable CMAKE_PREFIX_PATH doesn't exist
[0.269s] WARNING:colcon.colcon_ros.prefix_path.catkin:The path '/home/kssvm/workspace/ros2/humble/kssbot/install/kssbot_hardware' in the environment variable CMAKE_PREFIX_PATH doesn't exist
[0.269s] WARNING:colcon.colcon_ros.prefix_path.catkin:The path '/home/kssvm/workspace/ros2/humble/kssbot/install/kssbot_description' in the environment variable CMAKE_PREFIX_PATH doesn't exist
[0.270s] DEBUG:colcon.colcon_installed_package_information.package_discovery:Found 1 installed packages in /home/kssvm/workspace/ros2/humble/kssbot/kssbot/install
[0.271s] DEBUG:colcon.colcon_installed_package_information.package_discovery:Found 316 installed packages in /opt/ros/humble
[0.272s] Level 1:colcon.colcon_core.package_discovery:discover_packages(prefix_path) using defaults
[0.315s] Level 5:colcon.colcon_core.verb:set package 'kss_joystick' build argument 'cmake_args' from command line to 'None'
[0.315s] Level 5:colcon.colcon_core.verb:set package 'kss_joystick' build argument 'cmake_target' from command line to 'None'
[0.315s] Level 5:colcon.colcon_core.verb:set package 'kss_joystick' build argument 'cmake_target_skip_unavailable' from command line to 'False'
[0.315s] Level 5:colcon.colcon_core.verb:set package 'kss_joystick' build argument 'cmake_clean_cache' from command line to 'False'
[0.315s] Level 5:colcon.colcon_core.verb:set package 'kss_joystick' build argument 'cmake_clean_first' from command line to 'False'
[0.315s] Level 5:colcon.colcon_core.verb:set package 'kss_joystick' build argument 'cmake_force_configure' from command line to 'False'
[0.315s] Level 5:colcon.colcon_core.verb:set package 'kss_joystick' build argument 'ament_cmake_args' from command line to 'None'
[0.315s] Level 5:colcon.colcon_core.verb:set package 'kss_joystick' build argument 'catkin_cmake_args' from command line to 'None'
[0.315s] Level 5:colcon.colcon_core.verb:set package 'kss_joystick' build argument 'catkin_skip_building_tests' from command line to 'False'
[0.315s] DEBUG:colcon.colcon_core.verb:Building package 'kss_joystick' with the following arguments: {'ament_cmake_args': None, 'build_base': '/home/kssvm/workspace/ros2/humble/kssbot/kssbot/build/kss_joystick', 'catkin_cmake_args': None, 'catkin_skip_building_tests': False, 'cmake_args': None, 'cmake_clean_cache': False, 'cmake_clean_first': False, 'cmake_force_configure': False, 'cmake_target': None, 'cmake_target_skip_unavailable': False, 'install_base': '/home/kssvm/workspace/ros2/humble/kssbot/kssbot/install/kss_joystick', 'merge_install': False, 'path': '/home/kssvm/workspace/ros2/humble/kssbot/kssbot/src/kss_joystick', 'symlink_install': False, 'test_result_base': None}
[0.316s] INFO:colcon.colcon_core.executor:Executing jobs using 'parallel' executor
[0.318s] DEBUG:colcon.colcon_parallel_executor.executor.parallel:run_until_complete
[0.318s] INFO:colcon.colcon_ros.task.ament_cmake.build:Building ROS package in '/home/kssvm/workspace/ros2/humble/kssbot/kssbot/src/kss_joystick' with build type 'ament_cmake'
[0.318s] INFO:colcon.colcon_cmake.task.cmake.build:Building CMake package in '/home/kssvm/workspace/ros2/humble/kssbot/kssbot/src/kss_joystick'
[0.321s] INFO:colcon.colcon_core.plugin_system:Skipping extension 'colcon_core.shell.bat': Not used on non-Windows systems
[0.321s] INFO:colcon.colcon_core.shell:Skip shell extension 'powershell' for command environment: Not usable outside of PowerShell
[0.321s] DEBUG:colcon.colcon_core.shell:Skip shell extension 'dsv' for command environment
[0.331s] DEBUG:colcon.colcon_core.event_handler.log_command:Invoking command in '/home/kssvm/workspace/ros2/humble/kssbot/kssbot/build/kss_joystick': CMAKE_PREFIX_PATH=${CMAKE_PREFIX_PATH}:/opt/ros/humble /usr/bin/cmake --build /home/kssvm/workspace/ros2/humble/kssbot/kssbot/build/kss_joystick -- -j4 -l4
[0.356s] DEBUG:colcon.colcon_core.event_handler.log_command:Invoked command in '/home/kssvm/workspace/ros2/humble/kssbot/kssbot/build/kss_joystick' returned '0': CMAKE_PREFIX_PATH=${CMAKE_PREFIX_PATH}:/opt/ros/humble /usr/bin/cmake --build /home/kssvm/workspace/ros2/humble/kssbot/kssbot/build/kss_joystick -- -j4 -l4
[0.378s] DEBUG:colcon.colcon_core.event_handler.log_command:Invoking command in '/home/kssvm/workspace/ros2/humble/kssbot/kssbot/build/kss_joystick': CMAKE_PREFIX_PATH=${CMAKE_PREFIX_PATH}:/opt/ros/humble /usr/bin/cmake --install /home/kssvm/workspace/ros2/humble/kssbot/kssbot/build/kss_joystick
[0.381s] Level 1:colcon.colcon_core.environment:create_environment_scripts_only(kss_joystick)
[0.381s] DEBUG:colcon.colcon_core.event_handler.log_command:Invoked command in '/home/kssvm/workspace/ros2/humble/kssbot/kssbot/build/kss_joystick' returned '0': CMAKE_PREFIX_PATH=${CMAKE_PREFIX_PATH}:/opt/ros/humble /usr/bin/cmake --install /home/kssvm/workspace/ros2/humble/kssbot/kssbot/build/kss_joystick
[0.384s] Level 1:colcon.colcon_core.environment:checking '/home/kssvm/workspace/ros2/humble/kssbot/kssbot/install/kss_joystick' for CMake module files
[0.384s] Level 1:colcon.colcon_core.environment:checking '/home/kssvm/workspace/ros2/humble/kssbot/kssbot/install/kss_joystick' for CMake config files
[0.384s] Level 1:colcon.colcon_core.shell:create_environment_hook('kss_joystick', 'cmake_prefix_path')
[0.385s] INFO:colcon.colcon_core.shell:Creating environment hook '/home/kssvm/workspace/ros2/humble/kssbot/kssbot/install/kss_joystick/share/kss_joystick/hook/cmake_prefix_path.ps1'
[0.386s] INFO:colcon.colcon_core.shell:Creating environment descriptor '/home/kssvm/workspace/ros2/humble/kssbot/kssbot/install/kss_joystick/share/kss_joystick/hook/cmake_prefix_path.dsv'
[0.386s] INFO:colcon.colcon_core.shell:Creating environment hook '/home/kssvm/workspace/ros2/humble/kssbot/kssbot/install/kss_joystick/share/kss_joystick/hook/cmake_prefix_path.sh'
[0.387s] Level 1:colcon.colcon_core.environment:checking '/home/kssvm/workspace/ros2/humble/kssbot/kssbot/install/kss_joystick/bin'
[0.388s] Level 1:colcon.colcon_core.environment:checking '/home/kssvm/workspace/ros2/humble/kssbot/kssbot/install/kss_joystick/lib/pkgconfig/kss_joystick.pc'
[0.388s] Level 1:colcon.colcon_core.environment:checking '/home/kssvm/workspace/ros2/humble/kssbot/kssbot/install/kss_joystick/lib/python3.10/site-packages'
[0.388s] Level 1:colcon.colcon_core.environment:checking '/home/kssvm/workspace/ros2/humble/kssbot/kssbot/install/kss_joystick/bin'
[0.389s] INFO:colcon.colcon_core.shell:Creating package script '/home/kssvm/workspace/ros2/humble/kssbot/kssbot/install/kss_joystick/share/kss_joystick/package.ps1'
[0.390s] INFO:colcon.colcon_core.shell:Creating package descriptor '/home/kssvm/workspace/ros2/humble/kssbot/kssbot/install/kss_joystick/share/kss_joystick/package.dsv'
[0.390s] INFO:colcon.colcon_core.shell:Creating package script '/home/kssvm/workspace/ros2/humble/kssbot/kssbot/install/kss_joystick/share/kss_joystick/package.sh'
[0.391s] INFO:colcon.colcon_core.shell:Creating package script '/home/kssvm/workspace/ros2/humble/kssbot/kssbot/install/kss_joystick/share/kss_joystick/package.bash'
[0.391s] INFO:colcon.colcon_core.shell:Creating package script '/home/kssvm/workspace/ros2/humble/kssbot/kssbot/install/kss_joystick/share/kss_joystick/package.zsh'
[0.392s] Level 1:colcon.colcon_core.environment:create_file_with_runtime_dependencies(/home/kssvm/workspace/ros2/humble/kssbot/kssbot/install/kss_joystick/share/colcon-core/packages/kss_joystick)
[0.414s] Level 1:colcon.colcon_core.environment:create_environment_scripts_only(kss_joystick)
[0.416s] Level 1:colcon.colcon_core.environment:checking '/home/kssvm/workspace/ros2/humble/kssbot/kssbot/install/kss_joystick' for CMake module files
[0.416s] Level 1:colcon.colcon_core.environment:checking '/home/kssvm/workspace/ros2/humble/kssbot/kssbot/install/kss_joystick' for CMake config files
[0.416s] Level 1:colcon.colcon_core.shell:create_environment_hook('kss_joystick', 'cmake_prefix_path')
[0.419s] INFO:colcon.colcon_core.shell:Creating environment hook '/home/kssvm/workspace/ros2/humble/kssbot/kssbot/install/kss_joystick/share/kss_joystick/hook/cmake_prefix_path.ps1'
[0.420s] INFO:colcon.colcon_core.shell:Creating environment descriptor '/home/kssvm/workspace/ros2/humble/kssbot/kssbot/install/kss_joystick/share/kss_joystick/hook/cmake_prefix_path.dsv'
[0.421s] INFO:colcon.colcon_core.shell:Creating environment hook '/home/kssvm/workspace/ros2/humble/kssbot/kssbot/install/kss_joystick/share/kss_joystick/hook/cmake_prefix_path.sh'
[0.421s] Level 1:colcon.colcon_core.environment:checking '/home/kssvm/workspace/ros2/humble/kssbot/kssbot/install/kss_joystick/bin'
[0.421s] Level 1:colcon.colcon_core.environment:checking '/home/kssvm/workspace/ros2/humble/kssbot/kssbot/install/kss_joystick/lib/pkgconfig/kss_joystick.pc'
[0.421s] Level 1:colcon.colcon_core.environment:checking '/home/kssvm/workspace/ros2/humble/kssbot/kssbot/install/kss_joystick/lib/python3.10/site-packages'
[0.421s] Level 1:colcon.colcon_core.environment:checking '/home/kssvm/workspace/ros2/humble/kssbot/kssbot/install/kss_joystick/bin'
[0.422s] INFO:colcon.colcon_core.shell:Creating package script '/home/kssvm/workspace/ros2/humble/kssbot/kssbot/install/kss_joystick/share/kss_joystick/package.ps1'
[0.423s] INFO:colcon.colcon_core.shell:Creating package descriptor '/home/kssvm/workspace/ros2/humble/kssbot/kssbot/install/kss_joystick/share/kss_joystick/package.dsv'
[0.423s] INFO:colcon.colcon_core.shell:Creating package script '/home/kssvm/workspace/ros2/humble/kssbot/kssbot/install/kss_joystick/share/kss_joystick/package.sh'
[0.423s] INFO:colcon.colcon_core.shell:Creating package script '/home/kssvm/workspace/ros2/humble/kssbot/kssbot/install/kss_joystick/share/kss_joystick/package.bash'
[0.424s] INFO:colcon.colcon_core.shell:Creating package script '/home/kssvm/workspace/ros2/humble/kssbot/kssbot/install/kss_joystick/share/kss_joystick/package.zsh'
[0.424s] Level 1:colcon.colcon_core.environment:create_file_with_runtime_dependencies(/home/kssvm/workspace/ros2/humble/kssbot/kssbot/install/kss_joystick/share/colcon-core/packages/kss_joystick)
[0.424s] DEBUG:colcon.colcon_parallel_executor.executor.parallel:closing loop
[0.424s] DEBUG:colcon.colcon_parallel_executor.executor.parallel:loop closed
[0.425s] DEBUG:colcon.colcon_parallel_executor.executor.parallel:run_until_complete finished with '0'
[0.425s] DEBUG:colcon.colcon_core.event_reactor:joining thread
[0.429s] INFO:colcon.colcon_core.plugin_system:Skipping extension 'colcon_notification.desktop_notification.terminal_notifier': Not used on non-Darwin systems
[0.429s] INFO:colcon.colcon_core.plugin_system:Skipping extension 'colcon_notification.desktop_notification.win32': Not used on non-Windows systems
[0.429s] INFO:colcon.colcon_notification.desktop_notification:Sending desktop notification using 'notify2'
[0.439s] DEBUG:colcon.colcon_core.event_reactor:joined thread
[0.440s] INFO:colcon.colcon_core.shell:Creating prefix script '/home/kssvm/workspace/ros2/humble/kssbot/kssbot/install/local_setup.ps1'
[0.441s] INFO:colcon.colcon_core.shell:Creating prefix util module '/home/kssvm/workspace/ros2/humble/kssbot/kssbot/install/_local_setup_util_ps1.py'
[0.442s] INFO:colcon.colcon_core.shell:Creating prefix chain script '/home/kssvm/workspace/ros2/humble/kssbot/kssbot/install/setup.ps1'
[0.443s] INFO:colcon.colcon_core.shell:Creating prefix script '/home/kssvm/workspace/ros2/humble/kssbot/kssbot/install/local_setup.sh'
[0.444s] INFO:colcon.colcon_core.shell:Creating prefix util module '/home/kssvm/workspace/ros2/humble/kssbot/kssbot/install/_local_setup_util_sh.py'
[0.444s] INFO:colcon.colcon_core.shell:Creating prefix chain script '/home/kssvm/workspace/ros2/humble/kssbot/kssbot/install/setup.sh'
[0.445s] INFO:colcon.colcon_core.shell:Creating prefix script '/home/kssvm/workspace/ros2/humble/kssbot/kssbot/install/local_setup.bash'
[0.446s] INFO:colcon.colcon_core.shell:Creating prefix chain script '/home/kssvm/workspace/ros2/humble/kssbot/kssbot/install/setup.bash'
[0.447s] INFO:colcon.colcon_core.shell:Creating prefix script '/home/kssvm/workspace/ros2/humble/kssbot/kssbot/install/local_setup.zsh'
[0.447s] INFO:colcon.colcon_core.shell:Creating prefix chain script '/home/kssvm/workspace/ros2/humble/kssbot/kssbot/install/setup.zsh'
