[0.011s] Invoking command in '/home/kssvm/workspace/ros2/humble/kssbot/kssbot/build/kssbot_bringup': CMAKE_PREFIX_PATH=/home/kssvm/workspace/ros2/humble/kssbot/kssbot/install/kssbot_hardware:/home/kssvm/workspace/ros2/humble/kssbot/kssbot/install/kssbot_description:/home/kssvm/workspace/ros2/humble/kssbot/kssbot/install/kss_joystick:/home/kssvm/workspace/ros2/humble/kssbot/kssbot/install/motorctrl:/home/kssvm/workspace/ros2/humble/kssbot/kssbot/install/kssbot_bringup:/home/kssvm/workspace/ros2/humble/kssbot/install/motorctrl:/home/kssvm/workspace/ros2/humble/kssbot/install/kssbot_bringup:/home/kssvm/workspace/ros2/humble/kssbot/install/kssbot_hardware:/home/kssvm/workspace/ros2/humble/kssbot/install/kssbot_description:/opt/ros/humble /usr/bin/cmake /home/kssvm/workspace/ros2/humble/kssbot/kssbot/src/HW_Modules/kssbot_bringup -DCMAKE_INSTALL_PREFIX=/home/kssvm/workspace/ros2/humble/kssbot/kssbot/install/kssbot_bringup
[0.050s] -- The C compiler identification is GNU 11.3.0
[0.088s] -- The CXX compiler identification is GNU 11.3.0
[0.092s] -- Detecting C compiler ABI info
[0.139s] -- Detecting C compiler ABI info - done
[0.144s] -- Check for working C compiler: /usr/bin/cc - skipped
[0.144s] -- Detecting C compile features
[0.144s] -- Detecting C compile features - done
[0.146s] -- Detecting CXX compiler ABI info
[0.200s] -- Detecting CXX compiler ABI info - done
[0.210s] -- Check for working CXX compiler: /usr/bin/c++ - skipped
[0.210s] -- Detecting CXX compile features
[0.210s] -- Detecting CXX compile features - done
[0.210s] -- Found ament_cmake: 1.3.3 (/opt/ros/humble/share/ament_cmake/cmake)
[0.331s] -- Found Python3: /usr/bin/python3.10 (found version "3.10.6") found components: Interpreter 
[0.455s] -- Configuring done
[0.458s] -- Generating done
[0.459s] -- Build files have been written to: /home/kssvm/workspace/ros2/humble/kssbot/kssbot/build/kssbot_bringup
[0.464s] Invoked command in '/home/kssvm/workspace/ros2/humble/kssbot/kssbot/build/kssbot_bringup' returned '0': CMAKE_PREFIX_PATH=/home/kssvm/workspace/ros2/humble/kssbot/kssbot/install/kssbot_hardware:/home/kssvm/workspace/ros2/humble/kssbot/kssbot/install/kssbot_description:/home/kssvm/workspace/ros2/humble/kssbot/kssbot/install/kss_joystick:/home/kssvm/workspace/ros2/humble/kssbot/kssbot/install/motorctrl:/home/kssvm/workspace/ros2/humble/kssbot/kssbot/install/kssbot_bringup:/home/kssvm/workspace/ros2/humble/kssbot/install/motorctrl:/home/kssvm/workspace/ros2/humble/kssbot/install/kssbot_bringup:/home/kssvm/workspace/ros2/humble/kssbot/install/kssbot_hardware:/home/kssvm/workspace/ros2/humble/kssbot/install/kssbot_description:/opt/ros/humble /usr/bin/cmake /home/kssvm/workspace/ros2/humble/kssbot/kssbot/src/HW_Modules/kssbot_bringup -DCMAKE_INSTALL_PREFIX=/home/kssvm/workspace/ros2/humble/kssbot/kssbot/install/kssbot_bringup
[0.465s] Invoking command in '/home/kssvm/workspace/ros2/humble/kssbot/kssbot/build/kssbot_bringup': CMAKE_PREFIX_PATH=/home/kssvm/workspace/ros2/humble/kssbot/kssbot/install/kssbot_hardware:/home/kssvm/workspace/ros2/humble/kssbot/kssbot/install/kssbot_description:/home/kssvm/workspace/ros2/humble/kssbot/kssbot/install/kss_joystick:/home/kssvm/workspace/ros2/humble/kssbot/kssbot/install/motorctrl:/home/kssvm/workspace/ros2/humble/kssbot/kssbot/install/kssbot_bringup:/home/kssvm/workspace/ros2/humble/kssbot/install/motorctrl:/home/kssvm/workspace/ros2/humble/kssbot/install/kssbot_bringup:/home/kssvm/workspace/ros2/humble/kssbot/install/kssbot_hardware:/home/kssvm/workspace/ros2/humble/kssbot/install/kssbot_description:/opt/ros/humble /usr/bin/cmake --build /home/kssvm/workspace/ros2/humble/kssbot/kssbot/build/kssbot_bringup -- -j4 -l4
[0.496s] Invoked command in '/home/kssvm/workspace/ros2/humble/kssbot/kssbot/build/kssbot_bringup' returned '0': CMAKE_PREFIX_PATH=/home/kssvm/workspace/ros2/humble/kssbot/kssbot/install/kssbot_hardware:/home/kssvm/workspace/ros2/humble/kssbot/kssbot/install/kssbot_description:/home/kssvm/workspace/ros2/humble/kssbot/kssbot/install/kss_joystick:/home/kssvm/workspace/ros2/humble/kssbot/kssbot/install/motorctrl:/home/kssvm/workspace/ros2/humble/kssbot/kssbot/install/kssbot_bringup:/home/kssvm/workspace/ros2/humble/kssbot/install/motorctrl:/home/kssvm/workspace/ros2/humble/kssbot/install/kssbot_bringup:/home/kssvm/workspace/ros2/humble/kssbot/install/kssbot_hardware:/home/kssvm/workspace/ros2/humble/kssbot/install/kssbot_description:/opt/ros/humble /usr/bin/cmake --build /home/kssvm/workspace/ros2/humble/kssbot/kssbot/build/kssbot_bringup -- -j4 -l4
[0.533s] Invoking command in '/home/kssvm/workspace/ros2/humble/kssbot/kssbot/build/kssbot_bringup': CMAKE_PREFIX_PATH=/home/kssvm/workspace/ros2/humble/kssbot/kssbot/install/kssbot_hardware:/home/kssvm/workspace/ros2/humble/kssbot/kssbot/install/kssbot_description:/home/kssvm/workspace/ros2/humble/kssbot/kssbot/install/kss_joystick:/home/kssvm/workspace/ros2/humble/kssbot/kssbot/install/motorctrl:/home/kssvm/workspace/ros2/humble/kssbot/kssbot/install/kssbot_bringup:/home/kssvm/workspace/ros2/humble/kssbot/install/motorctrl:/home/kssvm/workspace/ros2/humble/kssbot/install/kssbot_bringup:/home/kssvm/workspace/ros2/humble/kssbot/install/kssbot_hardware:/home/kssvm/workspace/ros2/humble/kssbot/install/kssbot_description:/opt/ros/humble /usr/bin/cmake --install /home/kssvm/workspace/ros2/humble/kssbot/kssbot/build/kssbot_bringup
[0.538s] -- Install configuration: ""
[0.539s] -- Installing: /home/kssvm/workspace/ros2/humble/kssbot/kssbot/install/kssbot_bringup/share/kssbot_bringup/config
[0.539s] -- Installing: /home/kssvm/workspace/ros2/humble/kssbot/kssbot/install/kssbot_bringup/share/kssbot_bringup/config/kssbot_controllers.yaml
[0.539s] -- Installing: /home/kssvm/workspace/ros2/humble/kssbot/kssbot/install/kssbot_bringup/share/kssbot_bringup/launch
[0.539s] -- Installing: /home/kssvm/workspace/ros2/humble/kssbot/kssbot/install/kssbot_bringup/share/kssbot_bringup/launch/kssbot.launch.py
[0.539s] -- Installing: /home/kssvm/workspace/ros2/humble/kssbot/kssbot/install/kssbot_bringup/share/ament_index/resource_index/package_run_dependencies/kssbot_bringup
[0.539s] -- Installing: /home/kssvm/workspace/ros2/humble/kssbot/kssbot/install/kssbot_bringup/share/ament_index/resource_index/parent_prefix_path/kssbot_bringup
[0.540s] -- Installing: /home/kssvm/workspace/ros2/humble/kssbot/kssbot/install/kssbot_bringup/share/kssbot_bringup/environment/ament_prefix_path.sh
[0.540s] -- Installing: /home/kssvm/workspace/ros2/humble/kssbot/kssbot/install/kssbot_bringup/share/kssbot_bringup/environment/ament_prefix_path.dsv
[0.540s] -- Installing: /home/kssvm/workspace/ros2/humble/kssbot/kssbot/install/kssbot_bringup/share/kssbot_bringup/environment/path.sh
[0.540s] -- Installing: /home/kssvm/workspace/ros2/humble/kssbot/kssbot/install/kssbot_bringup/share/kssbot_bringup/environment/path.dsv
[0.540s] -- Installing: /home/kssvm/workspace/ros2/humble/kssbot/kssbot/install/kssbot_bringup/share/kssbot_bringup/local_setup.bash
[0.540s] -- Installing: /home/kssvm/workspace/ros2/humble/kssbot/kssbot/install/kssbot_bringup/share/kssbot_bringup/local_setup.sh
[0.541s] -- Installing: /home/kssvm/workspace/ros2/humble/kssbot/kssbot/install/kssbot_bringup/share/kssbot_bringup/local_setup.zsh
[0.541s] -- Installing: /home/kssvm/workspace/ros2/humble/kssbot/kssbot/install/kssbot_bringup/share/kssbot_bringup/local_setup.dsv
[0.541s] -- Installing: /home/kssvm/workspace/ros2/humble/kssbot/kssbot/install/kssbot_bringup/share/kssbot_bringup/package.dsv
[0.541s] -- Installing: /home/kssvm/workspace/ros2/humble/kssbot/kssbot/install/kssbot_bringup/share/ament_index/resource_index/packages/kssbot_bringup
[0.541s] -- Installing: /home/kssvm/workspace/ros2/humble/kssbot/kssbot/install/kssbot_bringup/share/kssbot_bringup/cmake/kssbot_bringupConfig.cmake
[0.541s] -- Installing: /home/kssvm/workspace/ros2/humble/kssbot/kssbot/install/kssbot_bringup/share/kssbot_bringup/cmake/kssbot_bringupConfig-version.cmake
[0.545s] -- Installing: /home/kssvm/workspace/ros2/humble/kssbot/kssbot/install/kssbot_bringup/share/kssbot_bringup/package.xml
[0.545s] Invoked command in '/home/kssvm/workspace/ros2/humble/kssbot/kssbot/build/kssbot_bringup' returned '0': CMAKE_PREFIX_PATH=/home/kssvm/workspace/ros2/humble/kssbot/kssbot/install/kssbot_hardware:/home/kssvm/workspace/ros2/humble/kssbot/kssbot/install/kssbot_description:/home/kssvm/workspace/ros2/humble/kssbot/kssbot/install/kss_joystick:/home/kssvm/workspace/ros2/humble/kssbot/kssbot/install/motorctrl:/home/kssvm/workspace/ros2/humble/kssbot/kssbot/install/kssbot_bringup:/home/kssvm/workspace/ros2/humble/kssbot/install/motorctrl:/home/kssvm/workspace/ros2/humble/kssbot/install/kssbot_bringup:/home/kssvm/workspace/ros2/humble/kssbot/install/kssbot_hardware:/home/kssvm/workspace/ros2/humble/kssbot/install/kssbot_description:/opt/ros/humble /usr/bin/cmake --install /home/kssvm/workspace/ros2/humble/kssbot/kssbot/build/kssbot_bringup
