[0.019s] Invoking command in '/home/kssvm/workspace/ros2/humble/kssbot/build/kssbot_description': CMAKE_PREFIX_PATH=/opt/ros/humble /usr/bin/cmake --build /home/kssvm/workspace/ros2/humble/kssbot/build/kssbot_description -- -j4 -l4
[0.064s] Invoked command in '/home/kssvm/workspace/ros2/humble/kssbot/build/kssbot_description' returned '0': CMAKE_PREFIX_PATH=/opt/ros/humble /usr/bin/cmake --build /home/kssvm/workspace/ros2/humble/kssbot/build/kssbot_description -- -j4 -l4
[0.091s] Invoking command in '/home/kssvm/workspace/ros2/humble/kssbot/build/kssbot_description': CMAKE_PREFIX_PATH=/opt/ros/humble /usr/bin/cmake --install /home/kssvm/workspace/ros2/humble/kssbot/build/kssbot_description
[0.096s] -- Install configuration: ""
[0.096s] -- Up-to-date: /home/kssvm/workspace/ros2/humble/kssbot/install/kssbot_description/share/kssbot_description/config
[0.096s] -- Up-to-date: /home/kssvm/workspace/ros2/humble/kssbot/install/kssbot_description/share/kssbot_description/config/kssbot.rviz
[0.096s] -- Up-to-date: /home/kssvm/workspace/ros2/humble/kssbot/install/kssbot_description/share/kssbot_description/config/kssbot_view.rviz
[0.096s] -- Up-to-date: /home/kssvm/workspace/ros2/humble/kssbot/install/kssbot_description/share/kssbot_description/gazebo
[0.096s] -- Up-to-date: /home/kssvm/workspace/ros2/humble/kssbot/install/kssbot_description/share/kssbot_description/gazebo/kssbot.materials.xacro
[0.096s] -- Up-to-date: /home/kssvm/workspace/ros2/humble/kssbot/install/kssbot_description/share/kssbot_description/gazebo/diffbot.gazebo.xacro
[0.096s] -- Up-to-date: /home/kssvm/workspace/ros2/humble/kssbot/install/kssbot_description/share/kssbot_description/launch
[0.096s] -- Up-to-date: /home/kssvm/workspace/ros2/humble/kssbot/install/kssbot_description/share/kssbot_description/launch/view_robot.launch.py
[0.097s] -- Up-to-date: /home/kssvm/workspace/ros2/humble/kssbot/install/kssbot_description/share/kssbot_description/ros2_control
[0.097s] -- Up-to-date: /home/kssvm/workspace/ros2/humble/kssbot/install/kssbot_description/share/kssbot_description/ros2_control/kssbot.ros2_control.xacro
[0.097s] -- Up-to-date: /home/kssvm/workspace/ros2/humble/kssbot/install/kssbot_description/share/kssbot_description/ros2_control/diffbot_system.ros2_control.xacro
[0.097s] -- Up-to-date: /home/kssvm/workspace/ros2/humble/kssbot/install/kssbot_description/share/kssbot_description/urdf
[0.097s] -- Up-to-date: /home/kssvm/workspace/ros2/humble/kssbot/install/kssbot_description/share/kssbot_description/urdf/kssbot_description.urdf.xacro
[0.097s] -- Up-to-date: /home/kssvm/workspace/ros2/humble/kssbot/install/kssbot_description/share/kssbot_description/urdf/kssbot.urdf.xacro
[0.097s] -- Up-to-date: /home/kssvm/workspace/ros2/humble/kssbot/install/kssbot_description/share/ament_index/resource_index/package_run_dependencies/kssbot_description
[0.097s] -- Up-to-date: /home/kssvm/workspace/ros2/humble/kssbot/install/kssbot_description/share/ament_index/resource_index/parent_prefix_path/kssbot_description
[0.098s] -- Up-to-date: /home/kssvm/workspace/ros2/humble/kssbot/install/kssbot_description/share/kssbot_description/environment/ament_prefix_path.sh
[0.098s] -- Up-to-date: /home/kssvm/workspace/ros2/humble/kssbot/install/kssbot_description/share/kssbot_description/environment/ament_prefix_path.dsv
[0.098s] -- Up-to-date: /home/kssvm/workspace/ros2/humble/kssbot/install/kssbot_description/share/kssbot_description/environment/path.sh
[0.098s] -- Up-to-date: /home/kssvm/workspace/ros2/humble/kssbot/install/kssbot_description/share/kssbot_description/environment/path.dsv
[0.098s] -- Up-to-date: /home/kssvm/workspace/ros2/humble/kssbot/install/kssbot_description/share/kssbot_description/local_setup.bash
[0.099s] -- Up-to-date: /home/kssvm/workspace/ros2/humble/kssbot/install/kssbot_description/share/kssbot_description/local_setup.sh
[0.101s] -- Up-to-date: /home/kssvm/workspace/ros2/humble/kssbot/install/kssbot_description/share/kssbot_description/local_setup.zsh
[0.101s] -- Up-to-date: /home/kssvm/workspace/ros2/humble/kssbot/install/kssbot_description/share/kssbot_description/local_setup.dsv
[0.101s] -- Up-to-date: /home/kssvm/workspace/ros2/humble/kssbot/install/kssbot_description/share/kssbot_description/package.dsv
[0.101s] -- Up-to-date: /home/kssvm/workspace/ros2/humble/kssbot/install/kssbot_description/share/ament_index/resource_index/packages/kssbot_description
[0.101s] -- Up-to-date: /home/kssvm/workspace/ros2/humble/kssbot/install/kssbot_description/share/kssbot_description/cmake/kssbot_descriptionConfig.cmake
[0.101s] -- Up-to-date: /home/kssvm/workspace/ros2/humble/kssbot/install/kssbot_description/share/kssbot_description/cmake/kssbot_descriptionConfig-version.cmake
[0.101s] -- Up-to-date: /home/kssvm/workspace/ros2/humble/kssbot/install/kssbot_description/share/kssbot_description/package.xml
[0.102s] Invoked command in '/home/kssvm/workspace/ros2/humble/kssbot/build/kssbot_description' returned '0': CMAKE_PREFIX_PATH=/opt/ros/humble /usr/bin/cmake --install /home/kssvm/workspace/ros2/humble/kssbot/build/kssbot_description
