[0.021s] Invoking command in '/home/kssvm/workspace/ros2/humble/kssbot/kssbot/build/kss_joystick': CMAKE_PREFIX_PATH=${CMAKE_PREFIX_PATH}:/opt/ros/humble /usr/bin/cmake /home/kssvm/workspace/ros2/humble/kssbot/kssbot/src/kss_joystick -DCMAKE_INSTALL_PREFIX=/home/kssvm/workspace/ros2/humble/kssbot/kssbot/install/kss_joystick
[0.073s] -- The C compiler identification is GNU 11.3.0
[0.139s] -- The CXX compiler identification is GNU 11.3.0
[0.149s] -- Detecting C compiler ABI info
[0.270s] -- Detecting C compiler ABI info - done
[0.271s] -- Check for working C compiler: /usr/bin/cc - skipped
[0.271s] -- Detecting C compile features
[0.272s] -- Detecting C compile features - done
[0.274s] -- Detecting CXX compiler ABI info
[0.441s] -- Detecting CXX compiler ABI info - done
[0.446s] -- Check for working CXX compiler: /usr/bin/c++ - skipped
[0.446s] -- Detecting CXX compile features
[0.447s] -- Detecting CXX compile features - done
[0.449s] -- Found ament_cmake: 1.3.3 (/opt/ros/humble/share/ament_cmake/cmake)
[0.633s] -- Found Python3: /usr/bin/python3.10 (found version "3.10.6") found components: Interpreter 
[0.708s] -- Found ament_lint_auto: 0.12.4 (/opt/ros/humble/share/ament_lint_auto/cmake)
[0.802s] -- Added test 'copyright' to check source files copyright and LICENSE
[0.804s] -- Added test 'flake8' to check Python code syntax and style conventions
[0.804s] -- Added test 'lint_cmake' to check CMake code style
[0.805s] -- Added test 'pep257' to check Python code against some of the docstring style conventions in PEP 257
[0.806s] -- Added test 'xmllint' to check XML markup files
[0.807s] -- Configuring done
[0.819s] -- Generating done
[0.819s] -- Build files have been written to: /home/kssvm/workspace/ros2/humble/kssbot/kssbot/build/kss_joystick
[0.826s] Invoked command in '/home/kssvm/workspace/ros2/humble/kssbot/kssbot/build/kss_joystick' returned '0': CMAKE_PREFIX_PATH=${CMAKE_PREFIX_PATH}:/opt/ros/humble /usr/bin/cmake /home/kssvm/workspace/ros2/humble/kssbot/kssbot/src/kss_joystick -DCMAKE_INSTALL_PREFIX=/home/kssvm/workspace/ros2/humble/kssbot/kssbot/install/kss_joystick
[0.837s] Invoking command in '/home/kssvm/workspace/ros2/humble/kssbot/kssbot/build/kss_joystick': CMAKE_PREFIX_PATH=${CMAKE_PREFIX_PATH}:/opt/ros/humble /usr/bin/cmake --build /home/kssvm/workspace/ros2/humble/kssbot/kssbot/build/kss_joystick -- -j4 -l4
[0.916s] Invoked command in '/home/kssvm/workspace/ros2/humble/kssbot/kssbot/build/kss_joystick' returned '0': CMAKE_PREFIX_PATH=${CMAKE_PREFIX_PATH}:/opt/ros/humble /usr/bin/cmake --build /home/kssvm/workspace/ros2/humble/kssbot/kssbot/build/kss_joystick -- -j4 -l4
[0.987s] Invoking command in '/home/kssvm/workspace/ros2/humble/kssbot/kssbot/build/kss_joystick': CMAKE_PREFIX_PATH=${CMAKE_PREFIX_PATH}:/opt/ros/humble /usr/bin/cmake --install /home/kssvm/workspace/ros2/humble/kssbot/kssbot/build/kss_joystick
[0.999s] -- Install configuration: ""
[0.999s] -- Installing: /home/kssvm/workspace/ros2/humble/kssbot/kssbot/install/kss_joystick/share/kss_joystick/config
[0.999s] -- Installing: /home/kssvm/workspace/ros2/humble/kssbot/kssbot/install/kss_joystick/share/kss_joystick/config/joystick.yaml
[0.999s] -- Installing: /home/kssvm/workspace/ros2/humble/kssbot/kssbot/install/kss_joystick/share/kss_joystick/launch
[1.000s] -- Installing: /home/kssvm/workspace/ros2/humble/kssbot/kssbot/install/kss_joystick/share/kss_joystick/launch/joystick.launch.py
[1.000s] -- Installing: /home/kssvm/workspace/ros2/humble/kssbot/kssbot/install/kss_joystick/share/ament_index/resource_index/package_run_dependencies/kss_joystick
[1.000s] -- Installing: /home/kssvm/workspace/ros2/humble/kssbot/kssbot/install/kss_joystick/share/ament_index/resource_index/parent_prefix_path/kss_joystick
[1.000s] -- Installing: /home/kssvm/workspace/ros2/humble/kssbot/kssbot/install/kss_joystick/share/kss_joystick/environment/ament_prefix_path.sh
[1.000s] -- Installing: /home/kssvm/workspace/ros2/humble/kssbot/kssbot/install/kss_joystick/share/kss_joystick/environment/ament_prefix_path.dsv
[1.000s] -- Installing: /home/kssvm/workspace/ros2/humble/kssbot/kssbot/install/kss_joystick/share/kss_joystick/environment/path.sh
[1.000s] -- Installing: /home/kssvm/workspace/ros2/humble/kssbot/kssbot/install/kss_joystick/share/kss_joystick/environment/path.dsv
[1.000s] -- Installing: /home/kssvm/workspace/ros2/humble/kssbot/kssbot/install/kss_joystick/share/kss_joystick/local_setup.bash
[1.000s] -- Installing: /home/kssvm/workspace/ros2/humble/kssbot/kssbot/install/kss_joystick/share/kss_joystick/local_setup.sh
[1.000s] -- Installing: /home/kssvm/workspace/ros2/humble/kssbot/kssbot/install/kss_joystick/share/kss_joystick/local_setup.zsh
[1.000s] -- Installing: /home/kssvm/workspace/ros2/humble/kssbot/kssbot/install/kss_joystick/share/kss_joystick/local_setup.dsv
[1.000s] -- Installing: /home/kssvm/workspace/ros2/humble/kssbot/kssbot/install/kss_joystick/share/kss_joystick/package.dsv
[1.000s] -- Installing: /home/kssvm/workspace/ros2/humble/kssbot/kssbot/install/kss_joystick/share/ament_index/resource_index/packages/kss_joystick
[1.000s] -- Installing: /home/kssvm/workspace/ros2/humble/kssbot/kssbot/install/kss_joystick/share/kss_joystick/cmake/kss_joystickConfig.cmake
[1.000s] -- Installing: /home/kssvm/workspace/ros2/humble/kssbot/kssbot/install/kss_joystick/share/kss_joystick/cmake/kss_joystickConfig-version.cmake
[1.001s] -- Installing: /home/kssvm/workspace/ros2/humble/kssbot/kssbot/install/kss_joystick/share/kss_joystick/package.xml
[1.015s] Invoked command in '/home/kssvm/workspace/ros2/humble/kssbot/kssbot/build/kss_joystick' returned '0': CMAKE_PREFIX_PATH=${CMAKE_PREFIX_PATH}:/opt/ros/humble /usr/bin/cmake --install /home/kssvm/workspace/ros2/humble/kssbot/kssbot/build/kss_joystick
