[0.200s] DEBUG:colcon:Command line arguments: ['/usr/bin/colcon', 'build']
[0.200s] DEBUG:colcon:Parsed command line arguments: Namespace(log_base=None, log_level=None, verb_name='build', build_base='build', install_base='install', merge_install=False, symlink_install=False, test_result_base=None, continue_on_error=False, executor='parallel', parallel_workers=4, event_handlers=None, ignore_user_meta=False, metas=['./colcon.meta'], base_paths=['.'], packages_ignore=None, packages_ignore_regex=None, paths=None, packages_up_to=None, packages_up_to_regex=None, packages_above=None, packages_above_and_dependencies=None, packages_above_depth=None, packages_select_by_dep=None, packages_skip_by_dep=None, packages_skip_up_to=None, packages_select_build_failed=False, packages_skip_build_finished=False, packages_select_test_failures=False, packages_skip_test_passed=False, packages_select=None, packages_skip=None, packages_select_regex=None, packages_skip_regex=None, packages_start=None, packages_end=None, allow_overriding=[], cmake_args=None, cmake_target=None, cmake_target_skip_unavailable=False, cmake_clean_cache=False, cmake_clean_first=False, cmake_force_configure=False, ament_cmake_args=None, catkin_cmake_args=None, catkin_skip_building_tests=False, verb_parser=<colcon_defaults.argument_parser.defaults.DefaultArgumentsDecorator object at 0x7f9334b4d660>, verb_extension=<colcon_core.verb.build.BuildVerb object at 0x7f93354da380>, main=<bound method BuildVerb.main of <colcon_core.verb.build.BuildVerb object at 0x7f93354da380>>)
[0.219s] Level 1:colcon.colcon_core.package_discovery:discover_packages(colcon_meta) check parameters
[0.219s] Level 1:colcon.colcon_core.package_discovery:discover_packages(recursive) check parameters
[0.219s] Level 1:colcon.colcon_core.package_discovery:discover_packages(ignore) check parameters
[0.219s] Level 1:colcon.colcon_core.package_discovery:discover_packages(path) check parameters
[0.219s] Level 1:colcon.colcon_core.package_discovery:discover_packages(colcon_meta) discover
[0.219s] Level 1:colcon.colcon_core.package_discovery:discover_packages(recursive) discover
[0.219s] INFO:colcon.colcon_core.package_discovery:Crawling recursively for packages in '/home/kssvm/workspace/ros2/humble/kssbot'
[0.219s] Level 1:colcon.colcon_core.package_identification:_identify(.) by extensions ['ignore', 'ignore_ament_install']
[0.219s] Level 1:colcon.colcon_core.package_identification:_identify(.) by extension 'ignore'
[0.220s] Level 1:colcon.colcon_core.package_identification:_identify(.) by extension 'ignore_ament_install'
[0.220s] Level 1:colcon.colcon_core.package_identification:_identify(.) by extensions ['colcon_pkg']
[0.220s] Level 1:colcon.colcon_core.package_identification:_identify(.) by extension 'colcon_pkg'
[0.220s] Level 1:colcon.colcon_core.package_identification:_identify(.) by extensions ['colcon_meta']
[0.220s] Level 1:colcon.colcon_core.package_identification:_identify(.) by extension 'colcon_meta'
[0.220s] Level 1:colcon.colcon_core.package_identification:_identify(.) by extensions ['ros']
[0.220s] Level 1:colcon.colcon_core.package_identification:_identify(.) by extension 'ros'
[0.227s] Level 1:colcon.colcon_core.package_identification:_identify(.) by extensions ['cmake', 'python']
[0.227s] Level 1:colcon.colcon_core.package_identification:_identify(.) by extension 'cmake'
[0.227s] Level 1:colcon.colcon_core.package_identification:_identify(.) by extension 'python'
[0.227s] Level 1:colcon.colcon_core.package_identification:_identify(.) by extensions ['python_setup_py']
[0.227s] Level 1:colcon.colcon_core.package_identification:_identify(.) by extension 'python_setup_py'
[0.227s] Level 1:colcon.colcon_core.package_identification:_identify(build) by extensions ['ignore', 'ignore_ament_install']
[0.227s] Level 1:colcon.colcon_core.package_identification:_identify(build) by extension 'ignore'
[0.227s] Level 1:colcon.colcon_core.package_identification:_identify(build) ignored
[0.227s] Level 1:colcon.colcon_core.package_identification:_identify(install) by extensions ['ignore', 'ignore_ament_install']
[0.227s] Level 1:colcon.colcon_core.package_identification:_identify(install) by extension 'ignore'
[0.227s] Level 1:colcon.colcon_core.package_identification:_identify(install) ignored
[0.227s] Level 1:colcon.colcon_core.package_identification:_identify(log) by extensions ['ignore', 'ignore_ament_install']
[0.228s] Level 1:colcon.colcon_core.package_identification:_identify(log) by extension 'ignore'
[0.228s] Level 1:colcon.colcon_core.package_identification:_identify(log) ignored
[0.228s] Level 1:colcon.colcon_core.package_identification:_identify(src) by extensions ['ignore', 'ignore_ament_install']
[0.228s] Level 1:colcon.colcon_core.package_identification:_identify(src) by extension 'ignore'
[0.228s] Level 1:colcon.colcon_core.package_identification:_identify(src) by extension 'ignore_ament_install'
[0.228s] Level 1:colcon.colcon_core.package_identification:_identify(src) by extensions ['colcon_pkg']
[0.228s] Level 1:colcon.colcon_core.package_identification:_identify(src) by extension 'colcon_pkg'
[0.228s] Level 1:colcon.colcon_core.package_identification:_identify(src) by extensions ['colcon_meta']
[0.228s] Level 1:colcon.colcon_core.package_identification:_identify(src) by extension 'colcon_meta'
[0.228s] Level 1:colcon.colcon_core.package_identification:_identify(src) by extensions ['ros']
[0.228s] Level 1:colcon.colcon_core.package_identification:_identify(src) by extension 'ros'
[0.228s] Level 1:colcon.colcon_core.package_identification:_identify(src) by extensions ['cmake', 'python']
[0.228s] Level 1:colcon.colcon_core.package_identification:_identify(src) by extension 'cmake'
[0.228s] Level 1:colcon.colcon_core.package_identification:_identify(src) by extension 'python'
[0.228s] Level 1:colcon.colcon_core.package_identification:_identify(src) by extensions ['python_setup_py']
[0.229s] Level 1:colcon.colcon_core.package_identification:_identify(src) by extension 'python_setup_py'
[0.229s] Level 1:colcon.colcon_core.package_identification:_identify(src/kssbot) by extensions ['ignore', 'ignore_ament_install']
[0.229s] Level 1:colcon.colcon_core.package_identification:_identify(src/kssbot) by extension 'ignore'
[0.229s] Level 1:colcon.colcon_core.package_identification:_identify(src/kssbot) by extension 'ignore_ament_install'
[0.229s] Level 1:colcon.colcon_core.package_identification:_identify(src/kssbot) by extensions ['colcon_pkg']
[0.229s] Level 1:colcon.colcon_core.package_identification:_identify(src/kssbot) by extension 'colcon_pkg'
[0.229s] Level 1:colcon.colcon_core.package_identification:_identify(src/kssbot) by extensions ['colcon_meta']
[0.229s] Level 1:colcon.colcon_core.package_identification:_identify(src/kssbot) by extension 'colcon_meta'
[0.229s] Level 1:colcon.colcon_core.package_identification:_identify(src/kssbot) by extensions ['ros']
[0.229s] Level 1:colcon.colcon_core.package_identification:_identify(src/kssbot) by extension 'ros'
[0.229s] Level 1:colcon.colcon_core.package_identification:_identify(src/kssbot) by extensions ['cmake', 'python']
[0.229s] Level 1:colcon.colcon_core.package_identification:_identify(src/kssbot) by extension 'cmake'
[0.229s] Level 1:colcon.colcon_core.package_identification:_identify(src/kssbot) by extension 'python'
[0.229s] Level 1:colcon.colcon_core.package_identification:_identify(src/kssbot) by extensions ['python_setup_py']
[0.229s] Level 1:colcon.colcon_core.package_identification:_identify(src/kssbot) by extension 'python_setup_py'
[0.230s] Level 1:colcon.colcon_core.package_identification:_identify(src/kssbot/doc) by extensions ['ignore', 'ignore_ament_install']
[0.230s] Level 1:colcon.colcon_core.package_identification:_identify(src/kssbot/doc) by extension 'ignore'
[0.230s] Level 1:colcon.colcon_core.package_identification:_identify(src/kssbot/doc) by extension 'ignore_ament_install'
[0.230s] Level 1:colcon.colcon_core.package_identification:_identify(src/kssbot/doc) by extensions ['colcon_pkg']
[0.230s] Level 1:colcon.colcon_core.package_identification:_identify(src/kssbot/doc) by extension 'colcon_pkg'
[0.230s] Level 1:colcon.colcon_core.package_identification:_identify(src/kssbot/doc) by extensions ['colcon_meta']
[0.230s] Level 1:colcon.colcon_core.package_identification:_identify(src/kssbot/doc) by extension 'colcon_meta'
[0.230s] Level 1:colcon.colcon_core.package_identification:_identify(src/kssbot/doc) by extensions ['ros']
[0.230s] Level 1:colcon.colcon_core.package_identification:_identify(src/kssbot/doc) by extension 'ros'
[0.230s] Level 1:colcon.colcon_core.package_identification:_identify(src/kssbot/doc) by extensions ['cmake', 'python']
[0.230s] Level 1:colcon.colcon_core.package_identification:_identify(src/kssbot/doc) by extension 'cmake'
[0.230s] Level 1:colcon.colcon_core.package_identification:_identify(src/kssbot/doc) by extension 'python'
[0.230s] Level 1:colcon.colcon_core.package_identification:_identify(src/kssbot/doc) by extensions ['python_setup_py']
[0.230s] Level 1:colcon.colcon_core.package_identification:_identify(src/kssbot/doc) by extension 'python_setup_py'
[0.230s] Level 1:colcon.colcon_core.package_identification:_identify(src/kssbot/kss_joystick) by extensions ['ignore', 'ignore_ament_install']
[0.231s] Level 1:colcon.colcon_core.package_identification:_identify(src/kssbot/kss_joystick) by extension 'ignore'
[0.231s] Level 1:colcon.colcon_core.package_identification:_identify(src/kssbot/kss_joystick) by extension 'ignore_ament_install'
[0.231s] Level 1:colcon.colcon_core.package_identification:_identify(src/kssbot/kss_joystick) by extensions ['colcon_pkg']
[0.231s] Level 1:colcon.colcon_core.package_identification:_identify(src/kssbot/kss_joystick) by extension 'colcon_pkg'
[0.231s] Level 1:colcon.colcon_core.package_identification:_identify(src/kssbot/kss_joystick) by extensions ['colcon_meta']
[0.231s] Level 1:colcon.colcon_core.package_identification:_identify(src/kssbot/kss_joystick) by extension 'colcon_meta'
[0.231s] Level 1:colcon.colcon_core.package_identification:_identify(src/kssbot/kss_joystick) by extensions ['ros']
[0.231s] Level 1:colcon.colcon_core.package_identification:_identify(src/kssbot/kss_joystick) by extension 'ros'
[0.233s] DEBUG:colcon.colcon_core.package_identification:Package 'src/kssbot/kss_joystick' with type 'ros.ament_cmake' and name 'kss_joystick'
[0.233s] Level 1:colcon.colcon_core.package_identification:_identify(src/kssbot/kssbot_bringup) by extensions ['ignore', 'ignore_ament_install']
[0.233s] Level 1:colcon.colcon_core.package_identification:_identify(src/kssbot/kssbot_bringup) by extension 'ignore'
[0.233s] Level 1:colcon.colcon_core.package_identification:_identify(src/kssbot/kssbot_bringup) by extension 'ignore_ament_install'
[0.233s] Level 1:colcon.colcon_core.package_identification:_identify(src/kssbot/kssbot_bringup) by extensions ['colcon_pkg']
[0.233s] Level 1:colcon.colcon_core.package_identification:_identify(src/kssbot/kssbot_bringup) by extension 'colcon_pkg'
[0.233s] Level 1:colcon.colcon_core.package_identification:_identify(src/kssbot/kssbot_bringup) by extensions ['colcon_meta']
[0.233s] Level 1:colcon.colcon_core.package_identification:_identify(src/kssbot/kssbot_bringup) by extension 'colcon_meta'
[0.234s] Level 1:colcon.colcon_core.package_identification:_identify(src/kssbot/kssbot_bringup) by extensions ['ros']
[0.234s] Level 1:colcon.colcon_core.package_identification:_identify(src/kssbot/kssbot_bringup) by extension 'ros'
[0.234s] DEBUG:colcon.colcon_core.package_identification:Package 'src/kssbot/kssbot_bringup' with type 'ros.ament_cmake' and name 'kssbot_bringup'
[0.234s] Level 1:colcon.colcon_core.package_identification:_identify(src/kssbot/kssbot_description) by extensions ['ignore', 'ignore_ament_install']
[0.234s] Level 1:colcon.colcon_core.package_identification:_identify(src/kssbot/kssbot_description) by extension 'ignore'
[0.234s] Level 1:colcon.colcon_core.package_identification:_identify(src/kssbot/kssbot_description) by extension 'ignore_ament_install'
[0.234s] Level 1:colcon.colcon_core.package_identification:_identify(src/kssbot/kssbot_description) by extensions ['colcon_pkg']
[0.234s] Level 1:colcon.colcon_core.package_identification:_identify(src/kssbot/kssbot_description) by extension 'colcon_pkg'
[0.234s] Level 1:colcon.colcon_core.package_identification:_identify(src/kssbot/kssbot_description) by extensions ['colcon_meta']
[0.234s] Level 1:colcon.colcon_core.package_identification:_identify(src/kssbot/kssbot_description) by extension 'colcon_meta'
[0.235s] Level 1:colcon.colcon_core.package_identification:_identify(src/kssbot/kssbot_description) by extensions ['ros']
[0.235s] Level 1:colcon.colcon_core.package_identification:_identify(src/kssbot/kssbot_description) by extension 'ros'
[0.235s] Level 1:colcon.colcon_core.package_identification:_identify(src/kssbot/kssbot_description) by extensions ['cmake', 'python']
[0.235s] Level 1:colcon.colcon_core.package_identification:_identify(src/kssbot/kssbot_description) by extension 'cmake'
[0.235s] Level 1:colcon.colcon_core.package_identification:_identify(src/kssbot/kssbot_description) by extension 'python'
[0.235s] Level 1:colcon.colcon_core.package_identification:_identify(src/kssbot/kssbot_description) by extensions ['python_setup_py']
[0.235s] Level 1:colcon.colcon_core.package_identification:_identify(src/kssbot/kssbot_description) by extension 'python_setup_py'
[0.235s] Level 1:colcon.colcon_core.package_identification:_identify(src/kssbot/kssbot_description/diffbot_description) by extensions ['ignore', 'ignore_ament_install']
[0.235s] Level 1:colcon.colcon_core.package_identification:_identify(src/kssbot/kssbot_description/diffbot_description) by extension 'ignore'
[0.235s] Level 1:colcon.colcon_core.package_identification:_identify(src/kssbot/kssbot_description/diffbot_description) by extension 'ignore_ament_install'
[0.235s] Level 1:colcon.colcon_core.package_identification:_identify(src/kssbot/kssbot_description/diffbot_description) by extensions ['colcon_pkg']
[0.235s] Level 1:colcon.colcon_core.package_identification:_identify(src/kssbot/kssbot_description/diffbot_description) by extension 'colcon_pkg'
[0.235s] Level 1:colcon.colcon_core.package_identification:_identify(src/kssbot/kssbot_description/diffbot_description) by extensions ['colcon_meta']
[0.235s] Level 1:colcon.colcon_core.package_identification:_identify(src/kssbot/kssbot_description/diffbot_description) by extension 'colcon_meta'
[0.235s] Level 1:colcon.colcon_core.package_identification:_identify(src/kssbot/kssbot_description/diffbot_description) by extensions ['ros']
[0.235s] Level 1:colcon.colcon_core.package_identification:_identify(src/kssbot/kssbot_description/diffbot_description) by extension 'ros'
[0.236s] DEBUG:colcon.colcon_core.package_identification:Package 'src/kssbot/kssbot_description/diffbot_description' with type 'ros.ament_cmake' and name 'kssbot_description'
[0.236s] Level 1:colcon.colcon_core.package_identification:_identify(src/kssbot/kssbot_hardware) by extensions ['ignore', 'ignore_ament_install']
[0.236s] Level 1:colcon.colcon_core.package_identification:_identify(src/kssbot/kssbot_hardware) by extension 'ignore'
[0.236s] Level 1:colcon.colcon_core.package_identification:_identify(src/kssbot/kssbot_hardware) by extension 'ignore_ament_install'
[0.236s] Level 1:colcon.colcon_core.package_identification:_identify(src/kssbot/kssbot_hardware) by extensions ['colcon_pkg']
[0.236s] Level 1:colcon.colcon_core.package_identification:_identify(src/kssbot/kssbot_hardware) by extension 'colcon_pkg'
[0.236s] Level 1:colcon.colcon_core.package_identification:_identify(src/kssbot/kssbot_hardware) by extensions ['colcon_meta']
[0.236s] Level 1:colcon.colcon_core.package_identification:_identify(src/kssbot/kssbot_hardware) by extension 'colcon_meta'
[0.236s] Level 1:colcon.colcon_core.package_identification:_identify(src/kssbot/kssbot_hardware) by extensions ['ros']
[0.236s] Level 1:colcon.colcon_core.package_identification:_identify(src/kssbot/kssbot_hardware) by extension 'ros'
[0.236s] Level 1:colcon.colcon_core.package_identification:_identify(src/kssbot/kssbot_hardware) by extensions ['cmake', 'python']
[0.237s] Level 1:colcon.colcon_core.package_identification:_identify(src/kssbot/kssbot_hardware) by extension 'cmake'
[0.237s] Level 1:colcon.colcon_core.package_identification:_identify(src/kssbot/kssbot_hardware) by extension 'python'
[0.237s] Level 1:colcon.colcon_core.package_identification:_identify(src/kssbot/kssbot_hardware) by extensions ['python_setup_py']
[0.237s] Level 1:colcon.colcon_core.package_identification:_identify(src/kssbot/kssbot_hardware) by extension 'python_setup_py'
[0.237s] Level 1:colcon.colcon_core.package_identification:_identify(src/kssbot/kssbot_hardware/kssbot_diffdrive_rasp4) by extensions ['ignore', 'ignore_ament_install']
[0.237s] Level 1:colcon.colcon_core.package_identification:_identify(src/kssbot/kssbot_hardware/kssbot_diffdrive_rasp4) by extension 'ignore'
[0.237s] Level 1:colcon.colcon_core.package_identification:_identify(src/kssbot/kssbot_hardware/kssbot_diffdrive_rasp4) by extension 'ignore_ament_install'
[0.237s] Level 1:colcon.colcon_core.package_identification:_identify(src/kssbot/kssbot_hardware/kssbot_diffdrive_rasp4) by extensions ['colcon_pkg']
[0.237s] Level 1:colcon.colcon_core.package_identification:_identify(src/kssbot/kssbot_hardware/kssbot_diffdrive_rasp4) by extension 'colcon_pkg'
[0.237s] Level 1:colcon.colcon_core.package_identification:_identify(src/kssbot/kssbot_hardware/kssbot_diffdrive_rasp4) by extensions ['colcon_meta']
[0.237s] Level 1:colcon.colcon_core.package_identification:_identify(src/kssbot/kssbot_hardware/kssbot_diffdrive_rasp4) by extension 'colcon_meta'
[0.237s] Level 1:colcon.colcon_core.package_identification:_identify(src/kssbot/kssbot_hardware/kssbot_diffdrive_rasp4) by extensions ['ros']
[0.237s] Level 1:colcon.colcon_core.package_identification:_identify(src/kssbot/kssbot_hardware/kssbot_diffdrive_rasp4) by extension 'ros'
[0.238s] DEBUG:colcon.colcon_core.package_identification:Package 'src/kssbot/kssbot_hardware/kssbot_diffdrive_rasp4' with type 'ros.ament_cmake' and name 'kssbot_diffdrive_rasp4'
[0.238s] Level 1:colcon.colcon_core.package_discovery:discover_packages(recursive) using defaults
[0.238s] Level 1:colcon.colcon_core.package_discovery:discover_packages(ignore) discover
[0.238s] Level 1:colcon.colcon_core.package_discovery:discover_packages(ignore) using defaults
[0.238s] Level 1:colcon.colcon_core.package_discovery:discover_packages(path) discover
[0.238s] Level 1:colcon.colcon_core.package_discovery:discover_packages(path) using defaults
[0.253s] Level 1:colcon.colcon_core.package_discovery:discover_packages(prefix_path) check parameters
[0.253s] Level 1:colcon.colcon_core.package_discovery:discover_packages(prefix_path) discover
[0.255s] DEBUG:colcon.colcon_installed_package_information.package_discovery:Found 316 installed packages in /opt/ros/humble
[0.256s] Level 1:colcon.colcon_core.package_discovery:discover_packages(prefix_path) using defaults
[0.297s] Level 5:colcon.colcon_core.verb:set package 'kss_joystick' build argument 'cmake_args' from command line to 'None'
[0.297s] Level 5:colcon.colcon_core.verb:set package 'kss_joystick' build argument 'cmake_target' from command line to 'None'
[0.297s] Level 5:colcon.colcon_core.verb:set package 'kss_joystick' build argument 'cmake_target_skip_unavailable' from command line to 'False'
[0.297s] Level 5:colcon.colcon_core.verb:set package 'kss_joystick' build argument 'cmake_clean_cache' from command line to 'False'
[0.297s] Level 5:colcon.colcon_core.verb:set package 'kss_joystick' build argument 'cmake_clean_first' from command line to 'False'
[0.297s] Level 5:colcon.colcon_core.verb:set package 'kss_joystick' build argument 'cmake_force_configure' from command line to 'False'
[0.297s] Level 5:colcon.colcon_core.verb:set package 'kss_joystick' build argument 'ament_cmake_args' from command line to 'None'
[0.298s] Level 5:colcon.colcon_core.verb:set package 'kss_joystick' build argument 'catkin_cmake_args' from command line to 'None'
[0.298s] Level 5:colcon.colcon_core.verb:set package 'kss_joystick' build argument 'catkin_skip_building_tests' from command line to 'False'
[0.298s] DEBUG:colcon.colcon_core.verb:Building package 'kss_joystick' with the following arguments: {'ament_cmake_args': None, 'build_base': '/home/kssvm/workspace/ros2/humble/kssbot/build/kss_joystick', 'catkin_cmake_args': None, 'catkin_skip_building_tests': False, 'cmake_args': None, 'cmake_clean_cache': False, 'cmake_clean_first': False, 'cmake_force_configure': False, 'cmake_target': None, 'cmake_target_skip_unavailable': False, 'install_base': '/home/kssvm/workspace/ros2/humble/kssbot/install/kss_joystick', 'merge_install': False, 'path': '/home/kssvm/workspace/ros2/humble/kssbot/src/kssbot/kss_joystick', 'symlink_install': False, 'test_result_base': None}
[0.298s] Level 5:colcon.colcon_core.verb:set package 'kssbot_description' build argument 'cmake_args' from command line to 'None'
[0.298s] Level 5:colcon.colcon_core.verb:set package 'kssbot_description' build argument 'cmake_target' from command line to 'None'
[0.298s] Level 5:colcon.colcon_core.verb:set package 'kssbot_description' build argument 'cmake_target_skip_unavailable' from command line to 'False'
[0.298s] Level 5:colcon.colcon_core.verb:set package 'kssbot_description' build argument 'cmake_clean_cache' from command line to 'False'
[0.298s] Level 5:colcon.colcon_core.verb:set package 'kssbot_description' build argument 'cmake_clean_first' from command line to 'False'
[0.298s] Level 5:colcon.colcon_core.verb:set package 'kssbot_description' build argument 'cmake_force_configure' from command line to 'False'
[0.298s] Level 5:colcon.colcon_core.verb:set package 'kssbot_description' build argument 'ament_cmake_args' from command line to 'None'
[0.298s] Level 5:colcon.colcon_core.verb:set package 'kssbot_description' build argument 'catkin_cmake_args' from command line to 'None'
[0.298s] Level 5:colcon.colcon_core.verb:set package 'kssbot_description' build argument 'catkin_skip_building_tests' from command line to 'False'
[0.298s] DEBUG:colcon.colcon_core.verb:Building package 'kssbot_description' with the following arguments: {'ament_cmake_args': None, 'build_base': '/home/kssvm/workspace/ros2/humble/kssbot/build/kssbot_description', 'catkin_cmake_args': None, 'catkin_skip_building_tests': False, 'cmake_args': None, 'cmake_clean_cache': False, 'cmake_clean_first': False, 'cmake_force_configure': False, 'cmake_target': None, 'cmake_target_skip_unavailable': False, 'install_base': '/home/kssvm/workspace/ros2/humble/kssbot/install/kssbot_description', 'merge_install': False, 'path': '/home/kssvm/workspace/ros2/humble/kssbot/src/kssbot/kssbot_description/diffbot_description', 'symlink_install': False, 'test_result_base': None}
[0.299s] Level 5:colcon.colcon_core.verb:set package 'kssbot_diffdrive_rasp4' build argument 'cmake_args' from command line to 'None'
[0.299s] Level 5:colcon.colcon_core.verb:set package 'kssbot_diffdrive_rasp4' build argument 'cmake_target' from command line to 'None'
[0.299s] Level 5:colcon.colcon_core.verb:set package 'kssbot_diffdrive_rasp4' build argument 'cmake_target_skip_unavailable' from command line to 'False'
[0.299s] Level 5:colcon.colcon_core.verb:set package 'kssbot_diffdrive_rasp4' build argument 'cmake_clean_cache' from command line to 'False'
[0.299s] Level 5:colcon.colcon_core.verb:set package 'kssbot_diffdrive_rasp4' build argument 'cmake_clean_first' from command line to 'False'
[0.299s] Level 5:colcon.colcon_core.verb:set package 'kssbot_diffdrive_rasp4' build argument 'cmake_force_configure' from command line to 'False'
[0.299s] Level 5:colcon.colcon_core.verb:set package 'kssbot_diffdrive_rasp4' build argument 'ament_cmake_args' from command line to 'None'
[0.299s] Level 5:colcon.colcon_core.verb:set package 'kssbot_diffdrive_rasp4' build argument 'catkin_cmake_args' from command line to 'None'
[0.299s] Level 5:colcon.colcon_core.verb:set package 'kssbot_diffdrive_rasp4' build argument 'catkin_skip_building_tests' from command line to 'False'
[0.299s] DEBUG:colcon.colcon_core.verb:Building package 'kssbot_diffdrive_rasp4' with the following arguments: {'ament_cmake_args': None, 'build_base': '/home/kssvm/workspace/ros2/humble/kssbot/build/kssbot_diffdrive_rasp4', 'catkin_cmake_args': None, 'catkin_skip_building_tests': False, 'cmake_args': None, 'cmake_clean_cache': False, 'cmake_clean_first': False, 'cmake_force_configure': False, 'cmake_target': None, 'cmake_target_skip_unavailable': False, 'install_base': '/home/kssvm/workspace/ros2/humble/kssbot/install/kssbot_diffdrive_rasp4', 'merge_install': False, 'path': '/home/kssvm/workspace/ros2/humble/kssbot/src/kssbot/kssbot_hardware/kssbot_diffdrive_rasp4', 'symlink_install': False, 'test_result_base': None}
[0.300s] Level 5:colcon.colcon_core.verb:set package 'kssbot_bringup' build argument 'cmake_args' from command line to 'None'
[0.300s] Level 5:colcon.colcon_core.verb:set package 'kssbot_bringup' build argument 'cmake_target' from command line to 'None'
[0.300s] Level 5:colcon.colcon_core.verb:set package 'kssbot_bringup' build argument 'cmake_target_skip_unavailable' from command line to 'False'
[0.300s] Level 5:colcon.colcon_core.verb:set package 'kssbot_bringup' build argument 'cmake_clean_cache' from command line to 'False'
[0.300s] Level 5:colcon.colcon_core.verb:set package 'kssbot_bringup' build argument 'cmake_clean_first' from command line to 'False'
[0.300s] Level 5:colcon.colcon_core.verb:set package 'kssbot_bringup' build argument 'cmake_force_configure' from command line to 'False'
[0.300s] Level 5:colcon.colcon_core.verb:set package 'kssbot_bringup' build argument 'ament_cmake_args' from command line to 'None'
[0.300s] Level 5:colcon.colcon_core.verb:set package 'kssbot_bringup' build argument 'catkin_cmake_args' from command line to 'None'
[0.300s] Level 5:colcon.colcon_core.verb:set package 'kssbot_bringup' build argument 'catkin_skip_building_tests' from command line to 'False'
[0.300s] DEBUG:colcon.colcon_core.verb:Building package 'kssbot_bringup' with the following arguments: {'ament_cmake_args': None, 'build_base': '/home/kssvm/workspace/ros2/humble/kssbot/build/kssbot_bringup', 'catkin_cmake_args': None, 'catkin_skip_building_tests': False, 'cmake_args': None, 'cmake_clean_cache': False, 'cmake_clean_first': False, 'cmake_force_configure': False, 'cmake_target': None, 'cmake_target_skip_unavailable': False, 'install_base': '/home/kssvm/workspace/ros2/humble/kssbot/install/kssbot_bringup', 'merge_install': False, 'path': '/home/kssvm/workspace/ros2/humble/kssbot/src/kssbot/kssbot_bringup', 'symlink_install': False, 'test_result_base': None}
[0.301s] INFO:colcon.colcon_core.executor:Executing jobs using 'parallel' executor
[0.305s] DEBUG:colcon.colcon_parallel_executor.executor.parallel:run_until_complete
[0.305s] INFO:colcon.colcon_ros.task.ament_cmake.build:Building ROS package in '/home/kssvm/workspace/ros2/humble/kssbot/src/kssbot/kssbot_description/diffbot_description' with build type 'ament_cmake'
[0.305s] INFO:colcon.colcon_cmake.task.cmake.build:Building CMake package in '/home/kssvm/workspace/ros2/humble/kssbot/src/kssbot/kssbot_description/diffbot_description'
[0.315s] INFO:colcon.colcon_core.plugin_system:Skipping extension 'colcon_core.shell.bat': Not used on non-Windows systems
[0.315s] INFO:colcon.colcon_core.shell:Skip shell extension 'powershell' for command environment: Not usable outside of PowerShell
[0.315s] DEBUG:colcon.colcon_core.shell:Skip shell extension 'dsv' for command environment
[0.320s] INFO:colcon.colcon_ros.task.ament_cmake.build:Building ROS package in '/home/kssvm/workspace/ros2/humble/kssbot/src/kssbot/kss_joystick' with build type 'ament_cmake'
[0.324s] INFO:colcon.colcon_cmake.task.cmake.build:Building CMake package in '/home/kssvm/workspace/ros2/humble/kssbot/src/kssbot/kss_joystick'
[0.325s] INFO:colcon.colcon_core.shell:Skip shell extension 'powershell' for command environment: Not usable outside of PowerShell
[0.325s] DEBUG:colcon.colcon_core.shell:Skip shell extension 'dsv' for command environment
[0.329s] INFO:colcon.colcon_ros.task.ament_cmake.build:Building ROS package in '/home/kssvm/workspace/ros2/humble/kssbot/src/kssbot/kssbot_hardware/kssbot_diffdrive_rasp4' with build type 'ament_cmake'
[0.329s] INFO:colcon.colcon_cmake.task.cmake.build:Building CMake package in '/home/kssvm/workspace/ros2/humble/kssbot/src/kssbot/kssbot_hardware/kssbot_diffdrive_rasp4'
[0.330s] INFO:colcon.colcon_core.shell:Skip shell extension 'powershell' for command environment: Not usable outside of PowerShell
[0.330s] DEBUG:colcon.colcon_core.shell:Skip shell extension 'dsv' for command environment
[0.339s] DEBUG:colcon.colcon_core.event_handler.log_command:Invoking command in '/home/kssvm/workspace/ros2/humble/kssbot/build/kssbot_description': CMAKE_PREFIX_PATH=/opt/ros/humble /usr/bin/cmake /home/kssvm/workspace/ros2/humble/kssbot/src/kssbot/kssbot_description/diffbot_description -DCMAKE_INSTALL_PREFIX=/home/kssvm/workspace/ros2/humble/kssbot/install/kssbot_description
[0.340s] DEBUG:colcon.colcon_core.event_handler.log_command:Invoking command in '/home/kssvm/workspace/ros2/humble/kssbot/build/kss_joystick': CMAKE_PREFIX_PATH=/opt/ros/humble /usr/bin/cmake /home/kssvm/workspace/ros2/humble/kssbot/src/kssbot/kss_joystick -DCMAKE_INSTALL_PREFIX=/home/kssvm/workspace/ros2/humble/kssbot/install/kss_joystick
[0.345s] DEBUG:colcon.colcon_core.event_handler.log_command:Invoking command in '/home/kssvm/workspace/ros2/humble/kssbot/build/kssbot_diffdrive_rasp4': CMAKE_PREFIX_PATH=/opt/ros/humble /usr/bin/cmake /home/kssvm/workspace/ros2/humble/kssbot/src/kssbot/kssbot_hardware/kssbot_diffdrive_rasp4 -DCMAKE_INSTALL_PREFIX=/home/kssvm/workspace/ros2/humble/kssbot/install/kssbot_diffdrive_rasp4
[0.848s] DEBUG:colcon.colcon_core.event_handler.log_command:Invoked command in '/home/kssvm/workspace/ros2/humble/kssbot/build/kss_joystick' returned '0': CMAKE_PREFIX_PATH=/opt/ros/humble /usr/bin/cmake /home/kssvm/workspace/ros2/humble/kssbot/src/kssbot/kss_joystick -DCMAKE_INSTALL_PREFIX=/home/kssvm/workspace/ros2/humble/kssbot/install/kss_joystick
[0.849s] DEBUG:colcon.colcon_core.event_handler.log_command:Invoking command in '/home/kssvm/workspace/ros2/humble/kssbot/build/kss_joystick': CMAKE_PREFIX_PATH=/opt/ros/humble /usr/bin/cmake --build /home/kssvm/workspace/ros2/humble/kssbot/build/kss_joystick -- -j4 -l4
[0.855s] DEBUG:colcon.colcon_core.event_handler.log_command:Invoked command in '/home/kssvm/workspace/ros2/humble/kssbot/build/kssbot_description' returned '0': CMAKE_PREFIX_PATH=/opt/ros/humble /usr/bin/cmake /home/kssvm/workspace/ros2/humble/kssbot/src/kssbot/kssbot_description/diffbot_description -DCMAKE_INSTALL_PREFIX=/home/kssvm/workspace/ros2/humble/kssbot/install/kssbot_description
[0.856s] DEBUG:colcon.colcon_core.event_handler.log_command:Invoking command in '/home/kssvm/workspace/ros2/humble/kssbot/build/kssbot_description': CMAKE_PREFIX_PATH=/opt/ros/humble /usr/bin/cmake --build /home/kssvm/workspace/ros2/humble/kssbot/build/kssbot_description -- -j4 -l4
[0.870s] DEBUG:colcon.colcon_core.event_handler.log_command:Invoked command in '/home/kssvm/workspace/ros2/humble/kssbot/build/kss_joystick' returned '0': CMAKE_PREFIX_PATH=/opt/ros/humble /usr/bin/cmake --build /home/kssvm/workspace/ros2/humble/kssbot/build/kss_joystick -- -j4 -l4
[0.877s] DEBUG:colcon.colcon_core.event_handler.log_command:Invoked command in '/home/kssvm/workspace/ros2/humble/kssbot/build/kssbot_description' returned '0': CMAKE_PREFIX_PATH=/opt/ros/humble /usr/bin/cmake --build /home/kssvm/workspace/ros2/humble/kssbot/build/kssbot_description -- -j4 -l4
[0.888s] DEBUG:colcon.colcon_core.event_handler.log_command:Invoking command in '/home/kssvm/workspace/ros2/humble/kssbot/build/kss_joystick': CMAKE_PREFIX_PATH=/opt/ros/humble /usr/bin/cmake --install /home/kssvm/workspace/ros2/humble/kssbot/build/kss_joystick
[0.889s] DEBUG:colcon.colcon_core.event_handler.log_command:Invoking command in '/home/kssvm/workspace/ros2/humble/kssbot/build/kssbot_description': CMAKE_PREFIX_PATH=/opt/ros/humble /usr/bin/cmake --install /home/kssvm/workspace/ros2/humble/kssbot/build/kssbot_description
[0.897s] Level 1:colcon.colcon_core.environment:create_environment_scripts_only(kssbot_description)
[0.899s] DEBUG:colcon.colcon_core.event_handler.log_command:Invoked command in '/home/kssvm/workspace/ros2/humble/kssbot/build/kssbot_description' returned '0': CMAKE_PREFIX_PATH=/opt/ros/humble /usr/bin/cmake --install /home/kssvm/workspace/ros2/humble/kssbot/build/kssbot_description
[0.903s] Level 1:colcon.colcon_core.environment:checking '/home/kssvm/workspace/ros2/humble/kssbot/install/kssbot_description' for CMake module files
[0.904s] Level 1:colcon.colcon_core.environment:checking '/home/kssvm/workspace/ros2/humble/kssbot/install/kssbot_description' for CMake config files
[0.904s] Level 1:colcon.colcon_core.shell:create_environment_hook('kssbot_description', 'cmake_prefix_path')
[0.905s] INFO:colcon.colcon_core.shell:Creating environment hook '/home/kssvm/workspace/ros2/humble/kssbot/install/kssbot_description/share/kssbot_description/hook/cmake_prefix_path.ps1'
[0.905s] INFO:colcon.colcon_core.shell:Creating environment descriptor '/home/kssvm/workspace/ros2/humble/kssbot/install/kssbot_description/share/kssbot_description/hook/cmake_prefix_path.dsv'
[0.905s] INFO:colcon.colcon_core.shell:Creating environment hook '/home/kssvm/workspace/ros2/humble/kssbot/install/kssbot_description/share/kssbot_description/hook/cmake_prefix_path.sh'
[0.906s] Level 1:colcon.colcon_core.environment:checking '/home/kssvm/workspace/ros2/humble/kssbot/install/kssbot_description/bin'
[0.906s] Level 1:colcon.colcon_core.environment:checking '/home/kssvm/workspace/ros2/humble/kssbot/install/kssbot_description/lib/pkgconfig/kssbot_description.pc'
[0.906s] Level 1:colcon.colcon_core.environment:checking '/home/kssvm/workspace/ros2/humble/kssbot/install/kssbot_description/lib/python3.10/site-packages'
[0.906s] Level 1:colcon.colcon_core.environment:checking '/home/kssvm/workspace/ros2/humble/kssbot/install/kssbot_description/bin'
[0.907s] INFO:colcon.colcon_core.shell:Creating package script '/home/kssvm/workspace/ros2/humble/kssbot/install/kssbot_description/share/kssbot_description/package.ps1'
[0.908s] INFO:colcon.colcon_core.shell:Creating package descriptor '/home/kssvm/workspace/ros2/humble/kssbot/install/kssbot_description/share/kssbot_description/package.dsv'
[0.909s] INFO:colcon.colcon_core.shell:Creating package script '/home/kssvm/workspace/ros2/humble/kssbot/install/kssbot_description/share/kssbot_description/package.sh'
[0.909s] INFO:colcon.colcon_core.shell:Creating package script '/home/kssvm/workspace/ros2/humble/kssbot/install/kssbot_description/share/kssbot_description/package.bash'
[0.910s] INFO:colcon.colcon_core.shell:Creating package script '/home/kssvm/workspace/ros2/humble/kssbot/install/kssbot_description/share/kssbot_description/package.zsh'
[0.910s] Level 1:colcon.colcon_core.environment:create_file_with_runtime_dependencies(/home/kssvm/workspace/ros2/humble/kssbot/install/kssbot_description/share/colcon-core/packages/kssbot_description)
[0.915s] Level 1:colcon.colcon_core.environment:create_environment_scripts_only(kss_joystick)
[0.917s] Level 1:colcon.colcon_core.environment:checking '/home/kssvm/workspace/ros2/humble/kssbot/install/kss_joystick' for CMake module files
[0.917s] Level 1:colcon.colcon_core.environment:checking '/home/kssvm/workspace/ros2/humble/kssbot/install/kss_joystick' for CMake config files
[0.918s] Level 1:colcon.colcon_core.shell:create_environment_hook('kss_joystick', 'cmake_prefix_path')
[0.919s] INFO:colcon.colcon_core.shell:Creating environment hook '/home/kssvm/workspace/ros2/humble/kssbot/install/kss_joystick/share/kss_joystick/hook/cmake_prefix_path.ps1'
[0.919s] DEBUG:colcon.colcon_core.event_handler.log_command:Invoked command in '/home/kssvm/workspace/ros2/humble/kssbot/build/kss_joystick' returned '0': CMAKE_PREFIX_PATH=/opt/ros/humble /usr/bin/cmake --install /home/kssvm/workspace/ros2/humble/kssbot/build/kss_joystick
[0.919s] INFO:colcon.colcon_core.shell:Creating environment descriptor '/home/kssvm/workspace/ros2/humble/kssbot/install/kss_joystick/share/kss_joystick/hook/cmake_prefix_path.dsv'
[0.922s] INFO:colcon.colcon_core.shell:Creating environment hook '/home/kssvm/workspace/ros2/humble/kssbot/install/kss_joystick/share/kss_joystick/hook/cmake_prefix_path.sh'
[0.922s] Level 1:colcon.colcon_core.environment:checking '/home/kssvm/workspace/ros2/humble/kssbot/install/kss_joystick/bin'
[0.922s] Level 1:colcon.colcon_core.environment:checking '/home/kssvm/workspace/ros2/humble/kssbot/install/kss_joystick/lib/pkgconfig/kss_joystick.pc'
[0.923s] Level 1:colcon.colcon_core.environment:checking '/home/kssvm/workspace/ros2/humble/kssbot/install/kss_joystick/lib/python3.10/site-packages'
[0.923s] Level 1:colcon.colcon_core.environment:checking '/home/kssvm/workspace/ros2/humble/kssbot/install/kss_joystick/bin'
[0.924s] INFO:colcon.colcon_core.shell:Creating package script '/home/kssvm/workspace/ros2/humble/kssbot/install/kss_joystick/share/kss_joystick/package.ps1'
[0.924s] INFO:colcon.colcon_core.shell:Creating package descriptor '/home/kssvm/workspace/ros2/humble/kssbot/install/kss_joystick/share/kss_joystick/package.dsv'
[0.924s] INFO:colcon.colcon_core.shell:Creating package script '/home/kssvm/workspace/ros2/humble/kssbot/install/kss_joystick/share/kss_joystick/package.sh'
[0.925s] INFO:colcon.colcon_core.shell:Creating package script '/home/kssvm/workspace/ros2/humble/kssbot/install/kss_joystick/share/kss_joystick/package.bash'
[0.925s] INFO:colcon.colcon_core.shell:Creating package script '/home/kssvm/workspace/ros2/humble/kssbot/install/kss_joystick/share/kss_joystick/package.zsh'
[0.925s] Level 1:colcon.colcon_core.environment:create_file_with_runtime_dependencies(/home/kssvm/workspace/ros2/humble/kssbot/install/kss_joystick/share/colcon-core/packages/kss_joystick)
[0.953s] Level 1:colcon.colcon_core.environment:create_environment_scripts_only(kssbot_description)
[0.955s] Level 1:colcon.colcon_core.environment:checking '/home/kssvm/workspace/ros2/humble/kssbot/install/kssbot_description' for CMake module files
[0.955s] Level 1:colcon.colcon_core.environment:checking '/home/kssvm/workspace/ros2/humble/kssbot/install/kssbot_description' for CMake config files
[0.955s] Level 1:colcon.colcon_core.shell:create_environment_hook('kssbot_description', 'cmake_prefix_path')
[0.956s] INFO:colcon.colcon_core.shell:Creating environment hook '/home/kssvm/workspace/ros2/humble/kssbot/install/kssbot_description/share/kssbot_description/hook/cmake_prefix_path.ps1'
[0.956s] INFO:colcon.colcon_core.shell:Creating environment descriptor '/home/kssvm/workspace/ros2/humble/kssbot/install/kssbot_description/share/kssbot_description/hook/cmake_prefix_path.dsv'
[0.957s] INFO:colcon.colcon_core.shell:Creating environment hook '/home/kssvm/workspace/ros2/humble/kssbot/install/kssbot_description/share/kssbot_description/hook/cmake_prefix_path.sh'
[0.957s] Level 1:colcon.colcon_core.environment:checking '/home/kssvm/workspace/ros2/humble/kssbot/install/kssbot_description/bin'
[0.957s] Level 1:colcon.colcon_core.environment:checking '/home/kssvm/workspace/ros2/humble/kssbot/install/kssbot_description/lib/pkgconfig/kssbot_description.pc'
[0.957s] Level 1:colcon.colcon_core.environment:checking '/home/kssvm/workspace/ros2/humble/kssbot/install/kssbot_description/lib/python3.10/site-packages'
[0.958s] Level 1:colcon.colcon_core.environment:checking '/home/kssvm/workspace/ros2/humble/kssbot/install/kssbot_description/bin'
[0.959s] INFO:colcon.colcon_core.shell:Creating package script '/home/kssvm/workspace/ros2/humble/kssbot/install/kssbot_description/share/kssbot_description/package.ps1'
[0.959s] INFO:colcon.colcon_core.shell:Creating package descriptor '/home/kssvm/workspace/ros2/humble/kssbot/install/kssbot_description/share/kssbot_description/package.dsv'
[0.959s] INFO:colcon.colcon_core.shell:Creating package script '/home/kssvm/workspace/ros2/humble/kssbot/install/kssbot_description/share/kssbot_description/package.sh'
[0.960s] INFO:colcon.colcon_core.shell:Creating package script '/home/kssvm/workspace/ros2/humble/kssbot/install/kssbot_description/share/kssbot_description/package.bash'
[0.960s] INFO:colcon.colcon_core.shell:Creating package script '/home/kssvm/workspace/ros2/humble/kssbot/install/kssbot_description/share/kssbot_description/package.zsh'
[0.960s] Level 1:colcon.colcon_core.environment:create_file_with_runtime_dependencies(/home/kssvm/workspace/ros2/humble/kssbot/install/kssbot_description/share/colcon-core/packages/kssbot_description)
[0.961s] INFO:colcon.colcon_ros.task.ament_cmake.build:Building ROS package in '/home/kssvm/workspace/ros2/humble/kssbot/src/kssbot/kssbot_bringup' with build type 'ament_cmake'
[0.961s] INFO:colcon.colcon_cmake.task.cmake.build:Building CMake package in '/home/kssvm/workspace/ros2/humble/kssbot/src/kssbot/kssbot_bringup'
[0.962s] INFO:colcon.colcon_core.shell:Skip shell extension 'powershell' for command environment: Not usable outside of PowerShell
[0.962s] DEBUG:colcon.colcon_core.shell:Skip shell extension 'dsv' for command environment
[0.968s] Level 1:colcon.colcon_core.environment:create_environment_scripts_only(kss_joystick)
[0.970s] Level 1:colcon.colcon_core.environment:checking '/home/kssvm/workspace/ros2/humble/kssbot/install/kss_joystick' for CMake module files
[0.970s] Level 1:colcon.colcon_core.environment:checking '/home/kssvm/workspace/ros2/humble/kssbot/install/kss_joystick' for CMake config files
[0.971s] Level 1:colcon.colcon_core.shell:create_environment_hook('kss_joystick', 'cmake_prefix_path')
[0.971s] INFO:colcon.colcon_core.shell:Creating environment hook '/home/kssvm/workspace/ros2/humble/kssbot/install/kss_joystick/share/kss_joystick/hook/cmake_prefix_path.ps1'
[0.972s] INFO:colcon.colcon_core.shell:Creating environment descriptor '/home/kssvm/workspace/ros2/humble/kssbot/install/kss_joystick/share/kss_joystick/hook/cmake_prefix_path.dsv'
[0.972s] INFO:colcon.colcon_core.shell:Creating environment hook '/home/kssvm/workspace/ros2/humble/kssbot/install/kss_joystick/share/kss_joystick/hook/cmake_prefix_path.sh'
[0.973s] Level 1:colcon.colcon_core.environment:checking '/home/kssvm/workspace/ros2/humble/kssbot/install/kss_joystick/bin'
[0.973s] Level 1:colcon.colcon_core.environment:checking '/home/kssvm/workspace/ros2/humble/kssbot/install/kss_joystick/lib/pkgconfig/kss_joystick.pc'
[0.973s] Level 1:colcon.colcon_core.environment:checking '/home/kssvm/workspace/ros2/humble/kssbot/install/kss_joystick/lib/python3.10/site-packages'
[0.973s] Level 1:colcon.colcon_core.environment:checking '/home/kssvm/workspace/ros2/humble/kssbot/install/kss_joystick/bin'
[0.975s] INFO:colcon.colcon_core.shell:Creating package script '/home/kssvm/workspace/ros2/humble/kssbot/install/kss_joystick/share/kss_joystick/package.ps1'
[0.975s] INFO:colcon.colcon_core.shell:Creating package descriptor '/home/kssvm/workspace/ros2/humble/kssbot/install/kss_joystick/share/kss_joystick/package.dsv'
[0.975s] INFO:colcon.colcon_core.shell:Creating package script '/home/kssvm/workspace/ros2/humble/kssbot/install/kss_joystick/share/kss_joystick/package.sh'
[0.976s] INFO:colcon.colcon_core.shell:Creating package script '/home/kssvm/workspace/ros2/humble/kssbot/install/kss_joystick/share/kss_joystick/package.bash'
[0.976s] INFO:colcon.colcon_core.shell:Creating package script '/home/kssvm/workspace/ros2/humble/kssbot/install/kss_joystick/share/kss_joystick/package.zsh'
[0.976s] Level 1:colcon.colcon_core.environment:create_file_with_runtime_dependencies(/home/kssvm/workspace/ros2/humble/kssbot/install/kss_joystick/share/colcon-core/packages/kss_joystick)
[0.980s] DEBUG:colcon.colcon_core.event_handler.log_command:Invoking command in '/home/kssvm/workspace/ros2/humble/kssbot/build/kssbot_bringup': AMENT_PREFIX_PATH=/home/kssvm/workspace/ros2/humble/kssbot/install/kssbot_description:${AMENT_PREFIX_PATH} CMAKE_PREFIX_PATH=/home/kssvm/workspace/ros2/humble/kssbot/install/kssbot_description:/opt/ros/humble /usr/bin/cmake /home/kssvm/workspace/ros2/humble/kssbot/src/kssbot/kssbot_bringup -DCMAKE_INSTALL_PREFIX=/home/kssvm/workspace/ros2/humble/kssbot/install/kssbot_bringup
[1.462s] DEBUG:colcon.colcon_core.event_handler.log_command:Invoked command in '/home/kssvm/workspace/ros2/humble/kssbot/build/kssbot_bringup' returned '0': AMENT_PREFIX_PATH=/home/kssvm/workspace/ros2/humble/kssbot/install/kssbot_description:${AMENT_PREFIX_PATH} CMAKE_PREFIX_PATH=/home/kssvm/workspace/ros2/humble/kssbot/install/kssbot_description:/opt/ros/humble /usr/bin/cmake /home/kssvm/workspace/ros2/humble/kssbot/src/kssbot/kssbot_bringup -DCMAKE_INSTALL_PREFIX=/home/kssvm/workspace/ros2/humble/kssbot/install/kssbot_bringup
[1.463s] DEBUG:colcon.colcon_core.event_handler.log_command:Invoking command in '/home/kssvm/workspace/ros2/humble/kssbot/build/kssbot_bringup': AMENT_PREFIX_PATH=/home/kssvm/workspace/ros2/humble/kssbot/install/kssbot_description:${AMENT_PREFIX_PATH} CMAKE_PREFIX_PATH=/home/kssvm/workspace/ros2/humble/kssbot/install/kssbot_description:/opt/ros/humble /usr/bin/cmake --build /home/kssvm/workspace/ros2/humble/kssbot/build/kssbot_bringup -- -j4 -l4
[1.483s] DEBUG:colcon.colcon_core.event_handler.log_command:Invoked command in '/home/kssvm/workspace/ros2/humble/kssbot/build/kssbot_bringup' returned '0': AMENT_PREFIX_PATH=/home/kssvm/workspace/ros2/humble/kssbot/install/kssbot_description:${AMENT_PREFIX_PATH} CMAKE_PREFIX_PATH=/home/kssvm/workspace/ros2/humble/kssbot/install/kssbot_description:/opt/ros/humble /usr/bin/cmake --build /home/kssvm/workspace/ros2/humble/kssbot/build/kssbot_bringup -- -j4 -l4
[1.495s] DEBUG:colcon.colcon_core.event_handler.log_command:Invoking command in '/home/kssvm/workspace/ros2/humble/kssbot/build/kssbot_bringup': AMENT_PREFIX_PATH=/home/kssvm/workspace/ros2/humble/kssbot/install/kssbot_description:${AMENT_PREFIX_PATH} CMAKE_PREFIX_PATH=/home/kssvm/workspace/ros2/humble/kssbot/install/kssbot_description:/opt/ros/humble /usr/bin/cmake --install /home/kssvm/workspace/ros2/humble/kssbot/build/kssbot_bringup
[1.502s] Level 1:colcon.colcon_core.environment:create_environment_scripts_only(kssbot_bringup)
[1.504s] Level 1:colcon.colcon_core.environment:checking '/home/kssvm/workspace/ros2/humble/kssbot/install/kssbot_bringup' for CMake module files
[1.504s] DEBUG:colcon.colcon_core.event_handler.log_command:Invoked command in '/home/kssvm/workspace/ros2/humble/kssbot/build/kssbot_bringup' returned '0': AMENT_PREFIX_PATH=/home/kssvm/workspace/ros2/humble/kssbot/install/kssbot_description:${AMENT_PREFIX_PATH} CMAKE_PREFIX_PATH=/home/kssvm/workspace/ros2/humble/kssbot/install/kssbot_description:/opt/ros/humble /usr/bin/cmake --install /home/kssvm/workspace/ros2/humble/kssbot/build/kssbot_bringup
[1.504s] Level 1:colcon.colcon_core.environment:checking '/home/kssvm/workspace/ros2/humble/kssbot/install/kssbot_bringup' for CMake config files
[1.504s] Level 1:colcon.colcon_core.shell:create_environment_hook('kssbot_bringup', 'cmake_prefix_path')
[1.505s] INFO:colcon.colcon_core.shell:Creating environment hook '/home/kssvm/workspace/ros2/humble/kssbot/install/kssbot_bringup/share/kssbot_bringup/hook/cmake_prefix_path.ps1'
[1.505s] INFO:colcon.colcon_core.shell:Creating environment descriptor '/home/kssvm/workspace/ros2/humble/kssbot/install/kssbot_bringup/share/kssbot_bringup/hook/cmake_prefix_path.dsv'
[1.506s] INFO:colcon.colcon_core.shell:Creating environment hook '/home/kssvm/workspace/ros2/humble/kssbot/install/kssbot_bringup/share/kssbot_bringup/hook/cmake_prefix_path.sh'
[1.506s] Level 1:colcon.colcon_core.environment:checking '/home/kssvm/workspace/ros2/humble/kssbot/install/kssbot_bringup/bin'
[1.506s] Level 1:colcon.colcon_core.environment:checking '/home/kssvm/workspace/ros2/humble/kssbot/install/kssbot_bringup/lib/pkgconfig/kssbot_bringup.pc'
[1.506s] Level 1:colcon.colcon_core.environment:checking '/home/kssvm/workspace/ros2/humble/kssbot/install/kssbot_bringup/lib/python3.10/site-packages'
[1.506s] Level 1:colcon.colcon_core.environment:checking '/home/kssvm/workspace/ros2/humble/kssbot/install/kssbot_bringup/bin'
[1.507s] INFO:colcon.colcon_core.shell:Creating package script '/home/kssvm/workspace/ros2/humble/kssbot/install/kssbot_bringup/share/kssbot_bringup/package.ps1'
[1.508s] INFO:colcon.colcon_core.shell:Creating package descriptor '/home/kssvm/workspace/ros2/humble/kssbot/install/kssbot_bringup/share/kssbot_bringup/package.dsv'
[1.508s] INFO:colcon.colcon_core.shell:Creating package script '/home/kssvm/workspace/ros2/humble/kssbot/install/kssbot_bringup/share/kssbot_bringup/package.sh'
[1.508s] INFO:colcon.colcon_core.shell:Creating package script '/home/kssvm/workspace/ros2/humble/kssbot/install/kssbot_bringup/share/kssbot_bringup/package.bash'
[1.508s] INFO:colcon.colcon_core.shell:Creating package script '/home/kssvm/workspace/ros2/humble/kssbot/install/kssbot_bringup/share/kssbot_bringup/package.zsh'
[1.509s] Level 1:colcon.colcon_core.environment:create_file_with_runtime_dependencies(/home/kssvm/workspace/ros2/humble/kssbot/install/kssbot_bringup/share/colcon-core/packages/kssbot_bringup)
[1.523s] Level 1:colcon.colcon_core.environment:create_environment_scripts_only(kssbot_bringup)
[1.524s] Level 1:colcon.colcon_core.environment:checking '/home/kssvm/workspace/ros2/humble/kssbot/install/kssbot_bringup' for CMake module files
[1.524s] Level 1:colcon.colcon_core.environment:checking '/home/kssvm/workspace/ros2/humble/kssbot/install/kssbot_bringup' for CMake config files
[1.524s] Level 1:colcon.colcon_core.shell:create_environment_hook('kssbot_bringup', 'cmake_prefix_path')
[1.530s] INFO:colcon.colcon_core.shell:Creating environment hook '/home/kssvm/workspace/ros2/humble/kssbot/install/kssbot_bringup/share/kssbot_bringup/hook/cmake_prefix_path.ps1'
[1.531s] INFO:colcon.colcon_core.shell:Creating environment descriptor '/home/kssvm/workspace/ros2/humble/kssbot/install/kssbot_bringup/share/kssbot_bringup/hook/cmake_prefix_path.dsv'
[1.531s] INFO:colcon.colcon_core.shell:Creating environment hook '/home/kssvm/workspace/ros2/humble/kssbot/install/kssbot_bringup/share/kssbot_bringup/hook/cmake_prefix_path.sh'
[1.531s] Level 1:colcon.colcon_core.environment:checking '/home/kssvm/workspace/ros2/humble/kssbot/install/kssbot_bringup/bin'
[1.531s] Level 1:colcon.colcon_core.environment:checking '/home/kssvm/workspace/ros2/humble/kssbot/install/kssbot_bringup/lib/pkgconfig/kssbot_bringup.pc'
[1.532s] Level 1:colcon.colcon_core.environment:checking '/home/kssvm/workspace/ros2/humble/kssbot/install/kssbot_bringup/lib/python3.10/site-packages'
[1.534s] Level 1:colcon.colcon_core.environment:checking '/home/kssvm/workspace/ros2/humble/kssbot/install/kssbot_bringup/bin'
[1.534s] INFO:colcon.colcon_core.shell:Creating package script '/home/kssvm/workspace/ros2/humble/kssbot/install/kssbot_bringup/share/kssbot_bringup/package.ps1'
[1.535s] INFO:colcon.colcon_core.shell:Creating package descriptor '/home/kssvm/workspace/ros2/humble/kssbot/install/kssbot_bringup/share/kssbot_bringup/package.dsv'
[1.535s] INFO:colcon.colcon_core.shell:Creating package script '/home/kssvm/workspace/ros2/humble/kssbot/install/kssbot_bringup/share/kssbot_bringup/package.sh'
[1.536s] INFO:colcon.colcon_core.shell:Creating package script '/home/kssvm/workspace/ros2/humble/kssbot/install/kssbot_bringup/share/kssbot_bringup/package.bash'
[1.536s] INFO:colcon.colcon_core.shell:Creating package script '/home/kssvm/workspace/ros2/humble/kssbot/install/kssbot_bringup/share/kssbot_bringup/package.zsh'
[1.536s] Level 1:colcon.colcon_core.environment:create_file_with_runtime_dependencies(/home/kssvm/workspace/ros2/humble/kssbot/install/kssbot_bringup/share/colcon-core/packages/kssbot_bringup)
[1.798s] DEBUG:colcon.colcon_core.event_handler.log_command:Invoked command in '/home/kssvm/workspace/ros2/humble/kssbot/build/kssbot_diffdrive_rasp4' returned '0': CMAKE_PREFIX_PATH=/opt/ros/humble /usr/bin/cmake /home/kssvm/workspace/ros2/humble/kssbot/src/kssbot/kssbot_hardware/kssbot_diffdrive_rasp4 -DCMAKE_INSTALL_PREFIX=/home/kssvm/workspace/ros2/humble/kssbot/install/kssbot_diffdrive_rasp4
[1.800s] DEBUG:colcon.colcon_core.event_handler.log_command:Invoking command in '/home/kssvm/workspace/ros2/humble/kssbot/build/kssbot_diffdrive_rasp4': CMAKE_PREFIX_PATH=/opt/ros/humble /usr/bin/cmake --build /home/kssvm/workspace/ros2/humble/kssbot/build/kssbot_diffdrive_rasp4 -- -j4 -l4
[4.467s] DEBUG:colcon.colcon_core.event_handler.log_command:Invoked command in '/home/kssvm/workspace/ros2/humble/kssbot/build/kssbot_diffdrive_rasp4' returned '0': CMAKE_PREFIX_PATH=/opt/ros/humble /usr/bin/cmake --build /home/kssvm/workspace/ros2/humble/kssbot/build/kssbot_diffdrive_rasp4 -- -j4 -l4
[4.483s] DEBUG:colcon.colcon_core.event_handler.log_command:Invoking command in '/home/kssvm/workspace/ros2/humble/kssbot/build/kssbot_diffdrive_rasp4': CMAKE_PREFIX_PATH=/opt/ros/humble /usr/bin/cmake --install /home/kssvm/workspace/ros2/humble/kssbot/build/kssbot_diffdrive_rasp4
[4.493s] Level 1:colcon.colcon_core.environment:create_environment_scripts_only(kssbot_diffdrive_rasp4)
[4.494s] Level 1:colcon.colcon_core.environment:checking '/home/kssvm/workspace/ros2/humble/kssbot/install/kssbot_diffdrive_rasp4' for CMake module files
[4.494s] DEBUG:colcon.colcon_core.event_handler.log_command:Invoked command in '/home/kssvm/workspace/ros2/humble/kssbot/build/kssbot_diffdrive_rasp4' returned '0': CMAKE_PREFIX_PATH=/opt/ros/humble /usr/bin/cmake --install /home/kssvm/workspace/ros2/humble/kssbot/build/kssbot_diffdrive_rasp4
[4.495s] Level 1:colcon.colcon_core.environment:checking '/home/kssvm/workspace/ros2/humble/kssbot/install/kssbot_diffdrive_rasp4' for CMake config files
[4.495s] Level 1:colcon.colcon_core.shell:create_environment_hook('kssbot_diffdrive_rasp4', 'cmake_prefix_path')
[4.495s] INFO:colcon.colcon_core.shell:Creating environment hook '/home/kssvm/workspace/ros2/humble/kssbot/install/kssbot_diffdrive_rasp4/share/kssbot_diffdrive_rasp4/hook/cmake_prefix_path.ps1'
[4.496s] INFO:colcon.colcon_core.shell:Creating environment descriptor '/home/kssvm/workspace/ros2/humble/kssbot/install/kssbot_diffdrive_rasp4/share/kssbot_diffdrive_rasp4/hook/cmake_prefix_path.dsv'
[4.496s] INFO:colcon.colcon_core.shell:Creating environment hook '/home/kssvm/workspace/ros2/humble/kssbot/install/kssbot_diffdrive_rasp4/share/kssbot_diffdrive_rasp4/hook/cmake_prefix_path.sh'
[4.496s] Level 1:colcon.colcon_core.environment:checking '/home/kssvm/workspace/ros2/humble/kssbot/install/kssbot_diffdrive_rasp4/lib'
[4.496s] Level 1:colcon.colcon_core.shell:create_environment_hook('kssbot_diffdrive_rasp4', 'ld_library_path_lib')
[4.497s] INFO:colcon.colcon_core.shell:Creating environment hook '/home/kssvm/workspace/ros2/humble/kssbot/install/kssbot_diffdrive_rasp4/share/kssbot_diffdrive_rasp4/hook/ld_library_path_lib.ps1'
[4.497s] INFO:colcon.colcon_core.shell:Creating environment descriptor '/home/kssvm/workspace/ros2/humble/kssbot/install/kssbot_diffdrive_rasp4/share/kssbot_diffdrive_rasp4/hook/ld_library_path_lib.dsv'
[4.497s] INFO:colcon.colcon_core.shell:Creating environment hook '/home/kssvm/workspace/ros2/humble/kssbot/install/kssbot_diffdrive_rasp4/share/kssbot_diffdrive_rasp4/hook/ld_library_path_lib.sh'
[4.498s] Level 1:colcon.colcon_core.environment:checking '/home/kssvm/workspace/ros2/humble/kssbot/install/kssbot_diffdrive_rasp4/bin'
[4.498s] Level 1:colcon.colcon_core.environment:checking '/home/kssvm/workspace/ros2/humble/kssbot/install/kssbot_diffdrive_rasp4/lib/pkgconfig/kssbot_diffdrive_rasp4.pc'
[4.498s] Level 1:colcon.colcon_core.environment:checking '/home/kssvm/workspace/ros2/humble/kssbot/install/kssbot_diffdrive_rasp4/lib/python3.10/site-packages'
[4.498s] Level 1:colcon.colcon_core.environment:checking '/home/kssvm/workspace/ros2/humble/kssbot/install/kssbot_diffdrive_rasp4/bin'
[4.499s] INFO:colcon.colcon_core.shell:Creating package script '/home/kssvm/workspace/ros2/humble/kssbot/install/kssbot_diffdrive_rasp4/share/kssbot_diffdrive_rasp4/package.ps1'
[4.499s] INFO:colcon.colcon_core.shell:Creating package descriptor '/home/kssvm/workspace/ros2/humble/kssbot/install/kssbot_diffdrive_rasp4/share/kssbot_diffdrive_rasp4/package.dsv'
[4.500s] INFO:colcon.colcon_core.shell:Creating package script '/home/kssvm/workspace/ros2/humble/kssbot/install/kssbot_diffdrive_rasp4/share/kssbot_diffdrive_rasp4/package.sh'
[4.500s] INFO:colcon.colcon_core.shell:Creating package script '/home/kssvm/workspace/ros2/humble/kssbot/install/kssbot_diffdrive_rasp4/share/kssbot_diffdrive_rasp4/package.bash'
[4.500s] INFO:colcon.colcon_core.shell:Creating package script '/home/kssvm/workspace/ros2/humble/kssbot/install/kssbot_diffdrive_rasp4/share/kssbot_diffdrive_rasp4/package.zsh'
[4.500s] Level 1:colcon.colcon_core.environment:create_file_with_runtime_dependencies(/home/kssvm/workspace/ros2/humble/kssbot/install/kssbot_diffdrive_rasp4/share/colcon-core/packages/kssbot_diffdrive_rasp4)
[4.519s] Level 1:colcon.colcon_core.environment:create_environment_scripts_only(kssbot_diffdrive_rasp4)
[4.520s] Level 1:colcon.colcon_core.environment:checking '/home/kssvm/workspace/ros2/humble/kssbot/install/kssbot_diffdrive_rasp4' for CMake module files
[4.520s] Level 1:colcon.colcon_core.environment:checking '/home/kssvm/workspace/ros2/humble/kssbot/install/kssbot_diffdrive_rasp4' for CMake config files
[4.520s] Level 1:colcon.colcon_core.shell:create_environment_hook('kssbot_diffdrive_rasp4', 'cmake_prefix_path')
[4.521s] INFO:colcon.colcon_core.shell:Creating environment hook '/home/kssvm/workspace/ros2/humble/kssbot/install/kssbot_diffdrive_rasp4/share/kssbot_diffdrive_rasp4/hook/cmake_prefix_path.ps1'
[4.521s] INFO:colcon.colcon_core.shell:Creating environment descriptor '/home/kssvm/workspace/ros2/humble/kssbot/install/kssbot_diffdrive_rasp4/share/kssbot_diffdrive_rasp4/hook/cmake_prefix_path.dsv'
[4.522s] INFO:colcon.colcon_core.shell:Creating environment hook '/home/kssvm/workspace/ros2/humble/kssbot/install/kssbot_diffdrive_rasp4/share/kssbot_diffdrive_rasp4/hook/cmake_prefix_path.sh'
[4.522s] Level 1:colcon.colcon_core.environment:checking '/home/kssvm/workspace/ros2/humble/kssbot/install/kssbot_diffdrive_rasp4/lib'
[4.522s] Level 1:colcon.colcon_core.shell:create_environment_hook('kssbot_diffdrive_rasp4', 'ld_library_path_lib')
[4.523s] INFO:colcon.colcon_core.shell:Creating environment hook '/home/kssvm/workspace/ros2/humble/kssbot/install/kssbot_diffdrive_rasp4/share/kssbot_diffdrive_rasp4/hook/ld_library_path_lib.ps1'
[4.523s] INFO:colcon.colcon_core.shell:Creating environment descriptor '/home/kssvm/workspace/ros2/humble/kssbot/install/kssbot_diffdrive_rasp4/share/kssbot_diffdrive_rasp4/hook/ld_library_path_lib.dsv'
[4.523s] INFO:colcon.colcon_core.shell:Creating environment hook '/home/kssvm/workspace/ros2/humble/kssbot/install/kssbot_diffdrive_rasp4/share/kssbot_diffdrive_rasp4/hook/ld_library_path_lib.sh'
[4.524s] Level 1:colcon.colcon_core.environment:checking '/home/kssvm/workspace/ros2/humble/kssbot/install/kssbot_diffdrive_rasp4/bin'
[4.524s] Level 1:colcon.colcon_core.environment:checking '/home/kssvm/workspace/ros2/humble/kssbot/install/kssbot_diffdrive_rasp4/lib/pkgconfig/kssbot_diffdrive_rasp4.pc'
[4.524s] Level 1:colcon.colcon_core.environment:checking '/home/kssvm/workspace/ros2/humble/kssbot/install/kssbot_diffdrive_rasp4/lib/python3.10/site-packages'
[4.524s] Level 1:colcon.colcon_core.environment:checking '/home/kssvm/workspace/ros2/humble/kssbot/install/kssbot_diffdrive_rasp4/bin'
[4.525s] INFO:colcon.colcon_core.shell:Creating package script '/home/kssvm/workspace/ros2/humble/kssbot/install/kssbot_diffdrive_rasp4/share/kssbot_diffdrive_rasp4/package.ps1'
[4.526s] INFO:colcon.colcon_core.shell:Creating package descriptor '/home/kssvm/workspace/ros2/humble/kssbot/install/kssbot_diffdrive_rasp4/share/kssbot_diffdrive_rasp4/package.dsv'
[4.526s] INFO:colcon.colcon_core.shell:Creating package script '/home/kssvm/workspace/ros2/humble/kssbot/install/kssbot_diffdrive_rasp4/share/kssbot_diffdrive_rasp4/package.sh'
[4.526s] INFO:colcon.colcon_core.shell:Creating package script '/home/kssvm/workspace/ros2/humble/kssbot/install/kssbot_diffdrive_rasp4/share/kssbot_diffdrive_rasp4/package.bash'
[4.527s] INFO:colcon.colcon_core.shell:Creating package script '/home/kssvm/workspace/ros2/humble/kssbot/install/kssbot_diffdrive_rasp4/share/kssbot_diffdrive_rasp4/package.zsh'
[4.527s] Level 1:colcon.colcon_core.environment:create_file_with_runtime_dependencies(/home/kssvm/workspace/ros2/humble/kssbot/install/kssbot_diffdrive_rasp4/share/colcon-core/packages/kssbot_diffdrive_rasp4)
[4.527s] DEBUG:colcon.colcon_parallel_executor.executor.parallel:closing loop
[4.528s] DEBUG:colcon.colcon_parallel_executor.executor.parallel:loop closed
[4.528s] DEBUG:colcon.colcon_parallel_executor.executor.parallel:run_until_complete finished with '0'
[4.528s] DEBUG:colcon.colcon_core.event_reactor:joining thread
[4.532s] INFO:colcon.colcon_core.plugin_system:Skipping extension 'colcon_notification.desktop_notification.terminal_notifier': Not used on non-Darwin systems
[4.532s] INFO:colcon.colcon_core.plugin_system:Skipping extension 'colcon_notification.desktop_notification.win32': Not used on non-Windows systems
[4.532s] INFO:colcon.colcon_notification.desktop_notification:Sending desktop notification using 'notify2'
[4.545s] DEBUG:colcon.colcon_core.event_reactor:joined thread
[4.546s] INFO:colcon.colcon_core.shell:Creating prefix script '/home/kssvm/workspace/ros2/humble/kssbot/install/local_setup.ps1'
[4.547s] INFO:colcon.colcon_core.shell:Creating prefix util module '/home/kssvm/workspace/ros2/humble/kssbot/install/_local_setup_util_ps1.py'
[4.548s] INFO:colcon.colcon_core.shell:Creating prefix chain script '/home/kssvm/workspace/ros2/humble/kssbot/install/setup.ps1'
[4.549s] INFO:colcon.colcon_core.shell:Creating prefix script '/home/kssvm/workspace/ros2/humble/kssbot/install/local_setup.sh'
[4.549s] INFO:colcon.colcon_core.shell:Creating prefix util module '/home/kssvm/workspace/ros2/humble/kssbot/install/_local_setup_util_sh.py'
[4.550s] INFO:colcon.colcon_core.shell:Creating prefix chain script '/home/kssvm/workspace/ros2/humble/kssbot/install/setup.sh'
[4.551s] INFO:colcon.colcon_core.shell:Creating prefix script '/home/kssvm/workspace/ros2/humble/kssbot/install/local_setup.bash'
[4.551s] INFO:colcon.colcon_core.shell:Creating prefix chain script '/home/kssvm/workspace/ros2/humble/kssbot/install/setup.bash'
[4.552s] INFO:colcon.colcon_core.shell:Creating prefix script '/home/kssvm/workspace/ros2/humble/kssbot/install/local_setup.zsh'
[4.553s] INFO:colcon.colcon_core.shell:Creating prefix chain script '/home/kssvm/workspace/ros2/humble/kssbot/install/setup.zsh'
