[0.017s] Invoking command in '/home/kssvm/workspace/ros2/humble/kssbot/build/kss_joystick': CMAKE_PREFIX_PATH=/opt/ros/humble /usr/bin/cmake /home/kssvm/workspace/ros2/humble/kssbot/src/kssbot/kss_joystick -DCMAKE_INSTALL_PREFIX=/home/kssvm/workspace/ros2/humble/kssbot/install/kss_joystick
[0.069s] -- The C compiler identification is GNU 11.3.0
[0.119s] -- The CXX compiler identification is GNU 11.3.0
[0.127s] -- Detecting C compiler ABI info
[0.170s] -- Detecting C compiler ABI info - done
[0.178s] -- Check for working C compiler: /usr/bin/cc - skipped
[0.179s] -- Detecting C compile features
[0.179s] -- Detecting C compile features - done
[0.181s] -- Detecting CXX compiler ABI info
[0.239s] -- Detecting CXX compiler ABI info - done
[0.251s] -- Check for working CXX compiler: /usr/bin/c++ - skipped
[0.252s] -- Detecting CXX compile features
[0.253s] -- Detecting CXX compile features - done
[0.254s] -- Found ament_cmake: 1.3.3 (/opt/ros/humble/share/ament_cmake/cmake)
[0.389s] -- Found Python3: /usr/bin/python3.10 (found version "3.10.6") found components: Interpreter 
[0.460s] -- Found ament_lint_auto: 0.12.4 (/opt/ros/humble/share/ament_lint_auto/cmake)
[0.514s] -- Added test 'copyright' to check source files copyright and LICENSE
[0.515s] -- Added test 'flake8' to check Python code syntax and style conventions
[0.515s] -- Added test 'lint_cmake' to check CMake code style
[0.516s] -- Added test 'pep257' to check Python code against some of the docstring style conventions in PEP 257
[0.516s] -- Added test 'xmllint' to check XML markup files
[0.517s] -- Configuring done
[0.519s] -- Generating done
[0.519s] -- Build files have been written to: /home/kssvm/workspace/ros2/humble/kssbot/build/kss_joystick
[0.525s] Invoked command in '/home/kssvm/workspace/ros2/humble/kssbot/build/kss_joystick' returned '0': CMAKE_PREFIX_PATH=/opt/ros/humble /usr/bin/cmake /home/kssvm/workspace/ros2/humble/kssbot/src/kssbot/kss_joystick -DCMAKE_INSTALL_PREFIX=/home/kssvm/workspace/ros2/humble/kssbot/install/kss_joystick
[0.526s] Invoking command in '/home/kssvm/workspace/ros2/humble/kssbot/build/kss_joystick': CMAKE_PREFIX_PATH=/opt/ros/humble /usr/bin/cmake --build /home/kssvm/workspace/ros2/humble/kssbot/build/kss_joystick -- -j4 -l4
[0.546s] Invoked command in '/home/kssvm/workspace/ros2/humble/kssbot/build/kss_joystick' returned '0': CMAKE_PREFIX_PATH=/opt/ros/humble /usr/bin/cmake --build /home/kssvm/workspace/ros2/humble/kssbot/build/kss_joystick -- -j4 -l4
[0.564s] Invoking command in '/home/kssvm/workspace/ros2/humble/kssbot/build/kss_joystick': CMAKE_PREFIX_PATH=/opt/ros/humble /usr/bin/cmake --install /home/kssvm/workspace/ros2/humble/kssbot/build/kss_joystick
[0.569s] -- Install configuration: ""
[0.569s] -- Installing: /home/kssvm/workspace/ros2/humble/kssbot/install/kss_joystick/share/kss_joystick/config
[0.569s] -- Installing: /home/kssvm/workspace/ros2/humble/kssbot/install/kss_joystick/share/kss_joystick/config/joystick.yaml
[0.574s] -- Installing: /home/kssvm/workspace/ros2/humble/kssbot/install/kss_joystick/share/kss_joystick/launch
[0.575s] -- Installing: /home/kssvm/workspace/ros2/humble/kssbot/install/kss_joystick/share/kss_joystick/launch/joystick.launch.py
[0.575s] -- Installing: /home/kssvm/workspace/ros2/humble/kssbot/install/kss_joystick/share/ament_index/resource_index/package_run_dependencies/kss_joystick
[0.575s] -- Installing: /home/kssvm/workspace/ros2/humble/kssbot/install/kss_joystick/share/ament_index/resource_index/parent_prefix_path/kss_joystick
[0.577s] -- Installing: /home/kssvm/workspace/ros2/humble/kssbot/install/kss_joystick/share/kss_joystick/environment/ament_prefix_path.sh
[0.577s] -- Installing: /home/kssvm/workspace/ros2/humble/kssbot/install/kss_joystick/share/kss_joystick/environment/ament_prefix_path.dsv
[0.577s] -- Installing: /home/kssvm/workspace/ros2/humble/kssbot/install/kss_joystick/share/kss_joystick/environment/path.sh
[0.577s] -- Installing: /home/kssvm/workspace/ros2/humble/kssbot/install/kss_joystick/share/kss_joystick/environment/path.dsv
[0.578s] -- Installing: /home/kssvm/workspace/ros2/humble/kssbot/install/kss_joystick/share/kss_joystick/local_setup.bash
[0.578s] -- Installing: /home/kssvm/workspace/ros2/humble/kssbot/install/kss_joystick/share/kss_joystick/local_setup.sh
[0.579s] -- Installing: /home/kssvm/workspace/ros2/humble/kssbot/install/kss_joystick/share/kss_joystick/local_setup.zsh
[0.579s] -- Installing: /home/kssvm/workspace/ros2/humble/kssbot/install/kss_joystick/share/kss_joystick/local_setup.dsv
[0.579s] -- Installing: /home/kssvm/workspace/ros2/humble/kssbot/install/kss_joystick/share/kss_joystick/package.dsv
[0.579s] -- Installing: /home/kssvm/workspace/ros2/humble/kssbot/install/kss_joystick/share/ament_index/resource_index/packages/kss_joystick
[0.579s] -- Installing: /home/kssvm/workspace/ros2/humble/kssbot/install/kss_joystick/share/kss_joystick/cmake/kss_joystickConfig.cmake
[0.579s] -- Installing: /home/kssvm/workspace/ros2/humble/kssbot/install/kss_joystick/share/kss_joystick/cmake/kss_joystickConfig-version.cmake
[0.579s] -- Installing: /home/kssvm/workspace/ros2/humble/kssbot/install/kss_joystick/share/kss_joystick/package.xml
[0.596s] Invoked command in '/home/kssvm/workspace/ros2/humble/kssbot/build/kss_joystick' returned '0': CMAKE_PREFIX_PATH=/opt/ros/humble /usr/bin/cmake --install /home/kssvm/workspace/ros2/humble/kssbot/build/kss_joystick
