[0.008s] Invoking command in '/home/kssvm/workspace/ros2/humble/kssbot/kssbot/build/kss_joystick': CMAKE_PREFIX_PATH=${CMAKE_PREFIX_PATH}:/opt/ros/humble /usr/bin/cmake /home/kssvm/workspace/ros2/humble/kssbot/kssbot/src/kss_joystick -DCMAKE_INSTALL_PREFIX=/home/kssvm/workspace/ros2/humble/kssbot/kssbot/install/kss_joystick
[0.050s] -- The C compiler identification is GNU 11.3.0
[0.084s] -- The CXX compiler identification is GNU 11.3.0
[0.088s] -- Detecting C compiler ABI info
[0.137s] -- Detecting C compiler ABI info - done
[0.141s] -- Check for working C compiler: /usr/bin/cc - skipped
[0.142s] -- Detecting C compile features
[0.142s] -- Detecting C compile features - done
[0.144s] -- Detecting CXX compiler ABI info
[0.190s] -- Detecting CXX compiler ABI info - done
[0.195s] -- Check for working CXX compiler: /usr/bin/c++ - skipped
[0.195s] -- Detecting CXX compile features
[0.196s] -- Detecting CXX compile features - done
[0.197s] -- Found ament_cmake: 1.3.3 (/opt/ros/humble/share/ament_cmake/cmake)
[0.307s] -- Found Python3: /usr/bin/python3.10 (found version "3.10.6") found components: Interpreter 
[0.359s] -- Found ament_lint_auto: 0.12.4 (/opt/ros/humble/share/ament_lint_auto/cmake)
[0.410s] -- Added test 'copyright' to check source files copyright and LICENSE
[0.412s] -- Added test 'flake8' to check Python code syntax and style conventions
[0.412s] -- Added test 'lint_cmake' to check CMake code style
[0.412s] -- Added test 'pep257' to check Python code against some of the docstring style conventions in PEP 257
[0.413s] -- Added test 'xmllint' to check XML markup files
[0.415s] -- Configuring done
[0.416s] -- Generating done
[0.417s] -- Build files have been written to: /home/kssvm/workspace/ros2/humble/kssbot/kssbot/build/kss_joystick
[0.422s] Invoked command in '/home/kssvm/workspace/ros2/humble/kssbot/kssbot/build/kss_joystick' returned '0': CMAKE_PREFIX_PATH=${CMAKE_PREFIX_PATH}:/opt/ros/humble /usr/bin/cmake /home/kssvm/workspace/ros2/humble/kssbot/kssbot/src/kss_joystick -DCMAKE_INSTALL_PREFIX=/home/kssvm/workspace/ros2/humble/kssbot/kssbot/install/kss_joystick
[0.423s] Invoking command in '/home/kssvm/workspace/ros2/humble/kssbot/kssbot/build/kss_joystick': CMAKE_PREFIX_PATH=${CMAKE_PREFIX_PATH}:/opt/ros/humble /usr/bin/cmake --build /home/kssvm/workspace/ros2/humble/kssbot/kssbot/build/kss_joystick -- -j4 -l4
[0.445s] Invoked command in '/home/kssvm/workspace/ros2/humble/kssbot/kssbot/build/kss_joystick' returned '0': CMAKE_PREFIX_PATH=${CMAKE_PREFIX_PATH}:/opt/ros/humble /usr/bin/cmake --build /home/kssvm/workspace/ros2/humble/kssbot/kssbot/build/kss_joystick -- -j4 -l4
[0.465s] Invoking command in '/home/kssvm/workspace/ros2/humble/kssbot/kssbot/build/kss_joystick': CMAKE_PREFIX_PATH=${CMAKE_PREFIX_PATH}:/opt/ros/humble /usr/bin/cmake --install /home/kssvm/workspace/ros2/humble/kssbot/kssbot/build/kss_joystick
[0.468s] -- Install configuration: ""
[0.469s] -- Installing: /home/kssvm/workspace/ros2/humble/kssbot/kssbot/install/kss_joystick/share/kss_joystick/config
[0.469s] -- Installing: /home/kssvm/workspace/ros2/humble/kssbot/kssbot/install/kss_joystick/share/kss_joystick/config/joystick.yaml
[0.469s] -- Installing: /home/kssvm/workspace/ros2/humble/kssbot/kssbot/install/kss_joystick/share/kss_joystick/launch
[0.469s] -- Installing: /home/kssvm/workspace/ros2/humble/kssbot/kssbot/install/kss_joystick/share/kss_joystick/launch/joystick.launch.py
[0.469s] -- Installing: /home/kssvm/workspace/ros2/humble/kssbot/kssbot/install/kss_joystick/share/ament_index/resource_index/package_run_dependencies/kss_joystick
[0.469s] -- Installing: /home/kssvm/workspace/ros2/humble/kssbot/kssbot/install/kss_joystick/share/ament_index/resource_index/parent_prefix_path/kss_joystick
[0.470s] -- Installing: /home/kssvm/workspace/ros2/humble/kssbot/kssbot/install/kss_joystick/share/kss_joystick/environment/ament_prefix_path.sh
[0.470s] -- Installing: /home/kssvm/workspace/ros2/humble/kssbot/kssbot/install/kss_joystick/share/kss_joystick/environment/ament_prefix_path.dsv
[0.470s] -- Installing: /home/kssvm/workspace/ros2/humble/kssbot/kssbot/install/kss_joystick/share/kss_joystick/environment/path.sh
[0.470s] -- Installing: /home/kssvm/workspace/ros2/humble/kssbot/kssbot/install/kss_joystick/share/kss_joystick/environment/path.dsv
[0.470s] -- Installing: /home/kssvm/workspace/ros2/humble/kssbot/kssbot/install/kss_joystick/share/kss_joystick/local_setup.bash
[0.470s] -- Installing: /home/kssvm/workspace/ros2/humble/kssbot/kssbot/install/kss_joystick/share/kss_joystick/local_setup.sh
[0.471s] -- Installing: /home/kssvm/workspace/ros2/humble/kssbot/kssbot/install/kss_joystick/share/kss_joystick/local_setup.zsh
[0.471s] -- Installing: /home/kssvm/workspace/ros2/humble/kssbot/kssbot/install/kss_joystick/share/kss_joystick/local_setup.dsv
[0.471s] -- Installing: /home/kssvm/workspace/ros2/humble/kssbot/kssbot/install/kss_joystick/share/kss_joystick/package.dsv
[0.471s] -- Installing: /home/kssvm/workspace/ros2/humble/kssbot/kssbot/install/kss_joystick/share/ament_index/resource_index/packages/kss_joystick
[0.471s] -- Installing: /home/kssvm/workspace/ros2/humble/kssbot/kssbot/install/kss_joystick/share/kss_joystick/cmake/kss_joystickConfig.cmake
[0.471s] -- Installing: /home/kssvm/workspace/ros2/humble/kssbot/kssbot/install/kss_joystick/share/kss_joystick/cmake/kss_joystickConfig-version.cmake
[0.474s] -- Installing: /home/kssvm/workspace/ros2/humble/kssbot/kssbot/install/kss_joystick/share/kss_joystick/package.xml
[0.477s] Invoked command in '/home/kssvm/workspace/ros2/humble/kssbot/kssbot/build/kss_joystick' returned '0': CMAKE_PREFIX_PATH=${CMAKE_PREFIX_PATH}:/opt/ros/humble /usr/bin/cmake --install /home/kssvm/workspace/ros2/humble/kssbot/kssbot/build/kss_joystick
