[0.024s] Invoking command in '/home/kssvm/workspace/ros2/humble/kssbot/kssbot/build/kssbot_hardware': CMAKE_PREFIX_PATH=${CMAKE_PREFIX_PATH}:/opt/ros/humble /usr/bin/cmake /home/kssvm/workspace/ros2/humble/kssbot/kssbot/src/HW_Modules/kssbot_hardware -DCMAKE_INSTALL_PREFIX=/home/kssvm/workspace/ros2/humble/kssbot/kssbot/install/kssbot_hardware
[0.090s] -- The C compiler identification is GNU 11.3.0
[0.156s] -- The CXX compiler identification is GNU 11.3.0
[0.162s] -- Detecting C compiler ABI info
[0.278s] -- Detecting C compiler ABI info - done
[0.284s] -- Check for working C compiler: /usr/bin/cc - skipped
[0.284s] -- Detecting C compile features
[0.284s] -- Detecting C compile features - done
[0.286s] -- Detecting CXX compiler ABI info
[0.421s] -- Detecting CXX compiler ABI info - done
[0.433s] -- Check for working CXX compiler: /usr/bin/c++ - skipped
[0.433s] -- Detecting CXX compile features
[0.433s] -- Detecting CXX compile features - done
[0.433s] -- Found ament_cmake: 1.3.3 (/opt/ros/humble/share/ament_cmake/cmake)
[0.617s] -- Found Python3: /usr/bin/python3.10 (found version "3.10.6") found components: Interpreter 
[0.713s] -- Found hardware_interface: 2.18.0 (/opt/ros/humble/share/hardware_interface/cmake)
[0.759s] -- Found rosidl_generator_c: 3.1.4 (/opt/ros/humble/share/rosidl_generator_c/cmake)
[0.764s] -- Found rosidl_adapter: 3.1.4 (/opt/ros/humble/share/rosidl_adapter/cmake)
[0.782s] -- Found rosidl_generator_cpp: 3.1.4 (/opt/ros/humble/share/rosidl_generator_cpp/cmake)
[0.798s] -- Using all available rosidl_typesupport_c: rosidl_typesupport_fastrtps_c;rosidl_typesupport_introspection_c
[0.832s] -- Using all available rosidl_typesupport_cpp: rosidl_typesupport_fastrtps_cpp;rosidl_typesupport_introspection_cpp
[1.407s] -- Found rmw_implementation_cmake: 6.1.1 (/opt/ros/humble/share/rmw_implementation_cmake/cmake)
[1.408s] -- Found rmw_fastrtps_cpp: 6.2.2 (/opt/ros/humble/share/rmw_fastrtps_cpp/cmake)
[1.487s] -- Found OpenSSL: /usr/lib/x86_64-linux-gnu/libcrypto.so (found version "3.0.2")  
[1.508s] -- Found FastRTPS: /opt/ros/humble/include  
[1.547s] -- Using RMW implementation 'rmw_fastrtps_cpp' as default
[1.554s] -- Looking for pthread.h
[1.623s] -- Looking for pthread.h - found
[1.624s] -- Performing Test CMAKE_HAVE_LIBC_PTHREAD
[1.678s] -- Performing Test CMAKE_HAVE_LIBC_PTHREAD - Success
[1.679s] -- Found Threads: TRUE  
[1.884s] -- Found ament_cmake_gtest: 1.3.3 (/opt/ros/humble/share/ament_cmake_gtest/cmake)
[1.935s] -- Configuring done
[1.954s] -- Generating done
[1.956s] -- Build files have been written to: /home/kssvm/workspace/ros2/humble/kssbot/kssbot/build/kssbot_hardware
[1.965s] Invoked command in '/home/kssvm/workspace/ros2/humble/kssbot/kssbot/build/kssbot_hardware' returned '0': CMAKE_PREFIX_PATH=${CMAKE_PREFIX_PATH}:/opt/ros/humble /usr/bin/cmake /home/kssvm/workspace/ros2/humble/kssbot/kssbot/src/HW_Modules/kssbot_hardware -DCMAKE_INSTALL_PREFIX=/home/kssvm/workspace/ros2/humble/kssbot/kssbot/install/kssbot_hardware
[1.967s] Invoking command in '/home/kssvm/workspace/ros2/humble/kssbot/kssbot/build/kssbot_hardware': CMAKE_PREFIX_PATH=${CMAKE_PREFIX_PATH}:/opt/ros/humble /usr/bin/cmake --build /home/kssvm/workspace/ros2/humble/kssbot/kssbot/build/kssbot_hardware -- -j4 -l4
[2.002s] [ 50%] [32mBuilding CXX object CMakeFiles/kssbot_hardware.dir/src/diffbot_system.cpp.o[0m
[4.460s] [100%] [32m[1mLinking CXX shared library libkssbot_hardware.so[0m
[4.581s] [100%] Built target kssbot_hardware
[4.589s] Invoked command in '/home/kssvm/workspace/ros2/humble/kssbot/kssbot/build/kssbot_hardware' returned '0': CMAKE_PREFIX_PATH=${CMAKE_PREFIX_PATH}:/opt/ros/humble /usr/bin/cmake --build /home/kssvm/workspace/ros2/humble/kssbot/kssbot/build/kssbot_hardware -- -j4 -l4
[4.613s] Invoking command in '/home/kssvm/workspace/ros2/humble/kssbot/kssbot/build/kssbot_hardware': CMAKE_PREFIX_PATH=${CMAKE_PREFIX_PATH}:/opt/ros/humble /usr/bin/cmake --install /home/kssvm/workspace/ros2/humble/kssbot/kssbot/build/kssbot_hardware
[4.614s] -- Install configuration: ""
[4.614s] -- Installing: /home/kssvm/workspace/ros2/humble/kssbot/kssbot/install/kssbot_hardware/share/kssbot_hardware/kssbot_hardware.xml
[4.614s] -- Installing: /home/kssvm/workspace/ros2/humble/kssbot/kssbot/install/kssbot_hardware/lib/libkssbot_hardware.so
[4.617s] -- Set runtime path of "/home/kssvm/workspace/ros2/humble/kssbot/kssbot/install/kssbot_hardware/lib/libkssbot_hardware.so" to ""
[4.617s] -- Installing: /home/kssvm/workspace/ros2/humble/kssbot/kssbot/install/kssbot_hardware/include
[4.617s] -- Installing: /home/kssvm/workspace/ros2/humble/kssbot/kssbot/install/kssbot_hardware/include/kssbot_hardware
[4.617s] -- Installing: /home/kssvm/workspace/ros2/humble/kssbot/kssbot/install/kssbot_hardware/include/kssbot_hardware/visibility_control.h
[4.617s] -- Installing: /home/kssvm/workspace/ros2/humble/kssbot/kssbot/install/kssbot_hardware/include/kssbot_hardware/diffbot_system.hpp
[4.617s] -- Installing: /home/kssvm/workspace/ros2/humble/kssbot/kssbot/install/kssbot_hardware/share/kssbot_hardware/environment/library_path.sh
[4.617s] -- Installing: /home/kssvm/workspace/ros2/humble/kssbot/kssbot/install/kssbot_hardware/share/kssbot_hardware/environment/library_path.dsv
[4.617s] -- Installing: /home/kssvm/workspace/ros2/humble/kssbot/kssbot/install/kssbot_hardware/share/ament_index/resource_index/package_run_dependencies/kssbot_hardware
[4.617s] -- Installing: /home/kssvm/workspace/ros2/humble/kssbot/kssbot/install/kssbot_hardware/share/ament_index/resource_index/parent_prefix_path/kssbot_hardware
[4.618s] -- Installing: /home/kssvm/workspace/ros2/humble/kssbot/kssbot/install/kssbot_hardware/share/kssbot_hardware/environment/ament_prefix_path.sh
[4.618s] -- Installing: /home/kssvm/workspace/ros2/humble/kssbot/kssbot/install/kssbot_hardware/share/kssbot_hardware/environment/ament_prefix_path.dsv
[4.618s] -- Installing: /home/kssvm/workspace/ros2/humble/kssbot/kssbot/install/kssbot_hardware/share/kssbot_hardware/environment/path.sh
[4.618s] -- Installing: /home/kssvm/workspace/ros2/humble/kssbot/kssbot/install/kssbot_hardware/share/kssbot_hardware/environment/path.dsv
[4.618s] -- Installing: /home/kssvm/workspace/ros2/humble/kssbot/kssbot/install/kssbot_hardware/share/kssbot_hardware/local_setup.bash
[4.618s] -- Installing: /home/kssvm/workspace/ros2/humble/kssbot/kssbot/install/kssbot_hardware/share/kssbot_hardware/local_setup.sh
[4.618s] -- Installing: /home/kssvm/workspace/ros2/humble/kssbot/kssbot/install/kssbot_hardware/share/kssbot_hardware/local_setup.zsh
[4.618s] -- Installing: /home/kssvm/workspace/ros2/humble/kssbot/kssbot/install/kssbot_hardware/share/kssbot_hardware/local_setup.dsv
[4.618s] -- Installing: /home/kssvm/workspace/ros2/humble/kssbot/kssbot/install/kssbot_hardware/share/kssbot_hardware/package.dsv
[4.618s] -- Installing: /home/kssvm/workspace/ros2/humble/kssbot/kssbot/install/kssbot_hardware/share/ament_index/resource_index/packages/kssbot_hardware
[4.618s] -- Installing: /home/kssvm/workspace/ros2/humble/kssbot/kssbot/install/kssbot_hardware/share/ament_index/resource_index/hardware_interface__pluginlib__plugin/kssbot_hardware
[4.619s] -- Installing: /home/kssvm/workspace/ros2/humble/kssbot/kssbot/install/kssbot_hardware/share/kssbot_hardware/cmake/export_kssbot_hardwareExport.cmake
[4.619s] -- Installing: /home/kssvm/workspace/ros2/humble/kssbot/kssbot/install/kssbot_hardware/share/kssbot_hardware/cmake/export_kssbot_hardwareExport-noconfig.cmake
[4.619s] -- Installing: /home/kssvm/workspace/ros2/humble/kssbot/kssbot/install/kssbot_hardware/share/kssbot_hardware/cmake/ament_cmake_export_include_directories-extras.cmake
[4.619s] -- Installing: /home/kssvm/workspace/ros2/humble/kssbot/kssbot/install/kssbot_hardware/share/kssbot_hardware/cmake/ament_cmake_export_libraries-extras.cmake
[4.619s] -- Installing: /home/kssvm/workspace/ros2/humble/kssbot/kssbot/install/kssbot_hardware/share/kssbot_hardware/cmake/ament_cmake_export_targets-extras.cmake
[4.619s] -- Installing: /home/kssvm/workspace/ros2/humble/kssbot/kssbot/install/kssbot_hardware/share/kssbot_hardware/cmake/ament_cmake_export_dependencies-extras.cmake
[4.619s] -- Installing: /home/kssvm/workspace/ros2/humble/kssbot/kssbot/install/kssbot_hardware/share/kssbot_hardware/cmake/kssbot_hardwareConfig.cmake
[4.619s] -- Installing: /home/kssvm/workspace/ros2/humble/kssbot/kssbot/install/kssbot_hardware/share/kssbot_hardware/cmake/kssbot_hardwareConfig-version.cmake
[4.619s] -- Installing: /home/kssvm/workspace/ros2/humble/kssbot/kssbot/install/kssbot_hardware/share/kssbot_hardware/package.xml
[4.623s] Invoked command in '/home/kssvm/workspace/ros2/humble/kssbot/kssbot/build/kssbot_hardware' returned '0': CMAKE_PREFIX_PATH=${CMAKE_PREFIX_PATH}:/opt/ros/humble /usr/bin/cmake --install /home/kssvm/workspace/ros2/humble/kssbot/kssbot/build/kssbot_hardware
