[0.022s] Invoking command in '/home/kssvm/workspace/ros2/humble/kssbot/kssbot/build/kssbot_description': CMAKE_PREFIX_PATH=${CMAKE_PREFIX_PATH}:/opt/ros/humble /usr/bin/cmake /home/kssvm/workspace/ros2/humble/kssbot/kssbot/src/HW_Modules/kssbot_description/diffbot_description -DCMAKE_INSTALL_PREFIX=/home/kssvm/workspace/ros2/humble/kssbot/kssbot/install/kssbot_description
[0.108s] -- The C compiler identification is GNU 11.3.0
[0.185s] -- The CXX compiler identification is GNU 11.3.0
[0.190s] -- Detecting C compiler ABI info
[0.298s] -- Detecting C compiler ABI info - done
[0.302s] -- Check for working C compiler: /usr/bin/cc - skipped
[0.302s] -- Detecting C compile features
[0.303s] -- Detecting C compile features - done
[0.305s] -- Detecting CXX compiler ABI info
[0.412s] -- Detecting CXX compiler ABI info - done
[0.418s] -- Check for working CXX compiler: /usr/bin/c++ - skipped
[0.418s] -- Detecting CXX compile features
[0.418s] -- Detecting CXX compile features - done
[0.420s] -- Found ament_cmake: 1.3.3 (/opt/ros/humble/share/ament_cmake/cmake)
[0.623s] -- Found Python3: /usr/bin/python3.10 (found version "3.10.6") found components: Interpreter 
[0.813s] -- Configuring done
[0.821s] -- Generating done
[0.823s] -- Build files have been written to: /home/kssvm/workspace/ros2/humble/kssbot/kssbot/build/kssbot_description
[0.830s] Invoked command in '/home/kssvm/workspace/ros2/humble/kssbot/kssbot/build/kssbot_description' returned '0': CMAKE_PREFIX_PATH=${CMAKE_PREFIX_PATH}:/opt/ros/humble /usr/bin/cmake /home/kssvm/workspace/ros2/humble/kssbot/kssbot/src/HW_Modules/kssbot_description/diffbot_description -DCMAKE_INSTALL_PREFIX=/home/kssvm/workspace/ros2/humble/kssbot/kssbot/install/kssbot_description
[0.831s] Invoking command in '/home/kssvm/workspace/ros2/humble/kssbot/kssbot/build/kssbot_description': CMAKE_PREFIX_PATH=${CMAKE_PREFIX_PATH}:/opt/ros/humble /usr/bin/cmake --build /home/kssvm/workspace/ros2/humble/kssbot/kssbot/build/kssbot_description -- -j4 -l4
[0.868s] Invoked command in '/home/kssvm/workspace/ros2/humble/kssbot/kssbot/build/kssbot_description' returned '0': CMAKE_PREFIX_PATH=${CMAKE_PREFIX_PATH}:/opt/ros/humble /usr/bin/cmake --build /home/kssvm/workspace/ros2/humble/kssbot/kssbot/build/kssbot_description -- -j4 -l4
[0.943s] Invoking command in '/home/kssvm/workspace/ros2/humble/kssbot/kssbot/build/kssbot_description': CMAKE_PREFIX_PATH=${CMAKE_PREFIX_PATH}:/opt/ros/humble /usr/bin/cmake --install /home/kssvm/workspace/ros2/humble/kssbot/kssbot/build/kssbot_description
[0.950s] -- Install configuration: ""
[0.950s] -- Installing: /home/kssvm/workspace/ros2/humble/kssbot/kssbot/install/kssbot_description/share/kssbot_description/config
[0.950s] -- Installing: /home/kssvm/workspace/ros2/humble/kssbot/kssbot/install/kssbot_description/share/kssbot_description/config/kssbot.rviz
[0.950s] -- Installing: /home/kssvm/workspace/ros2/humble/kssbot/kssbot/install/kssbot_description/share/kssbot_description/config/kssbot_view.rviz
[0.950s] -- Installing: /home/kssvm/workspace/ros2/humble/kssbot/kssbot/install/kssbot_description/share/kssbot_description/gazebo
[0.951s] -- Installing: /home/kssvm/workspace/ros2/humble/kssbot/kssbot/install/kssbot_description/share/kssbot_description/gazebo/kssbot.materials.xacro
[0.951s] -- Installing: /home/kssvm/workspace/ros2/humble/kssbot/kssbot/install/kssbot_description/share/kssbot_description/gazebo/diffbot.gazebo.xacro
[0.951s] -- Installing: /home/kssvm/workspace/ros2/humble/kssbot/kssbot/install/kssbot_description/share/kssbot_description/launch
[0.951s] -- Installing: /home/kssvm/workspace/ros2/humble/kssbot/kssbot/install/kssbot_description/share/kssbot_description/launch/view_robot.launch.py
[0.951s] -- Installing: /home/kssvm/workspace/ros2/humble/kssbot/kssbot/install/kssbot_description/share/kssbot_description/ros2_control
[0.952s] -- Installing: /home/kssvm/workspace/ros2/humble/kssbot/kssbot/install/kssbot_description/share/kssbot_description/ros2_control/kssbot.ros2_control.xacro
[0.952s] -- Installing: /home/kssvm/workspace/ros2/humble/kssbot/kssbot/install/kssbot_description/share/kssbot_description/ros2_control/diffbot_system.ros2_control.xacro
[0.953s] -- Installing: /home/kssvm/workspace/ros2/humble/kssbot/kssbot/install/kssbot_description/share/kssbot_description/urdf
[0.953s] -- Installing: /home/kssvm/workspace/ros2/humble/kssbot/kssbot/install/kssbot_description/share/kssbot_description/urdf/diffbot_system.urdf.xacro
[0.953s] -- Installing: /home/kssvm/workspace/ros2/humble/kssbot/kssbot/install/kssbot_description/share/kssbot_description/urdf/kssbot_description.urdf.xacro
[0.953s] -- Installing: /home/kssvm/workspace/ros2/humble/kssbot/kssbot/install/kssbot_description/share/kssbot_description/urdf/kssbot.urdf.xacro
[0.956s] -- Installing: /home/kssvm/workspace/ros2/humble/kssbot/kssbot/install/kssbot_description/share/ament_index/resource_index/package_run_dependencies/kssbot_description
[0.956s] -- Installing: /home/kssvm/workspace/ros2/humble/kssbot/kssbot/install/kssbot_description/share/ament_index/resource_index/parent_prefix_path/kssbot_description
[0.956s] -- Installing: /home/kssvm/workspace/ros2/humble/kssbot/kssbot/install/kssbot_description/share/kssbot_description/environment/ament_prefix_path.sh
[0.957s] -- Installing: /home/kssvm/workspace/ros2/humble/kssbot/kssbot/install/kssbot_description/share/kssbot_description/environment/ament_prefix_path.dsv
[0.957s] -- Installing: /home/kssvm/workspace/ros2/humble/kssbot/kssbot/install/kssbot_description/share/kssbot_description/environment/path.sh
[0.957s] -- Installing: /home/kssvm/workspace/ros2/humble/kssbot/kssbot/install/kssbot_description/share/kssbot_description/environment/path.dsv
[0.958s] -- Installing: /home/kssvm/workspace/ros2/humble/kssbot/kssbot/install/kssbot_description/share/kssbot_description/local_setup.bash
[0.958s] -- Installing: /home/kssvm/workspace/ros2/humble/kssbot/kssbot/install/kssbot_description/share/kssbot_description/local_setup.sh
[0.958s] -- Installing: /home/kssvm/workspace/ros2/humble/kssbot/kssbot/install/kssbot_description/share/kssbot_description/local_setup.zsh
[0.958s] -- Installing: /home/kssvm/workspace/ros2/humble/kssbot/kssbot/install/kssbot_description/share/kssbot_description/local_setup.dsv
[0.958s] -- Installing: /home/kssvm/workspace/ros2/humble/kssbot/kssbot/install/kssbot_description/share/kssbot_description/package.dsv
[0.959s] -- Installing: /home/kssvm/workspace/ros2/humble/kssbot/kssbot/install/kssbot_description/share/ament_index/resource_index/packages/kssbot_description
[0.960s] -- Installing: /home/kssvm/workspace/ros2/humble/kssbot/kssbot/install/kssbot_description/share/kssbot_description/cmake/kssbot_descriptionConfig.cmake
[0.964s] -- Installing: /home/kssvm/workspace/ros2/humble/kssbot/kssbot/install/kssbot_description/share/kssbot_description/cmake/kssbot_descriptionConfig-version.cmake
[0.968s] -- Installing: /home/kssvm/workspace/ros2/humble/kssbot/kssbot/install/kssbot_description/share/kssbot_description/package.xml
[0.976s] Invoked command in '/home/kssvm/workspace/ros2/humble/kssbot/kssbot/build/kssbot_description' returned '0': CMAKE_PREFIX_PATH=${CMAKE_PREFIX_PATH}:/opt/ros/humble /usr/bin/cmake --install /home/kssvm/workspace/ros2/humble/kssbot/kssbot/build/kssbot_description
