[0.015s] Invoking command in '/home/kssvm/workspace/ros2/humble/kssbot/kssbot/build/motorctrl': CMAKE_PREFIX_PATH=${CMAKE_PREFIX_PATH}:/opt/ros/humble /usr/bin/cmake /home/kssvm/workspace/ros2/humble/kssbot/kssbot/src/motorctrl -DCMAKE_INSTALL_PREFIX=/home/kssvm/workspace/ros2/humble/kssbot/kssbot/install/motorctrl
[0.059s] -- The C compiler identification is GNU 11.3.0
[0.114s] -- The CXX compiler identification is GNU 11.3.0
[0.119s] -- Detecting C compiler ABI info
[0.204s] -- Detecting C compiler ABI info - done
[0.209s] -- Check for working C compiler: /usr/bin/cc - skipped
[0.209s] -- Detecting C compile features
[0.209s] -- Detecting C compile features - done
[0.212s] -- Detecting CXX compiler ABI info
[0.306s] -- Detecting CXX compiler ABI info - done
[0.311s] -- Check for working CXX compiler: /usr/bin/c++ - skipped
[0.311s] -- Detecting CXX compile features
[0.312s] -- Detecting CXX compile features - done
[0.313s] -- Found ament_cmake: 1.3.3 (/opt/ros/humble/share/ament_cmake/cmake)
[0.507s] -- Found Python3: /usr/bin/python3.10 (found version "3.10.6") found components: Interpreter 
[0.628s] -- Found ament_lint_auto: 0.12.4 (/opt/ros/humble/share/ament_lint_auto/cmake)
[0.741s] -- Added test 'cppcheck' to perform static code analysis on C / C++ code
[0.742s] -- Configured cppcheck include dirs: $<BUILD_INTERFACE:/home/kssvm/workspace/ros2/humble/kssbot/kssbot/src/motorctrl/include>;$<BUILD_INTERFACE:/home/kssvm/workspace/ros2/humble/kssbot/kssbot/src/motorctrl/sdk/raspmotorctrl>
[0.742s] -- Configured cppcheck exclude dirs and/or files: 
[0.743s] -- Added test 'lint_cmake' to check CMake code style
[0.745s] -- Added test 'uncrustify' to check C / C++ code style
[0.745s] -- Configured uncrustify additional arguments: 
[0.748s] -- Added test 'xmllint' to check XML markup files
[0.750s] -- Configuring done
[0.757s] -- Generating done
[0.763s] -- Build files have been written to: /home/kssvm/workspace/ros2/humble/kssbot/kssbot/build/motorctrl
[0.782s] Invoked command in '/home/kssvm/workspace/ros2/humble/kssbot/kssbot/build/motorctrl' returned '0': CMAKE_PREFIX_PATH=${CMAKE_PREFIX_PATH}:/opt/ros/humble /usr/bin/cmake /home/kssvm/workspace/ros2/humble/kssbot/kssbot/src/motorctrl -DCMAKE_INSTALL_PREFIX=/home/kssvm/workspace/ros2/humble/kssbot/kssbot/install/motorctrl
[0.783s] Invoking command in '/home/kssvm/workspace/ros2/humble/kssbot/kssbot/build/motorctrl': CMAKE_PREFIX_PATH=${CMAKE_PREFIX_PATH}:/opt/ros/humble /usr/bin/cmake --build /home/kssvm/workspace/ros2/humble/kssbot/kssbot/build/motorctrl -- -j4 -l4
[0.831s] [ 25%] [32mBuilding CXX object CMakeFiles/raspmotorctrl.dir/sdk/raspmotorctrl/raspmotorctrl.cpp.o[0m
[1.207s] [ 50%] [32m[1mLinking CXX static library libraspmotorctrl.a[0m
[1.235s] [ 50%] Built target raspmotorctrl
[1.255s] [ 75%] [32mBuilding CXX object CMakeFiles/motorctrl.dir/src/motorctrl.cpp.o[0m
[1.544s] [100%] [32m[1mLinking CXX executable motorctrl[0m
[1.615s] [100%] Built target motorctrl
[1.627s] Invoked command in '/home/kssvm/workspace/ros2/humble/kssbot/kssbot/build/motorctrl' returned '0': CMAKE_PREFIX_PATH=${CMAKE_PREFIX_PATH}:/opt/ros/humble /usr/bin/cmake --build /home/kssvm/workspace/ros2/humble/kssbot/kssbot/build/motorctrl -- -j4 -l4
[1.671s] Invoking command in '/home/kssvm/workspace/ros2/humble/kssbot/kssbot/build/motorctrl': CMAKE_PREFIX_PATH=${CMAKE_PREFIX_PATH}:/opt/ros/humble /usr/bin/cmake --install /home/kssvm/workspace/ros2/humble/kssbot/kssbot/build/motorctrl
[1.681s] -- Install configuration: ""
[1.681s] -- Installing: /home/kssvm/workspace/ros2/humble/kssbot/kssbot/install/motorctrl/lib/motorctrl/motorctrl
[1.682s] -- Installing: /home/kssvm/workspace/ros2/humble/kssbot/kssbot/install/motorctrl/share/ament_index/resource_index/package_run_dependencies/motorctrl
[1.682s] -- Installing: /home/kssvm/workspace/ros2/humble/kssbot/kssbot/install/motorctrl/share/ament_index/resource_index/parent_prefix_path/motorctrl
[1.682s] -- Installing: /home/kssvm/workspace/ros2/humble/kssbot/kssbot/install/motorctrl/share/motorctrl/environment/ament_prefix_path.sh
[1.682s] -- Installing: /home/kssvm/workspace/ros2/humble/kssbot/kssbot/install/motorctrl/share/motorctrl/environment/ament_prefix_path.dsv
[1.682s] -- Installing: /home/kssvm/workspace/ros2/humble/kssbot/kssbot/install/motorctrl/share/motorctrl/environment/path.sh
[1.682s] -- Installing: /home/kssvm/workspace/ros2/humble/kssbot/kssbot/install/motorctrl/share/motorctrl/environment/path.dsv
[1.682s] -- Installing: /home/kssvm/workspace/ros2/humble/kssbot/kssbot/install/motorctrl/share/motorctrl/local_setup.bash
[1.682s] -- Installing: /home/kssvm/workspace/ros2/humble/kssbot/kssbot/install/motorctrl/share/motorctrl/local_setup.sh
[1.682s] -- Installing: /home/kssvm/workspace/ros2/humble/kssbot/kssbot/install/motorctrl/share/motorctrl/local_setup.zsh
[1.682s] -- Installing: /home/kssvm/workspace/ros2/humble/kssbot/kssbot/install/motorctrl/share/motorctrl/local_setup.dsv
[1.683s] -- Installing: /home/kssvm/workspace/ros2/humble/kssbot/kssbot/install/motorctrl/share/motorctrl/package.dsv
[1.683s] -- Installing: /home/kssvm/workspace/ros2/humble/kssbot/kssbot/install/motorctrl/share/ament_index/resource_index/packages/motorctrl
[1.683s] -- Installing: /home/kssvm/workspace/ros2/humble/kssbot/kssbot/install/motorctrl/share/motorctrl/cmake/motorctrlConfig.cmake
[1.683s] -- Installing: /home/kssvm/workspace/ros2/humble/kssbot/kssbot/install/motorctrl/share/motorctrl/cmake/motorctrlConfig-version.cmake
[1.683s] -- Installing: /home/kssvm/workspace/ros2/humble/kssbot/kssbot/install/motorctrl/share/motorctrl/package.xml
[1.685s] Invoked command in '/home/kssvm/workspace/ros2/humble/kssbot/kssbot/build/motorctrl' returned '0': CMAKE_PREFIX_PATH=${CMAKE_PREFIX_PATH}:/opt/ros/humble /usr/bin/cmake --install /home/kssvm/workspace/ros2/humble/kssbot/kssbot/build/motorctrl
