[0.217s] DEBUG:colcon:Command line arguments: ['/usr/bin/colcon', 'build']
[0.217s] DEBUG:colcon:Parsed command line arguments: Namespace(log_base=None, log_level=None, verb_name='build', build_base='build', install_base='install', merge_install=False, symlink_install=False, test_result_base=None, continue_on_error=False, executor='parallel', parallel_workers=4, event_handlers=None, ignore_user_meta=False, metas=['./colcon.meta'], base_paths=['.'], packages_ignore=None, packages_ignore_regex=None, paths=None, packages_up_to=None, packages_up_to_regex=None, packages_above=None, packages_above_and_dependencies=None, packages_above_depth=None, packages_select_by_dep=None, packages_skip_by_dep=None, packages_skip_up_to=None, packages_select_build_failed=False, packages_skip_build_finished=False, packages_select_test_failures=False, packages_skip_test_passed=False, packages_select=None, packages_skip=None, packages_select_regex=None, packages_skip_regex=None, packages_start=None, packages_end=None, allow_overriding=[], cmake_args=None, cmake_target=None, cmake_target_skip_unavailable=False, cmake_clean_cache=False, cmake_clean_first=False, cmake_force_configure=False, ament_cmake_args=None, catkin_cmake_args=None, catkin_skip_building_tests=False, verb_parser=<colcon_defaults.argument_parser.defaults.DefaultArgumentsDecorator object at 0x7f675da09ab0>, verb_extension=<colcon_core.verb.build.BuildVerb object at 0x7f675e3964d0>, main=<bound method BuildVerb.main of <colcon_core.verb.build.BuildVerb object at 0x7f675e3964d0>>)
[0.235s] Level 1:colcon.colcon_core.package_discovery:discover_packages(colcon_meta) check parameters
[0.235s] Level 1:colcon.colcon_core.package_discovery:discover_packages(recursive) check parameters
[0.235s] Level 1:colcon.colcon_core.package_discovery:discover_packages(ignore) check parameters
[0.235s] Level 1:colcon.colcon_core.package_discovery:discover_packages(path) check parameters
[0.235s] Level 1:colcon.colcon_core.package_discovery:discover_packages(colcon_meta) discover
[0.235s] Level 1:colcon.colcon_core.package_discovery:discover_packages(recursive) discover
[0.235s] INFO:colcon.colcon_core.package_discovery:Crawling recursively for packages in '/home/kssvm/workspace/ros2/humble/kssbot'
[0.235s] Level 1:colcon.colcon_core.package_identification:_identify(.) by extensions ['ignore', 'ignore_ament_install']
[0.235s] Level 1:colcon.colcon_core.package_identification:_identify(.) by extension 'ignore'
[0.235s] Level 1:colcon.colcon_core.package_identification:_identify(.) by extension 'ignore_ament_install'
[0.235s] Level 1:colcon.colcon_core.package_identification:_identify(.) by extensions ['colcon_pkg']
[0.235s] Level 1:colcon.colcon_core.package_identification:_identify(.) by extension 'colcon_pkg'
[0.235s] Level 1:colcon.colcon_core.package_identification:_identify(.) by extensions ['colcon_meta']
[0.236s] Level 1:colcon.colcon_core.package_identification:_identify(.) by extension 'colcon_meta'
[0.236s] Level 1:colcon.colcon_core.package_identification:_identify(.) by extensions ['ros']
[0.236s] Level 1:colcon.colcon_core.package_identification:_identify(.) by extension 'ros'
[0.242s] Level 1:colcon.colcon_core.package_identification:_identify(.) by extensions ['cmake', 'python']
[0.242s] Level 1:colcon.colcon_core.package_identification:_identify(.) by extension 'cmake'
[0.242s] Level 1:colcon.colcon_core.package_identification:_identify(.) by extension 'python'
[0.243s] Level 1:colcon.colcon_core.package_identification:_identify(.) by extensions ['python_setup_py']
[0.243s] Level 1:colcon.colcon_core.package_identification:_identify(.) by extension 'python_setup_py'
[0.243s] Level 1:colcon.colcon_core.package_identification:_identify(build) by extensions ['ignore', 'ignore_ament_install']
[0.243s] Level 1:colcon.colcon_core.package_identification:_identify(build) by extension 'ignore'
[0.243s] Level 1:colcon.colcon_core.package_identification:_identify(build) ignored
[0.243s] Level 1:colcon.colcon_core.package_identification:_identify(install) by extensions ['ignore', 'ignore_ament_install']
[0.243s] Level 1:colcon.colcon_core.package_identification:_identify(install) by extension 'ignore'
[0.243s] Level 1:colcon.colcon_core.package_identification:_identify(install) ignored
[0.243s] Level 1:colcon.colcon_core.package_identification:_identify(log) by extensions ['ignore', 'ignore_ament_install']
[0.243s] Level 1:colcon.colcon_core.package_identification:_identify(log) by extension 'ignore'
[0.243s] Level 1:colcon.colcon_core.package_identification:_identify(log) ignored
[0.243s] Level 1:colcon.colcon_core.package_identification:_identify(src) by extensions ['ignore', 'ignore_ament_install']
[0.243s] Level 1:colcon.colcon_core.package_identification:_identify(src) by extension 'ignore'
[0.243s] Level 1:colcon.colcon_core.package_identification:_identify(src) by extension 'ignore_ament_install'
[0.244s] Level 1:colcon.colcon_core.package_identification:_identify(src) by extensions ['colcon_pkg']
[0.244s] Level 1:colcon.colcon_core.package_identification:_identify(src) by extension 'colcon_pkg'
[0.244s] Level 1:colcon.colcon_core.package_identification:_identify(src) by extensions ['colcon_meta']
[0.244s] Level 1:colcon.colcon_core.package_identification:_identify(src) by extension 'colcon_meta'
[0.244s] Level 1:colcon.colcon_core.package_identification:_identify(src) by extensions ['ros']
[0.244s] Level 1:colcon.colcon_core.package_identification:_identify(src) by extension 'ros'
[0.244s] Level 1:colcon.colcon_core.package_identification:_identify(src) by extensions ['cmake', 'python']
[0.244s] Level 1:colcon.colcon_core.package_identification:_identify(src) by extension 'cmake'
[0.244s] Level 1:colcon.colcon_core.package_identification:_identify(src) by extension 'python'
[0.244s] Level 1:colcon.colcon_core.package_identification:_identify(src) by extensions ['python_setup_py']
[0.244s] Level 1:colcon.colcon_core.package_identification:_identify(src) by extension 'python_setup_py'
[0.244s] Level 1:colcon.colcon_core.package_identification:_identify(src/kssbot) by extensions ['ignore', 'ignore_ament_install']
[0.244s] Level 1:colcon.colcon_core.package_identification:_identify(src/kssbot) by extension 'ignore'
[0.244s] Level 1:colcon.colcon_core.package_identification:_identify(src/kssbot) by extension 'ignore_ament_install'
[0.244s] Level 1:colcon.colcon_core.package_identification:_identify(src/kssbot) by extensions ['colcon_pkg']
[0.244s] Level 1:colcon.colcon_core.package_identification:_identify(src/kssbot) by extension 'colcon_pkg'
[0.244s] Level 1:colcon.colcon_core.package_identification:_identify(src/kssbot) by extensions ['colcon_meta']
[0.244s] Level 1:colcon.colcon_core.package_identification:_identify(src/kssbot) by extension 'colcon_meta'
[0.244s] Level 1:colcon.colcon_core.package_identification:_identify(src/kssbot) by extensions ['ros']
[0.244s] Level 1:colcon.colcon_core.package_identification:_identify(src/kssbot) by extension 'ros'
[0.244s] Level 1:colcon.colcon_core.package_identification:_identify(src/kssbot) by extensions ['cmake', 'python']
[0.244s] Level 1:colcon.colcon_core.package_identification:_identify(src/kssbot) by extension 'cmake'
[0.244s] Level 1:colcon.colcon_core.package_identification:_identify(src/kssbot) by extension 'python'
[0.245s] Level 1:colcon.colcon_core.package_identification:_identify(src/kssbot) by extensions ['python_setup_py']
[0.245s] Level 1:colcon.colcon_core.package_identification:_identify(src/kssbot) by extension 'python_setup_py'
[0.245s] Level 1:colcon.colcon_core.package_identification:_identify(src/kssbot/doc) by extensions ['ignore', 'ignore_ament_install']
[0.245s] Level 1:colcon.colcon_core.package_identification:_identify(src/kssbot/doc) by extension 'ignore'
[0.245s] Level 1:colcon.colcon_core.package_identification:_identify(src/kssbot/doc) by extension 'ignore_ament_install'
[0.245s] Level 1:colcon.colcon_core.package_identification:_identify(src/kssbot/doc) by extensions ['colcon_pkg']
[0.245s] Level 1:colcon.colcon_core.package_identification:_identify(src/kssbot/doc) by extension 'colcon_pkg'
[0.245s] Level 1:colcon.colcon_core.package_identification:_identify(src/kssbot/doc) by extensions ['colcon_meta']
[0.245s] Level 1:colcon.colcon_core.package_identification:_identify(src/kssbot/doc) by extension 'colcon_meta'
[0.245s] Level 1:colcon.colcon_core.package_identification:_identify(src/kssbot/doc) by extensions ['ros']
[0.245s] Level 1:colcon.colcon_core.package_identification:_identify(src/kssbot/doc) by extension 'ros'
[0.245s] Level 1:colcon.colcon_core.package_identification:_identify(src/kssbot/doc) by extensions ['cmake', 'python']
[0.245s] Level 1:colcon.colcon_core.package_identification:_identify(src/kssbot/doc) by extension 'cmake'
[0.245s] Level 1:colcon.colcon_core.package_identification:_identify(src/kssbot/doc) by extension 'python'
[0.245s] Level 1:colcon.colcon_core.package_identification:_identify(src/kssbot/doc) by extensions ['python_setup_py']
[0.245s] Level 1:colcon.colcon_core.package_identification:_identify(src/kssbot/doc) by extension 'python_setup_py'
[0.245s] Level 1:colcon.colcon_core.package_identification:_identify(src/kssbot/kss_joystick) by extensions ['ignore', 'ignore_ament_install']
[0.245s] Level 1:colcon.colcon_core.package_identification:_identify(src/kssbot/kss_joystick) by extension 'ignore'
[0.245s] Level 1:colcon.colcon_core.package_identification:_identify(src/kssbot/kss_joystick) by extension 'ignore_ament_install'
[0.245s] Level 1:colcon.colcon_core.package_identification:_identify(src/kssbot/kss_joystick) by extensions ['colcon_pkg']
[0.246s] Level 1:colcon.colcon_core.package_identification:_identify(src/kssbot/kss_joystick) by extension 'colcon_pkg'
[0.246s] Level 1:colcon.colcon_core.package_identification:_identify(src/kssbot/kss_joystick) by extensions ['colcon_meta']
[0.246s] Level 1:colcon.colcon_core.package_identification:_identify(src/kssbot/kss_joystick) by extension 'colcon_meta'
[0.246s] Level 1:colcon.colcon_core.package_identification:_identify(src/kssbot/kss_joystick) by extensions ['ros']
[0.246s] Level 1:colcon.colcon_core.package_identification:_identify(src/kssbot/kss_joystick) by extension 'ros'
[0.247s] DEBUG:colcon.colcon_core.package_identification:Package 'src/kssbot/kss_joystick' with type 'ros.ament_cmake' and name 'kss_joystick'
[0.247s] Level 1:colcon.colcon_core.package_identification:_identify(src/kssbot/kssbot_bringup) by extensions ['ignore', 'ignore_ament_install']
[0.248s] Level 1:colcon.colcon_core.package_identification:_identify(src/kssbot/kssbot_bringup) by extension 'ignore'
[0.248s] Level 1:colcon.colcon_core.package_identification:_identify(src/kssbot/kssbot_bringup) by extension 'ignore_ament_install'
[0.248s] Level 1:colcon.colcon_core.package_identification:_identify(src/kssbot/kssbot_bringup) by extensions ['colcon_pkg']
[0.248s] Level 1:colcon.colcon_core.package_identification:_identify(src/kssbot/kssbot_bringup) by extension 'colcon_pkg'
[0.248s] Level 1:colcon.colcon_core.package_identification:_identify(src/kssbot/kssbot_bringup) by extensions ['colcon_meta']
[0.248s] Level 1:colcon.colcon_core.package_identification:_identify(src/kssbot/kssbot_bringup) by extension 'colcon_meta'
[0.248s] Level 1:colcon.colcon_core.package_identification:_identify(src/kssbot/kssbot_bringup) by extensions ['ros']
[0.248s] Level 1:colcon.colcon_core.package_identification:_identify(src/kssbot/kssbot_bringup) by extension 'ros'
[0.248s] DEBUG:colcon.colcon_core.package_identification:Package 'src/kssbot/kssbot_bringup' with type 'ros.ament_cmake' and name 'kssbot_bringup'
[0.248s] Level 1:colcon.colcon_core.package_identification:_identify(src/kssbot/kssbot_description) by extensions ['ignore', 'ignore_ament_install']
[0.248s] Level 1:colcon.colcon_core.package_identification:_identify(src/kssbot/kssbot_description) by extension 'ignore'
[0.248s] Level 1:colcon.colcon_core.package_identification:_identify(src/kssbot/kssbot_description) by extension 'ignore_ament_install'
[0.248s] Level 1:colcon.colcon_core.package_identification:_identify(src/kssbot/kssbot_description) by extensions ['colcon_pkg']
[0.248s] Level 1:colcon.colcon_core.package_identification:_identify(src/kssbot/kssbot_description) by extension 'colcon_pkg'
[0.249s] Level 1:colcon.colcon_core.package_identification:_identify(src/kssbot/kssbot_description) by extensions ['colcon_meta']
[0.249s] Level 1:colcon.colcon_core.package_identification:_identify(src/kssbot/kssbot_description) by extension 'colcon_meta'
[0.249s] Level 1:colcon.colcon_core.package_identification:_identify(src/kssbot/kssbot_description) by extensions ['ros']
[0.249s] Level 1:colcon.colcon_core.package_identification:_identify(src/kssbot/kssbot_description) by extension 'ros'
[0.249s] Level 1:colcon.colcon_core.package_identification:_identify(src/kssbot/kssbot_description) by extensions ['cmake', 'python']
[0.249s] Level 1:colcon.colcon_core.package_identification:_identify(src/kssbot/kssbot_description) by extension 'cmake'
[0.249s] Level 1:colcon.colcon_core.package_identification:_identify(src/kssbot/kssbot_description) by extension 'python'
[0.249s] Level 1:colcon.colcon_core.package_identification:_identify(src/kssbot/kssbot_description) by extensions ['python_setup_py']
[0.249s] Level 1:colcon.colcon_core.package_identification:_identify(src/kssbot/kssbot_description) by extension 'python_setup_py'
[0.249s] Level 1:colcon.colcon_core.package_identification:_identify(src/kssbot/kssbot_description/diffbot_description) by extensions ['ignore', 'ignore_ament_install']
[0.249s] Level 1:colcon.colcon_core.package_identification:_identify(src/kssbot/kssbot_description/diffbot_description) by extension 'ignore'
[0.249s] Level 1:colcon.colcon_core.package_identification:_identify(src/kssbot/kssbot_description/diffbot_description) by extension 'ignore_ament_install'
[0.249s] Level 1:colcon.colcon_core.package_identification:_identify(src/kssbot/kssbot_description/diffbot_description) by extensions ['colcon_pkg']
[0.249s] Level 1:colcon.colcon_core.package_identification:_identify(src/kssbot/kssbot_description/diffbot_description) by extension 'colcon_pkg'
[0.249s] Level 1:colcon.colcon_core.package_identification:_identify(src/kssbot/kssbot_description/diffbot_description) by extensions ['colcon_meta']
[0.249s] Level 1:colcon.colcon_core.package_identification:_identify(src/kssbot/kssbot_description/diffbot_description) by extension 'colcon_meta'
[0.249s] Level 1:colcon.colcon_core.package_identification:_identify(src/kssbot/kssbot_description/diffbot_description) by extensions ['ros']
[0.249s] Level 1:colcon.colcon_core.package_identification:_identify(src/kssbot/kssbot_description/diffbot_description) by extension 'ros'
[0.250s] DEBUG:colcon.colcon_core.package_identification:Package 'src/kssbot/kssbot_description/diffbot_description' with type 'ros.ament_cmake' and name 'kssbot_description'
[0.250s] Level 1:colcon.colcon_core.package_identification:_identify(src/kssbot/kssbot_hardware) by extensions ['ignore', 'ignore_ament_install']
[0.250s] Level 1:colcon.colcon_core.package_identification:_identify(src/kssbot/kssbot_hardware) by extension 'ignore'
[0.250s] Level 1:colcon.colcon_core.package_identification:_identify(src/kssbot/kssbot_hardware) by extension 'ignore_ament_install'
[0.250s] Level 1:colcon.colcon_core.package_identification:_identify(src/kssbot/kssbot_hardware) by extensions ['colcon_pkg']
[0.250s] Level 1:colcon.colcon_core.package_identification:_identify(src/kssbot/kssbot_hardware) by extension 'colcon_pkg'
[0.250s] Level 1:colcon.colcon_core.package_identification:_identify(src/kssbot/kssbot_hardware) by extensions ['colcon_meta']
[0.250s] Level 1:colcon.colcon_core.package_identification:_identify(src/kssbot/kssbot_hardware) by extension 'colcon_meta'
[0.250s] Level 1:colcon.colcon_core.package_identification:_identify(src/kssbot/kssbot_hardware) by extensions ['ros']
[0.250s] Level 1:colcon.colcon_core.package_identification:_identify(src/kssbot/kssbot_hardware) by extension 'ros'
[0.250s] Level 1:colcon.colcon_core.package_identification:_identify(src/kssbot/kssbot_hardware) by extensions ['cmake', 'python']
[0.250s] Level 1:colcon.colcon_core.package_identification:_identify(src/kssbot/kssbot_hardware) by extension 'cmake'
[0.250s] Level 1:colcon.colcon_core.package_identification:_identify(src/kssbot/kssbot_hardware) by extension 'python'
[0.250s] Level 1:colcon.colcon_core.package_identification:_identify(src/kssbot/kssbot_hardware) by extensions ['python_setup_py']
[0.250s] Level 1:colcon.colcon_core.package_identification:_identify(src/kssbot/kssbot_hardware) by extension 'python_setup_py'
[0.250s] Level 1:colcon.colcon_core.package_identification:_identify(src/kssbot/kssbot_hardware/kssbot_diffdrive_rasp4) by extensions ['ignore', 'ignore_ament_install']
[0.250s] Level 1:colcon.colcon_core.package_identification:_identify(src/kssbot/kssbot_hardware/kssbot_diffdrive_rasp4) by extension 'ignore'
[0.250s] Level 1:colcon.colcon_core.package_identification:_identify(src/kssbot/kssbot_hardware/kssbot_diffdrive_rasp4) by extension 'ignore_ament_install'
[0.250s] Level 1:colcon.colcon_core.package_identification:_identify(src/kssbot/kssbot_hardware/kssbot_diffdrive_rasp4) by extensions ['colcon_pkg']
[0.250s] Level 1:colcon.colcon_core.package_identification:_identify(src/kssbot/kssbot_hardware/kssbot_diffdrive_rasp4) by extension 'colcon_pkg'
[0.250s] Level 1:colcon.colcon_core.package_identification:_identify(src/kssbot/kssbot_hardware/kssbot_diffdrive_rasp4) by extensions ['colcon_meta']
[0.251s] Level 1:colcon.colcon_core.package_identification:_identify(src/kssbot/kssbot_hardware/kssbot_diffdrive_rasp4) by extension 'colcon_meta'
[0.251s] Level 1:colcon.colcon_core.package_identification:_identify(src/kssbot/kssbot_hardware/kssbot_diffdrive_rasp4) by extensions ['ros']
[0.251s] Level 1:colcon.colcon_core.package_identification:_identify(src/kssbot/kssbot_hardware/kssbot_diffdrive_rasp4) by extension 'ros'
[0.251s] DEBUG:colcon.colcon_core.package_identification:Package 'src/kssbot/kssbot_hardware/kssbot_diffdrive_rasp4' with type 'ros.ament_cmake' and name 'kssbot_diffdrive_rasp4'
[0.251s] Level 1:colcon.colcon_core.package_discovery:discover_packages(recursive) using defaults
[0.251s] Level 1:colcon.colcon_core.package_discovery:discover_packages(ignore) discover
[0.251s] Level 1:colcon.colcon_core.package_discovery:discover_packages(ignore) using defaults
[0.251s] Level 1:colcon.colcon_core.package_discovery:discover_packages(path) discover
[0.251s] Level 1:colcon.colcon_core.package_discovery:discover_packages(path) using defaults
[0.266s] Level 1:colcon.colcon_core.package_discovery:discover_packages(prefix_path) check parameters
[0.266s] Level 1:colcon.colcon_core.package_discovery:discover_packages(prefix_path) discover
[0.268s] DEBUG:colcon.colcon_installed_package_information.package_discovery:Found 316 installed packages in /opt/ros/humble
[0.269s] Level 1:colcon.colcon_core.package_discovery:discover_packages(prefix_path) using defaults
[0.310s] Level 5:colcon.colcon_core.verb:set package 'kss_joystick' build argument 'cmake_args' from command line to 'None'
[0.310s] Level 5:colcon.colcon_core.verb:set package 'kss_joystick' build argument 'cmake_target' from command line to 'None'
[0.310s] Level 5:colcon.colcon_core.verb:set package 'kss_joystick' build argument 'cmake_target_skip_unavailable' from command line to 'False'
[0.310s] Level 5:colcon.colcon_core.verb:set package 'kss_joystick' build argument 'cmake_clean_cache' from command line to 'False'
[0.310s] Level 5:colcon.colcon_core.verb:set package 'kss_joystick' build argument 'cmake_clean_first' from command line to 'False'
[0.310s] Level 5:colcon.colcon_core.verb:set package 'kss_joystick' build argument 'cmake_force_configure' from command line to 'False'
[0.310s] Level 5:colcon.colcon_core.verb:set package 'kss_joystick' build argument 'ament_cmake_args' from command line to 'None'
[0.310s] Level 5:colcon.colcon_core.verb:set package 'kss_joystick' build argument 'catkin_cmake_args' from command line to 'None'
[0.310s] Level 5:colcon.colcon_core.verb:set package 'kss_joystick' build argument 'catkin_skip_building_tests' from command line to 'False'
[0.310s] DEBUG:colcon.colcon_core.verb:Building package 'kss_joystick' with the following arguments: {'ament_cmake_args': None, 'build_base': '/home/kssvm/workspace/ros2/humble/kssbot/build/kss_joystick', 'catkin_cmake_args': None, 'catkin_skip_building_tests': False, 'cmake_args': None, 'cmake_clean_cache': False, 'cmake_clean_first': False, 'cmake_force_configure': False, 'cmake_target': None, 'cmake_target_skip_unavailable': False, 'install_base': '/home/kssvm/workspace/ros2/humble/kssbot/install/kss_joystick', 'merge_install': False, 'path': '/home/kssvm/workspace/ros2/humble/kssbot/src/kssbot/kss_joystick', 'symlink_install': False, 'test_result_base': None}
[0.311s] Level 5:colcon.colcon_core.verb:set package 'kssbot_description' build argument 'cmake_args' from command line to 'None'
[0.311s] Level 5:colcon.colcon_core.verb:set package 'kssbot_description' build argument 'cmake_target' from command line to 'None'
[0.311s] Level 5:colcon.colcon_core.verb:set package 'kssbot_description' build argument 'cmake_target_skip_unavailable' from command line to 'False'
[0.311s] Level 5:colcon.colcon_core.verb:set package 'kssbot_description' build argument 'cmake_clean_cache' from command line to 'False'
[0.311s] Level 5:colcon.colcon_core.verb:set package 'kssbot_description' build argument 'cmake_clean_first' from command line to 'False'
[0.311s] Level 5:colcon.colcon_core.verb:set package 'kssbot_description' build argument 'cmake_force_configure' from command line to 'False'
[0.311s] Level 5:colcon.colcon_core.verb:set package 'kssbot_description' build argument 'ament_cmake_args' from command line to 'None'
[0.311s] Level 5:colcon.colcon_core.verb:set package 'kssbot_description' build argument 'catkin_cmake_args' from command line to 'None'
[0.311s] Level 5:colcon.colcon_core.verb:set package 'kssbot_description' build argument 'catkin_skip_building_tests' from command line to 'False'
[0.311s] DEBUG:colcon.colcon_core.verb:Building package 'kssbot_description' with the following arguments: {'ament_cmake_args': None, 'build_base': '/home/kssvm/workspace/ros2/humble/kssbot/build/kssbot_description', 'catkin_cmake_args': None, 'catkin_skip_building_tests': False, 'cmake_args': None, 'cmake_clean_cache': False, 'cmake_clean_first': False, 'cmake_force_configure': False, 'cmake_target': None, 'cmake_target_skip_unavailable': False, 'install_base': '/home/kssvm/workspace/ros2/humble/kssbot/install/kssbot_description', 'merge_install': False, 'path': '/home/kssvm/workspace/ros2/humble/kssbot/src/kssbot/kssbot_description/diffbot_description', 'symlink_install': False, 'test_result_base': None}
[0.311s] Level 5:colcon.colcon_core.verb:set package 'kssbot_diffdrive_rasp4' build argument 'cmake_args' from command line to 'None'
[0.311s] Level 5:colcon.colcon_core.verb:set package 'kssbot_diffdrive_rasp4' build argument 'cmake_target' from command line to 'None'
[0.311s] Level 5:colcon.colcon_core.verb:set package 'kssbot_diffdrive_rasp4' build argument 'cmake_target_skip_unavailable' from command line to 'False'
[0.311s] Level 5:colcon.colcon_core.verb:set package 'kssbot_diffdrive_rasp4' build argument 'cmake_clean_cache' from command line to 'False'
[0.311s] Level 5:colcon.colcon_core.verb:set package 'kssbot_diffdrive_rasp4' build argument 'cmake_clean_first' from command line to 'False'
[0.312s] Level 5:colcon.colcon_core.verb:set package 'kssbot_diffdrive_rasp4' build argument 'cmake_force_configure' from command line to 'False'
[0.312s] Level 5:colcon.colcon_core.verb:set package 'kssbot_diffdrive_rasp4' build argument 'ament_cmake_args' from command line to 'None'
[0.312s] Level 5:colcon.colcon_core.verb:set package 'kssbot_diffdrive_rasp4' build argument 'catkin_cmake_args' from command line to 'None'
[0.312s] Level 5:colcon.colcon_core.verb:set package 'kssbot_diffdrive_rasp4' build argument 'catkin_skip_building_tests' from command line to 'False'
[0.312s] DEBUG:colcon.colcon_core.verb:Building package 'kssbot_diffdrive_rasp4' with the following arguments: {'ament_cmake_args': None, 'build_base': '/home/kssvm/workspace/ros2/humble/kssbot/build/kssbot_diffdrive_rasp4', 'catkin_cmake_args': None, 'catkin_skip_building_tests': False, 'cmake_args': None, 'cmake_clean_cache': False, 'cmake_clean_first': False, 'cmake_force_configure': False, 'cmake_target': None, 'cmake_target_skip_unavailable': False, 'install_base': '/home/kssvm/workspace/ros2/humble/kssbot/install/kssbot_diffdrive_rasp4', 'merge_install': False, 'path': '/home/kssvm/workspace/ros2/humble/kssbot/src/kssbot/kssbot_hardware/kssbot_diffdrive_rasp4', 'symlink_install': False, 'test_result_base': None}
[0.312s] Level 5:colcon.colcon_core.verb:set package 'kssbot_bringup' build argument 'cmake_args' from command line to 'None'
[0.312s] Level 5:colcon.colcon_core.verb:set package 'kssbot_bringup' build argument 'cmake_target' from command line to 'None'
[0.312s] Level 5:colcon.colcon_core.verb:set package 'kssbot_bringup' build argument 'cmake_target_skip_unavailable' from command line to 'False'
[0.312s] Level 5:colcon.colcon_core.verb:set package 'kssbot_bringup' build argument 'cmake_clean_cache' from command line to 'False'
[0.312s] Level 5:colcon.colcon_core.verb:set package 'kssbot_bringup' build argument 'cmake_clean_first' from command line to 'False'
[0.312s] Level 5:colcon.colcon_core.verb:set package 'kssbot_bringup' build argument 'cmake_force_configure' from command line to 'False'
[0.312s] Level 5:colcon.colcon_core.verb:set package 'kssbot_bringup' build argument 'ament_cmake_args' from command line to 'None'
[0.312s] Level 5:colcon.colcon_core.verb:set package 'kssbot_bringup' build argument 'catkin_cmake_args' from command line to 'None'
[0.312s] Level 5:colcon.colcon_core.verb:set package 'kssbot_bringup' build argument 'catkin_skip_building_tests' from command line to 'False'
[0.312s] DEBUG:colcon.colcon_core.verb:Building package 'kssbot_bringup' with the following arguments: {'ament_cmake_args': None, 'build_base': '/home/kssvm/workspace/ros2/humble/kssbot/build/kssbot_bringup', 'catkin_cmake_args': None, 'catkin_skip_building_tests': False, 'cmake_args': None, 'cmake_clean_cache': False, 'cmake_clean_first': False, 'cmake_force_configure': False, 'cmake_target': None, 'cmake_target_skip_unavailable': False, 'install_base': '/home/kssvm/workspace/ros2/humble/kssbot/install/kssbot_bringup', 'merge_install': False, 'path': '/home/kssvm/workspace/ros2/humble/kssbot/src/kssbot/kssbot_bringup', 'symlink_install': False, 'test_result_base': None}
[0.313s] INFO:colcon.colcon_core.executor:Executing jobs using 'parallel' executor
[0.315s] DEBUG:colcon.colcon_parallel_executor.executor.parallel:run_until_complete
[0.315s] INFO:colcon.colcon_ros.task.ament_cmake.build:Building ROS package in '/home/kssvm/workspace/ros2/humble/kssbot/src/kssbot/kssbot_description/diffbot_description' with build type 'ament_cmake'
[0.315s] INFO:colcon.colcon_cmake.task.cmake.build:Building CMake package in '/home/kssvm/workspace/ros2/humble/kssbot/src/kssbot/kssbot_description/diffbot_description'
[0.318s] INFO:colcon.colcon_core.plugin_system:Skipping extension 'colcon_core.shell.bat': Not used on non-Windows systems
[0.318s] INFO:colcon.colcon_core.shell:Skip shell extension 'powershell' for command environment: Not usable outside of PowerShell
[0.318s] DEBUG:colcon.colcon_core.shell:Skip shell extension 'dsv' for command environment
[0.321s] INFO:colcon.colcon_ros.task.ament_cmake.build:Building ROS package in '/home/kssvm/workspace/ros2/humble/kssbot/src/kssbot/kss_joystick' with build type 'ament_cmake'
[0.321s] INFO:colcon.colcon_cmake.task.cmake.build:Building CMake package in '/home/kssvm/workspace/ros2/humble/kssbot/src/kssbot/kss_joystick'
[0.322s] INFO:colcon.colcon_core.shell:Skip shell extension 'powershell' for command environment: Not usable outside of PowerShell
[0.322s] DEBUG:colcon.colcon_core.shell:Skip shell extension 'dsv' for command environment
[0.325s] INFO:colcon.colcon_ros.task.ament_cmake.build:Building ROS package in '/home/kssvm/workspace/ros2/humble/kssbot/src/kssbot/kssbot_hardware/kssbot_diffdrive_rasp4' with build type 'ament_cmake'
[0.325s] INFO:colcon.colcon_cmake.task.cmake.build:Building CMake package in '/home/kssvm/workspace/ros2/humble/kssbot/src/kssbot/kssbot_hardware/kssbot_diffdrive_rasp4'
[0.325s] INFO:colcon.colcon_core.shell:Skip shell extension 'powershell' for command environment: Not usable outside of PowerShell
[0.326s] DEBUG:colcon.colcon_core.shell:Skip shell extension 'dsv' for command environment
[0.332s] DEBUG:colcon.colcon_core.event_handler.log_command:Invoking command in '/home/kssvm/workspace/ros2/humble/kssbot/build/kssbot_description': CMAKE_PREFIX_PATH=/opt/ros/humble /usr/bin/cmake --build /home/kssvm/workspace/ros2/humble/kssbot/build/kssbot_description -- -j4 -l4
[0.334s] DEBUG:colcon.colcon_core.event_handler.log_command:Invoking command in '/home/kssvm/workspace/ros2/humble/kssbot/build/kss_joystick': CMAKE_PREFIX_PATH=/opt/ros/humble /usr/bin/cmake --build /home/kssvm/workspace/ros2/humble/kssbot/build/kss_joystick -- -j4 -l4
[0.353s] DEBUG:colcon.colcon_core.event_handler.log_command:Invoking command in '/home/kssvm/workspace/ros2/humble/kssbot/build/kssbot_diffdrive_rasp4': CMAKE_PREFIX_PATH=/opt/ros/humble /usr/bin/cmake --build /home/kssvm/workspace/ros2/humble/kssbot/build/kssbot_diffdrive_rasp4 -- -j4 -l4
[0.366s] DEBUG:colcon.colcon_core.event_handler.log_command:Invoked command in '/home/kssvm/workspace/ros2/humble/kssbot/build/kss_joystick' returned '0': CMAKE_PREFIX_PATH=/opt/ros/humble /usr/bin/cmake --build /home/kssvm/workspace/ros2/humble/kssbot/build/kss_joystick -- -j4 -l4
[0.370s] DEBUG:colcon.colcon_core.event_handler.log_command:Invoked command in '/home/kssvm/workspace/ros2/humble/kssbot/build/kssbot_description' returned '0': CMAKE_PREFIX_PATH=/opt/ros/humble /usr/bin/cmake --build /home/kssvm/workspace/ros2/humble/kssbot/build/kssbot_description -- -j4 -l4
[0.400s] DEBUG:colcon.colcon_core.event_handler.log_command:Invoking command in '/home/kssvm/workspace/ros2/humble/kssbot/build/kss_joystick': CMAKE_PREFIX_PATH=/opt/ros/humble /usr/bin/cmake --install /home/kssvm/workspace/ros2/humble/kssbot/build/kss_joystick
[0.406s] DEBUG:colcon.colcon_core.event_handler.log_command:Invoking command in '/home/kssvm/workspace/ros2/humble/kssbot/build/kssbot_description': CMAKE_PREFIX_PATH=/opt/ros/humble /usr/bin/cmake --install /home/kssvm/workspace/ros2/humble/kssbot/build/kssbot_description
[0.413s] Level 1:colcon.colcon_core.environment:create_environment_scripts_only(kss_joystick)
[0.419s] DEBUG:colcon.colcon_core.event_handler.log_command:Invoked command in '/home/kssvm/workspace/ros2/humble/kssbot/build/kss_joystick' returned '0': CMAKE_PREFIX_PATH=/opt/ros/humble /usr/bin/cmake --install /home/kssvm/workspace/ros2/humble/kssbot/build/kss_joystick
[0.424s] Level 1:colcon.colcon_core.environment:checking '/home/kssvm/workspace/ros2/humble/kssbot/install/kss_joystick' for CMake module files
[0.424s] Level 1:colcon.colcon_core.environment:checking '/home/kssvm/workspace/ros2/humble/kssbot/install/kss_joystick' for CMake config files
[0.425s] Level 1:colcon.colcon_core.shell:create_environment_hook('kss_joystick', 'cmake_prefix_path')
[0.425s] INFO:colcon.colcon_core.shell:Creating environment hook '/home/kssvm/workspace/ros2/humble/kssbot/install/kss_joystick/share/kss_joystick/hook/cmake_prefix_path.ps1'
[0.426s] INFO:colcon.colcon_core.shell:Creating environment descriptor '/home/kssvm/workspace/ros2/humble/kssbot/install/kss_joystick/share/kss_joystick/hook/cmake_prefix_path.dsv'
[0.426s] INFO:colcon.colcon_core.shell:Creating environment hook '/home/kssvm/workspace/ros2/humble/kssbot/install/kss_joystick/share/kss_joystick/hook/cmake_prefix_path.sh'
[0.427s] Level 1:colcon.colcon_core.environment:checking '/home/kssvm/workspace/ros2/humble/kssbot/install/kss_joystick/bin'
[0.427s] Level 1:colcon.colcon_core.environment:checking '/home/kssvm/workspace/ros2/humble/kssbot/install/kss_joystick/lib/pkgconfig/kss_joystick.pc'
[0.427s] Level 1:colcon.colcon_core.environment:checking '/home/kssvm/workspace/ros2/humble/kssbot/install/kss_joystick/lib/python3.10/site-packages'
[0.427s] Level 1:colcon.colcon_core.environment:checking '/home/kssvm/workspace/ros2/humble/kssbot/install/kss_joystick/bin'
[0.428s] INFO:colcon.colcon_core.shell:Creating package script '/home/kssvm/workspace/ros2/humble/kssbot/install/kss_joystick/share/kss_joystick/package.ps1'
[0.429s] INFO:colcon.colcon_core.shell:Creating package descriptor '/home/kssvm/workspace/ros2/humble/kssbot/install/kss_joystick/share/kss_joystick/package.dsv'
[0.429s] INFO:colcon.colcon_core.shell:Creating package script '/home/kssvm/workspace/ros2/humble/kssbot/install/kss_joystick/share/kss_joystick/package.sh'
[0.430s] INFO:colcon.colcon_core.shell:Creating package script '/home/kssvm/workspace/ros2/humble/kssbot/install/kss_joystick/share/kss_joystick/package.bash'
[0.430s] INFO:colcon.colcon_core.shell:Creating package script '/home/kssvm/workspace/ros2/humble/kssbot/install/kss_joystick/share/kss_joystick/package.zsh'
[0.431s] Level 1:colcon.colcon_core.environment:create_file_with_runtime_dependencies(/home/kssvm/workspace/ros2/humble/kssbot/install/kss_joystick/share/colcon-core/packages/kss_joystick)
[0.433s] Level 1:colcon.colcon_core.environment:create_environment_scripts_only(kssbot_description)
[0.434s] Level 1:colcon.colcon_core.environment:checking '/home/kssvm/workspace/ros2/humble/kssbot/install/kssbot_description' for CMake module files
[0.434s] DEBUG:colcon.colcon_core.event_handler.log_command:Invoked command in '/home/kssvm/workspace/ros2/humble/kssbot/build/kssbot_description' returned '0': CMAKE_PREFIX_PATH=/opt/ros/humble /usr/bin/cmake --install /home/kssvm/workspace/ros2/humble/kssbot/build/kssbot_description
[0.435s] Level 1:colcon.colcon_core.environment:checking '/home/kssvm/workspace/ros2/humble/kssbot/install/kssbot_description' for CMake config files
[0.435s] Level 1:colcon.colcon_core.shell:create_environment_hook('kssbot_description', 'cmake_prefix_path')
[0.436s] INFO:colcon.colcon_core.shell:Creating environment hook '/home/kssvm/workspace/ros2/humble/kssbot/install/kssbot_description/share/kssbot_description/hook/cmake_prefix_path.ps1'
[0.436s] INFO:colcon.colcon_core.shell:Creating environment descriptor '/home/kssvm/workspace/ros2/humble/kssbot/install/kssbot_description/share/kssbot_description/hook/cmake_prefix_path.dsv'
[0.436s] INFO:colcon.colcon_core.shell:Creating environment hook '/home/kssvm/workspace/ros2/humble/kssbot/install/kssbot_description/share/kssbot_description/hook/cmake_prefix_path.sh'
[0.437s] Level 1:colcon.colcon_core.environment:checking '/home/kssvm/workspace/ros2/humble/kssbot/install/kssbot_description/bin'
[0.437s] Level 1:colcon.colcon_core.environment:checking '/home/kssvm/workspace/ros2/humble/kssbot/install/kssbot_description/lib/pkgconfig/kssbot_description.pc'
[0.437s] Level 1:colcon.colcon_core.environment:checking '/home/kssvm/workspace/ros2/humble/kssbot/install/kssbot_description/lib/python3.10/site-packages'
[0.437s] Level 1:colcon.colcon_core.environment:checking '/home/kssvm/workspace/ros2/humble/kssbot/install/kssbot_description/bin'
[0.438s] INFO:colcon.colcon_core.shell:Creating package script '/home/kssvm/workspace/ros2/humble/kssbot/install/kssbot_description/share/kssbot_description/package.ps1'
[0.439s] INFO:colcon.colcon_core.shell:Creating package descriptor '/home/kssvm/workspace/ros2/humble/kssbot/install/kssbot_description/share/kssbot_description/package.dsv'
[0.439s] INFO:colcon.colcon_core.shell:Creating package script '/home/kssvm/workspace/ros2/humble/kssbot/install/kssbot_description/share/kssbot_description/package.sh'
[0.439s] INFO:colcon.colcon_core.shell:Creating package script '/home/kssvm/workspace/ros2/humble/kssbot/install/kssbot_description/share/kssbot_description/package.bash'
[0.439s] INFO:colcon.colcon_core.shell:Creating package script '/home/kssvm/workspace/ros2/humble/kssbot/install/kssbot_description/share/kssbot_description/package.zsh'
[0.440s] Level 1:colcon.colcon_core.environment:create_file_with_runtime_dependencies(/home/kssvm/workspace/ros2/humble/kssbot/install/kssbot_description/share/colcon-core/packages/kssbot_description)
[0.456s] Level 1:colcon.colcon_core.environment:create_environment_scripts_only(kss_joystick)
[0.457s] Level 1:colcon.colcon_core.environment:checking '/home/kssvm/workspace/ros2/humble/kssbot/install/kss_joystick' for CMake module files
[0.457s] Level 1:colcon.colcon_core.environment:checking '/home/kssvm/workspace/ros2/humble/kssbot/install/kss_joystick' for CMake config files
[0.458s] Level 1:colcon.colcon_core.shell:create_environment_hook('kss_joystick', 'cmake_prefix_path')
[0.459s] INFO:colcon.colcon_core.shell:Creating environment hook '/home/kssvm/workspace/ros2/humble/kssbot/install/kss_joystick/share/kss_joystick/hook/cmake_prefix_path.ps1'
[0.459s] INFO:colcon.colcon_core.shell:Creating environment descriptor '/home/kssvm/workspace/ros2/humble/kssbot/install/kss_joystick/share/kss_joystick/hook/cmake_prefix_path.dsv'
[0.459s] INFO:colcon.colcon_core.shell:Creating environment hook '/home/kssvm/workspace/ros2/humble/kssbot/install/kss_joystick/share/kss_joystick/hook/cmake_prefix_path.sh'
[0.460s] Level 1:colcon.colcon_core.environment:checking '/home/kssvm/workspace/ros2/humble/kssbot/install/kss_joystick/bin'
[0.460s] Level 1:colcon.colcon_core.environment:checking '/home/kssvm/workspace/ros2/humble/kssbot/install/kss_joystick/lib/pkgconfig/kss_joystick.pc'
[0.460s] Level 1:colcon.colcon_core.environment:checking '/home/kssvm/workspace/ros2/humble/kssbot/install/kss_joystick/lib/python3.10/site-packages'
[0.460s] Level 1:colcon.colcon_core.environment:checking '/home/kssvm/workspace/ros2/humble/kssbot/install/kss_joystick/bin'
[0.461s] INFO:colcon.colcon_core.shell:Creating package script '/home/kssvm/workspace/ros2/humble/kssbot/install/kss_joystick/share/kss_joystick/package.ps1'
[0.462s] INFO:colcon.colcon_core.shell:Creating package descriptor '/home/kssvm/workspace/ros2/humble/kssbot/install/kss_joystick/share/kss_joystick/package.dsv'
[0.462s] INFO:colcon.colcon_core.shell:Creating package script '/home/kssvm/workspace/ros2/humble/kssbot/install/kss_joystick/share/kss_joystick/package.sh'
[0.463s] INFO:colcon.colcon_core.shell:Creating package script '/home/kssvm/workspace/ros2/humble/kssbot/install/kss_joystick/share/kss_joystick/package.bash'
[0.463s] INFO:colcon.colcon_core.shell:Creating package script '/home/kssvm/workspace/ros2/humble/kssbot/install/kss_joystick/share/kss_joystick/package.zsh'
[0.463s] Level 1:colcon.colcon_core.environment:create_file_with_runtime_dependencies(/home/kssvm/workspace/ros2/humble/kssbot/install/kss_joystick/share/colcon-core/packages/kss_joystick)
[0.469s] Level 1:colcon.colcon_core.environment:create_environment_scripts_only(kssbot_description)
[0.470s] Level 1:colcon.colcon_core.environment:checking '/home/kssvm/workspace/ros2/humble/kssbot/install/kssbot_description' for CMake module files
[0.471s] Level 1:colcon.colcon_core.environment:checking '/home/kssvm/workspace/ros2/humble/kssbot/install/kssbot_description' for CMake config files
[0.471s] Level 1:colcon.colcon_core.shell:create_environment_hook('kssbot_description', 'cmake_prefix_path')
[0.472s] INFO:colcon.colcon_core.shell:Creating environment hook '/home/kssvm/workspace/ros2/humble/kssbot/install/kssbot_description/share/kssbot_description/hook/cmake_prefix_path.ps1'
[0.472s] INFO:colcon.colcon_core.shell:Creating environment descriptor '/home/kssvm/workspace/ros2/humble/kssbot/install/kssbot_description/share/kssbot_description/hook/cmake_prefix_path.dsv'
[0.473s] INFO:colcon.colcon_core.shell:Creating environment hook '/home/kssvm/workspace/ros2/humble/kssbot/install/kssbot_description/share/kssbot_description/hook/cmake_prefix_path.sh'
[0.473s] Level 1:colcon.colcon_core.environment:checking '/home/kssvm/workspace/ros2/humble/kssbot/install/kssbot_description/bin'
[0.473s] Level 1:colcon.colcon_core.environment:checking '/home/kssvm/workspace/ros2/humble/kssbot/install/kssbot_description/lib/pkgconfig/kssbot_description.pc'
[0.473s] Level 1:colcon.colcon_core.environment:checking '/home/kssvm/workspace/ros2/humble/kssbot/install/kssbot_description/lib/python3.10/site-packages'
[0.474s] Level 1:colcon.colcon_core.environment:checking '/home/kssvm/workspace/ros2/humble/kssbot/install/kssbot_description/bin'
[0.474s] INFO:colcon.colcon_core.shell:Creating package script '/home/kssvm/workspace/ros2/humble/kssbot/install/kssbot_description/share/kssbot_description/package.ps1'
[0.475s] INFO:colcon.colcon_core.shell:Creating package descriptor '/home/kssvm/workspace/ros2/humble/kssbot/install/kssbot_description/share/kssbot_description/package.dsv'
[0.475s] INFO:colcon.colcon_core.shell:Creating package script '/home/kssvm/workspace/ros2/humble/kssbot/install/kssbot_description/share/kssbot_description/package.sh'
[0.475s] INFO:colcon.colcon_core.shell:Creating package script '/home/kssvm/workspace/ros2/humble/kssbot/install/kssbot_description/share/kssbot_description/package.bash'
[0.476s] INFO:colcon.colcon_core.shell:Creating package script '/home/kssvm/workspace/ros2/humble/kssbot/install/kssbot_description/share/kssbot_description/package.zsh'
[0.476s] Level 1:colcon.colcon_core.environment:create_file_with_runtime_dependencies(/home/kssvm/workspace/ros2/humble/kssbot/install/kssbot_description/share/colcon-core/packages/kssbot_description)
[0.476s] INFO:colcon.colcon_ros.task.ament_cmake.build:Building ROS package in '/home/kssvm/workspace/ros2/humble/kssbot/src/kssbot/kssbot_bringup' with build type 'ament_cmake'
[0.477s] INFO:colcon.colcon_cmake.task.cmake.build:Building CMake package in '/home/kssvm/workspace/ros2/humble/kssbot/src/kssbot/kssbot_bringup'
[0.477s] INFO:colcon.colcon_core.shell:Skip shell extension 'powershell' for command environment: Not usable outside of PowerShell
[0.478s] DEBUG:colcon.colcon_core.shell:Skip shell extension 'dsv' for command environment
[0.489s] DEBUG:colcon.colcon_core.event_handler.log_command:Invoking command in '/home/kssvm/workspace/ros2/humble/kssbot/build/kssbot_bringup': AMENT_PREFIX_PATH=/home/kssvm/workspace/ros2/humble/kssbot/install/kssbot_description:${AMENT_PREFIX_PATH} CMAKE_PREFIX_PATH=/home/kssvm/workspace/ros2/humble/kssbot/install/kssbot_description:/opt/ros/humble /usr/bin/cmake --build /home/kssvm/workspace/ros2/humble/kssbot/build/kssbot_bringup -- -j4 -l4
[0.515s] DEBUG:colcon.colcon_core.event_handler.log_command:Invoked command in '/home/kssvm/workspace/ros2/humble/kssbot/build/kssbot_bringup' returned '0': AMENT_PREFIX_PATH=/home/kssvm/workspace/ros2/humble/kssbot/install/kssbot_description:${AMENT_PREFIX_PATH} CMAKE_PREFIX_PATH=/home/kssvm/workspace/ros2/humble/kssbot/install/kssbot_description:/opt/ros/humble /usr/bin/cmake --build /home/kssvm/workspace/ros2/humble/kssbot/build/kssbot_bringup -- -j4 -l4
[0.550s] DEBUG:colcon.colcon_core.event_handler.log_command:Invoking command in '/home/kssvm/workspace/ros2/humble/kssbot/build/kssbot_bringup': AMENT_PREFIX_PATH=/home/kssvm/workspace/ros2/humble/kssbot/install/kssbot_description:${AMENT_PREFIX_PATH} CMAKE_PREFIX_PATH=/home/kssvm/workspace/ros2/humble/kssbot/install/kssbot_description:/opt/ros/humble /usr/bin/cmake --install /home/kssvm/workspace/ros2/humble/kssbot/build/kssbot_bringup
[0.565s] Level 1:colcon.colcon_core.environment:create_environment_scripts_only(kssbot_bringup)
[0.566s] Level 1:colcon.colcon_core.environment:checking '/home/kssvm/workspace/ros2/humble/kssbot/install/kssbot_bringup' for CMake module files
[0.567s] DEBUG:colcon.colcon_core.event_handler.log_command:Invoked command in '/home/kssvm/workspace/ros2/humble/kssbot/build/kssbot_bringup' returned '0': AMENT_PREFIX_PATH=/home/kssvm/workspace/ros2/humble/kssbot/install/kssbot_description:${AMENT_PREFIX_PATH} CMAKE_PREFIX_PATH=/home/kssvm/workspace/ros2/humble/kssbot/install/kssbot_description:/opt/ros/humble /usr/bin/cmake --install /home/kssvm/workspace/ros2/humble/kssbot/build/kssbot_bringup
[0.567s] Level 1:colcon.colcon_core.environment:checking '/home/kssvm/workspace/ros2/humble/kssbot/install/kssbot_bringup' for CMake config files
[0.567s] Level 1:colcon.colcon_core.shell:create_environment_hook('kssbot_bringup', 'cmake_prefix_path')
[0.568s] INFO:colcon.colcon_core.shell:Creating environment hook '/home/kssvm/workspace/ros2/humble/kssbot/install/kssbot_bringup/share/kssbot_bringup/hook/cmake_prefix_path.ps1'
[0.569s] INFO:colcon.colcon_core.shell:Creating environment descriptor '/home/kssvm/workspace/ros2/humble/kssbot/install/kssbot_bringup/share/kssbot_bringup/hook/cmake_prefix_path.dsv'
[0.569s] INFO:colcon.colcon_core.shell:Creating environment hook '/home/kssvm/workspace/ros2/humble/kssbot/install/kssbot_bringup/share/kssbot_bringup/hook/cmake_prefix_path.sh'
[0.569s] Level 1:colcon.colcon_core.environment:checking '/home/kssvm/workspace/ros2/humble/kssbot/install/kssbot_bringup/bin'
[0.569s] Level 1:colcon.colcon_core.environment:checking '/home/kssvm/workspace/ros2/humble/kssbot/install/kssbot_bringup/lib/pkgconfig/kssbot_bringup.pc'
[0.569s] Level 1:colcon.colcon_core.environment:checking '/home/kssvm/workspace/ros2/humble/kssbot/install/kssbot_bringup/lib/python3.10/site-packages'
[0.570s] Level 1:colcon.colcon_core.environment:checking '/home/kssvm/workspace/ros2/humble/kssbot/install/kssbot_bringup/bin'
[0.570s] INFO:colcon.colcon_core.shell:Creating package script '/home/kssvm/workspace/ros2/humble/kssbot/install/kssbot_bringup/share/kssbot_bringup/package.ps1'
[0.571s] INFO:colcon.colcon_core.shell:Creating package descriptor '/home/kssvm/workspace/ros2/humble/kssbot/install/kssbot_bringup/share/kssbot_bringup/package.dsv'
[0.571s] INFO:colcon.colcon_core.shell:Creating package script '/home/kssvm/workspace/ros2/humble/kssbot/install/kssbot_bringup/share/kssbot_bringup/package.sh'
[0.572s] INFO:colcon.colcon_core.shell:Creating package script '/home/kssvm/workspace/ros2/humble/kssbot/install/kssbot_bringup/share/kssbot_bringup/package.bash'
[0.572s] INFO:colcon.colcon_core.shell:Creating package script '/home/kssvm/workspace/ros2/humble/kssbot/install/kssbot_bringup/share/kssbot_bringup/package.zsh'
[0.572s] Level 1:colcon.colcon_core.environment:create_file_with_runtime_dependencies(/home/kssvm/workspace/ros2/humble/kssbot/install/kssbot_bringup/share/colcon-core/packages/kssbot_bringup)
[0.593s] Level 1:colcon.colcon_core.environment:create_environment_scripts_only(kssbot_bringup)
[0.594s] Level 1:colcon.colcon_core.environment:checking '/home/kssvm/workspace/ros2/humble/kssbot/install/kssbot_bringup' for CMake module files
[0.594s] Level 1:colcon.colcon_core.environment:checking '/home/kssvm/workspace/ros2/humble/kssbot/install/kssbot_bringup' for CMake config files
[0.594s] Level 1:colcon.colcon_core.shell:create_environment_hook('kssbot_bringup', 'cmake_prefix_path')
[0.595s] INFO:colcon.colcon_core.shell:Creating environment hook '/home/kssvm/workspace/ros2/humble/kssbot/install/kssbot_bringup/share/kssbot_bringup/hook/cmake_prefix_path.ps1'
[0.595s] INFO:colcon.colcon_core.shell:Creating environment descriptor '/home/kssvm/workspace/ros2/humble/kssbot/install/kssbot_bringup/share/kssbot_bringup/hook/cmake_prefix_path.dsv'
[0.596s] INFO:colcon.colcon_core.shell:Creating environment hook '/home/kssvm/workspace/ros2/humble/kssbot/install/kssbot_bringup/share/kssbot_bringup/hook/cmake_prefix_path.sh'
[0.596s] Level 1:colcon.colcon_core.environment:checking '/home/kssvm/workspace/ros2/humble/kssbot/install/kssbot_bringup/bin'
[0.596s] Level 1:colcon.colcon_core.environment:checking '/home/kssvm/workspace/ros2/humble/kssbot/install/kssbot_bringup/lib/pkgconfig/kssbot_bringup.pc'
[0.596s] Level 1:colcon.colcon_core.environment:checking '/home/kssvm/workspace/ros2/humble/kssbot/install/kssbot_bringup/lib/python3.10/site-packages'
[0.597s] Level 1:colcon.colcon_core.environment:checking '/home/kssvm/workspace/ros2/humble/kssbot/install/kssbot_bringup/bin'
[0.597s] INFO:colcon.colcon_core.shell:Creating package script '/home/kssvm/workspace/ros2/humble/kssbot/install/kssbot_bringup/share/kssbot_bringup/package.ps1'
[0.598s] INFO:colcon.colcon_core.shell:Creating package descriptor '/home/kssvm/workspace/ros2/humble/kssbot/install/kssbot_bringup/share/kssbot_bringup/package.dsv'
[0.598s] INFO:colcon.colcon_core.shell:Creating package script '/home/kssvm/workspace/ros2/humble/kssbot/install/kssbot_bringup/share/kssbot_bringup/package.sh'
[0.598s] INFO:colcon.colcon_core.shell:Creating package script '/home/kssvm/workspace/ros2/humble/kssbot/install/kssbot_bringup/share/kssbot_bringup/package.bash'
[0.599s] INFO:colcon.colcon_core.shell:Creating package script '/home/kssvm/workspace/ros2/humble/kssbot/install/kssbot_bringup/share/kssbot_bringup/package.zsh'
[0.599s] Level 1:colcon.colcon_core.environment:create_file_with_runtime_dependencies(/home/kssvm/workspace/ros2/humble/kssbot/install/kssbot_bringup/share/colcon-core/packages/kssbot_bringup)
[3.660s] DEBUG:colcon.colcon_core.event_handler.log_command:Invoked command in '/home/kssvm/workspace/ros2/humble/kssbot/build/kssbot_diffdrive_rasp4' returned '0': CMAKE_PREFIX_PATH=/opt/ros/humble /usr/bin/cmake --build /home/kssvm/workspace/ros2/humble/kssbot/build/kssbot_diffdrive_rasp4 -- -j4 -l4
[3.695s] DEBUG:colcon.colcon_core.event_handler.log_command:Invoking command in '/home/kssvm/workspace/ros2/humble/kssbot/build/kssbot_diffdrive_rasp4': CMAKE_PREFIX_PATH=/opt/ros/humble /usr/bin/cmake --install /home/kssvm/workspace/ros2/humble/kssbot/build/kssbot_diffdrive_rasp4
[3.703s] Level 1:colcon.colcon_core.environment:create_environment_scripts_only(kssbot_diffdrive_rasp4)
[3.704s] Level 1:colcon.colcon_core.environment:checking '/home/kssvm/workspace/ros2/humble/kssbot/install/kssbot_diffdrive_rasp4' for CMake module files
[3.705s] Level 1:colcon.colcon_core.environment:checking '/home/kssvm/workspace/ros2/humble/kssbot/install/kssbot_diffdrive_rasp4' for CMake config files
[3.705s] Level 1:colcon.colcon_core.shell:create_environment_hook('kssbot_diffdrive_rasp4', 'cmake_prefix_path')
[3.706s] INFO:colcon.colcon_core.shell:Creating environment hook '/home/kssvm/workspace/ros2/humble/kssbot/install/kssbot_diffdrive_rasp4/share/kssbot_diffdrive_rasp4/hook/cmake_prefix_path.ps1'
[3.707s] INFO:colcon.colcon_core.shell:Creating environment descriptor '/home/kssvm/workspace/ros2/humble/kssbot/install/kssbot_diffdrive_rasp4/share/kssbot_diffdrive_rasp4/hook/cmake_prefix_path.dsv'
[3.707s] INFO:colcon.colcon_core.shell:Creating environment hook '/home/kssvm/workspace/ros2/humble/kssbot/install/kssbot_diffdrive_rasp4/share/kssbot_diffdrive_rasp4/hook/cmake_prefix_path.sh'
[3.708s] Level 1:colcon.colcon_core.environment:checking '/home/kssvm/workspace/ros2/humble/kssbot/install/kssbot_diffdrive_rasp4/lib'
[3.708s] Level 1:colcon.colcon_core.shell:create_environment_hook('kssbot_diffdrive_rasp4', 'ld_library_path_lib')
[3.710s] INFO:colcon.colcon_core.shell:Creating environment hook '/home/kssvm/workspace/ros2/humble/kssbot/install/kssbot_diffdrive_rasp4/share/kssbot_diffdrive_rasp4/hook/ld_library_path_lib.ps1'
[3.713s] DEBUG:colcon.colcon_core.event_handler.log_command:Invoked command in '/home/kssvm/workspace/ros2/humble/kssbot/build/kssbot_diffdrive_rasp4' returned '0': CMAKE_PREFIX_PATH=/opt/ros/humble /usr/bin/cmake --install /home/kssvm/workspace/ros2/humble/kssbot/build/kssbot_diffdrive_rasp4
[3.713s] INFO:colcon.colcon_core.shell:Creating environment descriptor '/home/kssvm/workspace/ros2/humble/kssbot/install/kssbot_diffdrive_rasp4/share/kssbot_diffdrive_rasp4/hook/ld_library_path_lib.dsv'
[3.713s] INFO:colcon.colcon_core.shell:Creating environment hook '/home/kssvm/workspace/ros2/humble/kssbot/install/kssbot_diffdrive_rasp4/share/kssbot_diffdrive_rasp4/hook/ld_library_path_lib.sh'
[3.714s] Level 1:colcon.colcon_core.environment:checking '/home/kssvm/workspace/ros2/humble/kssbot/install/kssbot_diffdrive_rasp4/bin'
[3.714s] Level 1:colcon.colcon_core.environment:checking '/home/kssvm/workspace/ros2/humble/kssbot/install/kssbot_diffdrive_rasp4/lib/pkgconfig/kssbot_diffdrive_rasp4.pc'
[3.714s] Level 1:colcon.colcon_core.environment:checking '/home/kssvm/workspace/ros2/humble/kssbot/install/kssbot_diffdrive_rasp4/lib/python3.10/site-packages'
[3.714s] Level 1:colcon.colcon_core.environment:checking '/home/kssvm/workspace/ros2/humble/kssbot/install/kssbot_diffdrive_rasp4/bin'
[3.715s] INFO:colcon.colcon_core.shell:Creating package script '/home/kssvm/workspace/ros2/humble/kssbot/install/kssbot_diffdrive_rasp4/share/kssbot_diffdrive_rasp4/package.ps1'
[3.716s] INFO:colcon.colcon_core.shell:Creating package descriptor '/home/kssvm/workspace/ros2/humble/kssbot/install/kssbot_diffdrive_rasp4/share/kssbot_diffdrive_rasp4/package.dsv'
[3.716s] INFO:colcon.colcon_core.shell:Creating package script '/home/kssvm/workspace/ros2/humble/kssbot/install/kssbot_diffdrive_rasp4/share/kssbot_diffdrive_rasp4/package.sh'
[3.716s] INFO:colcon.colcon_core.shell:Creating package script '/home/kssvm/workspace/ros2/humble/kssbot/install/kssbot_diffdrive_rasp4/share/kssbot_diffdrive_rasp4/package.bash'
[3.717s] INFO:colcon.colcon_core.shell:Creating package script '/home/kssvm/workspace/ros2/humble/kssbot/install/kssbot_diffdrive_rasp4/share/kssbot_diffdrive_rasp4/package.zsh'
[3.717s] Level 1:colcon.colcon_core.environment:create_file_with_runtime_dependencies(/home/kssvm/workspace/ros2/humble/kssbot/install/kssbot_diffdrive_rasp4/share/colcon-core/packages/kssbot_diffdrive_rasp4)
[3.738s] Level 1:colcon.colcon_core.environment:create_environment_scripts_only(kssbot_diffdrive_rasp4)
[3.739s] Level 1:colcon.colcon_core.environment:checking '/home/kssvm/workspace/ros2/humble/kssbot/install/kssbot_diffdrive_rasp4' for CMake module files
[3.739s] Level 1:colcon.colcon_core.environment:checking '/home/kssvm/workspace/ros2/humble/kssbot/install/kssbot_diffdrive_rasp4' for CMake config files
[3.740s] Level 1:colcon.colcon_core.shell:create_environment_hook('kssbot_diffdrive_rasp4', 'cmake_prefix_path')
[3.740s] INFO:colcon.colcon_core.shell:Creating environment hook '/home/kssvm/workspace/ros2/humble/kssbot/install/kssbot_diffdrive_rasp4/share/kssbot_diffdrive_rasp4/hook/cmake_prefix_path.ps1'
[3.741s] INFO:colcon.colcon_core.shell:Creating environment descriptor '/home/kssvm/workspace/ros2/humble/kssbot/install/kssbot_diffdrive_rasp4/share/kssbot_diffdrive_rasp4/hook/cmake_prefix_path.dsv'
[3.741s] INFO:colcon.colcon_core.shell:Creating environment hook '/home/kssvm/workspace/ros2/humble/kssbot/install/kssbot_diffdrive_rasp4/share/kssbot_diffdrive_rasp4/hook/cmake_prefix_path.sh'
[3.741s] Level 1:colcon.colcon_core.environment:checking '/home/kssvm/workspace/ros2/humble/kssbot/install/kssbot_diffdrive_rasp4/lib'
[3.741s] Level 1:colcon.colcon_core.shell:create_environment_hook('kssbot_diffdrive_rasp4', 'ld_library_path_lib')
[3.742s] INFO:colcon.colcon_core.shell:Creating environment hook '/home/kssvm/workspace/ros2/humble/kssbot/install/kssbot_diffdrive_rasp4/share/kssbot_diffdrive_rasp4/hook/ld_library_path_lib.ps1'
[3.742s] INFO:colcon.colcon_core.shell:Creating environment descriptor '/home/kssvm/workspace/ros2/humble/kssbot/install/kssbot_diffdrive_rasp4/share/kssbot_diffdrive_rasp4/hook/ld_library_path_lib.dsv'
[3.743s] INFO:colcon.colcon_core.shell:Creating environment hook '/home/kssvm/workspace/ros2/humble/kssbot/install/kssbot_diffdrive_rasp4/share/kssbot_diffdrive_rasp4/hook/ld_library_path_lib.sh'
[3.743s] Level 1:colcon.colcon_core.environment:checking '/home/kssvm/workspace/ros2/humble/kssbot/install/kssbot_diffdrive_rasp4/bin'
[3.743s] Level 1:colcon.colcon_core.environment:checking '/home/kssvm/workspace/ros2/humble/kssbot/install/kssbot_diffdrive_rasp4/lib/pkgconfig/kssbot_diffdrive_rasp4.pc'
[3.743s] Level 1:colcon.colcon_core.environment:checking '/home/kssvm/workspace/ros2/humble/kssbot/install/kssbot_diffdrive_rasp4/lib/python3.10/site-packages'
[3.744s] Level 1:colcon.colcon_core.environment:checking '/home/kssvm/workspace/ros2/humble/kssbot/install/kssbot_diffdrive_rasp4/bin'
[3.744s] INFO:colcon.colcon_core.shell:Creating package script '/home/kssvm/workspace/ros2/humble/kssbot/install/kssbot_diffdrive_rasp4/share/kssbot_diffdrive_rasp4/package.ps1'
[3.745s] INFO:colcon.colcon_core.shell:Creating package descriptor '/home/kssvm/workspace/ros2/humble/kssbot/install/kssbot_diffdrive_rasp4/share/kssbot_diffdrive_rasp4/package.dsv'
[3.745s] INFO:colcon.colcon_core.shell:Creating package script '/home/kssvm/workspace/ros2/humble/kssbot/install/kssbot_diffdrive_rasp4/share/kssbot_diffdrive_rasp4/package.sh'
[3.745s] INFO:colcon.colcon_core.shell:Creating package script '/home/kssvm/workspace/ros2/humble/kssbot/install/kssbot_diffdrive_rasp4/share/kssbot_diffdrive_rasp4/package.bash'
[3.746s] INFO:colcon.colcon_core.shell:Creating package script '/home/kssvm/workspace/ros2/humble/kssbot/install/kssbot_diffdrive_rasp4/share/kssbot_diffdrive_rasp4/package.zsh'
[3.746s] Level 1:colcon.colcon_core.environment:create_file_with_runtime_dependencies(/home/kssvm/workspace/ros2/humble/kssbot/install/kssbot_diffdrive_rasp4/share/colcon-core/packages/kssbot_diffdrive_rasp4)
[3.747s] DEBUG:colcon.colcon_parallel_executor.executor.parallel:closing loop
[3.747s] DEBUG:colcon.colcon_parallel_executor.executor.parallel:loop closed
[3.747s] DEBUG:colcon.colcon_parallel_executor.executor.parallel:run_until_complete finished with '0'
[3.747s] DEBUG:colcon.colcon_core.event_reactor:joining thread
[3.751s] INFO:colcon.colcon_core.plugin_system:Skipping extension 'colcon_notification.desktop_notification.terminal_notifier': Not used on non-Darwin systems
[3.751s] INFO:colcon.colcon_core.plugin_system:Skipping extension 'colcon_notification.desktop_notification.win32': Not used on non-Windows systems
[3.751s] INFO:colcon.colcon_notification.desktop_notification:Sending desktop notification using 'notify2'
[3.759s] DEBUG:colcon.colcon_core.event_reactor:joined thread
[3.761s] INFO:colcon.colcon_core.shell:Creating prefix script '/home/kssvm/workspace/ros2/humble/kssbot/install/local_setup.ps1'
[3.761s] INFO:colcon.colcon_core.shell:Creating prefix util module '/home/kssvm/workspace/ros2/humble/kssbot/install/_local_setup_util_ps1.py'
[3.762s] INFO:colcon.colcon_core.shell:Creating prefix chain script '/home/kssvm/workspace/ros2/humble/kssbot/install/setup.ps1'
[3.763s] INFO:colcon.colcon_core.shell:Creating prefix script '/home/kssvm/workspace/ros2/humble/kssbot/install/local_setup.sh'
[3.764s] INFO:colcon.colcon_core.shell:Creating prefix util module '/home/kssvm/workspace/ros2/humble/kssbot/install/_local_setup_util_sh.py'
[3.764s] INFO:colcon.colcon_core.shell:Creating prefix chain script '/home/kssvm/workspace/ros2/humble/kssbot/install/setup.sh'
[3.766s] INFO:colcon.colcon_core.shell:Creating prefix script '/home/kssvm/workspace/ros2/humble/kssbot/install/local_setup.bash'
[3.766s] INFO:colcon.colcon_core.shell:Creating prefix chain script '/home/kssvm/workspace/ros2/humble/kssbot/install/setup.bash'
[3.767s] INFO:colcon.colcon_core.shell:Creating prefix script '/home/kssvm/workspace/ros2/humble/kssbot/install/local_setup.zsh'
[3.768s] INFO:colcon.colcon_core.shell:Creating prefix chain script '/home/kssvm/workspace/ros2/humble/kssbot/install/setup.zsh'
