[0.029s] Invoking command in '/home/kssvm/workspace/ros2/humble/kssbot/build/kssbot_description': CMAKE_PREFIX_PATH=/opt/ros/humble /usr/bin/cmake /home/kssvm/workspace/ros2/humble/kssbot/src/kssbot/kssbot_description/diffbot_description -DCMAKE_INSTALL_PREFIX=/home/kssvm/workspace/ros2/humble/kssbot/install/kssbot_description
[0.085s] -- The C compiler identification is GNU 11.3.0
[0.127s] -- The CXX compiler identification is GNU 11.3.0
[0.135s] -- Detecting C compiler ABI info
[0.185s] -- Detecting C compiler ABI info - done
[0.191s] -- Check for working C compiler: /usr/bin/cc - skipped
[0.191s] -- Detecting C compile features
[0.191s] -- Detecting C compile features - done
[0.193s] -- Detecting CXX compiler ABI info
[0.258s] -- Detecting CXX compiler ABI info - done
[0.264s] -- Check for working CXX compiler: /usr/bin/c++ - skipped
[0.265s] -- Detecting CXX compile features
[0.265s] -- Detecting CXX compile features - done
[0.266s] -- Found ament_cmake: 1.3.3 (/opt/ros/humble/share/ament_cmake/cmake)
[0.408s] -- Found Python3: /usr/bin/python3.10 (found version "3.10.6") found components: Interpreter 
[0.540s] -- Configuring done
[0.541s] -- Generating done
[0.542s] -- Build files have been written to: /home/kssvm/workspace/ros2/humble/kssbot/build/kssbot_description
[0.545s] Invoked command in '/home/kssvm/workspace/ros2/humble/kssbot/build/kssbot_description' returned '0': CMAKE_PREFIX_PATH=/opt/ros/humble /usr/bin/cmake /home/kssvm/workspace/ros2/humble/kssbot/src/kssbot/kssbot_description/diffbot_description -DCMAKE_INSTALL_PREFIX=/home/kssvm/workspace/ros2/humble/kssbot/install/kssbot_description
[0.546s] Invoking command in '/home/kssvm/workspace/ros2/humble/kssbot/build/kssbot_description': CMAKE_PREFIX_PATH=/opt/ros/humble /usr/bin/cmake --build /home/kssvm/workspace/ros2/humble/kssbot/build/kssbot_description -- -j4 -l4
[0.566s] Invoked command in '/home/kssvm/workspace/ros2/humble/kssbot/build/kssbot_description' returned '0': CMAKE_PREFIX_PATH=/opt/ros/humble /usr/bin/cmake --build /home/kssvm/workspace/ros2/humble/kssbot/build/kssbot_description -- -j4 -l4
[0.579s] Invoking command in '/home/kssvm/workspace/ros2/humble/kssbot/build/kssbot_description': CMAKE_PREFIX_PATH=/opt/ros/humble /usr/bin/cmake --install /home/kssvm/workspace/ros2/humble/kssbot/build/kssbot_description
[0.582s] -- Install configuration: ""
[0.582s] -- Installing: /home/kssvm/workspace/ros2/humble/kssbot/install/kssbot_description/share/kssbot_description/config
[0.583s] -- Installing: /home/kssvm/workspace/ros2/humble/kssbot/install/kssbot_description/share/kssbot_description/config/kssbot.rviz
[0.583s] -- Installing: /home/kssvm/workspace/ros2/humble/kssbot/install/kssbot_description/share/kssbot_description/config/kssbot_view.rviz
[0.583s] -- Installing: /home/kssvm/workspace/ros2/humble/kssbot/install/kssbot_description/share/kssbot_description/gazebo
[0.583s] -- Installing: /home/kssvm/workspace/ros2/humble/kssbot/install/kssbot_description/share/kssbot_description/gazebo/kssbot.materials.xacro
[0.583s] -- Installing: /home/kssvm/workspace/ros2/humble/kssbot/install/kssbot_description/share/kssbot_description/gazebo/diffbot.gazebo.xacro
[0.583s] -- Installing: /home/kssvm/workspace/ros2/humble/kssbot/install/kssbot_description/share/kssbot_description/launch
[0.584s] -- Installing: /home/kssvm/workspace/ros2/humble/kssbot/install/kssbot_description/share/kssbot_description/launch/view_robot.launch.py
[0.584s] -- Installing: /home/kssvm/workspace/ros2/humble/kssbot/install/kssbot_description/share/kssbot_description/ros2_control
[0.584s] -- Installing: /home/kssvm/workspace/ros2/humble/kssbot/install/kssbot_description/share/kssbot_description/ros2_control/kssbot.ros2_control.xacro
[0.584s] -- Installing: /home/kssvm/workspace/ros2/humble/kssbot/install/kssbot_description/share/kssbot_description/ros2_control/diffbot_system.ros2_control.xacro
[0.584s] -- Installing: /home/kssvm/workspace/ros2/humble/kssbot/install/kssbot_description/share/kssbot_description/urdf
[0.584s] -- Installing: /home/kssvm/workspace/ros2/humble/kssbot/install/kssbot_description/share/kssbot_description/urdf/kssbot_description.urdf.xacro
[0.584s] -- Installing: /home/kssvm/workspace/ros2/humble/kssbot/install/kssbot_description/share/kssbot_description/urdf/kssbot.urdf.xacro
[0.585s] -- Installing: /home/kssvm/workspace/ros2/humble/kssbot/install/kssbot_description/share/ament_index/resource_index/package_run_dependencies/kssbot_description
[0.585s] -- Installing: /home/kssvm/workspace/ros2/humble/kssbot/install/kssbot_description/share/ament_index/resource_index/parent_prefix_path/kssbot_description
[0.585s] -- Installing: /home/kssvm/workspace/ros2/humble/kssbot/install/kssbot_description/share/kssbot_description/environment/ament_prefix_path.sh
[0.585s] -- Installing: /home/kssvm/workspace/ros2/humble/kssbot/install/kssbot_description/share/kssbot_description/environment/ament_prefix_path.dsv
[0.585s] -- Installing: /home/kssvm/workspace/ros2/humble/kssbot/install/kssbot_description/share/kssbot_description/environment/path.sh
[0.585s] -- Installing: /home/kssvm/workspace/ros2/humble/kssbot/install/kssbot_description/share/kssbot_description/environment/path.dsv
[0.585s] -- Installing: /home/kssvm/workspace/ros2/humble/kssbot/install/kssbot_description/share/kssbot_description/local_setup.bash
[0.585s] -- Installing: /home/kssvm/workspace/ros2/humble/kssbot/install/kssbot_description/share/kssbot_description/local_setup.sh
[0.585s] -- Installing: /home/kssvm/workspace/ros2/humble/kssbot/install/kssbot_description/share/kssbot_description/local_setup.zsh
[0.585s] -- Installing: /home/kssvm/workspace/ros2/humble/kssbot/install/kssbot_description/share/kssbot_description/local_setup.dsv
[0.585s] -- Installing: /home/kssvm/workspace/ros2/humble/kssbot/install/kssbot_description/share/kssbot_description/package.dsv
[0.585s] -- Installing: /home/kssvm/workspace/ros2/humble/kssbot/install/kssbot_description/share/ament_index/resource_index/packages/kssbot_description
[0.586s] -- Installing: /home/kssvm/workspace/ros2/humble/kssbot/install/kssbot_description/share/kssbot_description/cmake/kssbot_descriptionConfig.cmake
[0.586s] -- Installing: /home/kssvm/workspace/ros2/humble/kssbot/install/kssbot_description/share/kssbot_description/cmake/kssbot_descriptionConfig-version.cmake
[0.586s] -- Installing: /home/kssvm/workspace/ros2/humble/kssbot/install/kssbot_description/share/kssbot_description/package.xml
[0.588s] Invoked command in '/home/kssvm/workspace/ros2/humble/kssbot/build/kssbot_description' returned '0': CMAKE_PREFIX_PATH=/opt/ros/humble /usr/bin/cmake --install /home/kssvm/workspace/ros2/humble/kssbot/build/kssbot_description
