[35m[1mConsolidate compiler generated dependencies of target raspmotorctrl[0m
[35m[1mConsolidate compiler generated dependencies of target kssbot_diffdrive_rasp4[0m
[ 50%] Built target raspmotorctrl
[ 75%] [32mBuilding CXX object CMakeFiles/kssbot_diffdrive_rasp4.dir/src/kssbot_diffdrive_rasp4.cpp.o[0m
[100%] [32m[1mLinking CXX shared library libkssbot_diffdrive_rasp4.so[0m
[100%] Built target kssbot_diffdrive_rasp4
-- Install configuration: ""
-- Up-to-date: /home/kssvm/workspace/ros2/humble/kssbot/install/kssbot_diffdrive_rasp4/share/kssbot_diffdrive_rasp4/interface/kssbot_hardware.xml
-- Installing: /home/kssvm/workspace/ros2/humble/kssbot/install/kssbot_diffdrive_rasp4/lib/libkssbot_diffdrive_rasp4.so
-- Set runtime path of "/home/kssvm/workspace/ros2/humble/kssbot/install/kssbot_diffdrive_rasp4/lib/libkssbot_diffdrive_rasp4.so" to ""
-- Up-to-date: /home/kssvm/workspace/ros2/humble/kssbot/install/kssbot_diffdrive_rasp4/include
-- Up-to-date: /home/kssvm/workspace/ros2/humble/kssbot/install/kssbot_diffdrive_rasp4/include/kssbot_hardware
-- Up-to-date: /home/kssvm/workspace/ros2/humble/kssbot/install/kssbot_diffdrive_rasp4/include/kssbot_hardware/visibility_control.h
-- Installing: /home/kssvm/workspace/ros2/humble/kssbot/install/kssbot_diffdrive_rasp4/include/kssbot_hardware/kssbot_diffdrive_rasp4.hpp
-- Up-to-date: /home/kssvm/workspace/ros2/humble/kssbot/install/kssbot_diffdrive_rasp4/share/kssbot_diffdrive_rasp4/environment/library_path.sh
-- Up-to-date: /home/kssvm/workspace/ros2/humble/kssbot/install/kssbot_diffdrive_rasp4/share/kssbot_diffdrive_rasp4/environment/library_path.dsv
-- Up-to-date: /home/kssvm/workspace/ros2/humble/kssbot/install/kssbot_diffdrive_rasp4/share/ament_index/resource_index/package_run_dependencies/kssbot_diffdrive_rasp4
-- Up-to-date: /home/kssvm/workspace/ros2/humble/kssbot/install/kssbot_diffdrive_rasp4/share/ament_index/resource_index/parent_prefix_path/kssbot_diffdrive_rasp4
-- Up-to-date: /home/kssvm/workspace/ros2/humble/kssbot/install/kssbot_diffdrive_rasp4/share/kssbot_diffdrive_rasp4/environment/ament_prefix_path.sh
-- Up-to-date: /home/kssvm/workspace/ros2/humble/kssbot/install/kssbot_diffdrive_rasp4/share/kssbot_diffdrive_rasp4/environment/ament_prefix_path.dsv
-- Up-to-date: /home/kssvm/workspace/ros2/humble/kssbot/install/kssbot_diffdrive_rasp4/share/kssbot_diffdrive_rasp4/environment/path.sh
-- Up-to-date: /home/kssvm/workspace/ros2/humble/kssbot/install/kssbot_diffdrive_rasp4/share/kssbot_diffdrive_rasp4/environment/path.dsv
-- Up-to-date: /home/kssvm/workspace/ros2/humble/kssbot/install/kssbot_diffdrive_rasp4/share/kssbot_diffdrive_rasp4/local_setup.bash
-- Up-to-date: /home/kssvm/workspace/ros2/humble/kssbot/install/kssbot_diffdrive_rasp4/share/kssbot_diffdrive_rasp4/local_setup.sh
-- Up-to-date: /home/kssvm/workspace/ros2/humble/kssbot/install/kssbot_diffdrive_rasp4/share/kssbot_diffdrive_rasp4/local_setup.zsh
-- Up-to-date: /home/kssvm/workspace/ros2/humble/kssbot/install/kssbot_diffdrive_rasp4/share/kssbot_diffdrive_rasp4/local_setup.dsv
-- Installing: /home/kssvm/workspace/ros2/humble/kssbot/install/kssbot_diffdrive_rasp4/share/kssbot_diffdrive_rasp4/package.dsv
-- Up-to-date: /home/kssvm/workspace/ros2/humble/kssbot/install/kssbot_diffdrive_rasp4/share/ament_index/resource_index/packages/kssbot_diffdrive_rasp4
-- Up-to-date: /home/kssvm/workspace/ros2/humble/kssbot/install/kssbot_diffdrive_rasp4/share/ament_index/resource_index/hardware_interface__pluginlib__plugin/kssbot_diffdrive_rasp4
-- Up-to-date: /home/kssvm/workspace/ros2/humble/kssbot/install/kssbot_diffdrive_rasp4/share/kssbot_diffdrive_rasp4/cmake/export_kssbot_diffdrive_rasp4Export.cmake
-- Up-to-date: /home/kssvm/workspace/ros2/humble/kssbot/install/kssbot_diffdrive_rasp4/share/kssbot_diffdrive_rasp4/cmake/export_kssbot_diffdrive_rasp4Export-noconfig.cmake
-- Up-to-date: /home/kssvm/workspace/ros2/humble/kssbot/install/kssbot_diffdrive_rasp4/share/kssbot_diffdrive_rasp4/cmake/ament_cmake_export_include_directories-extras.cmake
-- Up-to-date: /home/kssvm/workspace/ros2/humble/kssbot/install/kssbot_diffdrive_rasp4/share/kssbot_diffdrive_rasp4/cmake/ament_cmake_export_libraries-extras.cmake
-- Up-to-date: /home/kssvm/workspace/ros2/humble/kssbot/install/kssbot_diffdrive_rasp4/share/kssbot_diffdrive_rasp4/cmake/ament_cmake_export_targets-extras.cmake
-- Up-to-date: /home/kssvm/workspace/ros2/humble/kssbot/install/kssbot_diffdrive_rasp4/share/kssbot_diffdrive_rasp4/cmake/ament_cmake_export_dependencies-extras.cmake
-- Up-to-date: /home/kssvm/workspace/ros2/humble/kssbot/install/kssbot_diffdrive_rasp4/share/kssbot_diffdrive_rasp4/cmake/kssbot_diffdrive_rasp4Config.cmake
-- Up-to-date: /home/kssvm/workspace/ros2/humble/kssbot/install/kssbot_diffdrive_rasp4/share/kssbot_diffdrive_rasp4/cmake/kssbot_diffdrive_rasp4Config-version.cmake
-- Up-to-date: /home/kssvm/workspace/ros2/humble/kssbot/install/kssbot_diffdrive_rasp4/share/kssbot_diffdrive_rasp4/package.xml
