[0.021s] Invoking command in '/home/kssvm/workspace/ros2/humble/kssbot/build/kssbot_diffdrive_rasp4': CMAKE_PREFIX_PATH=/opt/ros/humble /usr/bin/cmake --build /home/kssvm/workspace/ros2/humble/kssbot/build/kssbot_diffdrive_rasp4 -- -j4 -l4
[0.053s] [35m[1mConsolidate compiler generated dependencies of target raspmotorctrl[0m
[0.054s] [35m[1mConsolidate compiler generated dependencies of target kssbot_diffdrive_rasp4[0m
[0.061s] [ 50%] Built target raspmotorctrl
[0.079s] [ 75%] [32mBuilding CXX object CMakeFiles/kssbot_diffdrive_rasp4.dir/src/kssbot_diffdrive_rasp4.cpp.o[0m
[2.619s] [100%] [32m[1mLinking CXX shared library libkssbot_diffdrive_rasp4.so[0m
[2.721s] [100%] Built target kssbot_diffdrive_rasp4
[2.729s] Invoked command in '/home/kssvm/workspace/ros2/humble/kssbot/build/kssbot_diffdrive_rasp4' returned '0': CMAKE_PREFIX_PATH=/opt/ros/humble /usr/bin/cmake --build /home/kssvm/workspace/ros2/humble/kssbot/build/kssbot_diffdrive_rasp4 -- -j4 -l4
[2.742s] Invoking command in '/home/kssvm/workspace/ros2/humble/kssbot/build/kssbot_diffdrive_rasp4': CMAKE_PREFIX_PATH=/opt/ros/humble /usr/bin/cmake --install /home/kssvm/workspace/ros2/humble/kssbot/build/kssbot_diffdrive_rasp4
[2.746s] -- Install configuration: ""
[2.747s] -- Up-to-date: /home/kssvm/workspace/ros2/humble/kssbot/install/kssbot_diffdrive_rasp4/share/kssbot_diffdrive_rasp4/interface/kssbot_hardware.xml
[2.747s] -- Installing: /home/kssvm/workspace/ros2/humble/kssbot/install/kssbot_diffdrive_rasp4/lib/libkssbot_diffdrive_rasp4.so
[2.748s] -- Set runtime path of "/home/kssvm/workspace/ros2/humble/kssbot/install/kssbot_diffdrive_rasp4/lib/libkssbot_diffdrive_rasp4.so" to ""
[2.748s] -- Up-to-date: /home/kssvm/workspace/ros2/humble/kssbot/install/kssbot_diffdrive_rasp4/include
[2.748s] -- Up-to-date: /home/kssvm/workspace/ros2/humble/kssbot/install/kssbot_diffdrive_rasp4/include/kssbot_hardware
[2.748s] -- Up-to-date: /home/kssvm/workspace/ros2/humble/kssbot/install/kssbot_diffdrive_rasp4/include/kssbot_hardware/visibility_control.h
[2.748s] -- Installing: /home/kssvm/workspace/ros2/humble/kssbot/install/kssbot_diffdrive_rasp4/include/kssbot_hardware/kssbot_diffdrive_rasp4.hpp
[2.749s] -- Up-to-date: /home/kssvm/workspace/ros2/humble/kssbot/install/kssbot_diffdrive_rasp4/share/kssbot_diffdrive_rasp4/environment/library_path.sh
[2.749s] -- Up-to-date: /home/kssvm/workspace/ros2/humble/kssbot/install/kssbot_diffdrive_rasp4/share/kssbot_diffdrive_rasp4/environment/library_path.dsv
[2.749s] -- Up-to-date: /home/kssvm/workspace/ros2/humble/kssbot/install/kssbot_diffdrive_rasp4/share/ament_index/resource_index/package_run_dependencies/kssbot_diffdrive_rasp4
[2.749s] -- Up-to-date: /home/kssvm/workspace/ros2/humble/kssbot/install/kssbot_diffdrive_rasp4/share/ament_index/resource_index/parent_prefix_path/kssbot_diffdrive_rasp4
[2.749s] -- Up-to-date: /home/kssvm/workspace/ros2/humble/kssbot/install/kssbot_diffdrive_rasp4/share/kssbot_diffdrive_rasp4/environment/ament_prefix_path.sh
[2.749s] -- Up-to-date: /home/kssvm/workspace/ros2/humble/kssbot/install/kssbot_diffdrive_rasp4/share/kssbot_diffdrive_rasp4/environment/ament_prefix_path.dsv
[2.750s] -- Up-to-date: /home/kssvm/workspace/ros2/humble/kssbot/install/kssbot_diffdrive_rasp4/share/kssbot_diffdrive_rasp4/environment/path.sh
[2.750s] -- Up-to-date: /home/kssvm/workspace/ros2/humble/kssbot/install/kssbot_diffdrive_rasp4/share/kssbot_diffdrive_rasp4/environment/path.dsv
[2.750s] -- Up-to-date: /home/kssvm/workspace/ros2/humble/kssbot/install/kssbot_diffdrive_rasp4/share/kssbot_diffdrive_rasp4/local_setup.bash
[2.750s] -- Up-to-date: /home/kssvm/workspace/ros2/humble/kssbot/install/kssbot_diffdrive_rasp4/share/kssbot_diffdrive_rasp4/local_setup.sh
[2.750s] -- Up-to-date: /home/kssvm/workspace/ros2/humble/kssbot/install/kssbot_diffdrive_rasp4/share/kssbot_diffdrive_rasp4/local_setup.zsh
[2.750s] -- Up-to-date: /home/kssvm/workspace/ros2/humble/kssbot/install/kssbot_diffdrive_rasp4/share/kssbot_diffdrive_rasp4/local_setup.dsv
[2.750s] -- Installing: /home/kssvm/workspace/ros2/humble/kssbot/install/kssbot_diffdrive_rasp4/share/kssbot_diffdrive_rasp4/package.dsv
[2.751s] -- Up-to-date: /home/kssvm/workspace/ros2/humble/kssbot/install/kssbot_diffdrive_rasp4/share/ament_index/resource_index/packages/kssbot_diffdrive_rasp4
[2.751s] -- Up-to-date: /home/kssvm/workspace/ros2/humble/kssbot/install/kssbot_diffdrive_rasp4/share/ament_index/resource_index/hardware_interface__pluginlib__plugin/kssbot_diffdrive_rasp4
[2.751s] -- Up-to-date: /home/kssvm/workspace/ros2/humble/kssbot/install/kssbot_diffdrive_rasp4/share/kssbot_diffdrive_rasp4/cmake/export_kssbot_diffdrive_rasp4Export.cmake
[2.751s] -- Up-to-date: /home/kssvm/workspace/ros2/humble/kssbot/install/kssbot_diffdrive_rasp4/share/kssbot_diffdrive_rasp4/cmake/export_kssbot_diffdrive_rasp4Export-noconfig.cmake
[2.751s] -- Up-to-date: /home/kssvm/workspace/ros2/humble/kssbot/install/kssbot_diffdrive_rasp4/share/kssbot_diffdrive_rasp4/cmake/ament_cmake_export_include_directories-extras.cmake
[2.751s] -- Up-to-date: /home/kssvm/workspace/ros2/humble/kssbot/install/kssbot_diffdrive_rasp4/share/kssbot_diffdrive_rasp4/cmake/ament_cmake_export_libraries-extras.cmake
[2.752s] -- Up-to-date: /home/kssvm/workspace/ros2/humble/kssbot/install/kssbot_diffdrive_rasp4/share/kssbot_diffdrive_rasp4/cmake/ament_cmake_export_targets-extras.cmake
[2.752s] -- Up-to-date: /home/kssvm/workspace/ros2/humble/kssbot/install/kssbot_diffdrive_rasp4/share/kssbot_diffdrive_rasp4/cmake/ament_cmake_export_dependencies-extras.cmake
[2.752s] -- Up-to-date: /home/kssvm/workspace/ros2/humble/kssbot/install/kssbot_diffdrive_rasp4/share/kssbot_diffdrive_rasp4/cmake/kssbot_diffdrive_rasp4Config.cmake
[2.752s] -- Up-to-date: /home/kssvm/workspace/ros2/humble/kssbot/install/kssbot_diffdrive_rasp4/share/kssbot_diffdrive_rasp4/cmake/kssbot_diffdrive_rasp4Config-version.cmake
[2.752s] -- Up-to-date: /home/kssvm/workspace/ros2/humble/kssbot/install/kssbot_diffdrive_rasp4/share/kssbot_diffdrive_rasp4/package.xml
[2.754s] Invoked command in '/home/kssvm/workspace/ros2/humble/kssbot/build/kssbot_diffdrive_rasp4' returned '0': CMAKE_PREFIX_PATH=/opt/ros/humble /usr/bin/cmake --install /home/kssvm/workspace/ros2/humble/kssbot/build/kssbot_diffdrive_rasp4
