[0.011s] Invoking command in '/home/kssvm/workspace/ros2/humble/kssbot/kssbot/build/kss_joystick': CMAKE_PREFIX_PATH=${CMAKE_PREFIX_PATH}:/opt/ros/humble /usr/bin/cmake --build /home/kssvm/workspace/ros2/humble/kssbot/kssbot/build/kss_joystick -- -j4 -l4
[0.036s] Invoked command in '/home/kssvm/workspace/ros2/humble/kssbot/kssbot/build/kss_joystick' returned '0': CMAKE_PREFIX_PATH=${CMAKE_PREFIX_PATH}:/opt/ros/humble /usr/bin/cmake --build /home/kssvm/workspace/ros2/humble/kssbot/kssbot/build/kss_joystick -- -j4 -l4
[0.055s] Invoking command in '/home/kssvm/workspace/ros2/humble/kssbot/kssbot/build/kss_joystick': CMAKE_PREFIX_PATH=${CMAKE_PREFIX_PATH}:/opt/ros/humble /usr/bin/cmake --install /home/kssvm/workspace/ros2/humble/kssbot/kssbot/build/kss_joystick
[0.061s] -- Install configuration: ""
[0.061s] -- Up-to-date: /home/kssvm/workspace/ros2/humble/kssbot/kssbot/install/kss_joystick/share/kss_joystick/config
[0.061s] -- Up-to-date: /home/kssvm/workspace/ros2/humble/kssbot/kssbot/install/kss_joystick/share/kss_joystick/config/joystick.yaml
[0.062s] -- Up-to-date: /home/kssvm/workspace/ros2/humble/kssbot/kssbot/install/kss_joystick/share/kss_joystick/launch
[0.062s] -- Installing: /home/kssvm/workspace/ros2/humble/kssbot/kssbot/install/kss_joystick/share/kss_joystick/launch/joystick.launch.py
[0.063s] -- Up-to-date: /home/kssvm/workspace/ros2/humble/kssbot/kssbot/install/kss_joystick/share/ament_index/resource_index/package_run_dependencies/kss_joystick
[0.063s] -- Up-to-date: /home/kssvm/workspace/ros2/humble/kssbot/kssbot/install/kss_joystick/share/ament_index/resource_index/parent_prefix_path/kss_joystick
[0.063s] -- Up-to-date: /home/kssvm/workspace/ros2/humble/kssbot/kssbot/install/kss_joystick/share/kss_joystick/environment/ament_prefix_path.sh
[0.064s] -- Up-to-date: /home/kssvm/workspace/ros2/humble/kssbot/kssbot/install/kss_joystick/share/kss_joystick/environment/ament_prefix_path.dsv
[0.064s] -- Up-to-date: /home/kssvm/workspace/ros2/humble/kssbot/kssbot/install/kss_joystick/share/kss_joystick/environment/path.sh
[0.064s] -- Up-to-date: /home/kssvm/workspace/ros2/humble/kssbot/kssbot/install/kss_joystick/share/kss_joystick/environment/path.dsv
[0.064s] -- Up-to-date: /home/kssvm/workspace/ros2/humble/kssbot/kssbot/install/kss_joystick/share/kss_joystick/local_setup.bash
[0.065s] -- Up-to-date: /home/kssvm/workspace/ros2/humble/kssbot/kssbot/install/kss_joystick/share/kss_joystick/local_setup.sh
[0.065s] -- Up-to-date: /home/kssvm/workspace/ros2/humble/kssbot/kssbot/install/kss_joystick/share/kss_joystick/local_setup.zsh
[0.065s] -- Up-to-date: /home/kssvm/workspace/ros2/humble/kssbot/kssbot/install/kss_joystick/share/kss_joystick/local_setup.dsv
[0.065s] -- Installing: /home/kssvm/workspace/ros2/humble/kssbot/kssbot/install/kss_joystick/share/kss_joystick/package.dsv
[0.065s] -- Up-to-date: /home/kssvm/workspace/ros2/humble/kssbot/kssbot/install/kss_joystick/share/ament_index/resource_index/packages/kss_joystick
[0.065s] -- Up-to-date: /home/kssvm/workspace/ros2/humble/kssbot/kssbot/install/kss_joystick/share/kss_joystick/cmake/kss_joystickConfig.cmake
[0.065s] -- Up-to-date: /home/kssvm/workspace/ros2/humble/kssbot/kssbot/install/kss_joystick/share/kss_joystick/cmake/kss_joystickConfig-version.cmake
[0.066s] -- Up-to-date: /home/kssvm/workspace/ros2/humble/kssbot/kssbot/install/kss_joystick/share/kss_joystick/package.xml
[0.066s] Invoked command in '/home/kssvm/workspace/ros2/humble/kssbot/kssbot/build/kss_joystick' returned '0': CMAKE_PREFIX_PATH=${CMAKE_PREFIX_PATH}:/opt/ros/humble /usr/bin/cmake --install /home/kssvm/workspace/ros2/humble/kssbot/kssbot/build/kss_joystick
